Benchmark 1: C:\Users\test\Documents\research\research\artifacts\installed2\python\python.exe C:\Users\test\Documents\research\research\system\are-we-fast-yet\benchmarks\Python\harness.py Json 10 15
Starting Json benchmark ...
Json: iterations=1 runtime: 414476us
Json: iterations=1 runtime: 430218us
Json: iterations=1 runtime: 446667us
Json: iterations=1 runtime: 403346us
Json: iterations=1 runtime: 385194us
Json: iterations=1 runtime: 390420us
Json: iterations=1 runtime: 383268us
Json: iterations=1 runtime: 411000us
Json: iterations=1 runtime: 431697us
Json: iterations=1 runtime: 406349us
Json: iterations=10 average: 410264us total: 4102635us


Total Runtime: 4102635us
Starting Json benchmark ...
Json: iterations=1 runtime: 429234us
Json: iterations=1 runtime: 455633us
Json: iterations=1 runtime: 464863us
Json: iterations=1 runtime: 405506us
Json: iterations=1 runtime: 404076us
Json: iterations=1 runtime: 472769us
Json: iterations=1 runtime: 383077us
Json: iterations=1 runtime: 393959us
Json: iterations=1 runtime: 379245us
Json: iterations=1 runtime: 396939us
Json: iterations=10 average: 418530us total: 4185301us


Total Runtime: 4185301us
Starting Json benchmark ...
Json: iterations=1 runtime: 352358us
Json: iterations=1 runtime: 352323us
Json: iterations=1 runtime: 399145us
Json: iterations=1 runtime: 402040us
Json: iterations=1 runtime: 421786us
Json: iterations=1 runtime: 414753us
Json: iterations=1 runtime: 416931us
Json: iterations=1 runtime: 406666us
Json: iterations=1 runtime: 396517us
Json: iterations=1 runtime: 405603us
Json: iterations=10 average: 396812us total: 3968122us


Total Runtime: 3968122us
Starting Json benchmark ...
Json: iterations=1 runtime: 355501us
Json: iterations=1 runtime: 362885us
Json: iterations=1 runtime: 355105us
Json: iterations=1 runtime: 361130us
Json: iterations=1 runtime: 394111us
Json: iterations=1 runtime: 402905us
Json: iterations=1 runtime: 392218us
Json: iterations=1 runtime: 395055us
Json: iterations=1 runtime: 360624us
Json: iterations=1 runtime: 348097us
Json: iterations=10 average: 372763us total: 3727631us


Total Runtime: 3727631us
Starting Json benchmark ...
Json: iterations=1 runtime: 355073us
Json: iterations=1 runtime: 375733us
Json: iterations=1 runtime: 398777us
Json: iterations=1 runtime: 341626us
Json: iterations=1 runtime: 345497us
Json: iterations=1 runtime: 344618us
Json: iterations=1 runtime: 348603us
Json: iterations=1 runtime: 350960us
Json: iterations=1 runtime: 351080us
Json: iterations=1 runtime: 379449us
Json: iterations=10 average: 359142us total: 3591416us


Total Runtime: 3591416us
Starting Json benchmark ...
Json: iterations=1 runtime: 346692us
Json: iterations=1 runtime: 340624us
Json: iterations=1 runtime: 397636us
Json: iterations=1 runtime: 392292us
Json: iterations=1 runtime: 360340us
Json: iterations=1 runtime: 343780us
Json: iterations=1 runtime: 367991us
Json: iterations=1 runtime: 346522us
Json: iterations=1 runtime: 340265us
Json: iterations=1 runtime: 398121us
Json: iterations=10 average: 363426us total: 3634263us


Total Runtime: 3634263us
Starting Json benchmark ...
Json: iterations=1 runtime: 400187us
Json: iterations=1 runtime: 429713us
Json: iterations=1 runtime: 424088us
Json: iterations=1 runtime: 418767us
Json: iterations=1 runtime: 423111us
Json: iterations=1 runtime: 399527us
Json: iterations=1 runtime: 401784us
Json: iterations=1 runtime: 385253us
Json: iterations=1 runtime: 371418us
Json: iterations=1 runtime: 383521us
Json: iterations=10 average: 403737us total: 4037369us


Total Runtime: 4037369us
Starting Json benchmark ...
Json: iterations=1 runtime: 387065us
Json: iterations=1 runtime: 386303us
Json: iterations=1 runtime: 466220us
Json: iterations=1 runtime: 507226us
Json: iterations=1 runtime: 527678us
Json: iterations=1 runtime: 503375us
Json: iterations=1 runtime: 414417us
Json: iterations=1 runtime: 433605us
Json: iterations=1 runtime: 489966us
Json: iterations=1 runtime: 510282us
Json: iterations=10 average: 462614us total: 4626137us


Total Runtime: 4626137us
Starting Json benchmark ...
Json: iterations=1 runtime: 384589us
Json: iterations=1 runtime: 399358us
Json: iterations=1 runtime: 449887us
Json: iterations=1 runtime: 421459us
Json: iterations=1 runtime: 443375us
Json: iterations=1 runtime: 420290us
Json: iterations=1 runtime: 415254us
Json: iterations=1 runtime: 402825us
Json: iterations=1 runtime: 379954us
Json: iterations=1 runtime: 401269us
Json: iterations=10 average: 411826us total: 4118260us


Total Runtime: 4118260us
Starting Json benchmark ...
Json: iterations=1 runtime: 423856us
Json: iterations=1 runtime: 461852us
Json: iterations=1 runtime: 420596us
Json: iterations=1 runtime: 418512us
Json: iterations=1 runtime: 428602us
Json: iterations=1 runtime: 427342us
Json: iterations=1 runtime: 453312us
Json: iterations=1 runtime: 478955us
Json: iterations=1 runtime: 497838us
Json: iterations=1 runtime: 446241us
Json: iterations=10 average: 445711us total: 4457106us


Total Runtime: 4457106us
Starting Json benchmark ...
Json: iterations=1 runtime: 403522us
Json: iterations=1 runtime: 461330us
Json: iterations=1 runtime: 443603us
Json: iterations=1 runtime: 482429us
Json: iterations=1 runtime: 486866us
Json: iterations=1 runtime: 489834us
Json: iterations=1 runtime: 467254us
Json: iterations=1 runtime: 430282us
Json: iterations=1 runtime: 402497us
Json: iterations=1 runtime: 409928us
Json: iterations=10 average: 447754us total: 4477545us


Total Runtime: 4477545us
Starting Json benchmark ...
Json: iterations=1 runtime: 485320us
Json: iterations=1 runtime: 458181us
Json: iterations=1 runtime: 385132us
Json: iterations=1 runtime: 394835us
Json: iterations=1 runtime: 403943us
Json: iterations=1 runtime: 396274us
Json: iterations=1 runtime: 429117us
Json: iterations=1 runtime: 486811us
Json: iterations=1 runtime: 459365us
Json: iterations=1 runtime: 435684us
Json: iterations=10 average: 433466us total: 4334662us


Total Runtime: 4334662us
Starting Json benchmark ...
Json: iterations=1 runtime: 434771us
Json: iterations=1 runtime: 425915us
Json: iterations=1 runtime: 504696us
Json: iterations=1 runtime: 498132us
Json: iterations=1 runtime: 553927us
Json: iterations=1 runtime: 429919us
Json: iterations=1 runtime: 451427us
Json: iterations=1 runtime: 520199us
Json: iterations=1 runtime: 397180us
Json: iterations=1 runtime: 407467us
Json: iterations=10 average: 462363us total: 4623633us


Total Runtime: 4623633us
  Time (mean ± σ):      4.208 s ±  0.404 s    [User: 4.165 s, System: 0.018 s]
  Range (min … max):    3.633 s …  4.671 s    10 runs
 
