Benchmark 1: C:\Users\test\Documents\research\research\artifacts\installed2\python\python.exe C:\Users\test\Documents\research\research\system\are-we-fast-yet\benchmarks\Python\harness.py DeltaBlue 10 15
Starting DeltaBlue benchmark ...
DeltaBlue: iterations=1 runtime: 2679us
DeltaBlue: iterations=1 runtime: 2287us
DeltaBlue: iterations=1 runtime: 2365us
DeltaBlue: iterations=1 runtime: 3116us
DeltaBlue: iterations=1 runtime: 3596us
DeltaBlue: iterations=1 runtime: 3683us
DeltaBlue: iterations=1 runtime: 3652us
DeltaBlue: iterations=1 runtime: 3291us
DeltaBlue: iterations=1 runtime: 2351us
DeltaBlue: iterations=1 runtime: 2395us
DeltaBlue: iterations=10 average: 2942us total: 29415us


Total Runtime: 29415us
Starting DeltaBlue benchmark ...
DeltaBlue: iterations=1 runtime: 2313us
DeltaBlue: iterations=1 runtime: 2792us
DeltaBlue: iterations=1 runtime: 2243us
DeltaBlue: iterations=1 runtime: 2355us
DeltaBlue: iterations=1 runtime: 2759us
DeltaBlue: iterations=1 runtime: 3733us
DeltaBlue: iterations=1 runtime: 2450us
DeltaBlue: iterations=1 runtime: 2354us
DeltaBlue: iterations=1 runtime: 2362us
DeltaBlue: iterations=1 runtime: 2368us
DeltaBlue: iterations=10 average: 2573us total: 25729us


Total Runtime: 25729us
Starting DeltaBlue benchmark ...
DeltaBlue: iterations=1 runtime: 2358us
DeltaBlue: iterations=1 runtime: 2903us
DeltaBlue: iterations=1 runtime: 2357us
DeltaBlue: iterations=1 runtime: 2443us
DeltaBlue: iterations=1 runtime: 2476us
DeltaBlue: iterations=1 runtime: 2552us
DeltaBlue: iterations=1 runtime: 2468us
DeltaBlue: iterations=1 runtime: 2327us
DeltaBlue: iterations=1 runtime: 3191us
DeltaBlue: iterations=1 runtime: 2462us
DeltaBlue: iterations=10 average: 2554us total: 25537us


Total Runtime: 25537us
Starting DeltaBlue benchmark ...
DeltaBlue: iterations=1 runtime: 2498us
DeltaBlue: iterations=1 runtime: 4314us
DeltaBlue: iterations=1 runtime: 2397us
DeltaBlue: iterations=1 runtime: 2496us
DeltaBlue: iterations=1 runtime: 2435us
DeltaBlue: iterations=1 runtime: 3009us
DeltaBlue: iterations=1 runtime: 3754us
DeltaBlue: iterations=1 runtime: 3893us
DeltaBlue: iterations=1 runtime: 2520us
DeltaBlue: iterations=1 runtime: 2490us
DeltaBlue: iterations=10 average: 2981us total: 29806us


Total Runtime: 29806us
Starting DeltaBlue benchmark ...
DeltaBlue: iterations=1 runtime: 2345us
DeltaBlue: iterations=1 runtime: 2836us
DeltaBlue: iterations=1 runtime: 2400us
DeltaBlue: iterations=1 runtime: 2561us
DeltaBlue: iterations=1 runtime: 2612us
DeltaBlue: iterations=1 runtime: 2609us
DeltaBlue: iterations=1 runtime: 2774us
DeltaBlue: iterations=1 runtime: 2693us
DeltaBlue: iterations=1 runtime: 2747us
DeltaBlue: iterations=1 runtime: 2807us
DeltaBlue: iterations=10 average: 2638us total: 26384us


Total Runtime: 26384us
Starting DeltaBlue benchmark ...
DeltaBlue: iterations=1 runtime: 2332us
DeltaBlue: iterations=1 runtime: 4018us
DeltaBlue: iterations=1 runtime: 3061us
DeltaBlue: iterations=1 runtime: 2316us
DeltaBlue: iterations=1 runtime: 2233us
DeltaBlue: iterations=1 runtime: 2272us
DeltaBlue: iterations=1 runtime: 2400us
DeltaBlue: iterations=1 runtime: 2340us
DeltaBlue: iterations=1 runtime: 2363us
DeltaBlue: iterations=1 runtime: 2375us
DeltaBlue: iterations=10 average: 2571us total: 25710us


Total Runtime: 25710us
Starting DeltaBlue benchmark ...
DeltaBlue: iterations=1 runtime: 2333us
DeltaBlue: iterations=1 runtime: 3142us
DeltaBlue: iterations=1 runtime: 2248us
DeltaBlue: iterations=1 runtime: 2296us
DeltaBlue: iterations=1 runtime: 2254us
DeltaBlue: iterations=1 runtime: 2305us
DeltaBlue: iterations=1 runtime: 2394us
DeltaBlue: iterations=1 runtime: 2547us
DeltaBlue: iterations=1 runtime: 2389us
DeltaBlue: iterations=1 runtime: 2394us
DeltaBlue: iterations=10 average: 2430us total: 24302us


Total Runtime: 24302us
Starting DeltaBlue benchmark ...
DeltaBlue: iterations=1 runtime: 2367us
DeltaBlue: iterations=1 runtime: 2839us
DeltaBlue: iterations=1 runtime: 2441us
DeltaBlue: iterations=1 runtime: 2316us
DeltaBlue: iterations=1 runtime: 2298us
DeltaBlue: iterations=1 runtime: 2337us
DeltaBlue: iterations=1 runtime: 2443us
DeltaBlue: iterations=1 runtime: 2398us
DeltaBlue: iterations=1 runtime: 2343us
DeltaBlue: iterations=1 runtime: 2421us
DeltaBlue: iterations=10 average: 2420us total: 24203us


Total Runtime: 24203us
Starting DeltaBlue benchmark ...
DeltaBlue: iterations=1 runtime: 3228us
DeltaBlue: iterations=1 runtime: 3135us
DeltaBlue: iterations=1 runtime: 2376us
DeltaBlue: iterations=1 runtime: 2427us
DeltaBlue: iterations=1 runtime: 2397us
DeltaBlue: iterations=1 runtime: 2512us
DeltaBlue: iterations=1 runtime: 2508us
DeltaBlue: iterations=1 runtime: 2846us
DeltaBlue: iterations=1 runtime: 2438us
DeltaBlue: iterations=1 runtime: 2564us
DeltaBlue: iterations=10 average: 2643us total: 26431us


Total Runtime: 26431us
Starting DeltaBlue benchmark ...
DeltaBlue: iterations=1 runtime: 2312us
DeltaBlue: iterations=1 runtime: 3513us
DeltaBlue: iterations=1 runtime: 3612us
DeltaBlue: iterations=1 runtime: 3609us
DeltaBlue: iterations=1 runtime: 3626us
DeltaBlue: iterations=1 runtime: 3352us
DeltaBlue: iterations=1 runtime: 2412us
DeltaBlue: iterations=1 runtime: 2331us
DeltaBlue: iterations=1 runtime: 2390us
DeltaBlue: iterations=1 runtime: 2456us
DeltaBlue: iterations=10 average: 2961us total: 29613us


Total Runtime: 29613us
Starting DeltaBlue benchmark ...
DeltaBlue: iterations=1 runtime: 2342us
DeltaBlue: iterations=1 runtime: 2803us
DeltaBlue: iterations=1 runtime: 2268us
DeltaBlue: iterations=1 runtime: 2370us
DeltaBlue: iterations=1 runtime: 2293us
DeltaBlue: iterations=1 runtime: 2335us
DeltaBlue: iterations=1 runtime: 2370us
DeltaBlue: iterations=1 runtime: 2365us
DeltaBlue: iterations=1 runtime: 2399us
DeltaBlue: iterations=1 runtime: 2398us
DeltaBlue: iterations=10 average: 2394us total: 23943us


Total Runtime: 23943us
Starting DeltaBlue benchmark ...
DeltaBlue: iterations=1 runtime: 2342us
DeltaBlue: iterations=1 runtime: 2960us
DeltaBlue: iterations=1 runtime: 2269us
DeltaBlue: iterations=1 runtime: 2329us
DeltaBlue: iterations=1 runtime: 2318us
DeltaBlue: iterations=1 runtime: 2323us
DeltaBlue: iterations=1 runtime: 2496us
DeltaBlue: iterations=1 runtime: 2359us
DeltaBlue: iterations=1 runtime: 3840us
DeltaBlue: iterations=1 runtime: 2418us
DeltaBlue: iterations=10 average: 2565us total: 25654us


Total Runtime: 25654us
Starting DeltaBlue benchmark ...
DeltaBlue: iterations=1 runtime: 2341us
DeltaBlue: iterations=1 runtime: 2808us
DeltaBlue: iterations=1 runtime: 2273us
DeltaBlue: iterations=1 runtime: 2311us
DeltaBlue: iterations=1 runtime: 2286us
DeltaBlue: iterations=1 runtime: 2733us
DeltaBlue: iterations=1 runtime: 2643us
DeltaBlue: iterations=1 runtime: 2331us
DeltaBlue: iterations=1 runtime: 2403us
DeltaBlue: iterations=1 runtime: 2481us
DeltaBlue: iterations=10 average: 2461us total: 24610us


Total Runtime: 24610us
  Time (mean ± σ):      68.1 ms ±   4.6 ms    [User: 45.0 ms, System: 22.1 ms]
  Range (min … max):    63.3 ms …  77.6 ms    10 runs
 
