Benchmark 1: C:\Users\test\Documents\research\research\artifacts\installed\python\python.exe C:\Users\test\Documents\research\research\artifacts\system\are-we-fast-yet\benchmarks\Python\harness.py Storage 10 15
Starting Storage benchmark ...
Storage: iterations=1 runtime: 111275us
Storage: iterations=1 runtime: 82819us
Storage: iterations=1 runtime: 86203us
Storage: iterations=1 runtime: 81258us
Storage: iterations=1 runtime: 89835us
Storage: iterations=1 runtime: 73649us
Storage: iterations=1 runtime: 74099us
Storage: iterations=1 runtime: 80912us
Storage: iterations=1 runtime: 81100us
Storage: iterations=1 runtime: 83267us
Storage: iterations=10 average: 84442us total: 844417us


Total Runtime: 844417us
Starting Storage benchmark ...
Storage: iterations=1 runtime: 126350us
Storage: iterations=1 runtime: 109717us
Storage: iterations=1 runtime: 97085us
Storage: iterations=1 runtime: 82121us
Storage: iterations=1 runtime: 81493us
Storage: iterations=1 runtime: 82246us
Storage: iterations=1 runtime: 84240us
Storage: iterations=1 runtime: 83772us
Storage: iterations=1 runtime: 84149us
Storage: iterations=1 runtime: 81059us
Storage: iterations=10 average: 91223us total: 912232us


Total Runtime: 912232us
Starting Storage benchmark ...
Storage: iterations=1 runtime: 106123us
Storage: iterations=1 runtime: 83112us
Storage: iterations=1 runtime: 84138us
Storage: iterations=1 runtime: 81387us
Storage: iterations=1 runtime: 80105us
Storage: iterations=1 runtime: 86638us
Storage: iterations=1 runtime: 81656us
Storage: iterations=1 runtime: 77439us
Storage: iterations=1 runtime: 81264us
Storage: iterations=1 runtime: 81029us
Storage: iterations=10 average: 84289us total: 842891us


Total Runtime: 842891us
Starting Storage benchmark ...
Storage: iterations=1 runtime: 95270us
Storage: iterations=1 runtime: 83797us
Storage: iterations=1 runtime: 81944us
Storage: iterations=1 runtime: 91274us
Storage: iterations=1 runtime: 126771us
Storage: iterations=1 runtime: 81188us
Storage: iterations=1 runtime: 89438us
Storage: iterations=1 runtime: 81471us
Storage: iterations=1 runtime: 81207us
Storage: iterations=1 runtime: 82535us
Storage: iterations=10 average: 89490us total: 894895us


Total Runtime: 894895us
Starting Storage benchmark ...
Storage: iterations=1 runtime: 106475us
Storage: iterations=1 runtime: 85035us
Storage: iterations=1 runtime: 84826us
Storage: iterations=1 runtime: 73522us
Storage: iterations=1 runtime: 75392us
Storage: iterations=1 runtime: 119922us
Storage: iterations=1 runtime: 115126us
Storage: iterations=1 runtime: 87558us
Storage: iterations=1 runtime: 74802us
Storage: iterations=1 runtime: 71239us
Storage: iterations=10 average: 89390us total: 893897us


Total Runtime: 893897us
Starting Storage benchmark ...
Storage: iterations=1 runtime: 118524us
Storage: iterations=1 runtime: 85028us
Storage: iterations=1 runtime: 84040us
Storage: iterations=1 runtime: 81381us
Storage: iterations=1 runtime: 88946us
Storage: iterations=1 runtime: 81514us
Storage: iterations=1 runtime: 81423us
Storage: iterations=1 runtime: 81119us
Storage: iterations=1 runtime: 87830us
Storage: iterations=1 runtime: 80823us
Storage: iterations=10 average: 87063us total: 870628us


Total Runtime: 870628us
Starting Storage benchmark ...
Storage: iterations=1 runtime: 87140us
Storage: iterations=1 runtime: 83119us
Storage: iterations=1 runtime: 82479us
Storage: iterations=1 runtime: 81050us
Storage: iterations=1 runtime: 81160us
Storage: iterations=1 runtime: 90470us
Storage: iterations=1 runtime: 80939us
Storage: iterations=1 runtime: 81871us
Storage: iterations=1 runtime: 81187us
Storage: iterations=1 runtime: 80470us
Storage: iterations=10 average: 82988us total: 829885us


Total Runtime: 829885us
Starting Storage benchmark ...
Storage: iterations=1 runtime: 104672us
Storage: iterations=1 runtime: 83832us
Storage: iterations=1 runtime: 82343us
Storage: iterations=1 runtime: 80799us
Storage: iterations=1 runtime: 80829us
Storage: iterations=1 runtime: 80853us
Storage: iterations=1 runtime: 82353us
Storage: iterations=1 runtime: 79370us
Storage: iterations=1 runtime: 77639us
Storage: iterations=1 runtime: 85804us
Storage: iterations=10 average: 83849us total: 838494us


Total Runtime: 838494us
Starting Storage benchmark ...
Storage: iterations=1 runtime: 106204us
Storage: iterations=1 runtime: 85145us
Storage: iterations=1 runtime: 81141us
Storage: iterations=1 runtime: 82578us
Storage: iterations=1 runtime: 82057us
Storage: iterations=1 runtime: 81097us
Storage: iterations=1 runtime: 81160us
Storage: iterations=1 runtime: 88818us
Storage: iterations=1 runtime: 81301us
Storage: iterations=1 runtime: 80567us
Storage: iterations=10 average: 85007us total: 850068us


Total Runtime: 850068us
Starting Storage benchmark ...
Storage: iterations=1 runtime: 107522us
Storage: iterations=1 runtime: 84243us
Storage: iterations=1 runtime: 82873us
Storage: iterations=1 runtime: 81090us
Storage: iterations=1 runtime: 81629us
Storage: iterations=1 runtime: 82653us
Storage: iterations=1 runtime: 81105us
Storage: iterations=1 runtime: 80880us
Storage: iterations=1 runtime: 82908us
Storage: iterations=1 runtime: 80529us
Storage: iterations=10 average: 84543us total: 845432us


Total Runtime: 845432us
Starting Storage benchmark ...
Storage: iterations=1 runtime: 106795us
Storage: iterations=1 runtime: 84467us
Storage: iterations=1 runtime: 83066us
Storage: iterations=1 runtime: 81494us
Storage: iterations=1 runtime: 81835us
Storage: iterations=1 runtime: 81791us
Storage: iterations=1 runtime: 114240us
Storage: iterations=1 runtime: 107652us
Storage: iterations=1 runtime: 84808us
Storage: iterations=1 runtime: 88245us
Storage: iterations=10 average: 91439us total: 914393us


Total Runtime: 914393us
Starting Storage benchmark ...
Storage: iterations=1 runtime: 85597us
Storage: iterations=1 runtime: 84296us
Storage: iterations=1 runtime: 84876us
Storage: iterations=1 runtime: 80954us
Storage: iterations=1 runtime: 81474us
Storage: iterations=1 runtime: 80963us
Storage: iterations=1 runtime: 82077us
Storage: iterations=1 runtime: 82032us
Storage: iterations=1 runtime: 81803us
Storage: iterations=1 runtime: 82687us
Storage: iterations=10 average: 82676us total: 826759us


Total Runtime: 826759us
Starting Storage benchmark ...
Storage: iterations=1 runtime: 90797us
Storage: iterations=1 runtime: 84380us
Storage: iterations=1 runtime: 83490us
Storage: iterations=1 runtime: 85313us
Storage: iterations=1 runtime: 87678us
Storage: iterations=1 runtime: 81631us
Storage: iterations=1 runtime: 84593us
Storage: iterations=1 runtime: 83583us
Storage: iterations=1 runtime: 84304us
Storage: iterations=1 runtime: 83878us
Storage: iterations=10 average: 84965us total: 849647us


Total Runtime: 849647us
Starting Storage benchmark ...
Storage: iterations=1 runtime: 102890us
Storage: iterations=1 runtime: 85114us
Storage: iterations=1 runtime: 81493us
Storage: iterations=1 runtime: 81151us
Storage: iterations=1 runtime: 87568us
Storage: iterations=1 runtime: 82810us
Storage: iterations=1 runtime: 81226us
Storage: iterations=1 runtime: 81632us
Storage: iterations=1 runtime: 84035us
Storage: iterations=1 runtime: 80741us
Storage: iterations=10 average: 84866us total: 848660us


Total Runtime: 848660us
Starting Storage benchmark ...
Storage: iterations=1 runtime: 95805us
Storage: iterations=1 runtime: 91989us
Storage: iterations=1 runtime: 84908us
Storage: iterations=1 runtime: 81565us
Storage: iterations=1 runtime: 87714us
Storage: iterations=1 runtime: 82005us
Storage: iterations=1 runtime: 84834us
Storage: iterations=1 runtime: 83449us
Storage: iterations=1 runtime: 81463us
Storage: iterations=1 runtime: 80614us
Storage: iterations=10 average: 85435us total: 854346us


Total Runtime: 854346us
Starting Storage benchmark ...
Storage: iterations=1 runtime: 87965us
Storage: iterations=1 runtime: 83464us
Storage: iterations=1 runtime: 84250us
Storage: iterations=1 runtime: 80756us
Storage: iterations=1 runtime: 81243us
Storage: iterations=1 runtime: 86250us
Storage: iterations=1 runtime: 80834us
Storage: iterations=1 runtime: 81007us
Storage: iterations=1 runtime: 82640us
Storage: iterations=1 runtime: 80304us
Storage: iterations=10 average: 82871us total: 828713us


Total Runtime: 828713us
Starting Storage benchmark ...
Storage: iterations=1 runtime: 85463us
Storage: iterations=1 runtime: 83083us
Storage: iterations=1 runtime: 82188us
Storage: iterations=1 runtime: 82387us
Storage: iterations=1 runtime: 81405us
Storage: iterations=1 runtime: 80567us
Storage: iterations=1 runtime: 81657us
Storage: iterations=1 runtime: 81229us
Storage: iterations=1 runtime: 81250us
Storage: iterations=1 runtime: 80575us
Storage: iterations=10 average: 81980us total: 819804us


Total Runtime: 819804us
Starting Storage benchmark ...
Storage: iterations=1 runtime: 89142us
Storage: iterations=1 runtime: 82670us
Storage: iterations=1 runtime: 82355us
Storage: iterations=1 runtime: 78675us
Storage: iterations=1 runtime: 79405us
Storage: iterations=1 runtime: 82222us
Storage: iterations=1 runtime: 81897us
Storage: iterations=1 runtime: 80601us
Storage: iterations=1 runtime: 81030us
Storage: iterations=1 runtime: 80227us
Storage: iterations=10 average: 81822us total: 818224us


Total Runtime: 818224us
Starting Storage benchmark ...
Storage: iterations=1 runtime: 104928us
Storage: iterations=1 runtime: 84123us
Storage: iterations=1 runtime: 83196us
Storage: iterations=1 runtime: 88752us
Storage: iterations=1 runtime: 81520us
Storage: iterations=1 runtime: 80389us
Storage: iterations=1 runtime: 82213us
Storage: iterations=1 runtime: 80632us
Storage: iterations=1 runtime: 80752us
Storage: iterations=1 runtime: 80134us
Storage: iterations=10 average: 84664us total: 846639us


Total Runtime: 846639us
Starting Storage benchmark ...
Storage: iterations=1 runtime: 106105us
Storage: iterations=1 runtime: 84573us
Storage: iterations=1 runtime: 81956us
Storage: iterations=1 runtime: 81683us
Storage: iterations=1 runtime: 109998us
Storage: iterations=1 runtime: 135701us
Storage: iterations=1 runtime: 115025us
Storage: iterations=1 runtime: 109881us
Storage: iterations=1 runtime: 103894us
Storage: iterations=1 runtime: 112796us
Storage: iterations=10 average: 104161us total: 1041612us


Total Runtime: 1041612us
  Time (mean ± σ):     924.0 ms ±  64.2 ms    [User: 872.3 ms, System: 24.6 ms]
  Range (min … max):   866.9 ms … 1121.0 ms    15 runs
 
