Benchmark 1: C:\Users\test\Documents\research\research\artifacts\installed2\python\python.exe C:\Users\test\Documents\research\research\system\are-we-fast-yet\benchmarks\Python\harness.py Json 10 15
Starting Json benchmark ...
Json: iterations=1 runtime: 365675us
Json: iterations=1 runtime: 391477us
Json: iterations=1 runtime: 368179us
Json: iterations=1 runtime: 366710us
Json: iterations=1 runtime: 435372us
Json: iterations=1 runtime: 368286us
Json: iterations=1 runtime: 411229us
Json: iterations=1 runtime: 410357us
Json: iterations=1 runtime: 393678us
Json: iterations=1 runtime: 381742us
Json: iterations=10 average: 389270us total: 3892705us


Total Runtime: 3892705us
Starting Json benchmark ...
Json: iterations=1 runtime: 404409us
Json: iterations=1 runtime: 434046us
Json: iterations=1 runtime: 388045us
Json: iterations=1 runtime: 502856us
Json: iterations=1 runtime: 480852us
Json: iterations=1 runtime: 539160us
Json: iterations=1 runtime: 387780us
Json: iterations=1 runtime: 360108us
Json: iterations=1 runtime: 421857us
Json: iterations=1 runtime: 391555us
Json: iterations=10 average: 431067us total: 4310668us


Total Runtime: 4310668us
Starting Json benchmark ...
Json: iterations=1 runtime: 391777us
Json: iterations=1 runtime: 375027us
Json: iterations=1 runtime: 394725us
Json: iterations=1 runtime: 429644us
Json: iterations=1 runtime: 377842us
Json: iterations=1 runtime: 392370us
Json: iterations=1 runtime: 391672us
Json: iterations=1 runtime: 392930us
Json: iterations=1 runtime: 427907us
Json: iterations=1 runtime: 362397us
Json: iterations=10 average: 393629us total: 3936291us


Total Runtime: 3936291us
Starting Json benchmark ...
Json: iterations=1 runtime: 481114us
Json: iterations=1 runtime: 405843us
Json: iterations=1 runtime: 377085us
Json: iterations=1 runtime: 372924us
Json: iterations=1 runtime: 329509us
Json: iterations=1 runtime: 368935us
Json: iterations=1 runtime: 369549us
Json: iterations=1 runtime: 467428us
Json: iterations=1 runtime: 408922us
Json: iterations=1 runtime: 370204us
Json: iterations=10 average: 395151us total: 3951513us


Total Runtime: 3951513us
Starting Json benchmark ...
Json: iterations=1 runtime: 383470us
Json: iterations=1 runtime: 478468us
Json: iterations=1 runtime: 345937us
Json: iterations=1 runtime: 423531us
Json: iterations=1 runtime: 423643us
Json: iterations=1 runtime: 383511us
Json: iterations=1 runtime: 377559us
Json: iterations=1 runtime: 343787us
Json: iterations=1 runtime: 459212us
Json: iterations=1 runtime: 377352us
Json: iterations=10 average: 399647us total: 3996470us


Total Runtime: 3996470us
Starting Json benchmark ...
Json: iterations=1 runtime: 378330us
Json: iterations=1 runtime: 374064us
Json: iterations=1 runtime: 393824us
Json: iterations=1 runtime: 421654us
Json: iterations=1 runtime: 440365us
Json: iterations=1 runtime: 336567us
Json: iterations=1 runtime: 345996us
Json: iterations=1 runtime: 354359us
Json: iterations=1 runtime: 529076us
Json: iterations=1 runtime: 501082us
Json: iterations=10 average: 407532us total: 4075317us


Total Runtime: 4075317us
Starting Json benchmark ...
Json: iterations=1 runtime: 576891us
Json: iterations=1 runtime: 404515us
Json: iterations=1 runtime: 398863us
Json: iterations=1 runtime: 448151us
Json: iterations=1 runtime: 443866us
Json: iterations=1 runtime: 400213us
Json: iterations=1 runtime: 440929us
Json: iterations=1 runtime: 427132us
Json: iterations=1 runtime: 435970us
Json: iterations=1 runtime: 427458us
Json: iterations=10 average: 440399us total: 4403988us


Total Runtime: 4403988us
Starting Json benchmark ...
Json: iterations=1 runtime: 433303us
Json: iterations=1 runtime: 554002us
Json: iterations=1 runtime: 485571us
Json: iterations=1 runtime: 368024us
Json: iterations=1 runtime: 392737us
Json: iterations=1 runtime: 391214us
Json: iterations=1 runtime: 392056us
Json: iterations=1 runtime: 371063us
Json: iterations=1 runtime: 476182us
Json: iterations=1 runtime: 415422us
Json: iterations=10 average: 427957us total: 4279574us


Total Runtime: 4279574us
Starting Json benchmark ...
Json: iterations=1 runtime: 486040us
Json: iterations=1 runtime: 397663us
Json: iterations=1 runtime: 374932us
Json: iterations=1 runtime: 379431us
Json: iterations=1 runtime: 356138us
Json: iterations=1 runtime: 372922us
Json: iterations=1 runtime: 395315us
Json: iterations=1 runtime: 393446us
Json: iterations=1 runtime: 420802us
Json: iterations=1 runtime: 550990us
Json: iterations=10 average: 412768us total: 4127679us


Total Runtime: 4127679us
Starting Json benchmark ...
Json: iterations=1 runtime: 371932us
Json: iterations=1 runtime: 412247us
Json: iterations=1 runtime: 371669us
Json: iterations=1 runtime: 376865us
Json: iterations=1 runtime: 359320us
Json: iterations=1 runtime: 436949us
Json: iterations=1 runtime: 486874us
Json: iterations=1 runtime: 486575us
Json: iterations=1 runtime: 592841us
Json: iterations=1 runtime: 487464us
Json: iterations=10 average: 438274us total: 4382736us


Total Runtime: 4382736us
Starting Json benchmark ...
Json: iterations=1 runtime: 382077us
Json: iterations=1 runtime: 381927us
Json: iterations=1 runtime: 377731us
Json: iterations=1 runtime: 393800us
Json: iterations=1 runtime: 425450us
Json: iterations=1 runtime: 390209us
Json: iterations=1 runtime: 427731us
Json: iterations=1 runtime: 400449us
Json: iterations=1 runtime: 409104us
Json: iterations=1 runtime: 422003us
Json: iterations=10 average: 401048us total: 4010481us


Total Runtime: 4010481us
Starting Json benchmark ...
Json: iterations=1 runtime: 570710us
Json: iterations=1 runtime: 462623us
Json: iterations=1 runtime: 505705us
Json: iterations=1 runtime: 548833us
Json: iterations=1 runtime: 459333us
Json: iterations=1 runtime: 471242us
Json: iterations=1 runtime: 808222us
Json: iterations=1 runtime: 824474us
Json: iterations=1 runtime: 677046us
Json: iterations=1 runtime: 402541us
Json: iterations=10 average: 573073us total: 5730729us


Total Runtime: 5730729us
Starting Json benchmark ...
Json: iterations=1 runtime: 388022us
Json: iterations=1 runtime: 661597us
Json: iterations=1 runtime: 818220us
Json: iterations=1 runtime: 773507us
Json: iterations=1 runtime: 764018us
Json: iterations=1 runtime: 794650us
Json: iterations=1 runtime: 583956us
Json: iterations=1 runtime: 784547us
Json: iterations=1 runtime: 1015505us
Json: iterations=1 runtime: 1036794us
Json: iterations=10 average: 762082us total: 7620816us


Total Runtime: 7620816us
  Time (mean ± σ):      4.711 s ±  1.165 s    [User: 4.638 s, System: 0.023 s]
  Range (min … max):    3.999 s …  7.676 s    10 runs
 
