Benchmark 1: C:\Users\test\Documents\research\research\artifacts\installed2\python\python.exe C:\Users\test\Documents\research\research\system\are-we-fast-yet\benchmarks\Python\harness.py Json 10 15
Starting Json benchmark ...
Json: iterations=1 runtime: 485649us
Json: iterations=1 runtime: 492457us
Json: iterations=1 runtime: 474913us
Json: iterations=1 runtime: 522047us
Json: iterations=1 runtime: 502942us
Json: iterations=1 runtime: 514487us
Json: iterations=1 runtime: 473838us
Json: iterations=1 runtime: 444774us
Json: iterations=1 runtime: 435235us
Json: iterations=1 runtime: 433423us
Json: iterations=10 average: 477976us total: 4779765us


Total Runtime: 4779765us
Starting Json benchmark ...
Json: iterations=1 runtime: 428955us
Json: iterations=1 runtime: 437076us
Json: iterations=1 runtime: 447550us
Json: iterations=1 runtime: 425106us
Json: iterations=1 runtime: 414249us
Json: iterations=1 runtime: 419771us
Json: iterations=1 runtime: 426365us
Json: iterations=1 runtime: 420206us
Json: iterations=1 runtime: 502045us
Json: iterations=1 runtime: 578169us
Json: iterations=10 average: 449949us total: 4499492us


Total Runtime: 4499492us
Starting Json benchmark ...
Json: iterations=1 runtime: 447420us
Json: iterations=1 runtime: 466300us
Json: iterations=1 runtime: 448902us
Json: iterations=1 runtime: 434192us
Json: iterations=1 runtime: 468702us
Json: iterations=1 runtime: 445109us
Json: iterations=1 runtime: 463825us
Json: iterations=1 runtime: 514891us
Json: iterations=1 runtime: 517669us
Json: iterations=1 runtime: 481331us
Json: iterations=10 average: 468834us total: 4688341us


Total Runtime: 4688341us
Starting Json benchmark ...
Json: iterations=1 runtime: 468981us
Json: iterations=1 runtime: 482264us
Json: iterations=1 runtime: 508836us
Json: iterations=1 runtime: 485099us
Json: iterations=1 runtime: 485104us
Json: iterations=1 runtime: 474603us
Json: iterations=1 runtime: 483037us
Json: iterations=1 runtime: 473425us
Json: iterations=1 runtime: 477573us
Json: iterations=1 runtime: 477423us
Json: iterations=10 average: 481634us total: 4816345us


Total Runtime: 4816345us
Starting Json benchmark ...
Json: iterations=1 runtime: 437994us
Json: iterations=1 runtime: 449089us
Json: iterations=1 runtime: 437312us
Json: iterations=1 runtime: 435114us
Json: iterations=1 runtime: 451998us
Json: iterations=1 runtime: 436225us
Json: iterations=1 runtime: 437683us
Json: iterations=1 runtime: 433072us
Json: iterations=1 runtime: 439462us
Json: iterations=1 runtime: 469344us
Json: iterations=10 average: 442729us total: 4427293us


Total Runtime: 4427293us
Starting Json benchmark ...
Json: iterations=1 runtime: 515772us
Json: iterations=1 runtime: 486483us
Json: iterations=1 runtime: 475376us
Json: iterations=1 runtime: 450324us
Json: iterations=1 runtime: 473278us
Json: iterations=1 runtime: 493359us
Json: iterations=1 runtime: 461150us
Json: iterations=1 runtime: 466443us
Json: iterations=1 runtime: 474013us
Json: iterations=1 runtime: 457682us
Json: iterations=10 average: 475388us total: 4753880us


Total Runtime: 4753880us
Starting Json benchmark ...
Json: iterations=1 runtime: 559892us
Json: iterations=1 runtime: 636897us
Json: iterations=1 runtime: 556301us
Json: iterations=1 runtime: 499964us
Json: iterations=1 runtime: 536336us
Json: iterations=1 runtime: 569388us
Json: iterations=1 runtime: 527310us
Json: iterations=1 runtime: 549861us
Json: iterations=1 runtime: 578756us
Json: iterations=1 runtime: 567399us
Json: iterations=10 average: 558210us total: 5582104us


Total Runtime: 5582104us
Starting Json benchmark ...
Json: iterations=1 runtime: 514049us
Json: iterations=1 runtime: 499030us
Json: iterations=1 runtime: 474770us
Json: iterations=1 runtime: 510582us
Json: iterations=1 runtime: 536402us
Json: iterations=1 runtime: 522175us
Json: iterations=1 runtime: 515313us
Json: iterations=1 runtime: 525334us
Json: iterations=1 runtime: 533391us
Json: iterations=1 runtime: 540686us
Json: iterations=10 average: 517173us total: 5171732us


Total Runtime: 5171732us
Starting Json benchmark ...
Json: iterations=1 runtime: 529415us
Json: iterations=1 runtime: 525082us
Json: iterations=1 runtime: 488130us
Json: iterations=1 runtime: 499028us
Json: iterations=1 runtime: 470790us
Json: iterations=1 runtime: 473924us
Json: iterations=1 runtime: 493110us
Json: iterations=1 runtime: 494329us
Json: iterations=1 runtime: 495819us
Json: iterations=1 runtime: 493598us
Json: iterations=10 average: 496322us total: 4963225us


Total Runtime: 4963225us
Starting Json benchmark ...
Json: iterations=1 runtime: 475767us
Json: iterations=1 runtime: 509362us
Json: iterations=1 runtime: 575513us
Json: iterations=1 runtime: 593781us
Json: iterations=1 runtime: 581770us
Json: iterations=1 runtime: 532677us
Json: iterations=1 runtime: 533600us
Json: iterations=1 runtime: 522190us
Json: iterations=1 runtime: 502629us
Json: iterations=1 runtime: 507579us
Json: iterations=10 average: 533487us total: 5334868us


Total Runtime: 5334868us
Starting Json benchmark ...
Json: iterations=1 runtime: 509580us
Json: iterations=1 runtime: 515763us
Json: iterations=1 runtime: 495715us
Json: iterations=1 runtime: 491885us
Json: iterations=1 runtime: 496080us
Json: iterations=1 runtime: 508813us
Json: iterations=1 runtime: 503936us
Json: iterations=1 runtime: 491955us
Json: iterations=1 runtime: 547772us
Json: iterations=1 runtime: 475046us
Json: iterations=10 average: 503654us total: 5036545us


Total Runtime: 5036545us
Starting Json benchmark ...
Json: iterations=1 runtime: 436824us
Json: iterations=1 runtime: 445064us
Json: iterations=1 runtime: 449764us
Json: iterations=1 runtime: 424119us
Json: iterations=1 runtime: 418044us
Json: iterations=1 runtime: 476706us
Json: iterations=1 runtime: 438598us
Json: iterations=1 runtime: 433176us
Json: iterations=1 runtime: 426869us
Json: iterations=1 runtime: 448336us
Json: iterations=10 average: 439750us total: 4397500us


Total Runtime: 4397500us
Starting Json benchmark ...
Json: iterations=1 runtime: 436119us
Json: iterations=1 runtime: 445387us
Json: iterations=1 runtime: 428626us
Json: iterations=1 runtime: 411014us
Json: iterations=1 runtime: 411089us
Json: iterations=1 runtime: 414342us
Json: iterations=1 runtime: 415821us
Json: iterations=1 runtime: 468159us
Json: iterations=1 runtime: 540335us
Json: iterations=1 runtime: 507567us
Json: iterations=10 average: 447846us total: 4478459us


Total Runtime: 4478459us
  Time (mean ± σ):      4.942 s ±  0.399 s    [User: 4.900 s, System: 0.033 s]
  Range (min … max):    4.441 s …  5.623 s    10 runs
 
