Benchmark 1: C:\Users\test\Documents\research\research\artifacts\installed2\python\python.exe C:\Users\test\Documents\research\research\system\are-we-fast-yet\benchmarks\Python\harness.py Json 10 15
Starting Json benchmark ...
Json: iterations=1 runtime: 439696us
Json: iterations=1 runtime: 394708us
Json: iterations=1 runtime: 379511us
Json: iterations=1 runtime: 422761us
Json: iterations=1 runtime: 418511us
Json: iterations=1 runtime: 389777us
Json: iterations=1 runtime: 399270us
Json: iterations=1 runtime: 404917us
Json: iterations=1 runtime: 347354us
Json: iterations=1 runtime: 487036us
Json: iterations=10 average: 408354us total: 4083541us


Total Runtime: 4083541us
Starting Json benchmark ...
Json: iterations=1 runtime: 390156us
Json: iterations=1 runtime: 419243us
Json: iterations=1 runtime: 363328us
Json: iterations=1 runtime: 397669us
Json: iterations=1 runtime: 405615us
Json: iterations=1 runtime: 397807us
Json: iterations=1 runtime: 419173us
Json: iterations=1 runtime: 399914us
Json: iterations=1 runtime: 416698us
Json: iterations=1 runtime: 424342us
Json: iterations=10 average: 403394us total: 4033945us


Total Runtime: 4033945us
Starting Json benchmark ...
Json: iterations=1 runtime: 589183us
Json: iterations=1 runtime: 419584us
Json: iterations=1 runtime: 422136us
Json: iterations=1 runtime: 405087us
Json: iterations=1 runtime: 449858us
Json: iterations=1 runtime: 455099us
Json: iterations=1 runtime: 462139us
Json: iterations=1 runtime: 371345us
Json: iterations=1 runtime: 364561us
Json: iterations=1 runtime: 384954us
Json: iterations=10 average: 432395us total: 4323946us


Total Runtime: 4323946us
Starting Json benchmark ...
Json: iterations=1 runtime: 423646us
Json: iterations=1 runtime: 363239us
Json: iterations=1 runtime: 362288us
Json: iterations=1 runtime: 429814us
Json: iterations=1 runtime: 396532us
Json: iterations=1 runtime: 378518us
Json: iterations=1 runtime: 379733us
Json: iterations=1 runtime: 381818us
Json: iterations=1 runtime: 347780us
Json: iterations=1 runtime: 364945us
Json: iterations=10 average: 382831us total: 3828313us


Total Runtime: 3828313us
Starting Json benchmark ...
Json: iterations=1 runtime: 365637us
Json: iterations=1 runtime: 365950us
Json: iterations=1 runtime: 412527us
Json: iterations=1 runtime: 343750us
Json: iterations=1 runtime: 368493us
Json: iterations=1 runtime: 388009us
Json: iterations=1 runtime: 406856us
Json: iterations=1 runtime: 381850us
Json: iterations=1 runtime: 386502us
Json: iterations=1 runtime: 372205us
Json: iterations=10 average: 379178us total: 3791779us


Total Runtime: 3791779us
Starting Json benchmark ...
Json: iterations=1 runtime: 500331us
Json: iterations=1 runtime: 502488us
Json: iterations=1 runtime: 401093us
Json: iterations=1 runtime: 410831us
Json: iterations=1 runtime: 389191us
Json: iterations=1 runtime: 377961us
Json: iterations=1 runtime: 539722us
Json: iterations=1 runtime: 611386us
Json: iterations=1 runtime: 385259us
Json: iterations=1 runtime: 417055us
Json: iterations=10 average: 453532us total: 4535317us


Total Runtime: 4535317us
Starting Json benchmark ...
Json: iterations=1 runtime: 367091us
Json: iterations=1 runtime: 411522us
Json: iterations=1 runtime: 438902us
Json: iterations=1 runtime: 415191us
Json: iterations=1 runtime: 431298us
Json: iterations=1 runtime: 385188us
Json: iterations=1 runtime: 377584us
Json: iterations=1 runtime: 412018us
Json: iterations=1 runtime: 428333us
Json: iterations=1 runtime: 432294us
Json: iterations=10 average: 409942us total: 4099421us


Total Runtime: 4099421us
Starting Json benchmark ...
Json: iterations=1 runtime: 452057us
Json: iterations=1 runtime: 486811us
Json: iterations=1 runtime: 500945us
Json: iterations=1 runtime: 452957us
Json: iterations=1 runtime: 443572us
Json: iterations=1 runtime: 466324us
Json: iterations=1 runtime: 387488us
Json: iterations=1 runtime: 390044us
Json: iterations=1 runtime: 426975us
Json: iterations=1 runtime: 392368us
Json: iterations=10 average: 439954us total: 4399541us


Total Runtime: 4399541us
Starting Json benchmark ...
Json: iterations=1 runtime: 393116us
Json: iterations=1 runtime: 432402us
Json: iterations=1 runtime: 408709us
Json: iterations=1 runtime: 385783us
Json: iterations=1 runtime: 390254us
Json: iterations=1 runtime: 379634us
Json: iterations=1 runtime: 400516us
Json: iterations=1 runtime: 431285us
Json: iterations=1 runtime: 448042us
Json: iterations=1 runtime: 386058us
Json: iterations=10 average: 405580us total: 4055799us


Total Runtime: 4055799us
Starting Json benchmark ...
Json: iterations=1 runtime: 369907us
Json: iterations=1 runtime: 416143us
Json: iterations=1 runtime: 423119us
Json: iterations=1 runtime: 378641us
Json: iterations=1 runtime: 452209us
Json: iterations=1 runtime: 430949us
Json: iterations=1 runtime: 399164us
Json: iterations=1 runtime: 423116us
Json: iterations=1 runtime: 395029us
Json: iterations=1 runtime: 402567us
Json: iterations=10 average: 409084us total: 4090844us


Total Runtime: 4090844us
Starting Json benchmark ...
Json: iterations=1 runtime: 430107us
Json: iterations=1 runtime: 454856us
Json: iterations=1 runtime: 432548us
Json: iterations=1 runtime: 474922us
Json: iterations=1 runtime: 441964us
Json: iterations=1 runtime: 417564us
Json: iterations=1 runtime: 412848us
Json: iterations=1 runtime: 410755us
Json: iterations=1 runtime: 401832us
Json: iterations=1 runtime: 398951us
Json: iterations=10 average: 427635us total: 4276347us


Total Runtime: 4276347us
Starting Json benchmark ...
Json: iterations=1 runtime: 450659us
Json: iterations=1 runtime: 481364us
Json: iterations=1 runtime: 426508us
Json: iterations=1 runtime: 397915us
Json: iterations=1 runtime: 595315us
Json: iterations=1 runtime: 462898us
Json: iterations=1 runtime: 433807us
Json: iterations=1 runtime: 419477us
Json: iterations=1 runtime: 378536us
Json: iterations=1 runtime: 392328us
Json: iterations=10 average: 443881us total: 4438807us


Total Runtime: 4438807us
Starting Json benchmark ...
Json: iterations=1 runtime: 369540us
Json: iterations=1 runtime: 361995us
Json: iterations=1 runtime: 498210us
Json: iterations=1 runtime: 406024us
Json: iterations=1 runtime: 399990us
Json: iterations=1 runtime: 421087us
Json: iterations=1 runtime: 439185us
Json: iterations=1 runtime: 413787us
Json: iterations=1 runtime: 392862us
Json: iterations=1 runtime: 410966us
Json: iterations=10 average: 411365us total: 4113646us


Total Runtime: 4113646us
  Time (mean ± σ):      4.213 s ±  0.247 s    [User: 4.177 s, System: 0.031 s]
  Range (min … max):    3.839 s …  4.578 s    10 runs
 
