Benchmark 1: C:\Users\test\Documents\research\research\artifacts\installed2\python\python.exe C:\Users\test\Documents\research\research\system\are-we-fast-yet\benchmarks\Python\harness.py DeltaBlue 10 15
Starting DeltaBlue benchmark ...
DeltaBlue: iterations=1 runtime: 2523us
DeltaBlue: iterations=1 runtime: 2508us
DeltaBlue: iterations=1 runtime: 4123us
DeltaBlue: iterations=1 runtime: 4289us
DeltaBlue: iterations=1 runtime: 4418us
DeltaBlue: iterations=1 runtime: 4584us
DeltaBlue: iterations=1 runtime: 4265us
DeltaBlue: iterations=1 runtime: 3878us
DeltaBlue: iterations=1 runtime: 3706us
DeltaBlue: iterations=1 runtime: 3781us
DeltaBlue: iterations=10 average: 3808us total: 38075us


Total Runtime: 38075us
Starting DeltaBlue benchmark ...
DeltaBlue: iterations=1 runtime: 2695us
DeltaBlue: iterations=1 runtime: 2644us
DeltaBlue: iterations=1 runtime: 2741us
DeltaBlue: iterations=1 runtime: 2971us
DeltaBlue: iterations=1 runtime: 3019us
DeltaBlue: iterations=1 runtime: 2953us
DeltaBlue: iterations=1 runtime: 3133us
DeltaBlue: iterations=1 runtime: 3256us
DeltaBlue: iterations=1 runtime: 3087us
DeltaBlue: iterations=1 runtime: 4350us
DeltaBlue: iterations=10 average: 3085us total: 30849us


Total Runtime: 30849us
Starting DeltaBlue benchmark ...
DeltaBlue: iterations=1 runtime: 2462us
DeltaBlue: iterations=1 runtime: 2439us
DeltaBlue: iterations=1 runtime: 2402us
DeltaBlue: iterations=1 runtime: 2468us
DeltaBlue: iterations=1 runtime: 2483us
DeltaBlue: iterations=1 runtime: 2635us
DeltaBlue: iterations=1 runtime: 2670us
DeltaBlue: iterations=1 runtime: 2594us
DeltaBlue: iterations=1 runtime: 2633us
DeltaBlue: iterations=1 runtime: 2746us
DeltaBlue: iterations=10 average: 2553us total: 25532us


Total Runtime: 25532us
Starting DeltaBlue benchmark ...
DeltaBlue: iterations=1 runtime: 2510us
DeltaBlue: iterations=1 runtime: 2472us
DeltaBlue: iterations=1 runtime: 2490us
DeltaBlue: iterations=1 runtime: 2763us
DeltaBlue: iterations=1 runtime: 2518us
DeltaBlue: iterations=1 runtime: 2696us
DeltaBlue: iterations=1 runtime: 2697us
DeltaBlue: iterations=1 runtime: 2573us
DeltaBlue: iterations=1 runtime: 2585us
DeltaBlue: iterations=1 runtime: 3352us
DeltaBlue: iterations=10 average: 2666us total: 26656us


Total Runtime: 26656us
Starting DeltaBlue benchmark ...
DeltaBlue: iterations=1 runtime: 2464us
DeltaBlue: iterations=1 runtime: 2467us
DeltaBlue: iterations=1 runtime: 2377us
DeltaBlue: iterations=1 runtime: 2499us
DeltaBlue: iterations=1 runtime: 2492us
DeltaBlue: iterations=1 runtime: 2661us
DeltaBlue: iterations=1 runtime: 2736us
DeltaBlue: iterations=1 runtime: 2667us
DeltaBlue: iterations=1 runtime: 2653us
DeltaBlue: iterations=1 runtime: 2854us
DeltaBlue: iterations=10 average: 2587us total: 25870us


Total Runtime: 25870us
Starting DeltaBlue benchmark ...
DeltaBlue: iterations=1 runtime: 2462us
DeltaBlue: iterations=1 runtime: 2465us
DeltaBlue: iterations=1 runtime: 2415us
DeltaBlue: iterations=1 runtime: 2559us
DeltaBlue: iterations=1 runtime: 2684us
DeltaBlue: iterations=1 runtime: 2633us
DeltaBlue: iterations=1 runtime: 2623us
DeltaBlue: iterations=1 runtime: 2590us
DeltaBlue: iterations=1 runtime: 2664us
DeltaBlue: iterations=1 runtime: 2701us
DeltaBlue: iterations=10 average: 2580us total: 25796us


Total Runtime: 25796us
Starting DeltaBlue benchmark ...
DeltaBlue: iterations=1 runtime: 2458us
DeltaBlue: iterations=1 runtime: 2438us
DeltaBlue: iterations=1 runtime: 2391us
DeltaBlue: iterations=1 runtime: 2459us
DeltaBlue: iterations=1 runtime: 3006us
DeltaBlue: iterations=1 runtime: 3288us
DeltaBlue: iterations=1 runtime: 2562us
DeltaBlue: iterations=1 runtime: 2513us
DeltaBlue: iterations=1 runtime: 2540us
DeltaBlue: iterations=1 runtime: 2602us
DeltaBlue: iterations=10 average: 2626us total: 26257us


Total Runtime: 26257us
Starting DeltaBlue benchmark ...
DeltaBlue: iterations=1 runtime: 2511us
DeltaBlue: iterations=1 runtime: 2455us
DeltaBlue: iterations=1 runtime: 2463us
DeltaBlue: iterations=1 runtime: 2650us
DeltaBlue: iterations=1 runtime: 2659us
DeltaBlue: iterations=1 runtime: 2684us
DeltaBlue: iterations=1 runtime: 2755us
DeltaBlue: iterations=1 runtime: 2607us
DeltaBlue: iterations=1 runtime: 2625us
DeltaBlue: iterations=1 runtime: 2977us
DeltaBlue: iterations=10 average: 2639us total: 26386us


Total Runtime: 26386us
Starting DeltaBlue benchmark ...
DeltaBlue: iterations=1 runtime: 2852us
DeltaBlue: iterations=1 runtime: 3031us
DeltaBlue: iterations=1 runtime: 2755us
DeltaBlue: iterations=1 runtime: 2536us
DeltaBlue: iterations=1 runtime: 2432us
DeltaBlue: iterations=1 runtime: 2528us
DeltaBlue: iterations=1 runtime: 2759us
DeltaBlue: iterations=1 runtime: 2583us
DeltaBlue: iterations=1 runtime: 2605us
DeltaBlue: iterations=1 runtime: 2683us
DeltaBlue: iterations=10 average: 2676us total: 26764us


Total Runtime: 26764us
Starting DeltaBlue benchmark ...
DeltaBlue: iterations=1 runtime: 2482us
DeltaBlue: iterations=1 runtime: 2477us
DeltaBlue: iterations=1 runtime: 2479us
DeltaBlue: iterations=1 runtime: 2653us
DeltaBlue: iterations=1 runtime: 2578us
DeltaBlue: iterations=1 runtime: 2622us
DeltaBlue: iterations=1 runtime: 2734us
DeltaBlue: iterations=1 runtime: 2782us
DeltaBlue: iterations=1 runtime: 2654us
DeltaBlue: iterations=1 runtime: 2733us
DeltaBlue: iterations=10 average: 2619us total: 26194us


Total Runtime: 26194us
Starting DeltaBlue benchmark ...
DeltaBlue: iterations=1 runtime: 2469us
DeltaBlue: iterations=1 runtime: 2496us
DeltaBlue: iterations=1 runtime: 3162us
DeltaBlue: iterations=1 runtime: 3992us
DeltaBlue: iterations=1 runtime: 3909us
DeltaBlue: iterations=1 runtime: 3367us
DeltaBlue: iterations=1 runtime: 2711us
DeltaBlue: iterations=1 runtime: 2615us
DeltaBlue: iterations=1 runtime: 2613us
DeltaBlue: iterations=1 runtime: 2745us
DeltaBlue: iterations=10 average: 3008us total: 30079us


Total Runtime: 30079us
Starting DeltaBlue benchmark ...
DeltaBlue: iterations=1 runtime: 2471us
DeltaBlue: iterations=1 runtime: 2518us
DeltaBlue: iterations=1 runtime: 2521us
DeltaBlue: iterations=1 runtime: 2694us
DeltaBlue: iterations=1 runtime: 2556us
DeltaBlue: iterations=1 runtime: 2662us
DeltaBlue: iterations=1 runtime: 2741us
DeltaBlue: iterations=1 runtime: 2635us
DeltaBlue: iterations=1 runtime: 2618us
DeltaBlue: iterations=1 runtime: 2759us
DeltaBlue: iterations=10 average: 2618us total: 26175us


Total Runtime: 26175us
Starting DeltaBlue benchmark ...
DeltaBlue: iterations=1 runtime: 2494us
DeltaBlue: iterations=1 runtime: 2487us
DeltaBlue: iterations=1 runtime: 2517us
DeltaBlue: iterations=1 runtime: 2716us
DeltaBlue: iterations=1 runtime: 2621us
DeltaBlue: iterations=1 runtime: 2705us
DeltaBlue: iterations=1 runtime: 2724us
DeltaBlue: iterations=1 runtime: 2635us
DeltaBlue: iterations=1 runtime: 2663us
DeltaBlue: iterations=1 runtime: 2825us
DeltaBlue: iterations=10 average: 2639us total: 26387us


Total Runtime: 26387us
  Time (mean ± σ):      69.6 ms ±   2.9 ms    [User: 40.9 ms, System: 17.9 ms]
  Range (min … max):    65.6 ms …  73.3 ms    10 runs
 
