Benchmark 1: C:\Users\test\Documents\research\research\artifacts\installed\python\python.exe C:\Users\test\Documents\research\research\artifacts\system\are-we-fast-yet\benchmarks\Python\harness.py Json 10 15
Starting Json benchmark ...
Json: iterations=1 runtime: 258845us
Json: iterations=1 runtime: 259120us
Json: iterations=1 runtime: 231803us
Json: iterations=1 runtime: 215357us
Json: iterations=1 runtime: 206542us
Json: iterations=1 runtime: 206695us
Json: iterations=1 runtime: 203956us
Json: iterations=1 runtime: 228553us
Json: iterations=1 runtime: 235875us
Json: iterations=1 runtime: 302036us
Json: iterations=10 average: 234878us total: 2348782us


Total Runtime: 2348782us
Starting Json benchmark ...
Json: iterations=1 runtime: 233485us
Json: iterations=1 runtime: 226219us
Json: iterations=1 runtime: 241750us
Json: iterations=1 runtime: 247710us
Json: iterations=1 runtime: 231311us
Json: iterations=1 runtime: 229436us
Json: iterations=1 runtime: 235394us
Json: iterations=1 runtime: 228192us
Json: iterations=1 runtime: 217291us
Json: iterations=1 runtime: 276254us
Json: iterations=10 average: 236704us total: 2367042us


Total Runtime: 2367042us
Starting Json benchmark ...
Json: iterations=1 runtime: 232763us
Json: iterations=1 runtime: 204747us
Json: iterations=1 runtime: 213995us
Json: iterations=1 runtime: 213964us
Json: iterations=1 runtime: 220822us
Json: iterations=1 runtime: 223019us
Json: iterations=1 runtime: 202950us
Json: iterations=1 runtime: 203629us
Json: iterations=1 runtime: 222411us
Json: iterations=1 runtime: 204076us
Json: iterations=10 average: 214238us total: 2142376us


Total Runtime: 2142376us
Starting Json benchmark ...
Json: iterations=1 runtime: 218380us
Json: iterations=1 runtime: 213627us
Json: iterations=1 runtime: 215012us
Json: iterations=1 runtime: 204602us
Json: iterations=1 runtime: 206486us
Json: iterations=1 runtime: 213924us
Json: iterations=1 runtime: 222268us
Json: iterations=1 runtime: 214167us
Json: iterations=1 runtime: 213221us
Json: iterations=1 runtime: 233878us
Json: iterations=10 average: 215556us total: 2155565us


Total Runtime: 2155565us
Starting Json benchmark ...
Json: iterations=1 runtime: 216138us
Json: iterations=1 runtime: 215607us
Json: iterations=1 runtime: 216441us
Json: iterations=1 runtime: 219827us
Json: iterations=1 runtime: 222393us
Json: iterations=1 runtime: 207106us
Json: iterations=1 runtime: 278322us
Json: iterations=1 runtime: 265625us
Json: iterations=1 runtime: 228424us
Json: iterations=1 runtime: 253608us
Json: iterations=10 average: 232349us total: 2323491us


Total Runtime: 2323491us
Starting Json benchmark ...
Json: iterations=1 runtime: 255350us
Json: iterations=1 runtime: 327629us
Json: iterations=1 runtime: 217462us
Json: iterations=1 runtime: 224839us
Json: iterations=1 runtime: 215887us
Json: iterations=1 runtime: 206323us
Json: iterations=1 runtime: 231015us
Json: iterations=1 runtime: 205868us
Json: iterations=1 runtime: 224154us
Json: iterations=1 runtime: 227615us
Json: iterations=10 average: 233614us total: 2336142us


Total Runtime: 2336142us
Starting Json benchmark ...
Json: iterations=1 runtime: 207982us
Json: iterations=1 runtime: 206955us
Json: iterations=1 runtime: 207426us
Json: iterations=1 runtime: 207697us
Json: iterations=1 runtime: 209409us
Json: iterations=1 runtime: 207831us
Json: iterations=1 runtime: 218625us
Json: iterations=1 runtime: 207346us
Json: iterations=1 runtime: 206398us
Json: iterations=1 runtime: 206236us
Json: iterations=10 average: 208590us total: 2085905us


Total Runtime: 2085905us
Starting Json benchmark ...
Json: iterations=1 runtime: 215217us
Json: iterations=1 runtime: 205722us
Json: iterations=1 runtime: 215869us
Json: iterations=1 runtime: 211943us
Json: iterations=1 runtime: 224800us
Json: iterations=1 runtime: 237098us
Json: iterations=1 runtime: 226463us
Json: iterations=1 runtime: 226782us
Json: iterations=1 runtime: 226857us
Json: iterations=1 runtime: 227064us
Json: iterations=10 average: 221782us total: 2217815us


Total Runtime: 2217815us
Starting Json benchmark ...
Json: iterations=1 runtime: 206987us
Json: iterations=1 runtime: 213874us
Json: iterations=1 runtime: 216478us
Json: iterations=1 runtime: 206572us
Json: iterations=1 runtime: 226404us
Json: iterations=1 runtime: 228899us
Json: iterations=1 runtime: 227933us
Json: iterations=1 runtime: 227052us
Json: iterations=1 runtime: 227741us
Json: iterations=1 runtime: 228280us
Json: iterations=10 average: 221022us total: 2210220us


Total Runtime: 2210220us
Starting Json benchmark ...
Json: iterations=1 runtime: 216072us
Json: iterations=1 runtime: 205279us
Json: iterations=1 runtime: 214859us
Json: iterations=1 runtime: 205692us
Json: iterations=1 runtime: 234258us
Json: iterations=1 runtime: 283882us
Json: iterations=1 runtime: 277700us
Json: iterations=1 runtime: 209955us
Json: iterations=1 runtime: 211504us
Json: iterations=1 runtime: 210448us
Json: iterations=10 average: 226965us total: 2269649us


Total Runtime: 2269649us
Starting Json benchmark ...
Json: iterations=1 runtime: 207254us
Json: iterations=1 runtime: 206079us
Json: iterations=1 runtime: 207076us
Json: iterations=1 runtime: 207605us
Json: iterations=1 runtime: 219406us
Json: iterations=1 runtime: 206608us
Json: iterations=1 runtime: 213379us
Json: iterations=1 runtime: 205215us
Json: iterations=1 runtime: 206225us
Json: iterations=1 runtime: 205389us
Json: iterations=10 average: 208424us total: 2084236us


Total Runtime: 2084236us
Starting Json benchmark ...
Json: iterations=1 runtime: 214613us
Json: iterations=1 runtime: 216760us
Json: iterations=1 runtime: 226142us
Json: iterations=1 runtime: 219016us
Json: iterations=1 runtime: 226557us
Json: iterations=1 runtime: 227129us
Json: iterations=1 runtime: 217198us
Json: iterations=1 runtime: 216250us
Json: iterations=1 runtime: 216890us
Json: iterations=1 runtime: 238635us
Json: iterations=10 average: 221919us total: 2219190us


Total Runtime: 2219190us
Starting Json benchmark ...
Json: iterations=1 runtime: 217227us
Json: iterations=1 runtime: 218361us
Json: iterations=1 runtime: 215615us
Json: iterations=1 runtime: 205958us
Json: iterations=1 runtime: 223418us
Json: iterations=1 runtime: 215156us
Json: iterations=1 runtime: 209908us
Json: iterations=1 runtime: 209795us
Json: iterations=1 runtime: 236229us
Json: iterations=1 runtime: 218000us
Json: iterations=10 average: 216967us total: 2169667us


Total Runtime: 2169667us
Starting Json benchmark ...
Json: iterations=1 runtime: 208465us
Json: iterations=1 runtime: 206618us
Json: iterations=1 runtime: 226137us
Json: iterations=1 runtime: 230458us
Json: iterations=1 runtime: 230305us
Json: iterations=1 runtime: 224328us
Json: iterations=1 runtime: 224810us
Json: iterations=1 runtime: 234190us
Json: iterations=1 runtime: 234428us
Json: iterations=1 runtime: 226115us
Json: iterations=10 average: 224585us total: 2245854us


Total Runtime: 2245854us
Starting Json benchmark ...
Json: iterations=1 runtime: 258337us
Json: iterations=1 runtime: 225475us
Json: iterations=1 runtime: 207695us
Json: iterations=1 runtime: 208449us
Json: iterations=1 runtime: 211533us
Json: iterations=1 runtime: 207820us
Json: iterations=1 runtime: 260536us
Json: iterations=1 runtime: 323971us
Json: iterations=1 runtime: 256583us
Json: iterations=1 runtime: 225394us
Json: iterations=10 average: 238579us total: 2385793us


Total Runtime: 2385793us
Starting Json benchmark ...
Json: iterations=1 runtime: 226748us
Json: iterations=1 runtime: 216459us
Json: iterations=1 runtime: 223528us
Json: iterations=1 runtime: 206362us
Json: iterations=1 runtime: 207149us
Json: iterations=1 runtime: 206355us
Json: iterations=1 runtime: 213927us
Json: iterations=1 runtime: 205583us
Json: iterations=1 runtime: 213939us
Json: iterations=1 runtime: 205027us
Json: iterations=10 average: 212508us total: 2125077us


Total Runtime: 2125077us
Starting Json benchmark ...
Json: iterations=1 runtime: 208759us
Json: iterations=1 runtime: 207282us
Json: iterations=1 runtime: 216793us
Json: iterations=1 runtime: 216830us
Json: iterations=1 runtime: 224954us
Json: iterations=1 runtime: 219611us
Json: iterations=1 runtime: 216709us
Json: iterations=1 runtime: 217778us
Json: iterations=1 runtime: 226364us
Json: iterations=1 runtime: 219988us
Json: iterations=10 average: 217507us total: 2175068us


Total Runtime: 2175068us
Starting Json benchmark ...
Json: iterations=1 runtime: 206996us
Json: iterations=1 runtime: 206522us
Json: iterations=1 runtime: 206856us
Json: iterations=1 runtime: 206936us
Json: iterations=1 runtime: 220696us
Json: iterations=1 runtime: 206802us
Json: iterations=1 runtime: 204126us
Json: iterations=1 runtime: 228480us
Json: iterations=1 runtime: 214468us
Json: iterations=1 runtime: 214869us
Json: iterations=10 average: 211675us total: 2116751us


Total Runtime: 2116751us
Starting Json benchmark ...
Json: iterations=1 runtime: 266025us
Json: iterations=1 runtime: 216236us
Json: iterations=1 runtime: 233989us
Json: iterations=1 runtime: 206515us
Json: iterations=1 runtime: 207504us
Json: iterations=1 runtime: 207149us
Json: iterations=1 runtime: 222694us
Json: iterations=1 runtime: 225223us
Json: iterations=1 runtime: 227524us
Json: iterations=1 runtime: 230584us
Json: iterations=10 average: 224344us total: 2243443us


Total Runtime: 2243443us
Starting Json benchmark ...
Json: iterations=1 runtime: 206341us
Json: iterations=1 runtime: 205440us
Json: iterations=1 runtime: 206672us
Json: iterations=1 runtime: 213860us
Json: iterations=1 runtime: 224962us
Json: iterations=1 runtime: 214429us
Json: iterations=1 runtime: 212137us
Json: iterations=1 runtime: 204390us
Json: iterations=1 runtime: 222389us
Json: iterations=1 runtime: 204272us
Json: iterations=10 average: 211489us total: 2114892us


Total Runtime: 2114892us
  Time (mean ± σ):      2.235 s ±  0.089 s    [User: 2.211 s, System: 0.018 s]
  Range (min … max):    2.118 s …  2.421 s    15 runs
 
