Benchmark 1: C:\Users\test\Documents\research\research\artifacts\installed2\python\python.exe C:\Users\test\Documents\research\research\system\are-we-fast-yet\benchmarks\Python\harness.py DeltaBlue 10 15
Starting DeltaBlue benchmark ...
DeltaBlue: iterations=1 runtime: 3101us
DeltaBlue: iterations=1 runtime: 2204us
DeltaBlue: iterations=1 runtime: 2270us
DeltaBlue: iterations=1 runtime: 2237us
DeltaBlue: iterations=1 runtime: 2313us
DeltaBlue: iterations=1 runtime: 2190us
DeltaBlue: iterations=1 runtime: 2446us
DeltaBlue: iterations=1 runtime: 2371us
DeltaBlue: iterations=1 runtime: 2197us
DeltaBlue: iterations=1 runtime: 2190us
DeltaBlue: iterations=10 average: 2352us total: 23519us


Total Runtime: 23519us
Starting DeltaBlue benchmark ...
DeltaBlue: iterations=1 runtime: 3097us
DeltaBlue: iterations=1 runtime: 2297us
DeltaBlue: iterations=1 runtime: 2165us
DeltaBlue: iterations=1 runtime: 2216us
DeltaBlue: iterations=1 runtime: 2190us
DeltaBlue: iterations=1 runtime: 4974us
DeltaBlue: iterations=1 runtime: 3217us
DeltaBlue: iterations=1 runtime: 2325us
DeltaBlue: iterations=1 runtime: 3810us
DeltaBlue: iterations=1 runtime: 2788us
DeltaBlue: iterations=10 average: 2908us total: 29079us


Total Runtime: 29079us
Starting DeltaBlue benchmark ...
DeltaBlue: iterations=1 runtime: 3503us
DeltaBlue: iterations=1 runtime: 3761us
DeltaBlue: iterations=1 runtime: 2388us
DeltaBlue: iterations=1 runtime: 2423us
DeltaBlue: iterations=1 runtime: 2694us
DeltaBlue: iterations=1 runtime: 2419us
DeltaBlue: iterations=1 runtime: 2605us
DeltaBlue: iterations=1 runtime: 2511us
DeltaBlue: iterations=1 runtime: 2508us
DeltaBlue: iterations=1 runtime: 2441us
DeltaBlue: iterations=10 average: 2725us total: 27253us


Total Runtime: 27253us
Starting DeltaBlue benchmark ...
DeltaBlue: iterations=1 runtime: 2858us
DeltaBlue: iterations=1 runtime: 2634us
DeltaBlue: iterations=1 runtime: 2555us
DeltaBlue: iterations=1 runtime: 2252us
DeltaBlue: iterations=1 runtime: 2180us
DeltaBlue: iterations=1 runtime: 2238us
DeltaBlue: iterations=1 runtime: 2224us
DeltaBlue: iterations=1 runtime: 2210us
DeltaBlue: iterations=1 runtime: 2340us
DeltaBlue: iterations=1 runtime: 2197us
DeltaBlue: iterations=10 average: 2369us total: 23688us


Total Runtime: 23688us
Starting DeltaBlue benchmark ...
DeltaBlue: iterations=1 runtime: 2732us
DeltaBlue: iterations=1 runtime: 2283us
DeltaBlue: iterations=1 runtime: 2235us
DeltaBlue: iterations=1 runtime: 3018us
DeltaBlue: iterations=1 runtime: 3748us
DeltaBlue: iterations=1 runtime: 3591us
DeltaBlue: iterations=1 runtime: 3518us
DeltaBlue: iterations=1 runtime: 3302us
DeltaBlue: iterations=1 runtime: 2448us
DeltaBlue: iterations=1 runtime: 2312us
DeltaBlue: iterations=10 average: 2919us total: 29187us


Total Runtime: 29187us
Starting DeltaBlue benchmark ...
DeltaBlue: iterations=1 runtime: 2812us
DeltaBlue: iterations=1 runtime: 2280us
DeltaBlue: iterations=1 runtime: 2464us
DeltaBlue: iterations=1 runtime: 2249us
DeltaBlue: iterations=1 runtime: 2200us
DeltaBlue: iterations=1 runtime: 2490us
DeltaBlue: iterations=1 runtime: 2175us
DeltaBlue: iterations=1 runtime: 2187us
DeltaBlue: iterations=1 runtime: 2870us
DeltaBlue: iterations=1 runtime: 2173us
DeltaBlue: iterations=10 average: 2390us total: 23900us


Total Runtime: 23900us
Starting DeltaBlue benchmark ...
DeltaBlue: iterations=1 runtime: 3035us
DeltaBlue: iterations=1 runtime: 2255us
DeltaBlue: iterations=1 runtime: 2212us
DeltaBlue: iterations=1 runtime: 2238us
DeltaBlue: iterations=1 runtime: 2172us
DeltaBlue: iterations=1 runtime: 2236us
DeltaBlue: iterations=1 runtime: 2169us
DeltaBlue: iterations=1 runtime: 2169us
DeltaBlue: iterations=1 runtime: 2253us
DeltaBlue: iterations=1 runtime: 2184us
DeltaBlue: iterations=10 average: 2292us total: 22923us


Total Runtime: 22923us
Starting DeltaBlue benchmark ...
DeltaBlue: iterations=1 runtime: 2722us
DeltaBlue: iterations=1 runtime: 2177us
DeltaBlue: iterations=1 runtime: 2150us
DeltaBlue: iterations=1 runtime: 2320us
DeltaBlue: iterations=1 runtime: 2171us
DeltaBlue: iterations=1 runtime: 2226us
DeltaBlue: iterations=1 runtime: 2159us
DeltaBlue: iterations=1 runtime: 2153us
DeltaBlue: iterations=1 runtime: 2243us
DeltaBlue: iterations=1 runtime: 2165us
DeltaBlue: iterations=10 average: 2249us total: 22486us


Total Runtime: 22486us
Starting DeltaBlue benchmark ...
DeltaBlue: iterations=1 runtime: 2829us
DeltaBlue: iterations=1 runtime: 2166us
DeltaBlue: iterations=1 runtime: 2151us
DeltaBlue: iterations=1 runtime: 2202us
DeltaBlue: iterations=1 runtime: 2227us
DeltaBlue: iterations=1 runtime: 2238us
DeltaBlue: iterations=1 runtime: 2141us
DeltaBlue: iterations=1 runtime: 2139us
DeltaBlue: iterations=1 runtime: 2271us
DeltaBlue: iterations=1 runtime: 2155us
DeltaBlue: iterations=10 average: 2252us total: 22519us


Total Runtime: 22519us
Starting DeltaBlue benchmark ...
DeltaBlue: iterations=1 runtime: 2985us
DeltaBlue: iterations=1 runtime: 2222us
DeltaBlue: iterations=1 runtime: 2220us
DeltaBlue: iterations=1 runtime: 2225us
DeltaBlue: iterations=1 runtime: 2154us
DeltaBlue: iterations=1 runtime: 2368us
DeltaBlue: iterations=1 runtime: 2162us
DeltaBlue: iterations=1 runtime: 3289us
DeltaBlue: iterations=1 runtime: 2296us
DeltaBlue: iterations=1 runtime: 2155us
DeltaBlue: iterations=10 average: 2408us total: 24076us


Total Runtime: 24076us
Starting DeltaBlue benchmark ...
DeltaBlue: iterations=1 runtime: 3895us
DeltaBlue: iterations=1 runtime: 3255us
DeltaBlue: iterations=1 runtime: 3608us
DeltaBlue: iterations=1 runtime: 3652us
DeltaBlue: iterations=1 runtime: 3592us
DeltaBlue: iterations=1 runtime: 3814us
DeltaBlue: iterations=1 runtime: 3568us
DeltaBlue: iterations=1 runtime: 3606us
DeltaBlue: iterations=1 runtime: 2469us
DeltaBlue: iterations=1 runtime: 2362us
DeltaBlue: iterations=10 average: 3382us total: 33821us


Total Runtime: 33821us
Starting DeltaBlue benchmark ...
DeltaBlue: iterations=1 runtime: 3031us
DeltaBlue: iterations=1 runtime: 2259us
DeltaBlue: iterations=1 runtime: 3571us
DeltaBlue: iterations=1 runtime: 3693us
DeltaBlue: iterations=1 runtime: 3517us
DeltaBlue: iterations=1 runtime: 3592us
DeltaBlue: iterations=1 runtime: 2628us
DeltaBlue: iterations=1 runtime: 2192us
DeltaBlue: iterations=1 runtime: 2277us
DeltaBlue: iterations=1 runtime: 2195us
DeltaBlue: iterations=10 average: 2896us total: 28955us


Total Runtime: 28955us
Starting DeltaBlue benchmark ...
DeltaBlue: iterations=1 runtime: 2819us
DeltaBlue: iterations=1 runtime: 2224us
DeltaBlue: iterations=1 runtime: 2218us
DeltaBlue: iterations=1 runtime: 2225us
DeltaBlue: iterations=1 runtime: 2154us
DeltaBlue: iterations=1 runtime: 2333us
DeltaBlue: iterations=1 runtime: 2159us
DeltaBlue: iterations=1 runtime: 2641us
DeltaBlue: iterations=1 runtime: 2387us
DeltaBlue: iterations=1 runtime: 2144us
DeltaBlue: iterations=10 average: 2330us total: 23304us


Total Runtime: 23304us
  Time (mean ± σ):      69.1 ms ±   5.6 ms    [User: 45.9 ms, System: 16.7 ms]
  Range (min … max):    63.3 ms …  77.4 ms    10 runs
 
