Benchmark 1: C:\Users\test\Documents\research\research\artifacts\installed2\python\python.exe C:\Users\test\Documents\research\research\system\are-we-fast-yet\benchmarks\Python\harness.py DeltaBlue 10 15
Starting DeltaBlue benchmark ...
DeltaBlue: iterations=1 runtime: 2598us
DeltaBlue: iterations=1 runtime: 2244us
DeltaBlue: iterations=1 runtime: 2320us
DeltaBlue: iterations=1 runtime: 2208us
DeltaBlue: iterations=1 runtime: 2214us
DeltaBlue: iterations=1 runtime: 2285us
DeltaBlue: iterations=1 runtime: 2209us
DeltaBlue: iterations=1 runtime: 2360us
DeltaBlue: iterations=1 runtime: 2604us
DeltaBlue: iterations=1 runtime: 3940us
DeltaBlue: iterations=10 average: 2498us total: 24982us


Total Runtime: 24982us
Starting DeltaBlue benchmark ...
DeltaBlue: iterations=1 runtime: 2291us
DeltaBlue: iterations=1 runtime: 2808us
DeltaBlue: iterations=1 runtime: 2218us
DeltaBlue: iterations=1 runtime: 2268us
DeltaBlue: iterations=1 runtime: 2194us
DeltaBlue: iterations=1 runtime: 2241us
DeltaBlue: iterations=1 runtime: 2353us
DeltaBlue: iterations=1 runtime: 2225us
DeltaBlue: iterations=1 runtime: 2344us
DeltaBlue: iterations=1 runtime: 2321us
DeltaBlue: iterations=10 average: 2326us total: 23263us


Total Runtime: 23263us
Starting DeltaBlue benchmark ...
DeltaBlue: iterations=1 runtime: 2251us
DeltaBlue: iterations=1 runtime: 2700us
DeltaBlue: iterations=1 runtime: 2171us
DeltaBlue: iterations=1 runtime: 2229us
DeltaBlue: iterations=1 runtime: 2214us
DeltaBlue: iterations=1 runtime: 2196us
DeltaBlue: iterations=1 runtime: 2346us
DeltaBlue: iterations=1 runtime: 2282us
DeltaBlue: iterations=1 runtime: 2319us
DeltaBlue: iterations=1 runtime: 2251us
DeltaBlue: iterations=10 average: 2296us total: 22959us


Total Runtime: 22959us
Starting DeltaBlue benchmark ...
DeltaBlue: iterations=1 runtime: 2508us
DeltaBlue: iterations=1 runtime: 3825us
DeltaBlue: iterations=1 runtime: 3897us
DeltaBlue: iterations=1 runtime: 3940us
DeltaBlue: iterations=1 runtime: 3900us
DeltaBlue: iterations=1 runtime: 3226us
DeltaBlue: iterations=1 runtime: 2580us
DeltaBlue: iterations=1 runtime: 2482us
DeltaBlue: iterations=1 runtime: 2620us
DeltaBlue: iterations=1 runtime: 2572us
DeltaBlue: iterations=10 average: 3155us total: 31550us


Total Runtime: 31550us
Starting DeltaBlue benchmark ...
DeltaBlue: iterations=1 runtime: 2308us
DeltaBlue: iterations=1 runtime: 2714us
DeltaBlue: iterations=1 runtime: 2208us
DeltaBlue: iterations=1 runtime: 2258us
DeltaBlue: iterations=1 runtime: 2180us
DeltaBlue: iterations=1 runtime: 2192us
DeltaBlue: iterations=1 runtime: 2328us
DeltaBlue: iterations=1 runtime: 2208us
DeltaBlue: iterations=1 runtime: 2283us
DeltaBlue: iterations=1 runtime: 2231us
DeltaBlue: iterations=10 average: 2291us total: 22910us


Total Runtime: 22910us
Starting DeltaBlue benchmark ...
DeltaBlue: iterations=1 runtime: 2299us
DeltaBlue: iterations=1 runtime: 2755us
DeltaBlue: iterations=1 runtime: 2214us
DeltaBlue: iterations=1 runtime: 2266us
DeltaBlue: iterations=1 runtime: 2198us
DeltaBlue: iterations=1 runtime: 2215us
DeltaBlue: iterations=1 runtime: 2320us
DeltaBlue: iterations=1 runtime: 2239us
DeltaBlue: iterations=1 runtime: 2342us
DeltaBlue: iterations=1 runtime: 2266us
DeltaBlue: iterations=10 average: 2311us total: 23114us


Total Runtime: 23114us
Starting DeltaBlue benchmark ...
DeltaBlue: iterations=1 runtime: 2297us
DeltaBlue: iterations=1 runtime: 2748us
DeltaBlue: iterations=1 runtime: 2237us
DeltaBlue: iterations=1 runtime: 2272us
DeltaBlue: iterations=1 runtime: 2257us
DeltaBlue: iterations=1 runtime: 2225us
DeltaBlue: iterations=1 runtime: 2324us
DeltaBlue: iterations=1 runtime: 2221us
DeltaBlue: iterations=1 runtime: 2315us
DeltaBlue: iterations=1 runtime: 2268us
DeltaBlue: iterations=10 average: 2316us total: 23164us


Total Runtime: 23164us
Starting DeltaBlue benchmark ...
DeltaBlue: iterations=1 runtime: 2732us
DeltaBlue: iterations=1 runtime: 2830us
DeltaBlue: iterations=1 runtime: 2196us
DeltaBlue: iterations=1 runtime: 2244us
DeltaBlue: iterations=1 runtime: 2173us
DeltaBlue: iterations=1 runtime: 2196us
DeltaBlue: iterations=1 runtime: 2308us
DeltaBlue: iterations=1 runtime: 2184us
DeltaBlue: iterations=1 runtime: 2257us
DeltaBlue: iterations=1 runtime: 2211us
DeltaBlue: iterations=10 average: 2333us total: 23331us


Total Runtime: 23331us
Starting DeltaBlue benchmark ...
DeltaBlue: iterations=1 runtime: 2266us
DeltaBlue: iterations=1 runtime: 2734us
DeltaBlue: iterations=1 runtime: 2217us
DeltaBlue: iterations=1 runtime: 2241us
DeltaBlue: iterations=1 runtime: 2170us
DeltaBlue: iterations=1 runtime: 2181us
DeltaBlue: iterations=1 runtime: 2299us
DeltaBlue: iterations=1 runtime: 2173us
DeltaBlue: iterations=1 runtime: 2244us
DeltaBlue: iterations=1 runtime: 2207us
DeltaBlue: iterations=10 average: 2273us total: 22732us


Total Runtime: 22732us
Starting DeltaBlue benchmark ...
DeltaBlue: iterations=1 runtime: 2467us
DeltaBlue: iterations=1 runtime: 3012us
DeltaBlue: iterations=1 runtime: 2405us
DeltaBlue: iterations=1 runtime: 2421us
DeltaBlue: iterations=1 runtime: 2422us
DeltaBlue: iterations=1 runtime: 2407us
DeltaBlue: iterations=1 runtime: 2635us
DeltaBlue: iterations=1 runtime: 2500us
DeltaBlue: iterations=1 runtime: 2630us
DeltaBlue: iterations=1 runtime: 2602us
DeltaBlue: iterations=10 average: 2550us total: 25501us


Total Runtime: 25501us
Starting DeltaBlue benchmark ...
DeltaBlue: iterations=1 runtime: 2253us
DeltaBlue: iterations=1 runtime: 2741us
DeltaBlue: iterations=1 runtime: 2192us
DeltaBlue: iterations=1 runtime: 2230us
DeltaBlue: iterations=1 runtime: 2182us
DeltaBlue: iterations=1 runtime: 2170us
DeltaBlue: iterations=1 runtime: 2276us
DeltaBlue: iterations=1 runtime: 2160us
DeltaBlue: iterations=1 runtime: 2229us
DeltaBlue: iterations=1 runtime: 2170us
DeltaBlue: iterations=10 average: 2260us total: 22603us


Total Runtime: 22603us
Starting DeltaBlue benchmark ...
DeltaBlue: iterations=1 runtime: 2299us
DeltaBlue: iterations=1 runtime: 2749us
DeltaBlue: iterations=1 runtime: 2222us
DeltaBlue: iterations=1 runtime: 2275us
DeltaBlue: iterations=1 runtime: 2202us
DeltaBlue: iterations=1 runtime: 2218us
DeltaBlue: iterations=1 runtime: 2360us
DeltaBlue: iterations=1 runtime: 2222us
DeltaBlue: iterations=1 runtime: 2404us
DeltaBlue: iterations=1 runtime: 2399us
DeltaBlue: iterations=10 average: 2335us total: 23350us


Total Runtime: 23350us
Starting DeltaBlue benchmark ...
DeltaBlue: iterations=1 runtime: 2286us
DeltaBlue: iterations=1 runtime: 2743us
DeltaBlue: iterations=1 runtime: 2223us
DeltaBlue: iterations=1 runtime: 2256us
DeltaBlue: iterations=1 runtime: 2183us
DeltaBlue: iterations=1 runtime: 2206us
DeltaBlue: iterations=1 runtime: 2368us
DeltaBlue: iterations=1 runtime: 2244us
DeltaBlue: iterations=1 runtime: 2293us
DeltaBlue: iterations=1 runtime: 2263us
DeltaBlue: iterations=10 average: 2306us total: 23065us


Total Runtime: 23065us
  Time (mean ± σ):      64.8 ms ±   5.6 ms    [User: 46.2 ms, System: 19.1 ms]
  Range (min … max):    61.8 ms …  79.9 ms    10 runs
 
