Benchmark 1: C:\Users\test\Documents\research\research\artifacts\installed\python\python.exe C:\Users\test\Documents\research\research\artifacts\system\are-we-fast-yet\benchmarks\Python\harness.py DeltaBlue 10 15
Starting DeltaBlue benchmark ...
DeltaBlue: iterations=1 runtime: 2363us
DeltaBlue: iterations=1 runtime: 2199us
DeltaBlue: iterations=1 runtime: 2299us
DeltaBlue: iterations=1 runtime: 2180us
DeltaBlue: iterations=1 runtime: 2184us
DeltaBlue: iterations=1 runtime: 2260us
DeltaBlue: iterations=1 runtime: 3202us
DeltaBlue: iterations=1 runtime: 3602us
DeltaBlue: iterations=1 runtime: 3530us
DeltaBlue: iterations=1 runtime: 3538us
DeltaBlue: iterations=10 average: 2736us total: 27357us


Total Runtime: 27357us
Starting DeltaBlue benchmark ...
DeltaBlue: iterations=1 runtime: 2268us
DeltaBlue: iterations=1 runtime: 2732us
DeltaBlue: iterations=1 runtime: 2171us
DeltaBlue: iterations=1 runtime: 2294us
DeltaBlue: iterations=1 runtime: 2247us
DeltaBlue: iterations=1 runtime: 2159us
DeltaBlue: iterations=1 runtime: 2281us
DeltaBlue: iterations=1 runtime: 2156us
DeltaBlue: iterations=1 runtime: 2224us
DeltaBlue: iterations=1 runtime: 2160us
DeltaBlue: iterations=10 average: 2269us total: 22692us


Total Runtime: 22692us
Starting DeltaBlue benchmark ...
DeltaBlue: iterations=1 runtime: 2398us
DeltaBlue: iterations=1 runtime: 3147us
DeltaBlue: iterations=1 runtime: 3798us
DeltaBlue: iterations=1 runtime: 3811us
DeltaBlue: iterations=1 runtime: 3807us
DeltaBlue: iterations=1 runtime: 3797us
DeltaBlue: iterations=1 runtime: 2526us
DeltaBlue: iterations=1 runtime: 2330us
DeltaBlue: iterations=1 runtime: 2482us
DeltaBlue: iterations=1 runtime: 2384us
DeltaBlue: iterations=10 average: 3048us total: 30480us


Total Runtime: 30480us
Starting DeltaBlue benchmark ...
DeltaBlue: iterations=1 runtime: 2376us
DeltaBlue: iterations=1 runtime: 2853us
DeltaBlue: iterations=1 runtime: 2202us
DeltaBlue: iterations=1 runtime: 2251us
DeltaBlue: iterations=1 runtime: 3023us
DeltaBlue: iterations=1 runtime: 3530us
DeltaBlue: iterations=1 runtime: 2332us
DeltaBlue: iterations=1 runtime: 2190us
DeltaBlue: iterations=1 runtime: 2282us
DeltaBlue: iterations=1 runtime: 2199us
DeltaBlue: iterations=10 average: 2524us total: 25238us


Total Runtime: 25238us
Starting DeltaBlue benchmark ...
DeltaBlue: iterations=1 runtime: 2265us
DeltaBlue: iterations=1 runtime: 2725us
DeltaBlue: iterations=1 runtime: 2191us
DeltaBlue: iterations=1 runtime: 2951us
DeltaBlue: iterations=1 runtime: 4450us
DeltaBlue: iterations=1 runtime: 4049us
DeltaBlue: iterations=1 runtime: 2332us
DeltaBlue: iterations=1 runtime: 2180us
DeltaBlue: iterations=1 runtime: 2245us
DeltaBlue: iterations=1 runtime: 2971us
DeltaBlue: iterations=10 average: 2836us total: 28359us


Total Runtime: 28359us
Starting DeltaBlue benchmark ...
DeltaBlue: iterations=1 runtime: 2246us
DeltaBlue: iterations=1 runtime: 2720us
DeltaBlue: iterations=1 runtime: 2199us
DeltaBlue: iterations=1 runtime: 2230us
DeltaBlue: iterations=1 runtime: 2151us
DeltaBlue: iterations=1 runtime: 2163us
DeltaBlue: iterations=1 runtime: 2274us
DeltaBlue: iterations=1 runtime: 2150us
DeltaBlue: iterations=1 runtime: 2232us
DeltaBlue: iterations=1 runtime: 2169us
DeltaBlue: iterations=10 average: 2253us total: 22534us


Total Runtime: 22534us
Starting DeltaBlue benchmark ...
DeltaBlue: iterations=1 runtime: 2263us
DeltaBlue: iterations=1 runtime: 2726us
DeltaBlue: iterations=1 runtime: 2189us
DeltaBlue: iterations=1 runtime: 2232us
DeltaBlue: iterations=1 runtime: 2155us
DeltaBlue: iterations=1 runtime: 2170us
DeltaBlue: iterations=1 runtime: 2283us
DeltaBlue: iterations=1 runtime: 2161us
DeltaBlue: iterations=1 runtime: 2234us
DeltaBlue: iterations=1 runtime: 2198us
DeltaBlue: iterations=10 average: 2261us total: 22611us


Total Runtime: 22611us
Starting DeltaBlue benchmark ...
DeltaBlue: iterations=1 runtime: 2265us
DeltaBlue: iterations=1 runtime: 2743us
DeltaBlue: iterations=1 runtime: 2194us
DeltaBlue: iterations=1 runtime: 2265us
DeltaBlue: iterations=1 runtime: 2170us
DeltaBlue: iterations=1 runtime: 2179us
DeltaBlue: iterations=1 runtime: 2290us
DeltaBlue: iterations=1 runtime: 2172us
DeltaBlue: iterations=1 runtime: 2249us
DeltaBlue: iterations=1 runtime: 2179us
DeltaBlue: iterations=10 average: 2271us total: 22706us


Total Runtime: 22706us
Starting DeltaBlue benchmark ...
DeltaBlue: iterations=1 runtime: 2260us
DeltaBlue: iterations=1 runtime: 2734us
DeltaBlue: iterations=1 runtime: 2180us
DeltaBlue: iterations=1 runtime: 2233us
DeltaBlue: iterations=1 runtime: 2159us
DeltaBlue: iterations=1 runtime: 2176us
DeltaBlue: iterations=1 runtime: 2273us
DeltaBlue: iterations=1 runtime: 2158us
DeltaBlue: iterations=1 runtime: 2241us
DeltaBlue: iterations=1 runtime: 2168us
DeltaBlue: iterations=10 average: 2258us total: 22582us


Total Runtime: 22582us
Starting DeltaBlue benchmark ...
DeltaBlue: iterations=1 runtime: 2275us
DeltaBlue: iterations=1 runtime: 2744us
DeltaBlue: iterations=1 runtime: 2188us
DeltaBlue: iterations=1 runtime: 2259us
DeltaBlue: iterations=1 runtime: 2165us
DeltaBlue: iterations=1 runtime: 2174us
DeltaBlue: iterations=1 runtime: 2288us
DeltaBlue: iterations=1 runtime: 2182us
DeltaBlue: iterations=1 runtime: 2249us
DeltaBlue: iterations=1 runtime: 2173us
DeltaBlue: iterations=10 average: 2270us total: 22697us


Total Runtime: 22697us
Starting DeltaBlue benchmark ...
DeltaBlue: iterations=1 runtime: 2244us
DeltaBlue: iterations=1 runtime: 2694us
DeltaBlue: iterations=1 runtime: 2155us
DeltaBlue: iterations=1 runtime: 2245us
DeltaBlue: iterations=1 runtime: 2171us
DeltaBlue: iterations=1 runtime: 2148us
DeltaBlue: iterations=1 runtime: 2262us
DeltaBlue: iterations=1 runtime: 2153us
DeltaBlue: iterations=1 runtime: 2224us
DeltaBlue: iterations=1 runtime: 2153us
DeltaBlue: iterations=10 average: 2245us total: 22449us


Total Runtime: 22449us
Starting DeltaBlue benchmark ...
DeltaBlue: iterations=1 runtime: 2275us
DeltaBlue: iterations=1 runtime: 2743us
DeltaBlue: iterations=1 runtime: 2180us
DeltaBlue: iterations=1 runtime: 2234us
DeltaBlue: iterations=1 runtime: 2221us
DeltaBlue: iterations=1 runtime: 2430us
DeltaBlue: iterations=1 runtime: 2301us
DeltaBlue: iterations=1 runtime: 2183us
DeltaBlue: iterations=1 runtime: 2242us
DeltaBlue: iterations=1 runtime: 2198us
DeltaBlue: iterations=10 average: 2301us total: 23007us


Total Runtime: 23007us
Starting DeltaBlue benchmark ...
DeltaBlue: iterations=1 runtime: 2255us
DeltaBlue: iterations=1 runtime: 2708us
DeltaBlue: iterations=1 runtime: 2178us
DeltaBlue: iterations=1 runtime: 2236us
DeltaBlue: iterations=1 runtime: 2156us
DeltaBlue: iterations=1 runtime: 2192us
DeltaBlue: iterations=1 runtime: 2271us
DeltaBlue: iterations=1 runtime: 2153us
DeltaBlue: iterations=1 runtime: 2230us
DeltaBlue: iterations=1 runtime: 2154us
DeltaBlue: iterations=10 average: 2253us total: 22533us


Total Runtime: 22533us
Starting DeltaBlue benchmark ...
DeltaBlue: iterations=1 runtime: 2292us
DeltaBlue: iterations=1 runtime: 2769us
DeltaBlue: iterations=1 runtime: 2206us
DeltaBlue: iterations=1 runtime: 2256us
DeltaBlue: iterations=1 runtime: 2181us
DeltaBlue: iterations=1 runtime: 2217us
DeltaBlue: iterations=1 runtime: 2334us
DeltaBlue: iterations=1 runtime: 2194us
DeltaBlue: iterations=1 runtime: 2258us
DeltaBlue: iterations=1 runtime: 2190us
DeltaBlue: iterations=10 average: 2290us total: 22897us


Total Runtime: 22897us
Starting DeltaBlue benchmark ...
DeltaBlue: iterations=1 runtime: 2284us
DeltaBlue: iterations=1 runtime: 2777us
DeltaBlue: iterations=1 runtime: 2209us
DeltaBlue: iterations=1 runtime: 2264us
DeltaBlue: iterations=1 runtime: 2196us
DeltaBlue: iterations=1 runtime: 2247us
DeltaBlue: iterations=1 runtime: 2391us
DeltaBlue: iterations=1 runtime: 2333us
DeltaBlue: iterations=1 runtime: 2419us
DeltaBlue: iterations=1 runtime: 2343us
DeltaBlue: iterations=10 average: 2346us total: 23463us


Total Runtime: 23463us
Starting DeltaBlue benchmark ...
DeltaBlue: iterations=1 runtime: 2282us
DeltaBlue: iterations=1 runtime: 2759us
DeltaBlue: iterations=1 runtime: 2194us
DeltaBlue: iterations=1 runtime: 2247us
DeltaBlue: iterations=1 runtime: 2174us
DeltaBlue: iterations=1 runtime: 2208us
DeltaBlue: iterations=1 runtime: 2309us
DeltaBlue: iterations=1 runtime: 2172us
DeltaBlue: iterations=1 runtime: 2250us
DeltaBlue: iterations=1 runtime: 2187us
DeltaBlue: iterations=10 average: 2278us total: 22782us


Total Runtime: 22782us
Starting DeltaBlue benchmark ...
DeltaBlue: iterations=1 runtime: 2281us
DeltaBlue: iterations=1 runtime: 2950us
DeltaBlue: iterations=1 runtime: 2439us
DeltaBlue: iterations=1 runtime: 2516us
DeltaBlue: iterations=1 runtime: 2429us
DeltaBlue: iterations=1 runtime: 2319us
DeltaBlue: iterations=1 runtime: 2331us
DeltaBlue: iterations=1 runtime: 2210us
DeltaBlue: iterations=1 runtime: 2260us
DeltaBlue: iterations=1 runtime: 2206us
DeltaBlue: iterations=10 average: 2394us total: 23941us


Total Runtime: 23941us
Starting DeltaBlue benchmark ...
DeltaBlue: iterations=1 runtime: 3456us
DeltaBlue: iterations=1 runtime: 2845us
DeltaBlue: iterations=1 runtime: 2214us
DeltaBlue: iterations=1 runtime: 2263us
DeltaBlue: iterations=1 runtime: 2190us
DeltaBlue: iterations=1 runtime: 2204us
DeltaBlue: iterations=1 runtime: 2351us
DeltaBlue: iterations=1 runtime: 2194us
DeltaBlue: iterations=1 runtime: 2263us
DeltaBlue: iterations=1 runtime: 2195us
DeltaBlue: iterations=10 average: 2418us total: 24175us


Total Runtime: 24175us
Starting DeltaBlue benchmark ...
DeltaBlue: iterations=1 runtime: 2290us
DeltaBlue: iterations=1 runtime: 2778us
DeltaBlue: iterations=1 runtime: 2269us
DeltaBlue: iterations=1 runtime: 2265us
DeltaBlue: iterations=1 runtime: 2192us
DeltaBlue: iterations=1 runtime: 2197us
DeltaBlue: iterations=1 runtime: 2311us
DeltaBlue: iterations=1 runtime: 2200us
DeltaBlue: iterations=1 runtime: 2312us
DeltaBlue: iterations=1 runtime: 2220us
DeltaBlue: iterations=10 average: 2303us total: 23034us


Total Runtime: 23034us
Starting DeltaBlue benchmark ...
DeltaBlue: iterations=1 runtime: 2313us
DeltaBlue: iterations=1 runtime: 2738us
DeltaBlue: iterations=1 runtime: 2233us
DeltaBlue: iterations=1 runtime: 2340us
DeltaBlue: iterations=1 runtime: 2224us
DeltaBlue: iterations=1 runtime: 2240us
DeltaBlue: iterations=1 runtime: 2344us
DeltaBlue: iterations=1 runtime: 2215us
DeltaBlue: iterations=1 runtime: 2297us
DeltaBlue: iterations=1 runtime: 2224us
DeltaBlue: iterations=10 average: 2317us total: 23168us


Total Runtime: 23168us
  Time (mean ± σ):      65.5 ms ±   1.5 ms    [User: 33.1 ms, System: 20.3 ms]
  Range (min … max):    62.3 ms …  67.3 ms    15 runs
 
