Benchmark 1: C:\Users\test\Documents\research\research\artifacts\installed2\python\python.exe C:\Users\test\Documents\research\research\system\are-we-fast-yet\benchmarks\Python\harness.py Json 10 15
Starting Json benchmark ...
Json: iterations=1 runtime: 572939us
Json: iterations=1 runtime: 517090us
Json: iterations=1 runtime: 464229us
Json: iterations=1 runtime: 499777us
Json: iterations=1 runtime: 572969us
Json: iterations=1 runtime: 487496us
Json: iterations=1 runtime: 506454us
Json: iterations=1 runtime: 443699us
Json: iterations=1 runtime: 467726us
Json: iterations=1 runtime: 483379us
Json: iterations=10 average: 501576us total: 5015758us


Total Runtime: 5015758us
Starting Json benchmark ...
Json: iterations=1 runtime: 447964us
Json: iterations=1 runtime: 447062us
Json: iterations=1 runtime: 434874us
Json: iterations=1 runtime: 439593us
Json: iterations=1 runtime: 437312us
Json: iterations=1 runtime: 427070us
Json: iterations=1 runtime: 459077us
Json: iterations=1 runtime: 505924us
Json: iterations=1 runtime: 478918us
Json: iterations=1 runtime: 448234us
Json: iterations=10 average: 452603us total: 4526028us


Total Runtime: 4526028us
Starting Json benchmark ...
Json: iterations=1 runtime: 510089us
Json: iterations=1 runtime: 524890us
Json: iterations=1 runtime: 464491us
Json: iterations=1 runtime: 505193us
Json: iterations=1 runtime: 456973us
Json: iterations=1 runtime: 442824us
Json: iterations=1 runtime: 458978us
Json: iterations=1 runtime: 469159us
Json: iterations=1 runtime: 436431us
Json: iterations=1 runtime: 463153us
Json: iterations=10 average: 473218us total: 4732181us


Total Runtime: 4732181us
Starting Json benchmark ...
Json: iterations=1 runtime: 445752us
Json: iterations=1 runtime: 460210us
Json: iterations=1 runtime: 434802us
Json: iterations=1 runtime: 438572us
Json: iterations=1 runtime: 457926us
Json: iterations=1 runtime: 470752us
Json: iterations=1 runtime: 512486us
Json: iterations=1 runtime: 460398us
Json: iterations=1 runtime: 466822us
Json: iterations=1 runtime: 542534us
Json: iterations=10 average: 469025us total: 4690254us


Total Runtime: 4690254us
Starting Json benchmark ...
Json: iterations=1 runtime: 508539us
Json: iterations=1 runtime: 491314us
Json: iterations=1 runtime: 450649us
Json: iterations=1 runtime: 446075us
Json: iterations=1 runtime: 454179us
Json: iterations=1 runtime: 459268us
Json: iterations=1 runtime: 483844us
Json: iterations=1 runtime: 492610us
Json: iterations=1 runtime: 474232us
Json: iterations=1 runtime: 471313us
Json: iterations=10 average: 473202us total: 4732023us


Total Runtime: 4732023us
Starting Json benchmark ...
Json: iterations=1 runtime: 478409us
Json: iterations=1 runtime: 564249us
Json: iterations=1 runtime: 495664us
Json: iterations=1 runtime: 737101us
Json: iterations=1 runtime: 583917us
Json: iterations=1 runtime: 608092us
Json: iterations=1 runtime: 492725us
Json: iterations=1 runtime: 536376us
Json: iterations=1 runtime: 578696us
Json: iterations=1 runtime: 479387us
Json: iterations=10 average: 555462us total: 5554616us


Total Runtime: 5554616us
Starting Json benchmark ...
Json: iterations=1 runtime: 499451us
Json: iterations=1 runtime: 496769us
Json: iterations=1 runtime: 488734us
Json: iterations=1 runtime: 463508us
Json: iterations=1 runtime: 566551us
Json: iterations=1 runtime: 537857us
Json: iterations=1 runtime: 606767us
Json: iterations=1 runtime: 474410us
Json: iterations=1 runtime: 457257us
Json: iterations=1 runtime: 484605us
Json: iterations=10 average: 507591us total: 5075909us


Total Runtime: 5075909us
Starting Json benchmark ...
Json: iterations=1 runtime: 574950us
Json: iterations=1 runtime: 548820us
Json: iterations=1 runtime: 487438us
Json: iterations=1 runtime: 507890us
Json: iterations=1 runtime: 643034us
Json: iterations=1 runtime: 717667us
Json: iterations=1 runtime: 531967us
Json: iterations=1 runtime: 511208us
Json: iterations=1 runtime: 511167us
Json: iterations=1 runtime: 542269us
Json: iterations=10 average: 557641us total: 5576410us


Total Runtime: 5576410us
Starting Json benchmark ...
Json: iterations=1 runtime: 646500us
Json: iterations=1 runtime: 507243us
Json: iterations=1 runtime: 487528us
Json: iterations=1 runtime: 480173us
Json: iterations=1 runtime: 549689us
Json: iterations=1 runtime: 641416us
Json: iterations=1 runtime: 659858us
Json: iterations=1 runtime: 612511us
Json: iterations=1 runtime: 544585us
Json: iterations=1 runtime: 516398us
Json: iterations=10 average: 564590us total: 5645901us


Total Runtime: 5645901us
Starting Json benchmark ...
Json: iterations=1 runtime: 505857us
Json: iterations=1 runtime: 553986us
Json: iterations=1 runtime: 465624us
Json: iterations=1 runtime: 517070us
Json: iterations=1 runtime: 480522us
Json: iterations=1 runtime: 503254us
Json: iterations=1 runtime: 482900us
Json: iterations=1 runtime: 489724us
Json: iterations=1 runtime: 587438us
Json: iterations=1 runtime: 542639us
Json: iterations=10 average: 512901us total: 5129014us


Total Runtime: 5129014us
Starting Json benchmark ...
Json: iterations=1 runtime: 562002us
Json: iterations=1 runtime: 718844us
Json: iterations=1 runtime: 652857us
Json: iterations=1 runtime: 661313us
Json: iterations=1 runtime: 533331us
Json: iterations=1 runtime: 538649us
Json: iterations=1 runtime: 539356us
Json: iterations=1 runtime: 573161us
Json: iterations=1 runtime: 545170us
Json: iterations=1 runtime: 578879us
Json: iterations=10 average: 590356us total: 5903562us


Total Runtime: 5903562us
Starting Json benchmark ...
Json: iterations=1 runtime: 576214us
Json: iterations=1 runtime: 476980us
Json: iterations=1 runtime: 508369us
Json: iterations=1 runtime: 498528us
Json: iterations=1 runtime: 571236us
Json: iterations=1 runtime: 549045us
Json: iterations=1 runtime: 512979us
Json: iterations=1 runtime: 519389us
Json: iterations=1 runtime: 476114us
Json: iterations=1 runtime: 472183us
Json: iterations=10 average: 516104us total: 5161037us


Total Runtime: 5161037us
Starting Json benchmark ...
Json: iterations=1 runtime: 450892us
Json: iterations=1 runtime: 476268us
Json: iterations=1 runtime: 503796us
Json: iterations=1 runtime: 526382us
Json: iterations=1 runtime: 476420us
Json: iterations=1 runtime: 497884us
Json: iterations=1 runtime: 477670us
Json: iterations=1 runtime: 516859us
Json: iterations=1 runtime: 467122us
Json: iterations=1 runtime: 470261us
Json: iterations=10 average: 486355us total: 4863554us


Total Runtime: 4863554us
  Time (mean ± σ):      5.281 s ±  0.415 s    [User: 5.221 s, System: 0.033 s]
  Range (min … max):    4.741 s …  5.945 s    10 runs
 
