Benchmark 1: C:\Users\test\Documents\research\research\artifacts\installed2\python\python.exe C:\Users\test\Documents\research\research\system\are-we-fast-yet\benchmarks\Python\harness.py Json 10 15
Starting Json benchmark ...
Json: iterations=1 runtime: 572480us
Json: iterations=1 runtime: 503237us
Json: iterations=1 runtime: 525730us
Json: iterations=1 runtime: 568823us
Json: iterations=1 runtime: 548240us
Json: iterations=1 runtime: 544691us
Json: iterations=1 runtime: 513766us
Json: iterations=1 runtime: 485533us
Json: iterations=1 runtime: 451800us
Json: iterations=1 runtime: 481151us
Json: iterations=10 average: 519545us total: 5195451us


Total Runtime: 5195451us
Starting Json benchmark ...
Json: iterations=1 runtime: 480692us
Json: iterations=1 runtime: 442263us
Json: iterations=1 runtime: 437414us
Json: iterations=1 runtime: 451349us
Json: iterations=1 runtime: 485108us
Json: iterations=1 runtime: 542511us
Json: iterations=1 runtime: 513399us
Json: iterations=1 runtime: 443016us
Json: iterations=1 runtime: 450085us
Json: iterations=1 runtime: 418547us
Json: iterations=10 average: 466438us total: 4664384us


Total Runtime: 4664384us
Starting Json benchmark ...
Json: iterations=1 runtime: 439316us
Json: iterations=1 runtime: 435396us
Json: iterations=1 runtime: 500203us
Json: iterations=1 runtime: 574090us
Json: iterations=1 runtime: 501864us
Json: iterations=1 runtime: 435476us
Json: iterations=1 runtime: 484111us
Json: iterations=1 runtime: 527695us
Json: iterations=1 runtime: 489866us
Json: iterations=1 runtime: 508873us
Json: iterations=10 average: 489689us total: 4896890us


Total Runtime: 4896890us
Starting Json benchmark ...
Json: iterations=1 runtime: 515771us
Json: iterations=1 runtime: 484188us
Json: iterations=1 runtime: 499268us
Json: iterations=1 runtime: 460609us
Json: iterations=1 runtime: 486970us
Json: iterations=1 runtime: 461384us
Json: iterations=1 runtime: 525306us
Json: iterations=1 runtime: 474189us
Json: iterations=1 runtime: 424041us
Json: iterations=1 runtime: 599777us
Json: iterations=10 average: 493150us total: 4931503us


Total Runtime: 4931503us
Starting Json benchmark ...
Json: iterations=1 runtime: 457868us
Json: iterations=1 runtime: 430546us
Json: iterations=1 runtime: 508846us
Json: iterations=1 runtime: 555646us
Json: iterations=1 runtime: 491977us
Json: iterations=1 runtime: 478490us
Json: iterations=1 runtime: 460892us
Json: iterations=1 runtime: 487283us
Json: iterations=1 runtime: 501647us
Json: iterations=1 runtime: 495802us
Json: iterations=10 average: 486900us total: 4868997us


Total Runtime: 4868997us
Starting Json benchmark ...
Json: iterations=1 runtime: 487611us
Json: iterations=1 runtime: 518238us
Json: iterations=1 runtime: 496305us
Json: iterations=1 runtime: 489380us
Json: iterations=1 runtime: 494224us
Json: iterations=1 runtime: 498616us
Json: iterations=1 runtime: 505670us
Json: iterations=1 runtime: 501541us
Json: iterations=1 runtime: 508987us
Json: iterations=1 runtime: 513810us
Json: iterations=10 average: 501438us total: 5014382us


Total Runtime: 5014382us
Starting Json benchmark ...
Json: iterations=1 runtime: 648956us
Json: iterations=1 runtime: 530858us
Json: iterations=1 runtime: 506566us
Json: iterations=1 runtime: 578880us
Json: iterations=1 runtime: 552457us
Json: iterations=1 runtime: 527527us
Json: iterations=1 runtime: 527759us
Json: iterations=1 runtime: 561399us
Json: iterations=1 runtime: 530723us
Json: iterations=1 runtime: 538521us
Json: iterations=10 average: 550365us total: 5503646us


Total Runtime: 5503646us
Starting Json benchmark ...
Json: iterations=1 runtime: 563224us
Json: iterations=1 runtime: 538609us
Json: iterations=1 runtime: 630663us
Json: iterations=1 runtime: 669509us
Json: iterations=1 runtime: 659869us
Json: iterations=1 runtime: 548404us
Json: iterations=1 runtime: 572934us
Json: iterations=1 runtime: 562296us
Json: iterations=1 runtime: 524498us
Json: iterations=1 runtime: 533641us
Json: iterations=10 average: 580365us total: 5803647us


Total Runtime: 5803647us
Starting Json benchmark ...
Json: iterations=1 runtime: 467274us
Json: iterations=1 runtime: 544011us
Json: iterations=1 runtime: 498426us
Json: iterations=1 runtime: 579400us
Json: iterations=1 runtime: 501340us
Json: iterations=1 runtime: 509006us
Json: iterations=1 runtime: 547428us
Json: iterations=1 runtime: 555223us
Json: iterations=1 runtime: 513256us
Json: iterations=1 runtime: 634256us
Json: iterations=10 average: 534962us total: 5349620us


Total Runtime: 5349620us
Starting Json benchmark ...
Json: iterations=1 runtime: 486899us
Json: iterations=1 runtime: 487611us
Json: iterations=1 runtime: 603540us
Json: iterations=1 runtime: 566538us
Json: iterations=1 runtime: 497253us
Json: iterations=1 runtime: 586718us
Json: iterations=1 runtime: 597327us
Json: iterations=1 runtime: 552645us
Json: iterations=1 runtime: 530745us
Json: iterations=1 runtime: 495122us
Json: iterations=10 average: 540440us total: 5404398us


Total Runtime: 5404398us
Starting Json benchmark ...
Json: iterations=1 runtime: 526859us
Json: iterations=1 runtime: 588646us
Json: iterations=1 runtime: 575762us
Json: iterations=1 runtime: 682467us
Json: iterations=1 runtime: 570062us
Json: iterations=1 runtime: 594146us
Json: iterations=1 runtime: 503029us
Json: iterations=1 runtime: 484742us
Json: iterations=1 runtime: 459149us
Json: iterations=1 runtime: 461088us
Json: iterations=10 average: 544595us total: 5445950us


Total Runtime: 5445950us
Starting Json benchmark ...
Json: iterations=1 runtime: 483729us
Json: iterations=1 runtime: 474540us
Json: iterations=1 runtime: 481300us
Json: iterations=1 runtime: 456348us
Json: iterations=1 runtime: 453828us
Json: iterations=1 runtime: 496906us
Json: iterations=1 runtime: 507885us
Json: iterations=1 runtime: 456068us
Json: iterations=1 runtime: 487082us
Json: iterations=1 runtime: 479827us
Json: iterations=10 average: 477751us total: 4777513us


Total Runtime: 4777513us
Starting Json benchmark ...
Json: iterations=1 runtime: 493740us
Json: iterations=1 runtime: 468831us
Json: iterations=1 runtime: 498461us
Json: iterations=1 runtime: 496055us
Json: iterations=1 runtime: 542621us
Json: iterations=1 runtime: 545151us
Json: iterations=1 runtime: 477706us
Json: iterations=1 runtime: 441080us
Json: iterations=1 runtime: 432573us
Json: iterations=1 runtime: 446216us
Json: iterations=10 average: 484243us total: 4842434us


Total Runtime: 4842434us
  Time (mean ± σ):      5.244 s ±  0.353 s    [User: 5.176 s, System: 0.031 s]
  Range (min … max):    4.823 s …  5.858 s    10 runs
 
