Benchmark 1: C:\Users\test\Documents\research\research\artifacts\installed2\python\python.exe C:\Users\test\Documents\research\research\system\are-we-fast-yet\benchmarks\Python\harness.py Json 10 15
Starting Json benchmark ...
Json: iterations=1 runtime: 391744us
Json: iterations=1 runtime: 366356us
Json: iterations=1 runtime: 361799us
Json: iterations=1 runtime: 348330us
Json: iterations=1 runtime: 357922us
Json: iterations=1 runtime: 384300us
Json: iterations=1 runtime: 401396us
Json: iterations=1 runtime: 430845us
Json: iterations=1 runtime: 392094us
Json: iterations=1 runtime: 390307us
Json: iterations=10 average: 382509us total: 3825093us


Total Runtime: 3825093us
Starting Json benchmark ...
Json: iterations=1 runtime: 340849us
Json: iterations=1 runtime: 360634us
Json: iterations=1 runtime: 353061us
Json: iterations=1 runtime: 409520us
Json: iterations=1 runtime: 366787us
Json: iterations=1 runtime: 356401us
Json: iterations=1 runtime: 357223us
Json: iterations=1 runtime: 352844us
Json: iterations=1 runtime: 353254us
Json: iterations=1 runtime: 395075us
Json: iterations=10 average: 364565us total: 3645648us


Total Runtime: 3645648us
Starting Json benchmark ...
Json: iterations=1 runtime: 381859us
Json: iterations=1 runtime: 419066us
Json: iterations=1 runtime: 365022us
Json: iterations=1 runtime: 459546us
Json: iterations=1 runtime: 379572us
Json: iterations=1 runtime: 395108us
Json: iterations=1 runtime: 370042us
Json: iterations=1 runtime: 360396us
Json: iterations=1 runtime: 352077us
Json: iterations=1 runtime: 352121us
Json: iterations=10 average: 383481us total: 3834809us


Total Runtime: 3834809us
Starting Json benchmark ...
Json: iterations=1 runtime: 325847us
Json: iterations=1 runtime: 396984us
Json: iterations=1 runtime: 417376us
Json: iterations=1 runtime: 426948us
Json: iterations=1 runtime: 427982us
Json: iterations=1 runtime: 349620us
Json: iterations=1 runtime: 361875us
Json: iterations=1 runtime: 346341us
Json: iterations=1 runtime: 351178us
Json: iterations=1 runtime: 371914us
Json: iterations=10 average: 377606us total: 3776065us


Total Runtime: 3776065us
Starting Json benchmark ...
Json: iterations=1 runtime: 329196us
Json: iterations=1 runtime: 349022us
Json: iterations=1 runtime: 350569us
Json: iterations=1 runtime: 332300us
Json: iterations=1 runtime: 352510us
Json: iterations=1 runtime: 368420us
Json: iterations=1 runtime: 370019us
Json: iterations=1 runtime: 393228us
Json: iterations=1 runtime: 335587us
Json: iterations=1 runtime: 373979us
Json: iterations=10 average: 355483us total: 3554830us


Total Runtime: 3554830us
Starting Json benchmark ...
Json: iterations=1 runtime: 365855us
Json: iterations=1 runtime: 401511us
Json: iterations=1 runtime: 434937us
Json: iterations=1 runtime: 450816us
Json: iterations=1 runtime: 443494us
Json: iterations=1 runtime: 515861us
Json: iterations=1 runtime: 369010us
Json: iterations=1 runtime: 377734us
Json: iterations=1 runtime: 383814us
Json: iterations=1 runtime: 339064us
Json: iterations=10 average: 408210us total: 4082096us


Total Runtime: 4082096us
Starting Json benchmark ...
Json: iterations=1 runtime: 364112us
Json: iterations=1 runtime: 369463us
Json: iterations=1 runtime: 370934us
Json: iterations=1 runtime: 378950us
Json: iterations=1 runtime: 401305us
Json: iterations=1 runtime: 443985us
Json: iterations=1 runtime: 531359us
Json: iterations=1 runtime: 459188us
Json: iterations=1 runtime: 433935us
Json: iterations=1 runtime: 400426us
Json: iterations=10 average: 415366us total: 4153657us


Total Runtime: 4153657us
Starting Json benchmark ...
Json: iterations=1 runtime: 410419us
Json: iterations=1 runtime: 389457us
Json: iterations=1 runtime: 379194us
Json: iterations=1 runtime: 400570us
Json: iterations=1 runtime: 416154us
Json: iterations=1 runtime: 402605us
Json: iterations=1 runtime: 389334us
Json: iterations=1 runtime: 410814us
Json: iterations=1 runtime: 381532us
Json: iterations=1 runtime: 362686us
Json: iterations=10 average: 394276us total: 3942765us


Total Runtime: 3942765us
Starting Json benchmark ...
Json: iterations=1 runtime: 381496us
Json: iterations=1 runtime: 375443us
Json: iterations=1 runtime: 380195us
Json: iterations=1 runtime: 406220us
Json: iterations=1 runtime: 408255us
Json: iterations=1 runtime: 378094us
Json: iterations=1 runtime: 383281us
Json: iterations=1 runtime: 382404us
Json: iterations=1 runtime: 375316us
Json: iterations=1 runtime: 379289us
Json: iterations=10 average: 384999us total: 3849993us


Total Runtime: 3849993us
Starting Json benchmark ...
Json: iterations=1 runtime: 399518us
Json: iterations=1 runtime: 401836us
Json: iterations=1 runtime: 397710us
Json: iterations=1 runtime: 401797us
Json: iterations=1 runtime: 407503us
Json: iterations=1 runtime: 409458us
Json: iterations=1 runtime: 418905us
Json: iterations=1 runtime: 415118us
Json: iterations=1 runtime: 425450us
Json: iterations=1 runtime: 373944us
Json: iterations=10 average: 405124us total: 4051239us


Total Runtime: 4051239us
Starting Json benchmark ...
Json: iterations=1 runtime: 405751us
Json: iterations=1 runtime: 409685us
Json: iterations=1 runtime: 409532us
Json: iterations=1 runtime: 402155us
Json: iterations=1 runtime: 394808us
Json: iterations=1 runtime: 397872us
Json: iterations=1 runtime: 475087us
Json: iterations=1 runtime: 421894us
Json: iterations=1 runtime: 406037us
Json: iterations=1 runtime: 394302us
Json: iterations=10 average: 411712us total: 4117123us


Total Runtime: 4117123us
Starting Json benchmark ...
Json: iterations=1 runtime: 375369us
Json: iterations=1 runtime: 383832us
Json: iterations=1 runtime: 386067us
Json: iterations=1 runtime: 388846us
Json: iterations=1 runtime: 443142us
Json: iterations=1 runtime: 443103us
Json: iterations=1 runtime: 402027us
Json: iterations=1 runtime: 424612us
Json: iterations=1 runtime: 381486us
Json: iterations=1 runtime: 399795us
Json: iterations=10 average: 402828us total: 4028279us


Total Runtime: 4028279us
Starting Json benchmark ...
Json: iterations=1 runtime: 389774us
Json: iterations=1 runtime: 447931us
Json: iterations=1 runtime: 440555us
Json: iterations=1 runtime: 438042us
Json: iterations=1 runtime: 399037us
Json: iterations=1 runtime: 402185us
Json: iterations=1 runtime: 402872us
Json: iterations=1 runtime: 414278us
Json: iterations=1 runtime: 418404us
Json: iterations=1 runtime: 408001us
Json: iterations=10 average: 416108us total: 4161079us


Total Runtime: 4161079us
  Time (mean ± σ):      4.016 s ±  0.196 s    [User: 3.987 s, System: 0.020 s]
  Range (min … max):    3.596 s …  4.207 s    10 runs
 
