Benchmark 1: C:\Users\test\Documents\research\research\artifacts\installed\python\python.exe C:\Users\test\Documents\research\research\artifacts\system\are-we-fast-yet\benchmarks\Python\harness.py Json 10 15
Starting Json benchmark ...
Json: iterations=1 runtime: 375107us
Json: iterations=1 runtime: 383509us
Json: iterations=1 runtime: 334825us
Json: iterations=1 runtime: 344161us
Json: iterations=1 runtime: 339980us
Json: iterations=1 runtime: 347552us
Json: iterations=1 runtime: 388203us
Json: iterations=1 runtime: 371202us
Json: iterations=1 runtime: 359378us
Json: iterations=1 runtime: 343638us
Json: iterations=10 average: 358756us total: 3587555us


Total Runtime: 3587555us
Starting Json benchmark ...
Json: iterations=1 runtime: 340646us
Json: iterations=1 runtime: 335929us
Json: iterations=1 runtime: 346192us
Json: iterations=1 runtime: 334862us
Json: iterations=1 runtime: 335307us
Json: iterations=1 runtime: 344833us
Json: iterations=1 runtime: 343999us
Json: iterations=1 runtime: 331186us
Json: iterations=1 runtime: 338288us
Json: iterations=1 runtime: 324130us
Json: iterations=10 average: 337537us total: 3375372us


Total Runtime: 3375372us
Starting Json benchmark ...
Json: iterations=1 runtime: 341441us
Json: iterations=1 runtime: 332051us
Json: iterations=1 runtime: 332480us
Json: iterations=1 runtime: 338165us
Json: iterations=1 runtime: 340145us
Json: iterations=1 runtime: 348136us
Json: iterations=1 runtime: 332892us
Json: iterations=1 runtime: 347955us
Json: iterations=1 runtime: 341375us
Json: iterations=1 runtime: 340747us
Json: iterations=10 average: 339539us total: 3395387us


Total Runtime: 3395387us
Starting Json benchmark ...
Json: iterations=1 runtime: 335403us
Json: iterations=1 runtime: 352277us
Json: iterations=1 runtime: 356154us
Json: iterations=1 runtime: 350630us
Json: iterations=1 runtime: 352354us
Json: iterations=1 runtime: 356186us
Json: iterations=1 runtime: 360076us
Json: iterations=1 runtime: 361109us
Json: iterations=1 runtime: 356556us
Json: iterations=1 runtime: 345849us
Json: iterations=10 average: 352659us total: 3526594us


Total Runtime: 3526594us
Starting Json benchmark ...
Json: iterations=1 runtime: 358922us
Json: iterations=1 runtime: 353262us
Json: iterations=1 runtime: 341892us
Json: iterations=1 runtime: 340795us
Json: iterations=1 runtime: 389230us
Json: iterations=1 runtime: 348334us
Json: iterations=1 runtime: 358244us
Json: iterations=1 runtime: 351624us
Json: iterations=1 runtime: 343792us
Json: iterations=1 runtime: 344064us
Json: iterations=10 average: 353016us total: 3530159us


Total Runtime: 3530159us
Starting Json benchmark ...
Json: iterations=1 runtime: 346892us
Json: iterations=1 runtime: 340267us
Json: iterations=1 runtime: 333502us
Json: iterations=1 runtime: 338648us
Json: iterations=1 runtime: 334257us
Json: iterations=1 runtime: 335205us
Json: iterations=1 runtime: 336050us
Json: iterations=1 runtime: 341771us
Json: iterations=1 runtime: 328731us
Json: iterations=1 runtime: 330154us
Json: iterations=10 average: 336548us total: 3365477us


Total Runtime: 3365477us
Starting Json benchmark ...
Json: iterations=1 runtime: 327128us
Json: iterations=1 runtime: 326866us
Json: iterations=1 runtime: 331707us
Json: iterations=1 runtime: 335727us
Json: iterations=1 runtime: 331141us
Json: iterations=1 runtime: 332841us
Json: iterations=1 runtime: 348517us
Json: iterations=1 runtime: 342263us
Json: iterations=1 runtime: 345385us
Json: iterations=1 runtime: 336386us
Json: iterations=10 average: 335796us total: 3357961us


Total Runtime: 3357961us
Starting Json benchmark ...
Json: iterations=1 runtime: 336243us
Json: iterations=1 runtime: 349968us
Json: iterations=1 runtime: 336329us
Json: iterations=1 runtime: 345443us
Json: iterations=1 runtime: 340677us
Json: iterations=1 runtime: 342278us
Json: iterations=1 runtime: 340165us
Json: iterations=1 runtime: 341762us
Json: iterations=1 runtime: 347214us
Json: iterations=1 runtime: 335791us
Json: iterations=10 average: 341587us total: 3415870us


Total Runtime: 3415870us
Starting Json benchmark ...
Json: iterations=1 runtime: 327391us
Json: iterations=1 runtime: 325025us
Json: iterations=1 runtime: 345873us
Json: iterations=1 runtime: 333621us
Json: iterations=1 runtime: 328618us
Json: iterations=1 runtime: 336263us
Json: iterations=1 runtime: 334313us
Json: iterations=1 runtime: 343688us
Json: iterations=1 runtime: 348754us
Json: iterations=1 runtime: 336889us
Json: iterations=10 average: 336044us total: 3360435us


Total Runtime: 3360435us
Starting Json benchmark ...
Json: iterations=1 runtime: 345048us
Json: iterations=1 runtime: 351599us
Json: iterations=1 runtime: 331401us
Json: iterations=1 runtime: 331498us
Json: iterations=1 runtime: 333557us
Json: iterations=1 runtime: 343128us
Json: iterations=1 runtime: 345299us
Json: iterations=1 runtime: 347359us
Json: iterations=1 runtime: 355412us
Json: iterations=1 runtime: 340579us
Json: iterations=10 average: 342488us total: 3424880us


Total Runtime: 3424880us
Starting Json benchmark ...
Json: iterations=1 runtime: 339059us
Json: iterations=1 runtime: 337303us
Json: iterations=1 runtime: 329161us
Json: iterations=1 runtime: 324977us
Json: iterations=1 runtime: 340289us
Json: iterations=1 runtime: 328783us
Json: iterations=1 runtime: 335898us
Json: iterations=1 runtime: 337750us
Json: iterations=1 runtime: 331338us
Json: iterations=1 runtime: 328869us
Json: iterations=10 average: 333343us total: 3333427us


Total Runtime: 3333427us
Starting Json benchmark ...
Json: iterations=1 runtime: 330729us
Json: iterations=1 runtime: 333970us
Json: iterations=1 runtime: 340112us
Json: iterations=1 runtime: 358970us
Json: iterations=1 runtime: 412378us
Json: iterations=1 runtime: 376978us
Json: iterations=1 runtime: 326214us
Json: iterations=1 runtime: 326970us
Json: iterations=1 runtime: 336590us
Json: iterations=1 runtime: 327985us
Json: iterations=10 average: 347090us total: 3470896us


Total Runtime: 3470896us
Starting Json benchmark ...
Json: iterations=1 runtime: 334603us
Json: iterations=1 runtime: 345049us
Json: iterations=1 runtime: 336774us
Json: iterations=1 runtime: 336020us
Json: iterations=1 runtime: 336388us
Json: iterations=1 runtime: 338213us
Json: iterations=1 runtime: 347937us
Json: iterations=1 runtime: 344733us
Json: iterations=1 runtime: 342553us
Json: iterations=1 runtime: 333896us
Json: iterations=10 average: 339617us total: 3396166us


Total Runtime: 3396166us
Starting Json benchmark ...
Json: iterations=1 runtime: 351784us
Json: iterations=1 runtime: 358169us
Json: iterations=1 runtime: 379340us
Json: iterations=1 runtime: 335016us
Json: iterations=1 runtime: 419943us
Json: iterations=1 runtime: 338986us
Json: iterations=1 runtime: 335337us
Json: iterations=1 runtime: 335981us
Json: iterations=1 runtime: 330004us
Json: iterations=1 runtime: 334889us
Json: iterations=10 average: 351945us total: 3519449us


Total Runtime: 3519449us
Starting Json benchmark ...
Json: iterations=1 runtime: 330177us
Json: iterations=1 runtime: 325928us
Json: iterations=1 runtime: 335382us
Json: iterations=1 runtime: 334372us
Json: iterations=1 runtime: 329927us
Json: iterations=1 runtime: 331722us
Json: iterations=1 runtime: 330852us
Json: iterations=1 runtime: 336143us
Json: iterations=1 runtime: 332868us
Json: iterations=1 runtime: 326020us
Json: iterations=10 average: 331339us total: 3313391us


Total Runtime: 3313391us
Starting Json benchmark ...
Json: iterations=1 runtime: 336520us
Json: iterations=1 runtime: 329536us
Json: iterations=1 runtime: 330716us
Json: iterations=1 runtime: 333572us
Json: iterations=1 runtime: 332399us
Json: iterations=1 runtime: 336172us
Json: iterations=1 runtime: 339551us
Json: iterations=1 runtime: 340885us
Json: iterations=1 runtime: 326620us
Json: iterations=1 runtime: 327858us
Json: iterations=10 average: 333383us total: 3333829us


Total Runtime: 3333829us
Starting Json benchmark ...
Json: iterations=1 runtime: 350877us
Json: iterations=1 runtime: 338841us
Json: iterations=1 runtime: 335086us
Json: iterations=1 runtime: 338620us
Json: iterations=1 runtime: 333301us
Json: iterations=1 runtime: 333163us
Json: iterations=1 runtime: 330524us
Json: iterations=1 runtime: 343896us
Json: iterations=1 runtime: 327491us
Json: iterations=1 runtime: 335874us
Json: iterations=10 average: 336767us total: 3367673us


Total Runtime: 3367673us
Starting Json benchmark ...
Json: iterations=1 runtime: 331910us
Json: iterations=1 runtime: 328780us
Json: iterations=1 runtime: 335965us
Json: iterations=1 runtime: 333944us
Json: iterations=1 runtime: 352467us
Json: iterations=1 runtime: 374340us
Json: iterations=1 runtime: 341909us
Json: iterations=1 runtime: 332263us
Json: iterations=1 runtime: 335057us
Json: iterations=1 runtime: 333409us
Json: iterations=10 average: 340004us total: 3400044us


Total Runtime: 3400044us
Starting Json benchmark ...
Json: iterations=1 runtime: 345048us
Json: iterations=1 runtime: 353679us
Json: iterations=1 runtime: 355198us
Json: iterations=1 runtime: 352330us
Json: iterations=1 runtime: 346203us
Json: iterations=1 runtime: 358595us
Json: iterations=1 runtime: 348376us
Json: iterations=1 runtime: 347818us
Json: iterations=1 runtime: 358194us
Json: iterations=1 runtime: 343043us
Json: iterations=10 average: 350848us total: 3508484us


Total Runtime: 3508484us
Starting Json benchmark ...
Json: iterations=1 runtime: 333005us
Json: iterations=1 runtime: 323335us
Json: iterations=1 runtime: 332712us
Json: iterations=1 runtime: 325649us
Json: iterations=1 runtime: 333678us
Json: iterations=1 runtime: 330779us
Json: iterations=1 runtime: 337309us
Json: iterations=1 runtime: 328283us
Json: iterations=1 runtime: 336675us
Json: iterations=1 runtime: 340883us
Json: iterations=10 average: 332231us total: 3322308us


Total Runtime: 3322308us
  Time (mean ± σ):      3.434 s ±  0.065 s    [User: 3.407 s, System: 0.022 s]
  Range (min … max):    3.354 s …  3.560 s    15 runs
 
