Benchmark 1: C:\Users\test\Documents\research\research\artifacts\installed2\python\python.exe C:\Users\test\Documents\research\research\system\are-we-fast-yet\benchmarks\Python\harness.py DeltaBlue 10 15
Starting DeltaBlue benchmark ...
DeltaBlue: iterations=1 runtime: 2339us
DeltaBlue: iterations=1 runtime: 2179us
DeltaBlue: iterations=1 runtime: 2296us
DeltaBlue: iterations=1 runtime: 2180us
DeltaBlue: iterations=1 runtime: 2224us
DeltaBlue: iterations=1 runtime: 2163us
DeltaBlue: iterations=1 runtime: 2170us
DeltaBlue: iterations=1 runtime: 2246us
DeltaBlue: iterations=1 runtime: 2148us
DeltaBlue: iterations=1 runtime: 2337us
DeltaBlue: iterations=10 average: 2228us total: 22282us


Total Runtime: 22282us
Starting DeltaBlue benchmark ...
DeltaBlue: iterations=1 runtime: 2843us
DeltaBlue: iterations=1 runtime: 2225us
DeltaBlue: iterations=1 runtime: 2220us
DeltaBlue: iterations=1 runtime: 2264us
DeltaBlue: iterations=1 runtime: 2260us
DeltaBlue: iterations=1 runtime: 2271us
DeltaBlue: iterations=1 runtime: 2257us
DeltaBlue: iterations=1 runtime: 2268us
DeltaBlue: iterations=1 runtime: 2492us
DeltaBlue: iterations=1 runtime: 2302us
DeltaBlue: iterations=10 average: 2340us total: 23402us


Total Runtime: 23402us
Starting DeltaBlue benchmark ...
DeltaBlue: iterations=1 runtime: 2755us
DeltaBlue: iterations=1 runtime: 2194us
DeltaBlue: iterations=1 runtime: 2164us
DeltaBlue: iterations=1 runtime: 2231us
DeltaBlue: iterations=1 runtime: 2162us
DeltaBlue: iterations=1 runtime: 2290us
DeltaBlue: iterations=1 runtime: 2242us
DeltaBlue: iterations=1 runtime: 2228us
DeltaBlue: iterations=1 runtime: 2345us
DeltaBlue: iterations=1 runtime: 2248us
DeltaBlue: iterations=10 average: 2286us total: 22859us


Total Runtime: 22859us
Starting DeltaBlue benchmark ...
DeltaBlue: iterations=1 runtime: 2973us
DeltaBlue: iterations=1 runtime: 2489us
DeltaBlue: iterations=1 runtime: 2446us
DeltaBlue: iterations=1 runtime: 2359us
DeltaBlue: iterations=1 runtime: 2291us
DeltaBlue: iterations=1 runtime: 2364us
DeltaBlue: iterations=1 runtime: 2460us
DeltaBlue: iterations=1 runtime: 2787us
DeltaBlue: iterations=1 runtime: 4251us
DeltaBlue: iterations=1 runtime: 2689us
DeltaBlue: iterations=10 average: 2711us total: 27109us


Total Runtime: 27109us
Starting DeltaBlue benchmark ...
DeltaBlue: iterations=1 runtime: 2837us
DeltaBlue: iterations=1 runtime: 2173us
DeltaBlue: iterations=1 runtime: 2154us
DeltaBlue: iterations=1 runtime: 2203us
DeltaBlue: iterations=1 runtime: 2154us
DeltaBlue: iterations=1 runtime: 2248us
DeltaBlue: iterations=1 runtime: 2238us
DeltaBlue: iterations=1 runtime: 2239us
DeltaBlue: iterations=1 runtime: 2331us
DeltaBlue: iterations=1 runtime: 2275us
DeltaBlue: iterations=10 average: 2285us total: 22852us


Total Runtime: 22852us
Starting DeltaBlue benchmark ...
DeltaBlue: iterations=1 runtime: 2731us
DeltaBlue: iterations=1 runtime: 2149us
DeltaBlue: iterations=1 runtime: 2140us
DeltaBlue: iterations=1 runtime: 2190us
DeltaBlue: iterations=1 runtime: 2131us
DeltaBlue: iterations=1 runtime: 2203us
DeltaBlue: iterations=1 runtime: 2207us
DeltaBlue: iterations=1 runtime: 2146us
DeltaBlue: iterations=1 runtime: 2241us
DeltaBlue: iterations=1 runtime: 2199us
DeltaBlue: iterations=10 average: 2234us total: 22337us


Total Runtime: 22337us
Starting DeltaBlue benchmark ...
DeltaBlue: iterations=1 runtime: 3692us
DeltaBlue: iterations=1 runtime: 4558us
DeltaBlue: iterations=1 runtime: 2633us
DeltaBlue: iterations=1 runtime: 2680us
DeltaBlue: iterations=1 runtime: 2492us
DeltaBlue: iterations=1 runtime: 2826us
DeltaBlue: iterations=1 runtime: 3490us
DeltaBlue: iterations=1 runtime: 3551us
DeltaBlue: iterations=1 runtime: 2267us
DeltaBlue: iterations=1 runtime: 2141us
DeltaBlue: iterations=10 average: 3033us total: 30330us


Total Runtime: 30330us
Starting DeltaBlue benchmark ...
DeltaBlue: iterations=1 runtime: 2806us
DeltaBlue: iterations=1 runtime: 2193us
DeltaBlue: iterations=1 runtime: 2185us
DeltaBlue: iterations=1 runtime: 2223us
DeltaBlue: iterations=1 runtime: 2183us
DeltaBlue: iterations=1 runtime: 2228us
DeltaBlue: iterations=1 runtime: 2594us
DeltaBlue: iterations=1 runtime: 4961us
DeltaBlue: iterations=1 runtime: 5206us
DeltaBlue: iterations=1 runtime: 3725us
DeltaBlue: iterations=10 average: 3030us total: 30304us


Total Runtime: 30304us
Starting DeltaBlue benchmark ...
DeltaBlue: iterations=1 runtime: 2715us
DeltaBlue: iterations=1 runtime: 2161us
DeltaBlue: iterations=1 runtime: 2225us
DeltaBlue: iterations=1 runtime: 2221us
DeltaBlue: iterations=1 runtime: 2145us
DeltaBlue: iterations=1 runtime: 2201us
DeltaBlue: iterations=1 runtime: 2194us
DeltaBlue: iterations=1 runtime: 2203us
DeltaBlue: iterations=1 runtime: 2272us
DeltaBlue: iterations=1 runtime: 2229us
DeltaBlue: iterations=10 average: 2257us total: 22566us


Total Runtime: 22566us
Starting DeltaBlue benchmark ...
DeltaBlue: iterations=1 runtime: 2731us
DeltaBlue: iterations=1 runtime: 2181us
DeltaBlue: iterations=1 runtime: 2168us
DeltaBlue: iterations=1 runtime: 2227us
DeltaBlue: iterations=1 runtime: 2144us
DeltaBlue: iterations=1 runtime: 3410us
DeltaBlue: iterations=1 runtime: 3488us
DeltaBlue: iterations=1 runtime: 3497us
DeltaBlue: iterations=1 runtime: 2325us
DeltaBlue: iterations=1 runtime: 2150us
DeltaBlue: iterations=10 average: 2632us total: 26321us


Total Runtime: 26321us
Starting DeltaBlue benchmark ...
DeltaBlue: iterations=1 runtime: 2713us
DeltaBlue: iterations=1 runtime: 2167us
DeltaBlue: iterations=1 runtime: 3121us
DeltaBlue: iterations=1 runtime: 3533us
DeltaBlue: iterations=1 runtime: 3469us
DeltaBlue: iterations=1 runtime: 3534us
DeltaBlue: iterations=1 runtime: 3126us
DeltaBlue: iterations=1 runtime: 2135us
DeltaBlue: iterations=1 runtime: 2216us
DeltaBlue: iterations=1 runtime: 2187us
DeltaBlue: iterations=10 average: 2820us total: 28201us


Total Runtime: 28201us
Starting DeltaBlue benchmark ...
DeltaBlue: iterations=1 runtime: 2696us
DeltaBlue: iterations=1 runtime: 2153us
DeltaBlue: iterations=1 runtime: 2173us
DeltaBlue: iterations=1 runtime: 2204us
DeltaBlue: iterations=1 runtime: 2125us
DeltaBlue: iterations=1 runtime: 2200us
DeltaBlue: iterations=1 runtime: 2137us
DeltaBlue: iterations=1 runtime: 2178us
DeltaBlue: iterations=1 runtime: 2288us
DeltaBlue: iterations=1 runtime: 2224us
DeltaBlue: iterations=10 average: 2238us total: 22378us


Total Runtime: 22378us
Starting DeltaBlue benchmark ...
DeltaBlue: iterations=1 runtime: 2747us
DeltaBlue: iterations=1 runtime: 2185us
DeltaBlue: iterations=1 runtime: 2171us
DeltaBlue: iterations=1 runtime: 2219us
DeltaBlue: iterations=1 runtime: 2158us
DeltaBlue: iterations=1 runtime: 2265us
DeltaBlue: iterations=1 runtime: 2228us
DeltaBlue: iterations=1 runtime: 2204us
DeltaBlue: iterations=1 runtime: 2264us
DeltaBlue: iterations=1 runtime: 2254us
DeltaBlue: iterations=10 average: 2270us total: 22695us


Total Runtime: 22695us
  Time (mean ± σ):      67.0 ms ±   4.3 ms    [User: 43.8 ms, System: 19.5 ms]
  Range (min … max):    61.4 ms …  75.0 ms    10 runs
 
