Benchmark 1: C:\Users\test\Documents\research\research\artifacts\installed\python\python.exe C:\Users\test\Documents\research\research\artifacts\system\are-we-fast-yet\benchmarks\Python\harness.py Sieve 10 15
Starting Sieve benchmark ...
Sieve: iterations=1 runtime: 17864us
Sieve: iterations=1 runtime: 17873us
Sieve: iterations=1 runtime: 19835us
Sieve: iterations=1 runtime: 19367us
Sieve: iterations=1 runtime: 18886us
Sieve: iterations=1 runtime: 19039us
Sieve: iterations=1 runtime: 19037us
Sieve: iterations=1 runtime: 17859us
Sieve: iterations=1 runtime: 27248us
Sieve: iterations=1 runtime: 17938us
Sieve: iterations=10 average: 19495us total: 194946us


Total Runtime: 194946us
Starting Sieve benchmark ...
Sieve: iterations=1 runtime: 17829us
Sieve: iterations=1 runtime: 18470us
Sieve: iterations=1 runtime: 17873us
Sieve: iterations=1 runtime: 18315us
Sieve: iterations=1 runtime: 18093us
Sieve: iterations=1 runtime: 17913us
Sieve: iterations=1 runtime: 17888us
Sieve: iterations=1 runtime: 27196us
Sieve: iterations=1 runtime: 18316us
Sieve: iterations=1 runtime: 18290us
Sieve: iterations=10 average: 19018us total: 190183us


Total Runtime: 190183us
Starting Sieve benchmark ...
Sieve: iterations=1 runtime: 17854us
Sieve: iterations=1 runtime: 17845us
Sieve: iterations=1 runtime: 17823us
Sieve: iterations=1 runtime: 18009us
Sieve: iterations=1 runtime: 17960us
Sieve: iterations=1 runtime: 17882us
Sieve: iterations=1 runtime: 17881us
Sieve: iterations=1 runtime: 17886us
Sieve: iterations=1 runtime: 17892us
Sieve: iterations=1 runtime: 17995us
Sieve: iterations=10 average: 17903us total: 179027us


Total Runtime: 179027us
Starting Sieve benchmark ...
Sieve: iterations=1 runtime: 17929us
Sieve: iterations=1 runtime: 18044us
Sieve: iterations=1 runtime: 17908us
Sieve: iterations=1 runtime: 18002us
Sieve: iterations=1 runtime: 17889us
Sieve: iterations=1 runtime: 17949us
Sieve: iterations=1 runtime: 17880us
Sieve: iterations=1 runtime: 17850us
Sieve: iterations=1 runtime: 17818us
Sieve: iterations=1 runtime: 18060us
Sieve: iterations=10 average: 17933us total: 179329us


Total Runtime: 179329us
Starting Sieve benchmark ...
Sieve: iterations=1 runtime: 17923us
Sieve: iterations=1 runtime: 27250us
Sieve: iterations=1 runtime: 17890us
Sieve: iterations=1 runtime: 17999us
Sieve: iterations=1 runtime: 18611us
Sieve: iterations=1 runtime: 18191us
Sieve: iterations=1 runtime: 17880us
Sieve: iterations=1 runtime: 17907us
Sieve: iterations=1 runtime: 17841us
Sieve: iterations=1 runtime: 27217us
Sieve: iterations=10 average: 19871us total: 198709us


Total Runtime: 198709us
Starting Sieve benchmark ...
Sieve: iterations=1 runtime: 17849us
Sieve: iterations=1 runtime: 17880us
Sieve: iterations=1 runtime: 17881us
Sieve: iterations=1 runtime: 18047us
Sieve: iterations=1 runtime: 17881us
Sieve: iterations=1 runtime: 17907us
Sieve: iterations=1 runtime: 18327us
Sieve: iterations=1 runtime: 19278us
Sieve: iterations=1 runtime: 18225us
Sieve: iterations=1 runtime: 17923us
Sieve: iterations=10 average: 18120us total: 181198us


Total Runtime: 181198us
Starting Sieve benchmark ...
Sieve: iterations=1 runtime: 17892us
Sieve: iterations=1 runtime: 17905us
Sieve: iterations=1 runtime: 17887us
Sieve: iterations=1 runtime: 18120us
Sieve: iterations=1 runtime: 17884us
Sieve: iterations=1 runtime: 17894us
Sieve: iterations=1 runtime: 17882us
Sieve: iterations=1 runtime: 18162us
Sieve: iterations=1 runtime: 17839us
Sieve: iterations=1 runtime: 18074us
Sieve: iterations=10 average: 17954us total: 179539us


Total Runtime: 179539us
Starting Sieve benchmark ...
Sieve: iterations=1 runtime: 17821us
Sieve: iterations=1 runtime: 17827us
Sieve: iterations=1 runtime: 17802us
Sieve: iterations=1 runtime: 17818us
Sieve: iterations=1 runtime: 18330us
Sieve: iterations=1 runtime: 22902us
Sieve: iterations=1 runtime: 22083us
Sieve: iterations=1 runtime: 17892us
Sieve: iterations=1 runtime: 17874us
Sieve: iterations=1 runtime: 18064us
Sieve: iterations=10 average: 18841us total: 188413us


Total Runtime: 188413us
Starting Sieve benchmark ...
Sieve: iterations=1 runtime: 17933us
Sieve: iterations=1 runtime: 17874us
Sieve: iterations=1 runtime: 17827us
Sieve: iterations=1 runtime: 17940us
Sieve: iterations=1 runtime: 18010us
Sieve: iterations=1 runtime: 17891us
Sieve: iterations=1 runtime: 17875us
Sieve: iterations=1 runtime: 17880us
Sieve: iterations=1 runtime: 17866us
Sieve: iterations=1 runtime: 17872us
Sieve: iterations=10 average: 17897us total: 178968us


Total Runtime: 178968us
Starting Sieve benchmark ...
Sieve: iterations=1 runtime: 18032us
Sieve: iterations=1 runtime: 17993us
Sieve: iterations=1 runtime: 18543us
Sieve: iterations=1 runtime: 22556us
Sieve: iterations=1 runtime: 23178us
Sieve: iterations=1 runtime: 17939us
Sieve: iterations=1 runtime: 17935us
Sieve: iterations=1 runtime: 17917us
Sieve: iterations=1 runtime: 17935us
Sieve: iterations=1 runtime: 18080us
Sieve: iterations=10 average: 19011us total: 190108us


Total Runtime: 190108us
Starting Sieve benchmark ...
Sieve: iterations=1 runtime: 18501us
Sieve: iterations=1 runtime: 17881us
Sieve: iterations=1 runtime: 17894us
Sieve: iterations=1 runtime: 18236us
Sieve: iterations=1 runtime: 17885us
Sieve: iterations=1 runtime: 27854us
Sieve: iterations=1 runtime: 19286us
Sieve: iterations=1 runtime: 17829us
Sieve: iterations=1 runtime: 17851us
Sieve: iterations=1 runtime: 18093us
Sieve: iterations=10 average: 19131us total: 191310us


Total Runtime: 191310us
Starting Sieve benchmark ...
Sieve: iterations=1 runtime: 17861us
Sieve: iterations=1 runtime: 17904us
Sieve: iterations=1 runtime: 17838us
Sieve: iterations=1 runtime: 18136us
Sieve: iterations=1 runtime: 17852us
Sieve: iterations=1 runtime: 17994us
Sieve: iterations=1 runtime: 17844us
Sieve: iterations=1 runtime: 17850us
Sieve: iterations=1 runtime: 17861us
Sieve: iterations=1 runtime: 18012us
Sieve: iterations=10 average: 17915us total: 179152us


Total Runtime: 179152us
Starting Sieve benchmark ...
Sieve: iterations=1 runtime: 27509us
Sieve: iterations=1 runtime: 18215us
Sieve: iterations=1 runtime: 18169us
Sieve: iterations=1 runtime: 20031us
Sieve: iterations=1 runtime: 18120us
Sieve: iterations=1 runtime: 18131us
Sieve: iterations=1 runtime: 18332us
Sieve: iterations=1 runtime: 18186us
Sieve: iterations=1 runtime: 18126us
Sieve: iterations=1 runtime: 18136us
Sieve: iterations=10 average: 19296us total: 192955us


Total Runtime: 192955us
Starting Sieve benchmark ...
Sieve: iterations=1 runtime: 17826us
Sieve: iterations=1 runtime: 17819us
Sieve: iterations=1 runtime: 17822us
Sieve: iterations=1 runtime: 18063us
Sieve: iterations=1 runtime: 17850us
Sieve: iterations=1 runtime: 17821us
Sieve: iterations=1 runtime: 17814us
Sieve: iterations=1 runtime: 17820us
Sieve: iterations=1 runtime: 17802us
Sieve: iterations=1 runtime: 18072us
Sieve: iterations=10 average: 17871us total: 178709us


Total Runtime: 178709us
Starting Sieve benchmark ...
Sieve: iterations=1 runtime: 17910us
Sieve: iterations=1 runtime: 17883us
Sieve: iterations=1 runtime: 28490us
Sieve: iterations=1 runtime: 17885us
Sieve: iterations=1 runtime: 18063us
Sieve: iterations=1 runtime: 17820us
Sieve: iterations=1 runtime: 17809us
Sieve: iterations=1 runtime: 18175us
Sieve: iterations=1 runtime: 18045us
Sieve: iterations=1 runtime: 17822us
Sieve: iterations=10 average: 18990us total: 189902us


Total Runtime: 189902us
Starting Sieve benchmark ...
Sieve: iterations=1 runtime: 17847us
Sieve: iterations=1 runtime: 27161us
Sieve: iterations=1 runtime: 17894us
Sieve: iterations=1 runtime: 18070us
Sieve: iterations=1 runtime: 17934us
Sieve: iterations=1 runtime: 17839us
Sieve: iterations=1 runtime: 17824us
Sieve: iterations=1 runtime: 17866us
Sieve: iterations=1 runtime: 17826us
Sieve: iterations=1 runtime: 18058us
Sieve: iterations=10 average: 18832us total: 188319us


Total Runtime: 188319us
Starting Sieve benchmark ...
Sieve: iterations=1 runtime: 17816us
Sieve: iterations=1 runtime: 27159us
Sieve: iterations=1 runtime: 17867us
Sieve: iterations=1 runtime: 17995us
Sieve: iterations=1 runtime: 17889us
Sieve: iterations=1 runtime: 17875us
Sieve: iterations=1 runtime: 17836us
Sieve: iterations=1 runtime: 17810us
Sieve: iterations=1 runtime: 17804us
Sieve: iterations=1 runtime: 17964us
Sieve: iterations=10 average: 18802us total: 188015us


Total Runtime: 188015us
Starting Sieve benchmark ...
Sieve: iterations=1 runtime: 17971us
Sieve: iterations=1 runtime: 18457us
Sieve: iterations=1 runtime: 18714us
Sieve: iterations=1 runtime: 18340us
Sieve: iterations=1 runtime: 17922us
Sieve: iterations=1 runtime: 17810us
Sieve: iterations=1 runtime: 17828us
Sieve: iterations=1 runtime: 17812us
Sieve: iterations=1 runtime: 17828us
Sieve: iterations=1 runtime: 17932us
Sieve: iterations=10 average: 18061us total: 180614us


Total Runtime: 180614us
Starting Sieve benchmark ...
Sieve: iterations=1 runtime: 17837us
Sieve: iterations=1 runtime: 17811us
Sieve: iterations=1 runtime: 27316us
Sieve: iterations=1 runtime: 17816us
Sieve: iterations=1 runtime: 17809us
Sieve: iterations=1 runtime: 17831us
Sieve: iterations=1 runtime: 17813us
Sieve: iterations=1 runtime: 17817us
Sieve: iterations=1 runtime: 18143us
Sieve: iterations=1 runtime: 17814us
Sieve: iterations=10 average: 18801us total: 188007us


Total Runtime: 188007us
Starting Sieve benchmark ...
Sieve: iterations=1 runtime: 17855us
Sieve: iterations=1 runtime: 17795us
Sieve: iterations=1 runtime: 18732us
Sieve: iterations=1 runtime: 23843us
Sieve: iterations=1 runtime: 21874us
Sieve: iterations=1 runtime: 17929us
Sieve: iterations=1 runtime: 17872us
Sieve: iterations=1 runtime: 17830us
Sieve: iterations=1 runtime: 17920us
Sieve: iterations=1 runtime: 18628us
Sieve: iterations=10 average: 19028us total: 190278us


Total Runtime: 190278us
  Time (mean ± σ):     221.7 ms ±   5.4 ms    [User: 196.9 ms, System: 18.9 ms]
  Range (min … max):   214.5 ms … 229.1 ms    15 runs
 
