Benchmark 1: C:\Users\test\Documents\research\research\artifacts\installed2\python\python.exe C:\Users\test\Documents\research\research\system\are-we-fast-yet\benchmarks\Python\harness.py Json 10 15
Starting Json benchmark ...
Json: iterations=1 runtime: 413782us
Json: iterations=1 runtime: 375960us
Json: iterations=1 runtime: 459303us
Json: iterations=1 runtime: 359301us
Json: iterations=1 runtime: 361056us
Json: iterations=1 runtime: 350412us
Json: iterations=1 runtime: 349267us
Json: iterations=1 runtime: 377522us
Json: iterations=1 runtime: 359098us
Json: iterations=1 runtime: 337575us
Json: iterations=10 average: 374328us total: 3743276us


Total Runtime: 3743276us
Starting Json benchmark ...
Json: iterations=1 runtime: 345539us
Json: iterations=1 runtime: 351997us
Json: iterations=1 runtime: 369659us
Json: iterations=1 runtime: 369328us
Json: iterations=1 runtime: 348462us
Json: iterations=1 runtime: 335522us
Json: iterations=1 runtime: 357840us
Json: iterations=1 runtime: 408607us
Json: iterations=1 runtime: 425715us
Json: iterations=1 runtime: 386342us
Json: iterations=10 average: 369901us total: 3699011us


Total Runtime: 3699011us
Starting Json benchmark ...
Json: iterations=1 runtime: 351021us
Json: iterations=1 runtime: 379287us
Json: iterations=1 runtime: 388500us
Json: iterations=1 runtime: 348297us
Json: iterations=1 runtime: 344963us
Json: iterations=1 runtime: 362499us
Json: iterations=1 runtime: 357179us
Json: iterations=1 runtime: 346847us
Json: iterations=1 runtime: 346346us
Json: iterations=1 runtime: 333901us
Json: iterations=10 average: 355884us total: 3558840us


Total Runtime: 3558840us
Starting Json benchmark ...
Json: iterations=1 runtime: 345742us
Json: iterations=1 runtime: 361968us
Json: iterations=1 runtime: 342288us
Json: iterations=1 runtime: 348315us
Json: iterations=1 runtime: 352688us
Json: iterations=1 runtime: 345558us
Json: iterations=1 runtime: 343971us
Json: iterations=1 runtime: 331145us
Json: iterations=1 runtime: 323674us
Json: iterations=1 runtime: 325661us
Json: iterations=10 average: 342101us total: 3421010us


Total Runtime: 3421010us
Starting Json benchmark ...
Json: iterations=1 runtime: 324325us
Json: iterations=1 runtime: 329889us
Json: iterations=1 runtime: 325389us
Json: iterations=1 runtime: 325263us
Json: iterations=1 runtime: 333201us
Json: iterations=1 runtime: 358881us
Json: iterations=1 runtime: 320468us
Json: iterations=1 runtime: 364340us
Json: iterations=1 runtime: 349966us
Json: iterations=1 runtime: 343428us
Json: iterations=10 average: 337515us total: 3375150us


Total Runtime: 3375150us
Starting Json benchmark ...
Json: iterations=1 runtime: 344388us
Json: iterations=1 runtime: 352540us
Json: iterations=1 runtime: 319608us
Json: iterations=1 runtime: 334240us
Json: iterations=1 runtime: 354535us
Json: iterations=1 runtime: 329498us
Json: iterations=1 runtime: 336220us
Json: iterations=1 runtime: 322000us
Json: iterations=1 runtime: 316907us
Json: iterations=1 runtime: 315787us
Json: iterations=10 average: 332572us total: 3325723us


Total Runtime: 3325723us
Starting Json benchmark ...
Json: iterations=1 runtime: 339965us
Json: iterations=1 runtime: 351319us
Json: iterations=1 runtime: 342818us
Json: iterations=1 runtime: 340496us
Json: iterations=1 runtime: 348328us
Json: iterations=1 runtime: 347275us
Json: iterations=1 runtime: 348632us
Json: iterations=1 runtime: 358988us
Json: iterations=1 runtime: 353082us
Json: iterations=1 runtime: 354817us
Json: iterations=10 average: 348572us total: 3485720us


Total Runtime: 3485720us
Starting Json benchmark ...
Json: iterations=1 runtime: 369175us
Json: iterations=1 runtime: 372553us
Json: iterations=1 runtime: 359101us
Json: iterations=1 runtime: 365443us
Json: iterations=1 runtime: 523661us
Json: iterations=1 runtime: 396800us
Json: iterations=1 runtime: 389063us
Json: iterations=1 runtime: 385664us
Json: iterations=1 runtime: 375302us
Json: iterations=1 runtime: 353647us
Json: iterations=10 average: 389041us total: 3890409us


Total Runtime: 3890409us
Starting Json benchmark ...
Json: iterations=1 runtime: 395462us
Json: iterations=1 runtime: 358473us
Json: iterations=1 runtime: 375664us
Json: iterations=1 runtime: 366954us
Json: iterations=1 runtime: 403964us
Json: iterations=1 runtime: 382815us
Json: iterations=1 runtime: 363285us
Json: iterations=1 runtime: 375380us
Json: iterations=1 runtime: 358485us
Json: iterations=1 runtime: 474162us
Json: iterations=10 average: 385464us total: 3854644us


Total Runtime: 3854644us
Starting Json benchmark ...
Json: iterations=1 runtime: 483895us
Json: iterations=1 runtime: 408078us
Json: iterations=1 runtime: 411395us
Json: iterations=1 runtime: 422957us
Json: iterations=1 runtime: 544588us
Json: iterations=1 runtime: 432879us
Json: iterations=1 runtime: 378979us
Json: iterations=1 runtime: 404260us
Json: iterations=1 runtime: 456792us
Json: iterations=1 runtime: 397799us
Json: iterations=10 average: 434162us total: 4341622us


Total Runtime: 4341622us
Starting Json benchmark ...
Json: iterations=1 runtime: 396540us
Json: iterations=1 runtime: 347183us
Json: iterations=1 runtime: 370661us
Json: iterations=1 runtime: 347954us
Json: iterations=1 runtime: 376235us
Json: iterations=1 runtime: 396023us
Json: iterations=1 runtime: 375357us
Json: iterations=1 runtime: 365178us
Json: iterations=1 runtime: 369654us
Json: iterations=1 runtime: 366841us
Json: iterations=10 average: 371163us total: 3711626us


Total Runtime: 3711626us
Starting Json benchmark ...
Json: iterations=1 runtime: 375214us
Json: iterations=1 runtime: 379172us
Json: iterations=1 runtime: 413712us
Json: iterations=1 runtime: 469809us
Json: iterations=1 runtime: 377108us
Json: iterations=1 runtime: 384777us
Json: iterations=1 runtime: 380867us
Json: iterations=1 runtime: 383930us
Json: iterations=1 runtime: 368130us
Json: iterations=1 runtime: 369451us
Json: iterations=10 average: 390217us total: 3902170us


Total Runtime: 3902170us
Starting Json benchmark ...
Json: iterations=1 runtime: 359258us
Json: iterations=1 runtime: 349139us
Json: iterations=1 runtime: 345867us
Json: iterations=1 runtime: 353967us
Json: iterations=1 runtime: 372230us
Json: iterations=1 runtime: 388919us
Json: iterations=1 runtime: 386417us
Json: iterations=1 runtime: 396522us
Json: iterations=1 runtime: 390511us
Json: iterations=1 runtime: 402804us
Json: iterations=10 average: 374563us total: 3745634us


Total Runtime: 3745634us
  Time (mean ± σ):      3.749 s ±  0.316 s    [User: 3.713 s, System: 0.029 s]
  Range (min … max):    3.365 s …  4.386 s    10 runs
 
