Benchmark 1: C:\Users\test\Documents\research\research\artifacts\installed2\python\python.exe C:\Users\test\Documents\research\research\system\are-we-fast-yet\benchmarks\Python\harness.py Json 10 15
Starting Json benchmark ...
Json: iterations=1 runtime: 364149us
Json: iterations=1 runtime: 416193us
Json: iterations=1 runtime: 543309us
Json: iterations=1 runtime: 446268us
Json: iterations=1 runtime: 435281us
Json: iterations=1 runtime: 497034us
Json: iterations=1 runtime: 489740us
Json: iterations=1 runtime: 437725us
Json: iterations=1 runtime: 524225us
Json: iterations=1 runtime: 367202us
Json: iterations=10 average: 452113us total: 4521126us


Total Runtime: 4521126us
Starting Json benchmark ...
Json: iterations=1 runtime: 414503us
Json: iterations=1 runtime: 368701us
Json: iterations=1 runtime: 384926us
Json: iterations=1 runtime: 379387us
Json: iterations=1 runtime: 362041us
Json: iterations=1 runtime: 378105us
Json: iterations=1 runtime: 416686us
Json: iterations=1 runtime: 431608us
Json: iterations=1 runtime: 414614us
Json: iterations=1 runtime: 417366us
Json: iterations=10 average: 396794us total: 3967937us


Total Runtime: 3967937us
Starting Json benchmark ...
Json: iterations=1 runtime: 472814us
Json: iterations=1 runtime: 449346us
Json: iterations=1 runtime: 406629us
Json: iterations=1 runtime: 438258us
Json: iterations=1 runtime: 429940us
Json: iterations=1 runtime: 390282us
Json: iterations=1 runtime: 360305us
Json: iterations=1 runtime: 377522us
Json: iterations=1 runtime: 349974us
Json: iterations=1 runtime: 375462us
Json: iterations=10 average: 405053us total: 4050532us


Total Runtime: 4050532us
Starting Json benchmark ...
Json: iterations=1 runtime: 377498us
Json: iterations=1 runtime: 371854us
Json: iterations=1 runtime: 376018us
Json: iterations=1 runtime: 383530us
Json: iterations=1 runtime: 397612us
Json: iterations=1 runtime: 422311us
Json: iterations=1 runtime: 438566us
Json: iterations=1 runtime: 437454us
Json: iterations=1 runtime: 435887us
Json: iterations=1 runtime: 407661us
Json: iterations=10 average: 404839us total: 4048391us


Total Runtime: 4048391us
Starting Json benchmark ...
Json: iterations=1 runtime: 454189us
Json: iterations=1 runtime: 464499us
Json: iterations=1 runtime: 393111us
Json: iterations=1 runtime: 380261us
Json: iterations=1 runtime: 366454us
Json: iterations=1 runtime: 361409us
Json: iterations=1 runtime: 386213us
Json: iterations=1 runtime: 390370us
Json: iterations=1 runtime: 385680us
Json: iterations=1 runtime: 376194us
Json: iterations=10 average: 395838us total: 3958380us


Total Runtime: 3958380us
Starting Json benchmark ...
Json: iterations=1 runtime: 332007us
Json: iterations=1 runtime: 370066us
Json: iterations=1 runtime: 366329us
Json: iterations=1 runtime: 393720us
Json: iterations=1 runtime: 376966us
Json: iterations=1 runtime: 384003us
Json: iterations=1 runtime: 412237us
Json: iterations=1 runtime: 417739us
Json: iterations=1 runtime: 410929us
Json: iterations=1 runtime: 410145us
Json: iterations=10 average: 387414us total: 3874141us


Total Runtime: 3874141us
Starting Json benchmark ...
Json: iterations=1 runtime: 452262us
Json: iterations=1 runtime: 462765us
Json: iterations=1 runtime: 397456us
Json: iterations=1 runtime: 387895us
Json: iterations=1 runtime: 380635us
Json: iterations=1 runtime: 374255us
Json: iterations=1 runtime: 394435us
Json: iterations=1 runtime: 413430us
Json: iterations=1 runtime: 452867us
Json: iterations=1 runtime: 416286us
Json: iterations=10 average: 413229us total: 4132286us


Total Runtime: 4132286us
Starting Json benchmark ...
Json: iterations=1 runtime: 414035us
Json: iterations=1 runtime: 405179us
Json: iterations=1 runtime: 411258us
Json: iterations=1 runtime: 402644us
Json: iterations=1 runtime: 438360us
Json: iterations=1 runtime: 458759us
Json: iterations=1 runtime: 486646us
Json: iterations=1 runtime: 453924us
Json: iterations=1 runtime: 514541us
Json: iterations=1 runtime: 494261us
Json: iterations=10 average: 447961us total: 4479607us


Total Runtime: 4479607us
Starting Json benchmark ...
Json: iterations=1 runtime: 404970us
Json: iterations=1 runtime: 393035us
Json: iterations=1 runtime: 404362us
Json: iterations=1 runtime: 432524us
Json: iterations=1 runtime: 415870us
Json: iterations=1 runtime: 409797us
Json: iterations=1 runtime: 372974us
Json: iterations=1 runtime: 440703us
Json: iterations=1 runtime: 436771us
Json: iterations=1 runtime: 502361us
Json: iterations=10 average: 421337us total: 4213367us


Total Runtime: 4213367us
Starting Json benchmark ...
Json: iterations=1 runtime: 436134us
Json: iterations=1 runtime: 469848us
Json: iterations=1 runtime: 449388us
Json: iterations=1 runtime: 405070us
Json: iterations=1 runtime: 525756us
Json: iterations=1 runtime: 523856us
Json: iterations=1 runtime: 438993us
Json: iterations=1 runtime: 452903us
Json: iterations=1 runtime: 419159us
Json: iterations=1 runtime: 418192us
Json: iterations=10 average: 453930us total: 4539299us


Total Runtime: 4539299us
Starting Json benchmark ...
Json: iterations=1 runtime: 440474us
Json: iterations=1 runtime: 470494us
Json: iterations=1 runtime: 517374us
Json: iterations=1 runtime: 475371us
Json: iterations=1 runtime: 477753us
Json: iterations=1 runtime: 401445us
Json: iterations=1 runtime: 412593us
Json: iterations=1 runtime: 412019us
Json: iterations=1 runtime: 403757us
Json: iterations=1 runtime: 460815us
Json: iterations=10 average: 447210us total: 4472095us


Total Runtime: 4472095us
Starting Json benchmark ...
Json: iterations=1 runtime: 424283us
Json: iterations=1 runtime: 386265us
Json: iterations=1 runtime: 446154us
Json: iterations=1 runtime: 419943us
Json: iterations=1 runtime: 423211us
Json: iterations=1 runtime: 374684us
Json: iterations=1 runtime: 382357us
Json: iterations=1 runtime: 389231us
Json: iterations=1 runtime: 380886us
Json: iterations=1 runtime: 404146us
Json: iterations=10 average: 403116us total: 4031160us


Total Runtime: 4031160us
Starting Json benchmark ...
Json: iterations=1 runtime: 434200us
Json: iterations=1 runtime: 459099us
Json: iterations=1 runtime: 463733us
Json: iterations=1 runtime: 419074us
Json: iterations=1 runtime: 429437us
Json: iterations=1 runtime: 445040us
Json: iterations=1 runtime: 386868us
Json: iterations=1 runtime: 384537us
Json: iterations=1 runtime: 383771us
Json: iterations=1 runtime: 386941us
Json: iterations=10 average: 419270us total: 4192700us


Total Runtime: 4192700us
  Time (mean ± σ):      4.241 s ±  0.237 s    [User: 4.186 s, System: 0.043 s]
  Range (min … max):    3.915 s …  4.599 s    10 runs
 
