Benchmark 1: C:\Users\test\Documents\research\research\artifacts\installed2\python\python.exe C:\Users\test\Documents\research\research\system\are-we-fast-yet\benchmarks\Python\harness.py DeltaBlue 10 15
Starting DeltaBlue benchmark ...
DeltaBlue: iterations=1 runtime: 5038us
DeltaBlue: iterations=1 runtime: 4763us
DeltaBlue: iterations=1 runtime: 3162us
DeltaBlue: iterations=1 runtime: 2818us
DeltaBlue: iterations=1 runtime: 2849us
DeltaBlue: iterations=1 runtime: 3436us
DeltaBlue: iterations=1 runtime: 2903us
DeltaBlue: iterations=1 runtime: 4182us
DeltaBlue: iterations=1 runtime: 3142us
DeltaBlue: iterations=1 runtime: 3132us
DeltaBlue: iterations=10 average: 3542us total: 35425us


Total Runtime: 35425us
Starting DeltaBlue benchmark ...
DeltaBlue: iterations=1 runtime: 3556us
DeltaBlue: iterations=1 runtime: 6227us
DeltaBlue: iterations=1 runtime: 7141us
DeltaBlue: iterations=1 runtime: 6145us
DeltaBlue: iterations=1 runtime: 3120us
DeltaBlue: iterations=1 runtime: 3118us
DeltaBlue: iterations=1 runtime: 3039us
DeltaBlue: iterations=1 runtime: 6254us
DeltaBlue: iterations=1 runtime: 7523us
DeltaBlue: iterations=1 runtime: 7875us
DeltaBlue: iterations=10 average: 5400us total: 53998us


Total Runtime: 53998us
Starting DeltaBlue benchmark ...
DeltaBlue: iterations=1 runtime: 3249us
DeltaBlue: iterations=1 runtime: 3195us
DeltaBlue: iterations=1 runtime: 3344us
DeltaBlue: iterations=1 runtime: 4470us
DeltaBlue: iterations=1 runtime: 4055us
DeltaBlue: iterations=1 runtime: 3427us
DeltaBlue: iterations=1 runtime: 3198us
DeltaBlue: iterations=1 runtime: 4258us
DeltaBlue: iterations=1 runtime: 3950us
DeltaBlue: iterations=1 runtime: 3128us
DeltaBlue: iterations=10 average: 3627us total: 36274us


Total Runtime: 36274us
Starting DeltaBlue benchmark ...
DeltaBlue: iterations=1 runtime: 2528us
DeltaBlue: iterations=1 runtime: 2568us
DeltaBlue: iterations=1 runtime: 2632us
DeltaBlue: iterations=1 runtime: 2788us
DeltaBlue: iterations=1 runtime: 2789us
DeltaBlue: iterations=1 runtime: 2837us
DeltaBlue: iterations=1 runtime: 3424us
DeltaBlue: iterations=1 runtime: 2811us
DeltaBlue: iterations=1 runtime: 3063us
DeltaBlue: iterations=1 runtime: 2893us
DeltaBlue: iterations=10 average: 2833us total: 28333us


Total Runtime: 28333us
Starting DeltaBlue benchmark ...
DeltaBlue: iterations=1 runtime: 2796us
DeltaBlue: iterations=1 runtime: 3002us
DeltaBlue: iterations=1 runtime: 2981us
DeltaBlue: iterations=1 runtime: 3130us
DeltaBlue: iterations=1 runtime: 3273us
DeltaBlue: iterations=1 runtime: 3319us
DeltaBlue: iterations=1 runtime: 3655us
DeltaBlue: iterations=1 runtime: 4088us
DeltaBlue: iterations=1 runtime: 3487us
DeltaBlue: iterations=1 runtime: 3604us
DeltaBlue: iterations=10 average: 3334us total: 33335us


Total Runtime: 33335us
Starting DeltaBlue benchmark ...
DeltaBlue: iterations=1 runtime: 2957us
DeltaBlue: iterations=1 runtime: 3752us
DeltaBlue: iterations=1 runtime: 3075us
DeltaBlue: iterations=1 runtime: 2791us
DeltaBlue: iterations=1 runtime: 2552us
DeltaBlue: iterations=1 runtime: 2560us
DeltaBlue: iterations=1 runtime: 2708us
DeltaBlue: iterations=1 runtime: 3017us
DeltaBlue: iterations=1 runtime: 3770us
DeltaBlue: iterations=1 runtime: 3928us
DeltaBlue: iterations=10 average: 3111us total: 31110us


Total Runtime: 31110us
Starting DeltaBlue benchmark ...
DeltaBlue: iterations=1 runtime: 2638us
DeltaBlue: iterations=1 runtime: 2735us
DeltaBlue: iterations=1 runtime: 2810us
DeltaBlue: iterations=1 runtime: 3169us
DeltaBlue: iterations=1 runtime: 2971us
DeltaBlue: iterations=1 runtime: 3234us
DeltaBlue: iterations=1 runtime: 3294us
DeltaBlue: iterations=1 runtime: 3305us
DeltaBlue: iterations=1 runtime: 7248us
DeltaBlue: iterations=1 runtime: 8653us
DeltaBlue: iterations=10 average: 4006us total: 40057us


Total Runtime: 40057us
Starting DeltaBlue benchmark ...
DeltaBlue: iterations=1 runtime: 2898us
DeltaBlue: iterations=1 runtime: 3095us
DeltaBlue: iterations=1 runtime: 3237us
DeltaBlue: iterations=1 runtime: 3407us
DeltaBlue: iterations=1 runtime: 3375us
DeltaBlue: iterations=1 runtime: 3405us
DeltaBlue: iterations=1 runtime: 3535us
DeltaBlue: iterations=1 runtime: 3499us
DeltaBlue: iterations=1 runtime: 4374us
DeltaBlue: iterations=1 runtime: 4976us
DeltaBlue: iterations=10 average: 3580us total: 35801us


Total Runtime: 35801us
Starting DeltaBlue benchmark ...
DeltaBlue: iterations=1 runtime: 2847us
DeltaBlue: iterations=1 runtime: 2955us
DeltaBlue: iterations=1 runtime: 3101us
DeltaBlue: iterations=1 runtime: 3186us
DeltaBlue: iterations=1 runtime: 3211us
DeltaBlue: iterations=1 runtime: 3731us
DeltaBlue: iterations=1 runtime: 3427us
DeltaBlue: iterations=1 runtime: 3253us
DeltaBlue: iterations=1 runtime: 3384us
DeltaBlue: iterations=1 runtime: 3446us
DeltaBlue: iterations=10 average: 3254us total: 32541us


Total Runtime: 32541us
Starting DeltaBlue benchmark ...
DeltaBlue: iterations=1 runtime: 2741us
DeltaBlue: iterations=1 runtime: 2979us
DeltaBlue: iterations=1 runtime: 3449us
DeltaBlue: iterations=1 runtime: 3148us
DeltaBlue: iterations=1 runtime: 3115us
DeltaBlue: iterations=1 runtime: 2633us
DeltaBlue: iterations=1 runtime: 2655us
DeltaBlue: iterations=1 runtime: 2622us
DeltaBlue: iterations=1 runtime: 2791us
DeltaBlue: iterations=1 runtime: 2866us
DeltaBlue: iterations=10 average: 2900us total: 28999us


Total Runtime: 28999us
Starting DeltaBlue benchmark ...
DeltaBlue: iterations=1 runtime: 2468us
DeltaBlue: iterations=1 runtime: 2439us
DeltaBlue: iterations=1 runtime: 2407us
DeltaBlue: iterations=1 runtime: 2633us
DeltaBlue: iterations=1 runtime: 2589us
DeltaBlue: iterations=1 runtime: 2553us
DeltaBlue: iterations=1 runtime: 2613us
DeltaBlue: iterations=1 runtime: 2521us
DeltaBlue: iterations=1 runtime: 2630us
DeltaBlue: iterations=1 runtime: 3640us
DeltaBlue: iterations=10 average: 2649us total: 26493us


Total Runtime: 26493us
Starting DeltaBlue benchmark ...
DeltaBlue: iterations=1 runtime: 2461us
DeltaBlue: iterations=1 runtime: 2570us
DeltaBlue: iterations=1 runtime: 2595us
DeltaBlue: iterations=1 runtime: 2779us
DeltaBlue: iterations=1 runtime: 4490us
DeltaBlue: iterations=1 runtime: 3899us
DeltaBlue: iterations=1 runtime: 3655us
DeltaBlue: iterations=1 runtime: 4625us
DeltaBlue: iterations=1 runtime: 4137us
DeltaBlue: iterations=1 runtime: 3156us
DeltaBlue: iterations=10 average: 3437us total: 34367us


Total Runtime: 34367us
Starting DeltaBlue benchmark ...
DeltaBlue: iterations=1 runtime: 3097us
DeltaBlue: iterations=1 runtime: 2786us
DeltaBlue: iterations=1 runtime: 2416us
DeltaBlue: iterations=1 runtime: 2517us
DeltaBlue: iterations=1 runtime: 2659us
DeltaBlue: iterations=1 runtime: 2684us
DeltaBlue: iterations=1 runtime: 2773us
DeltaBlue: iterations=1 runtime: 2813us
DeltaBlue: iterations=1 runtime: 2863us
DeltaBlue: iterations=1 runtime: 3047us
DeltaBlue: iterations=10 average: 2766us total: 27655us


Total Runtime: 27655us
  Time (mean ± σ):      78.8 ms ±   6.2 ms    [User: 49.7 ms, System: 28.1 ms]
  Range (min … max):    69.6 ms …  89.3 ms    10 runs
 
