Benchmark 1: C:\Users\test\Documents\research\research\artifacts\installed2\python\python.exe C:\Users\test\Documents\research\research\system\are-we-fast-yet\benchmarks\Python\harness.py Json 10 15
Starting Json benchmark ...
Json: iterations=1 runtime: 403106us
Json: iterations=1 runtime: 361346us
Json: iterations=1 runtime: 364016us
Json: iterations=1 runtime: 401554us
Json: iterations=1 runtime: 448455us
Json: iterations=1 runtime: 372574us
Json: iterations=1 runtime: 348221us
Json: iterations=1 runtime: 375020us
Json: iterations=1 runtime: 375565us
Json: iterations=1 runtime: 336834us
Json: iterations=10 average: 378669us total: 3786691us


Total Runtime: 3786691us
Starting Json benchmark ...
Json: iterations=1 runtime: 345225us
Json: iterations=1 runtime: 358629us
Json: iterations=1 runtime: 431687us
Json: iterations=1 runtime: 382082us
Json: iterations=1 runtime: 352431us
Json: iterations=1 runtime: 347867us
Json: iterations=1 runtime: 367279us
Json: iterations=1 runtime: 356239us
Json: iterations=1 runtime: 360359us
Json: iterations=1 runtime: 356183us
Json: iterations=10 average: 365798us total: 3657981us


Total Runtime: 3657981us
Starting Json benchmark ...
Json: iterations=1 runtime: 332736us
Json: iterations=1 runtime: 334659us
Json: iterations=1 runtime: 363326us
Json: iterations=1 runtime: 369111us
Json: iterations=1 runtime: 344185us
Json: iterations=1 runtime: 344322us
Json: iterations=1 runtime: 349248us
Json: iterations=1 runtime: 356957us
Json: iterations=1 runtime: 351754us
Json: iterations=1 runtime: 341710us
Json: iterations=10 average: 348801us total: 3488008us


Total Runtime: 3488008us
Starting Json benchmark ...
Json: iterations=1 runtime: 328168us
Json: iterations=1 runtime: 329937us
Json: iterations=1 runtime: 341207us
Json: iterations=1 runtime: 327626us
Json: iterations=1 runtime: 327245us
Json: iterations=1 runtime: 332715us
Json: iterations=1 runtime: 357100us
Json: iterations=1 runtime: 379658us
Json: iterations=1 runtime: 351416us
Json: iterations=1 runtime: 342422us
Json: iterations=10 average: 341749us total: 3417494us


Total Runtime: 3417494us
Starting Json benchmark ...
Json: iterations=1 runtime: 378410us
Json: iterations=1 runtime: 383604us
Json: iterations=1 runtime: 367344us
Json: iterations=1 runtime: 409794us
Json: iterations=1 runtime: 416667us
Json: iterations=1 runtime: 402856us
Json: iterations=1 runtime: 388471us
Json: iterations=1 runtime: 369203us
Json: iterations=1 runtime: 372500us
Json: iterations=1 runtime: 374428us
Json: iterations=10 average: 386328us total: 3863277us


Total Runtime: 3863277us
Starting Json benchmark ...
Json: iterations=1 runtime: 344846us
Json: iterations=1 runtime: 352206us
Json: iterations=1 runtime: 366130us
Json: iterations=1 runtime: 349272us
Json: iterations=1 runtime: 434856us
Json: iterations=1 runtime: 357827us
Json: iterations=1 runtime: 423205us
Json: iterations=1 runtime: 394431us
Json: iterations=1 runtime: 373528us
Json: iterations=1 runtime: 337886us
Json: iterations=10 average: 373419us total: 3734187us


Total Runtime: 3734187us
Starting Json benchmark ...
Json: iterations=1 runtime: 333897us
Json: iterations=1 runtime: 367606us
Json: iterations=1 runtime: 360639us
Json: iterations=1 runtime: 333669us
Json: iterations=1 runtime: 385093us
Json: iterations=1 runtime: 407671us
Json: iterations=1 runtime: 446909us
Json: iterations=1 runtime: 537763us
Json: iterations=1 runtime: 511300us
Json: iterations=1 runtime: 399019us
Json: iterations=10 average: 408357us total: 4083566us


Total Runtime: 4083566us
Starting Json benchmark ...
Json: iterations=1 runtime: 421177us
Json: iterations=1 runtime: 404332us
Json: iterations=1 runtime: 428984us
Json: iterations=1 runtime: 403062us
Json: iterations=1 runtime: 414626us
Json: iterations=1 runtime: 386317us
Json: iterations=1 runtime: 372570us
Json: iterations=1 runtime: 387745us
Json: iterations=1 runtime: 380048us
Json: iterations=1 runtime: 361608us
Json: iterations=10 average: 396047us total: 3960469us


Total Runtime: 3960469us
Starting Json benchmark ...
Json: iterations=1 runtime: 416553us
Json: iterations=1 runtime: 498369us
Json: iterations=1 runtime: 397903us
Json: iterations=1 runtime: 419827us
Json: iterations=1 runtime: 384672us
Json: iterations=1 runtime: 373679us
Json: iterations=1 runtime: 368181us
Json: iterations=1 runtime: 390387us
Json: iterations=1 runtime: 565435us
Json: iterations=1 runtime: 509918us
Json: iterations=10 average: 432492us total: 4324924us


Total Runtime: 4324924us
Starting Json benchmark ...
Json: iterations=1 runtime: 413263us
Json: iterations=1 runtime: 559501us
Json: iterations=1 runtime: 513404us
Json: iterations=1 runtime: 465672us
Json: iterations=1 runtime: 506249us
Json: iterations=1 runtime: 502660us
Json: iterations=1 runtime: 553642us
Json: iterations=1 runtime: 444252us
Json: iterations=1 runtime: 411221us
Json: iterations=1 runtime: 427331us
Json: iterations=10 average: 479720us total: 4797195us


Total Runtime: 4797195us
Starting Json benchmark ...
Json: iterations=1 runtime: 500773us
Json: iterations=1 runtime: 377366us
Json: iterations=1 runtime: 415733us
Json: iterations=1 runtime: 394894us
Json: iterations=1 runtime: 396795us
Json: iterations=1 runtime: 418348us
Json: iterations=1 runtime: 392435us
Json: iterations=1 runtime: 513590us
Json: iterations=1 runtime: 457468us
Json: iterations=1 runtime: 411357us
Json: iterations=10 average: 427876us total: 4278759us


Total Runtime: 4278759us
Starting Json benchmark ...
Json: iterations=1 runtime: 421689us
Json: iterations=1 runtime: 603957us
Json: iterations=1 runtime: 481596us
Json: iterations=1 runtime: 436483us
Json: iterations=1 runtime: 445347us
Json: iterations=1 runtime: 477840us
Json: iterations=1 runtime: 429433us
Json: iterations=1 runtime: 444115us
Json: iterations=1 runtime: 391842us
Json: iterations=1 runtime: 476824us
Json: iterations=10 average: 460913us total: 4609126us


Total Runtime: 4609126us
Starting Json benchmark ...
Json: iterations=1 runtime: 403776us
Json: iterations=1 runtime: 415711us
Json: iterations=1 runtime: 436970us
Json: iterations=1 runtime: 412758us
Json: iterations=1 runtime: 515258us
Json: iterations=1 runtime: 435932us
Json: iterations=1 runtime: 414854us
Json: iterations=1 runtime: 408388us
Json: iterations=1 runtime: 407896us
Json: iterations=1 runtime: 460586us
Json: iterations=10 average: 431213us total: 4312129us


Total Runtime: 4312129us
  Time (mean ± σ):      4.185 s ±  0.416 s    [User: 4.137 s, System: 0.020 s]
  Range (min … max):    3.459 s …  4.847 s    10 runs
 
