Benchmark 1: C:\Users\test\Documents\research\research\artifacts\installed2\python\python.exe C:\Users\test\Documents\research\research\system\are-we-fast-yet\benchmarks\Python\harness.py DeltaBlue 10 15
Starting DeltaBlue benchmark ...
DeltaBlue: iterations=1 runtime: 2361us
DeltaBlue: iterations=1 runtime: 2217us
DeltaBlue: iterations=1 runtime: 2385us
DeltaBlue: iterations=1 runtime: 2174us
DeltaBlue: iterations=1 runtime: 2249us
DeltaBlue: iterations=1 runtime: 2191us
DeltaBlue: iterations=1 runtime: 2386us
DeltaBlue: iterations=1 runtime: 2964us
DeltaBlue: iterations=1 runtime: 2651us
DeltaBlue: iterations=1 runtime: 2616us
DeltaBlue: iterations=10 average: 2419us total: 24194us


Total Runtime: 24194us
Starting DeltaBlue benchmark ...
DeltaBlue: iterations=1 runtime: 2779us
DeltaBlue: iterations=1 runtime: 2202us
DeltaBlue: iterations=1 runtime: 2171us
DeltaBlue: iterations=1 runtime: 2220us
DeltaBlue: iterations=1 runtime: 2235us
DeltaBlue: iterations=1 runtime: 2306us
DeltaBlue: iterations=1 runtime: 2236us
DeltaBlue: iterations=1 runtime: 2326us
DeltaBlue: iterations=1 runtime: 2392us
DeltaBlue: iterations=1 runtime: 2313us
DeltaBlue: iterations=10 average: 2318us total: 23180us


Total Runtime: 23180us
Starting DeltaBlue benchmark ...
DeltaBlue: iterations=1 runtime: 2771us
DeltaBlue: iterations=1 runtime: 2263us
DeltaBlue: iterations=1 runtime: 2269us
DeltaBlue: iterations=1 runtime: 2454us
DeltaBlue: iterations=1 runtime: 2434us
DeltaBlue: iterations=1 runtime: 2300us
DeltaBlue: iterations=1 runtime: 2227us
DeltaBlue: iterations=1 runtime: 2272us
DeltaBlue: iterations=1 runtime: 2433us
DeltaBlue: iterations=1 runtime: 2341us
DeltaBlue: iterations=10 average: 2376us total: 23764us


Total Runtime: 23764us
Starting DeltaBlue benchmark ...
DeltaBlue: iterations=1 runtime: 2866us
DeltaBlue: iterations=1 runtime: 2288us
DeltaBlue: iterations=1 runtime: 2253us
DeltaBlue: iterations=1 runtime: 2293us
DeltaBlue: iterations=1 runtime: 2288us
DeltaBlue: iterations=1 runtime: 2474us
DeltaBlue: iterations=1 runtime: 2242us
DeltaBlue: iterations=1 runtime: 2303us
DeltaBlue: iterations=1 runtime: 2402us
DeltaBlue: iterations=1 runtime: 2373us
DeltaBlue: iterations=10 average: 2378us total: 23782us


Total Runtime: 23782us
Starting DeltaBlue benchmark ...
DeltaBlue: iterations=1 runtime: 2783us
DeltaBlue: iterations=1 runtime: 2221us
DeltaBlue: iterations=1 runtime: 2206us
DeltaBlue: iterations=1 runtime: 2246us
DeltaBlue: iterations=1 runtime: 2241us
DeltaBlue: iterations=1 runtime: 2322us
DeltaBlue: iterations=1 runtime: 2260us
DeltaBlue: iterations=1 runtime: 2344us
DeltaBlue: iterations=1 runtime: 2410us
DeltaBlue: iterations=1 runtime: 2317us
DeltaBlue: iterations=10 average: 2335us total: 23350us


Total Runtime: 23350us
Starting DeltaBlue benchmark ...
DeltaBlue: iterations=1 runtime: 2753us
DeltaBlue: iterations=1 runtime: 2228us
DeltaBlue: iterations=1 runtime: 2168us
DeltaBlue: iterations=1 runtime: 2406us
DeltaBlue: iterations=1 runtime: 2377us
DeltaBlue: iterations=1 runtime: 2560us
DeltaBlue: iterations=1 runtime: 2385us
DeltaBlue: iterations=1 runtime: 2360us
DeltaBlue: iterations=1 runtime: 2577us
DeltaBlue: iterations=1 runtime: 2407us
DeltaBlue: iterations=10 average: 2422us total: 24221us


Total Runtime: 24221us
Starting DeltaBlue benchmark ...
DeltaBlue: iterations=1 runtime: 2981us
DeltaBlue: iterations=1 runtime: 2228us
DeltaBlue: iterations=1 runtime: 2169us
DeltaBlue: iterations=1 runtime: 2230us
DeltaBlue: iterations=1 runtime: 2160us
DeltaBlue: iterations=1 runtime: 2256us
DeltaBlue: iterations=1 runtime: 2155us
DeltaBlue: iterations=1 runtime: 2268us
DeltaBlue: iterations=1 runtime: 2350us
DeltaBlue: iterations=1 runtime: 2311us
DeltaBlue: iterations=10 average: 2311us total: 23108us


Total Runtime: 23108us
Starting DeltaBlue benchmark ...
DeltaBlue: iterations=1 runtime: 2761us
DeltaBlue: iterations=1 runtime: 2224us
DeltaBlue: iterations=1 runtime: 2237us
DeltaBlue: iterations=1 runtime: 2252us
DeltaBlue: iterations=1 runtime: 2592us
DeltaBlue: iterations=1 runtime: 2301us
DeltaBlue: iterations=1 runtime: 2189us
DeltaBlue: iterations=1 runtime: 2194us
DeltaBlue: iterations=1 runtime: 2613us
DeltaBlue: iterations=1 runtime: 2472us
DeltaBlue: iterations=10 average: 2384us total: 23835us


Total Runtime: 23835us
Starting DeltaBlue benchmark ...
DeltaBlue: iterations=1 runtime: 2797us
DeltaBlue: iterations=1 runtime: 2203us
DeltaBlue: iterations=1 runtime: 2168us
DeltaBlue: iterations=1 runtime: 2233us
DeltaBlue: iterations=1 runtime: 3041us
DeltaBlue: iterations=1 runtime: 2360us
DeltaBlue: iterations=1 runtime: 2181us
DeltaBlue: iterations=1 runtime: 2187us
DeltaBlue: iterations=1 runtime: 2369us
DeltaBlue: iterations=1 runtime: 2283us
DeltaBlue: iterations=10 average: 2382us total: 23822us


Total Runtime: 23822us
Starting DeltaBlue benchmark ...
DeltaBlue: iterations=1 runtime: 3593us
DeltaBlue: iterations=1 runtime: 2365us
DeltaBlue: iterations=1 runtime: 2426us
DeltaBlue: iterations=1 runtime: 2464us
DeltaBlue: iterations=1 runtime: 2426us
DeltaBlue: iterations=1 runtime: 2500us
DeltaBlue: iterations=1 runtime: 2457us
DeltaBlue: iterations=1 runtime: 2524us
DeltaBlue: iterations=1 runtime: 2453us
DeltaBlue: iterations=1 runtime: 2402us
DeltaBlue: iterations=10 average: 2561us total: 25610us


Total Runtime: 25610us
Starting DeltaBlue benchmark ...
DeltaBlue: iterations=1 runtime: 2737us
DeltaBlue: iterations=1 runtime: 2197us
DeltaBlue: iterations=1 runtime: 2228us
DeltaBlue: iterations=1 runtime: 2221us
DeltaBlue: iterations=1 runtime: 2165us
DeltaBlue: iterations=1 runtime: 2339us
DeltaBlue: iterations=1 runtime: 2238us
DeltaBlue: iterations=1 runtime: 2244us
DeltaBlue: iterations=1 runtime: 2401us
DeltaBlue: iterations=1 runtime: 2313us
DeltaBlue: iterations=10 average: 2308us total: 23083us


Total Runtime: 23083us
Starting DeltaBlue benchmark ...
DeltaBlue: iterations=1 runtime: 2831us
DeltaBlue: iterations=1 runtime: 2236us
DeltaBlue: iterations=1 runtime: 2212us
DeltaBlue: iterations=1 runtime: 2266us
DeltaBlue: iterations=1 runtime: 2604us
DeltaBlue: iterations=1 runtime: 3604us
DeltaBlue: iterations=1 runtime: 3536us
DeltaBlue: iterations=1 runtime: 3597us
DeltaBlue: iterations=1 runtime: 3728us
DeltaBlue: iterations=1 runtime: 3320us
DeltaBlue: iterations=10 average: 2993us total: 29934us


Total Runtime: 29934us
Starting DeltaBlue benchmark ...
DeltaBlue: iterations=1 runtime: 2766us
DeltaBlue: iterations=1 runtime: 2234us
DeltaBlue: iterations=1 runtime: 2202us
DeltaBlue: iterations=1 runtime: 2266us
DeltaBlue: iterations=1 runtime: 2208us
DeltaBlue: iterations=1 runtime: 2456us
DeltaBlue: iterations=1 runtime: 2328us
DeltaBlue: iterations=1 runtime: 2177us
DeltaBlue: iterations=1 runtime: 2333us
DeltaBlue: iterations=1 runtime: 2257us
DeltaBlue: iterations=10 average: 2323us total: 23227us


Total Runtime: 23227us
  Time (mean ± σ):      67.2 ms ±   4.8 ms    [User: 45.0 ms, System: 20.1 ms]
  Range (min … max):    61.8 ms …  76.1 ms    10 runs
 
