Benchmark 1: C:\Users\test\Documents\research\research\artifacts\installed\python\python.exe C:\Users\test\Documents\research\research\artifacts\system\are-we-fast-yet\benchmarks\Python\harness.py Towers 10 15
Starting Towers benchmark ...
Towers: iterations=1 runtime: 106593us
Towers: iterations=1 runtime: 100312us
Towers: iterations=1 runtime: 101949us
Towers: iterations=1 runtime: 101633us
Towers: iterations=1 runtime: 103911us
Towers: iterations=1 runtime: 102651us
Towers: iterations=1 runtime: 102016us
Towers: iterations=1 runtime: 104349us
Towers: iterations=1 runtime: 101977us
Towers: iterations=1 runtime: 102428us
Towers: iterations=10 average: 102782us total: 1027819us


Total Runtime: 1027819us
Starting Towers benchmark ...
Towers: iterations=1 runtime: 87887us
Towers: iterations=1 runtime: 88819us
Towers: iterations=1 runtime: 90286us
Towers: iterations=1 runtime: 95431us
Towers: iterations=1 runtime: 102424us
Towers: iterations=1 runtime: 104158us
Towers: iterations=1 runtime: 104427us
Towers: iterations=1 runtime: 104599us
Towers: iterations=1 runtime: 111458us
Towers: iterations=1 runtime: 104618us
Towers: iterations=10 average: 99411us total: 994107us


Total Runtime: 994107us
Starting Towers benchmark ...
Towers: iterations=1 runtime: 87725us
Towers: iterations=1 runtime: 87524us
Towers: iterations=1 runtime: 89135us
Towers: iterations=1 runtime: 97263us
Towers: iterations=1 runtime: 89681us
Towers: iterations=1 runtime: 104818us
Towers: iterations=1 runtime: 90101us
Towers: iterations=1 runtime: 90022us
Towers: iterations=1 runtime: 90387us
Towers: iterations=1 runtime: 90169us
Towers: iterations=10 average: 91682us total: 916825us


Total Runtime: 916825us
Starting Towers benchmark ...
Towers: iterations=1 runtime: 96477us
Towers: iterations=1 runtime: 98168us
Towers: iterations=1 runtime: 90098us
Towers: iterations=1 runtime: 90481us
Towers: iterations=1 runtime: 90315us
Towers: iterations=1 runtime: 90554us
Towers: iterations=1 runtime: 102974us
Towers: iterations=1 runtime: 103161us
Towers: iterations=1 runtime: 99126us
Towers: iterations=1 runtime: 100652us
Towers: iterations=10 average: 96201us total: 962006us


Total Runtime: 962006us
Starting Towers benchmark ...
Towers: iterations=1 runtime: 98192us
Towers: iterations=1 runtime: 104991us
Towers: iterations=1 runtime: 92446us
Towers: iterations=1 runtime: 91954us
Towers: iterations=1 runtime: 91675us
Towers: iterations=1 runtime: 91824us
Towers: iterations=1 runtime: 99832us
Towers: iterations=1 runtime: 99954us
Towers: iterations=1 runtime: 98394us
Towers: iterations=1 runtime: 92002us
Towers: iterations=10 average: 96126us total: 961264us


Total Runtime: 961264us
Starting Towers benchmark ...
Towers: iterations=1 runtime: 89649us
Towers: iterations=1 runtime: 90726us
Towers: iterations=1 runtime: 90569us
Towers: iterations=1 runtime: 90529us
Towers: iterations=1 runtime: 90556us
Towers: iterations=1 runtime: 90699us
Towers: iterations=1 runtime: 90332us
Towers: iterations=1 runtime: 90640us
Towers: iterations=1 runtime: 98660us
Towers: iterations=1 runtime: 90432us
Towers: iterations=10 average: 91279us total: 912792us


Total Runtime: 912792us
Starting Towers benchmark ...
Towers: iterations=1 runtime: 91404us
Towers: iterations=1 runtime: 99594us
Towers: iterations=1 runtime: 99646us
Towers: iterations=1 runtime: 92500us
Towers: iterations=1 runtime: 92315us
Towers: iterations=1 runtime: 91761us
Towers: iterations=1 runtime: 99971us
Towers: iterations=1 runtime: 92138us
Towers: iterations=1 runtime: 92203us
Towers: iterations=1 runtime: 91647us
Towers: iterations=10 average: 94318us total: 943179us


Total Runtime: 943179us
Starting Towers benchmark ...
Towers: iterations=1 runtime: 89468us
Towers: iterations=1 runtime: 91040us
Towers: iterations=1 runtime: 91013us
Towers: iterations=1 runtime: 90629us
Towers: iterations=1 runtime: 91241us
Towers: iterations=1 runtime: 91117us
Towers: iterations=1 runtime: 91178us
Towers: iterations=1 runtime: 90737us
Towers: iterations=1 runtime: 98864us
Towers: iterations=1 runtime: 91353us
Towers: iterations=10 average: 91664us total: 916640us


Total Runtime: 916640us
Starting Towers benchmark ...
Towers: iterations=1 runtime: 90391us
Towers: iterations=1 runtime: 91330us
Towers: iterations=1 runtime: 91373us
Towers: iterations=1 runtime: 91277us
Towers: iterations=1 runtime: 90877us
Towers: iterations=1 runtime: 90975us
Towers: iterations=1 runtime: 90948us
Towers: iterations=1 runtime: 91260us
Towers: iterations=1 runtime: 114789us
Towers: iterations=1 runtime: 103273us
Towers: iterations=10 average: 94649us total: 946493us


Total Runtime: 946493us
Starting Towers benchmark ...
Towers: iterations=1 runtime: 96690us
Towers: iterations=1 runtime: 91531us
Towers: iterations=1 runtime: 90991us
Towers: iterations=1 runtime: 90651us
Towers: iterations=1 runtime: 90654us
Towers: iterations=1 runtime: 98489us
Towers: iterations=1 runtime: 117265us
Towers: iterations=1 runtime: 98568us
Towers: iterations=1 runtime: 106605us
Towers: iterations=1 runtime: 89124us
Towers: iterations=10 average: 97057us total: 970568us


Total Runtime: 970568us
Starting Towers benchmark ...
Towers: iterations=1 runtime: 97726us
Towers: iterations=1 runtime: 90930us
Towers: iterations=1 runtime: 90880us
Towers: iterations=1 runtime: 90800us
Towers: iterations=1 runtime: 90781us
Towers: iterations=1 runtime: 91203us
Towers: iterations=1 runtime: 98493us
Towers: iterations=1 runtime: 97294us
Towers: iterations=1 runtime: 100290us
Towers: iterations=1 runtime: 102256us
Towers: iterations=10 average: 95065us total: 950653us


Total Runtime: 950653us
Starting Towers benchmark ...
Towers: iterations=1 runtime: 87857us
Towers: iterations=1 runtime: 89275us
Towers: iterations=1 runtime: 90349us
Towers: iterations=1 runtime: 106537us
Towers: iterations=1 runtime: 91330us
Towers: iterations=1 runtime: 89959us
Towers: iterations=1 runtime: 90614us
Towers: iterations=1 runtime: 96320us
Towers: iterations=1 runtime: 105832us
Towers: iterations=1 runtime: 106799us
Towers: iterations=10 average: 95487us total: 954872us


Total Runtime: 954872us
Starting Towers benchmark ...
Towers: iterations=1 runtime: 87626us
Towers: iterations=1 runtime: 89779us
Towers: iterations=1 runtime: 90231us
Towers: iterations=1 runtime: 90274us
Towers: iterations=1 runtime: 90249us
Towers: iterations=1 runtime: 90254us
Towers: iterations=1 runtime: 90255us
Towers: iterations=1 runtime: 90306us
Towers: iterations=1 runtime: 97780us
Towers: iterations=1 runtime: 90340us
Towers: iterations=10 average: 90709us total: 907094us


Total Runtime: 907094us
Starting Towers benchmark ...
Towers: iterations=1 runtime: 90174us
Towers: iterations=1 runtime: 98741us
Towers: iterations=1 runtime: 91387us
Towers: iterations=1 runtime: 91711us
Towers: iterations=1 runtime: 91156us
Towers: iterations=1 runtime: 91085us
Towers: iterations=1 runtime: 91111us
Towers: iterations=1 runtime: 91195us
Towers: iterations=1 runtime: 91247us
Towers: iterations=1 runtime: 91239us
Towers: iterations=10 average: 91905us total: 919046us


Total Runtime: 919046us
Starting Towers benchmark ...
Towers: iterations=1 runtime: 89527us
Towers: iterations=1 runtime: 90613us
Towers: iterations=1 runtime: 90560us
Towers: iterations=1 runtime: 90536us
Towers: iterations=1 runtime: 90440us
Towers: iterations=1 runtime: 90456us
Towers: iterations=1 runtime: 90446us
Towers: iterations=1 runtime: 90474us
Towers: iterations=1 runtime: 90811us
Towers: iterations=1 runtime: 90579us
Towers: iterations=10 average: 90444us total: 904442us


Total Runtime: 904442us
Starting Towers benchmark ...
Towers: iterations=1 runtime: 90518us
Towers: iterations=1 runtime: 98656us
Towers: iterations=1 runtime: 91119us
Towers: iterations=1 runtime: 91066us
Towers: iterations=1 runtime: 91044us
Towers: iterations=1 runtime: 91044us
Towers: iterations=1 runtime: 91043us
Towers: iterations=1 runtime: 91082us
Towers: iterations=1 runtime: 91093us
Towers: iterations=1 runtime: 91054us
Towers: iterations=10 average: 91772us total: 917719us


Total Runtime: 917719us
Starting Towers benchmark ...
Towers: iterations=1 runtime: 89944us
Towers: iterations=1 runtime: 90634us
Towers: iterations=1 runtime: 90740us
Towers: iterations=1 runtime: 90499us
Towers: iterations=1 runtime: 90499us
Towers: iterations=1 runtime: 101955us
Towers: iterations=1 runtime: 129584us
Towers: iterations=1 runtime: 126279us
Towers: iterations=1 runtime: 131948us
Towers: iterations=1 runtime: 136381us
Towers: iterations=10 average: 107846us total: 1078463us


Total Runtime: 1078463us
Starting Towers benchmark ...
Towers: iterations=1 runtime: 96370us
Towers: iterations=1 runtime: 90651us
Towers: iterations=1 runtime: 98524us
Towers: iterations=1 runtime: 90485us
Towers: iterations=1 runtime: 91438us
Towers: iterations=1 runtime: 109643us
Towers: iterations=1 runtime: 104209us
Towers: iterations=1 runtime: 104555us
Towers: iterations=1 runtime: 104310us
Towers: iterations=1 runtime: 112254us
Towers: iterations=10 average: 100244us total: 1002439us


Total Runtime: 1002439us
Starting Towers benchmark ...
Towers: iterations=1 runtime: 88776us
Towers: iterations=1 runtime: 89728us
Towers: iterations=1 runtime: 91197us
Towers: iterations=1 runtime: 91133us
Towers: iterations=1 runtime: 91143us
Towers: iterations=1 runtime: 91528us
Towers: iterations=1 runtime: 91715us
Towers: iterations=1 runtime: 91781us
Towers: iterations=1 runtime: 92013us
Towers: iterations=1 runtime: 98996us
Towers: iterations=10 average: 91801us total: 918010us


Total Runtime: 918010us
Starting Towers benchmark ...
Towers: iterations=1 runtime: 89777us
Towers: iterations=1 runtime: 90502us
Towers: iterations=1 runtime: 90436us
Towers: iterations=1 runtime: 90411us
Towers: iterations=1 runtime: 90342us
Towers: iterations=1 runtime: 90515us
Towers: iterations=1 runtime: 98011us
Towers: iterations=1 runtime: 98066us
Towers: iterations=1 runtime: 90271us
Towers: iterations=1 runtime: 90405us
Towers: iterations=10 average: 91874us total: 918736us


Total Runtime: 918736us
  Time (mean ± σ):     982.7 ms ±  46.2 ms    [User: 962.1 ms, System: 17.6 ms]
  Range (min … max):   941.8 ms … 1115.8 ms    15 runs
 
