Benchmark 1: C:\Users\test\Documents\research\research\artifacts\installed2\python\python.exe C:\Users\test\Documents\research\research\system\are-we-fast-yet\benchmarks\Python\harness.py DeltaBlue 10 15
Starting DeltaBlue benchmark ...
DeltaBlue: iterations=1 runtime: 2638us
DeltaBlue: iterations=1 runtime: 2644us
DeltaBlue: iterations=1 runtime: 2707us
DeltaBlue: iterations=1 runtime: 2785us
DeltaBlue: iterations=1 runtime: 3854us
DeltaBlue: iterations=1 runtime: 3058us
DeltaBlue: iterations=1 runtime: 2982us
DeltaBlue: iterations=1 runtime: 4329us
DeltaBlue: iterations=1 runtime: 4818us
DeltaBlue: iterations=1 runtime: 4882us
DeltaBlue: iterations=10 average: 3470us total: 34697us


Total Runtime: 34697us
Starting DeltaBlue benchmark ...
DeltaBlue: iterations=1 runtime: 3002us
DeltaBlue: iterations=1 runtime: 7282us
DeltaBlue: iterations=1 runtime: 4795us
DeltaBlue: iterations=1 runtime: 5109us
DeltaBlue: iterations=1 runtime: 4434us
DeltaBlue: iterations=1 runtime: 3382us
DeltaBlue: iterations=1 runtime: 3423us
DeltaBlue: iterations=1 runtime: 3403us
DeltaBlue: iterations=1 runtime: 4303us
DeltaBlue: iterations=1 runtime: 3634us
DeltaBlue: iterations=10 average: 4277us total: 42767us


Total Runtime: 42767us
Starting DeltaBlue benchmark ...
DeltaBlue: iterations=1 runtime: 2845us
DeltaBlue: iterations=1 runtime: 2563us
DeltaBlue: iterations=1 runtime: 2859us
DeltaBlue: iterations=1 runtime: 4591us
DeltaBlue: iterations=1 runtime: 4845us
DeltaBlue: iterations=1 runtime: 3712us
DeltaBlue: iterations=1 runtime: 3464us
DeltaBlue: iterations=1 runtime: 4415us
DeltaBlue: iterations=1 runtime: 4880us
DeltaBlue: iterations=1 runtime: 2726us
DeltaBlue: iterations=10 average: 3690us total: 36900us


Total Runtime: 36900us
Starting DeltaBlue benchmark ...
DeltaBlue: iterations=1 runtime: 2576us
DeltaBlue: iterations=1 runtime: 2562us
DeltaBlue: iterations=1 runtime: 2798us
DeltaBlue: iterations=1 runtime: 4160us
DeltaBlue: iterations=1 runtime: 2960us
DeltaBlue: iterations=1 runtime: 2897us
DeltaBlue: iterations=1 runtime: 2681us
DeltaBlue: iterations=1 runtime: 2743us
DeltaBlue: iterations=1 runtime: 3546us
DeltaBlue: iterations=1 runtime: 3447us
DeltaBlue: iterations=10 average: 3037us total: 30370us


Total Runtime: 30370us
Starting DeltaBlue benchmark ...
DeltaBlue: iterations=1 runtime: 2825us
DeltaBlue: iterations=1 runtime: 2879us
DeltaBlue: iterations=1 runtime: 4154us
DeltaBlue: iterations=1 runtime: 2736us
DeltaBlue: iterations=1 runtime: 2746us
DeltaBlue: iterations=1 runtime: 2868us
DeltaBlue: iterations=1 runtime: 2888us
DeltaBlue: iterations=1 runtime: 5617us
DeltaBlue: iterations=1 runtime: 4076us
DeltaBlue: iterations=1 runtime: 2904us
DeltaBlue: iterations=10 average: 3369us total: 33693us


Total Runtime: 33693us
Starting DeltaBlue benchmark ...
DeltaBlue: iterations=1 runtime: 2631us
DeltaBlue: iterations=1 runtime: 4202us
DeltaBlue: iterations=1 runtime: 3113us
DeltaBlue: iterations=1 runtime: 2706us
DeltaBlue: iterations=1 runtime: 2798us
DeltaBlue: iterations=1 runtime: 2851us
DeltaBlue: iterations=1 runtime: 3666us
DeltaBlue: iterations=1 runtime: 3588us
DeltaBlue: iterations=1 runtime: 2919us
DeltaBlue: iterations=1 runtime: 2988us
DeltaBlue: iterations=10 average: 3146us total: 31462us


Total Runtime: 31462us
Starting DeltaBlue benchmark ...
DeltaBlue: iterations=1 runtime: 2611us
DeltaBlue: iterations=1 runtime: 2910us
DeltaBlue: iterations=1 runtime: 4379us
DeltaBlue: iterations=1 runtime: 2676us
DeltaBlue: iterations=1 runtime: 2632us
DeltaBlue: iterations=1 runtime: 2792us
DeltaBlue: iterations=1 runtime: 2881us
DeltaBlue: iterations=1 runtime: 4245us
DeltaBlue: iterations=1 runtime: 3054us
DeltaBlue: iterations=1 runtime: 2801us
DeltaBlue: iterations=10 average: 3098us total: 30981us


Total Runtime: 30981us
Starting DeltaBlue benchmark ...
DeltaBlue: iterations=1 runtime: 2586us
DeltaBlue: iterations=1 runtime: 2571us
DeltaBlue: iterations=1 runtime: 3432us
DeltaBlue: iterations=1 runtime: 3694us
DeltaBlue: iterations=1 runtime: 2547us
DeltaBlue: iterations=1 runtime: 2686us
DeltaBlue: iterations=1 runtime: 3053us
DeltaBlue: iterations=1 runtime: 3608us
DeltaBlue: iterations=1 runtime: 4060us
DeltaBlue: iterations=1 runtime: 2759us
DeltaBlue: iterations=10 average: 3100us total: 30996us


Total Runtime: 30996us
Starting DeltaBlue benchmark ...
DeltaBlue: iterations=1 runtime: 3242us
DeltaBlue: iterations=1 runtime: 2566us
DeltaBlue: iterations=1 runtime: 2539us
DeltaBlue: iterations=1 runtime: 4000us
DeltaBlue: iterations=1 runtime: 3026us
DeltaBlue: iterations=1 runtime: 2618us
DeltaBlue: iterations=1 runtime: 2649us
DeltaBlue: iterations=1 runtime: 2704us
DeltaBlue: iterations=1 runtime: 2794us
DeltaBlue: iterations=1 runtime: 4459us
DeltaBlue: iterations=10 average: 3060us total: 30597us


Total Runtime: 30597us
Starting DeltaBlue benchmark ...
DeltaBlue: iterations=1 runtime: 2715us
DeltaBlue: iterations=1 runtime: 2609us
DeltaBlue: iterations=1 runtime: 2661us
DeltaBlue: iterations=1 runtime: 2983us
DeltaBlue: iterations=1 runtime: 4679us
DeltaBlue: iterations=1 runtime: 2763us
DeltaBlue: iterations=1 runtime: 2945us
DeltaBlue: iterations=1 runtime: 2897us
DeltaBlue: iterations=1 runtime: 3076us
DeltaBlue: iterations=1 runtime: 4973us
DeltaBlue: iterations=10 average: 3230us total: 32301us


Total Runtime: 32301us
Starting DeltaBlue benchmark ...
DeltaBlue: iterations=1 runtime: 2584us
DeltaBlue: iterations=1 runtime: 2627us
DeltaBlue: iterations=1 runtime: 2743us
DeltaBlue: iterations=1 runtime: 2839us
DeltaBlue: iterations=1 runtime: 3259us
DeltaBlue: iterations=1 runtime: 2889us
DeltaBlue: iterations=1 runtime: 2823us
DeltaBlue: iterations=1 runtime: 2855us
DeltaBlue: iterations=1 runtime: 2965us
DeltaBlue: iterations=1 runtime: 3211us
DeltaBlue: iterations=10 average: 2880us total: 28795us


Total Runtime: 28795us
Starting DeltaBlue benchmark ...
DeltaBlue: iterations=1 runtime: 2927us
DeltaBlue: iterations=1 runtime: 3753us
DeltaBlue: iterations=1 runtime: 2812us
DeltaBlue: iterations=1 runtime: 2710us
DeltaBlue: iterations=1 runtime: 2720us
DeltaBlue: iterations=1 runtime: 2827us
DeltaBlue: iterations=1 runtime: 2922us
DeltaBlue: iterations=1 runtime: 2866us
DeltaBlue: iterations=1 runtime: 2915us
DeltaBlue: iterations=1 runtime: 2909us
DeltaBlue: iterations=10 average: 2936us total: 29361us


Total Runtime: 29361us
Starting DeltaBlue benchmark ...
DeltaBlue: iterations=1 runtime: 4984us
DeltaBlue: iterations=1 runtime: 3724us
DeltaBlue: iterations=1 runtime: 3094us
DeltaBlue: iterations=1 runtime: 2595us
DeltaBlue: iterations=1 runtime: 2566us
DeltaBlue: iterations=1 runtime: 2810us
DeltaBlue: iterations=1 runtime: 2857us
DeltaBlue: iterations=1 runtime: 2709us
DeltaBlue: iterations=1 runtime: 3657us
DeltaBlue: iterations=1 runtime: 2856us
DeltaBlue: iterations=10 average: 3185us total: 31852us


Total Runtime: 31852us
  Time (mean ± σ):      85.7 ms ±   6.0 ms    [User: 61.6 ms, System: 15.6 ms]
  Range (min … max):    74.7 ms …  98.1 ms    10 runs
 
