Benchmark 1: C:\Users\test\Documents\research\research\artifacts\installed2\python\python.exe C:\Users\test\Documents\research\research\system\are-we-fast-yet\benchmarks\Python\harness.py DeltaBlue 10 15
Starting DeltaBlue benchmark ...
DeltaBlue: iterations=1 runtime: 2641us
DeltaBlue: iterations=1 runtime: 2796us
DeltaBlue: iterations=1 runtime: 2547us
DeltaBlue: iterations=1 runtime: 2416us
DeltaBlue: iterations=1 runtime: 2503us
DeltaBlue: iterations=1 runtime: 2286us
DeltaBlue: iterations=1 runtime: 2932us
DeltaBlue: iterations=1 runtime: 3048us
DeltaBlue: iterations=1 runtime: 3049us
DeltaBlue: iterations=1 runtime: 3237us
DeltaBlue: iterations=10 average: 2746us total: 27455us


Total Runtime: 27455us
Starting DeltaBlue benchmark ...
DeltaBlue: iterations=1 runtime: 6985us
DeltaBlue: iterations=1 runtime: 7455us
DeltaBlue: iterations=1 runtime: 5281us
DeltaBlue: iterations=1 runtime: 4450us
DeltaBlue: iterations=1 runtime: 5843us
DeltaBlue: iterations=1 runtime: 3686us
DeltaBlue: iterations=1 runtime: 4021us
DeltaBlue: iterations=1 runtime: 4425us
DeltaBlue: iterations=1 runtime: 2671us
DeltaBlue: iterations=1 runtime: 2620us
DeltaBlue: iterations=10 average: 4744us total: 47437us


Total Runtime: 47437us
Starting DeltaBlue benchmark ...
DeltaBlue: iterations=1 runtime: 3575us
DeltaBlue: iterations=1 runtime: 2391us
DeltaBlue: iterations=1 runtime: 2698us
DeltaBlue: iterations=1 runtime: 2780us
DeltaBlue: iterations=1 runtime: 3966us
DeltaBlue: iterations=1 runtime: 4414us
DeltaBlue: iterations=1 runtime: 5181us
DeltaBlue: iterations=1 runtime: 3787us
DeltaBlue: iterations=1 runtime: 4231us
DeltaBlue: iterations=1 runtime: 3905us
DeltaBlue: iterations=10 average: 3693us total: 36928us


Total Runtime: 36928us
Starting DeltaBlue benchmark ...
DeltaBlue: iterations=1 runtime: 3482us
DeltaBlue: iterations=1 runtime: 2593us
DeltaBlue: iterations=1 runtime: 2396us
DeltaBlue: iterations=1 runtime: 2389us
DeltaBlue: iterations=1 runtime: 2767us
DeltaBlue: iterations=1 runtime: 2736us
DeltaBlue: iterations=1 runtime: 6023us
DeltaBlue: iterations=1 runtime: 3136us
DeltaBlue: iterations=1 runtime: 2792us
DeltaBlue: iterations=1 runtime: 2730us
DeltaBlue: iterations=10 average: 3104us total: 31044us


Total Runtime: 31044us
Starting DeltaBlue benchmark ...
DeltaBlue: iterations=1 runtime: 3677us
DeltaBlue: iterations=1 runtime: 2221us
DeltaBlue: iterations=1 runtime: 2208us
DeltaBlue: iterations=1 runtime: 2301us
DeltaBlue: iterations=1 runtime: 2294us
DeltaBlue: iterations=1 runtime: 2427us
DeltaBlue: iterations=1 runtime: 2352us
DeltaBlue: iterations=1 runtime: 2684us
DeltaBlue: iterations=1 runtime: 2375us
DeltaBlue: iterations=1 runtime: 2363us
DeltaBlue: iterations=10 average: 2490us total: 24902us


Total Runtime: 24902us
Starting DeltaBlue benchmark ...
DeltaBlue: iterations=1 runtime: 2781us
DeltaBlue: iterations=1 runtime: 2196us
DeltaBlue: iterations=1 runtime: 2284us
DeltaBlue: iterations=1 runtime: 2369us
DeltaBlue: iterations=1 runtime: 2294us
DeltaBlue: iterations=1 runtime: 2434us
DeltaBlue: iterations=1 runtime: 2338us
DeltaBlue: iterations=1 runtime: 2364us
DeltaBlue: iterations=1 runtime: 2451us
DeltaBlue: iterations=1 runtime: 2353us
DeltaBlue: iterations=10 average: 2386us total: 23864us


Total Runtime: 23864us
Starting DeltaBlue benchmark ...
DeltaBlue: iterations=1 runtime: 3880us
DeltaBlue: iterations=1 runtime: 2333us
DeltaBlue: iterations=1 runtime: 2215us
DeltaBlue: iterations=1 runtime: 2247us
DeltaBlue: iterations=1 runtime: 2488us
DeltaBlue: iterations=1 runtime: 4877us
DeltaBlue: iterations=1 runtime: 3673us
DeltaBlue: iterations=1 runtime: 4530us
DeltaBlue: iterations=1 runtime: 3594us
DeltaBlue: iterations=1 runtime: 5826us
DeltaBlue: iterations=10 average: 3566us total: 35663us


Total Runtime: 35663us
Starting DeltaBlue benchmark ...
DeltaBlue: iterations=1 runtime: 2736us
DeltaBlue: iterations=1 runtime: 3340us
DeltaBlue: iterations=1 runtime: 2346us
DeltaBlue: iterations=1 runtime: 2207us
DeltaBlue: iterations=1 runtime: 2205us
DeltaBlue: iterations=1 runtime: 2358us
DeltaBlue: iterations=1 runtime: 2304us
DeltaBlue: iterations=1 runtime: 2332us
DeltaBlue: iterations=1 runtime: 2820us
DeltaBlue: iterations=1 runtime: 2257us
DeltaBlue: iterations=10 average: 2490us total: 24905us


Total Runtime: 24905us
Starting DeltaBlue benchmark ...
DeltaBlue: iterations=1 runtime: 2780us
DeltaBlue: iterations=1 runtime: 2252us
DeltaBlue: iterations=1 runtime: 2173us
DeltaBlue: iterations=1 runtime: 2298us
DeltaBlue: iterations=1 runtime: 2255us
DeltaBlue: iterations=1 runtime: 2438us
DeltaBlue: iterations=1 runtime: 2292us
DeltaBlue: iterations=1 runtime: 2283us
DeltaBlue: iterations=1 runtime: 2522us
DeltaBlue: iterations=1 runtime: 2413us
DeltaBlue: iterations=10 average: 2371us total: 23706us


Total Runtime: 23706us
Starting DeltaBlue benchmark ...
DeltaBlue: iterations=1 runtime: 2732us
DeltaBlue: iterations=1 runtime: 2190us
DeltaBlue: iterations=1 runtime: 2151us
DeltaBlue: iterations=1 runtime: 2225us
DeltaBlue: iterations=1 runtime: 2203us
DeltaBlue: iterations=1 runtime: 2289us
DeltaBlue: iterations=1 runtime: 2341us
DeltaBlue: iterations=1 runtime: 2277us
DeltaBlue: iterations=1 runtime: 2377us
DeltaBlue: iterations=1 runtime: 2288us
DeltaBlue: iterations=10 average: 2307us total: 23073us


Total Runtime: 23073us
Starting DeltaBlue benchmark ...
DeltaBlue: iterations=1 runtime: 2712us
DeltaBlue: iterations=1 runtime: 2180us
DeltaBlue: iterations=1 runtime: 2143us
DeltaBlue: iterations=1 runtime: 2265us
DeltaBlue: iterations=1 runtime: 2202us
DeltaBlue: iterations=1 runtime: 2340us
DeltaBlue: iterations=1 runtime: 2279us
DeltaBlue: iterations=1 runtime: 2261us
DeltaBlue: iterations=1 runtime: 2840us
DeltaBlue: iterations=1 runtime: 3690us
DeltaBlue: iterations=10 average: 2491us total: 24912us


Total Runtime: 24912us
Starting DeltaBlue benchmark ...
DeltaBlue: iterations=1 runtime: 2720us
DeltaBlue: iterations=1 runtime: 2193us
DeltaBlue: iterations=1 runtime: 2175us
DeltaBlue: iterations=1 runtime: 2323us
DeltaBlue: iterations=1 runtime: 2224us
DeltaBlue: iterations=1 runtime: 2401us
DeltaBlue: iterations=1 runtime: 2293us
DeltaBlue: iterations=1 runtime: 2298us
DeltaBlue: iterations=1 runtime: 2388us
DeltaBlue: iterations=1 runtime: 2357us
DeltaBlue: iterations=10 average: 2337us total: 23372us


Total Runtime: 23372us
Starting DeltaBlue benchmark ...
DeltaBlue: iterations=1 runtime: 3571us
DeltaBlue: iterations=1 runtime: 3228us
DeltaBlue: iterations=1 runtime: 3274us
DeltaBlue: iterations=1 runtime: 2982us
DeltaBlue: iterations=1 runtime: 2761us
DeltaBlue: iterations=1 runtime: 2675us
DeltaBlue: iterations=1 runtime: 4119us
DeltaBlue: iterations=1 runtime: 3816us
DeltaBlue: iterations=1 runtime: 2354us
DeltaBlue: iterations=1 runtime: 2453us
DeltaBlue: iterations=10 average: 3123us total: 31233us


Total Runtime: 31233us
  Time (mean ± σ):      70.8 ms ±   9.7 ms    [User: 51.9 ms, System: 14.8 ms]
  Range (min … max):    60.6 ms …  87.3 ms    10 runs
 
