Benchmark 1: C:\Users\test\Documents\research\research\artifacts\installed2\python\python.exe C:\Users\test\Documents\research\research\system\are-we-fast-yet\benchmarks\Python\harness.py DeltaBlue 10 15
Starting DeltaBlue benchmark ...
DeltaBlue: iterations=1 runtime: 2886us
DeltaBlue: iterations=1 runtime: 2715us
DeltaBlue: iterations=1 runtime: 2744us
DeltaBlue: iterations=1 runtime: 2844us
DeltaBlue: iterations=1 runtime: 2788us
DeltaBlue: iterations=1 runtime: 2984us
DeltaBlue: iterations=1 runtime: 2860us
DeltaBlue: iterations=1 runtime: 2933us
DeltaBlue: iterations=1 runtime: 2856us
DeltaBlue: iterations=1 runtime: 3000us
DeltaBlue: iterations=10 average: 2861us total: 28610us


Total Runtime: 28610us
Starting DeltaBlue benchmark ...
DeltaBlue: iterations=1 runtime: 2716us
DeltaBlue: iterations=1 runtime: 3188us
DeltaBlue: iterations=1 runtime: 2612us
DeltaBlue: iterations=1 runtime: 2773us
DeltaBlue: iterations=1 runtime: 2742us
DeltaBlue: iterations=1 runtime: 2755us
DeltaBlue: iterations=1 runtime: 2842us
DeltaBlue: iterations=1 runtime: 2754us
DeltaBlue: iterations=1 runtime: 2867us
DeltaBlue: iterations=1 runtime: 2913us
DeltaBlue: iterations=10 average: 2816us total: 28162us


Total Runtime: 28162us
Starting DeltaBlue benchmark ...
DeltaBlue: iterations=1 runtime: 2865us
DeltaBlue: iterations=1 runtime: 3640us
DeltaBlue: iterations=1 runtime: 3057us
DeltaBlue: iterations=1 runtime: 3813us
DeltaBlue: iterations=1 runtime: 4999us
DeltaBlue: iterations=1 runtime: 4647us
DeltaBlue: iterations=1 runtime: 3145us
DeltaBlue: iterations=1 runtime: 3141us
DeltaBlue: iterations=1 runtime: 3253us
DeltaBlue: iterations=1 runtime: 3563us
DeltaBlue: iterations=10 average: 3612us total: 36123us


Total Runtime: 36123us
Starting DeltaBlue benchmark ...
DeltaBlue: iterations=1 runtime: 3059us
DeltaBlue: iterations=1 runtime: 3925us
DeltaBlue: iterations=1 runtime: 3151us
DeltaBlue: iterations=1 runtime: 3402us
DeltaBlue: iterations=1 runtime: 3397us
DeltaBlue: iterations=1 runtime: 3345us
DeltaBlue: iterations=1 runtime: 3692us
DeltaBlue: iterations=1 runtime: 3637us
DeltaBlue: iterations=1 runtime: 3419us
DeltaBlue: iterations=1 runtime: 3804us
DeltaBlue: iterations=10 average: 3483us total: 34831us


Total Runtime: 34831us
Starting DeltaBlue benchmark ...
DeltaBlue: iterations=1 runtime: 2722us
DeltaBlue: iterations=1 runtime: 3171us
DeltaBlue: iterations=1 runtime: 2632us
DeltaBlue: iterations=1 runtime: 2758us
DeltaBlue: iterations=1 runtime: 2668us
DeltaBlue: iterations=1 runtime: 2763us
DeltaBlue: iterations=1 runtime: 2841us
DeltaBlue: iterations=1 runtime: 2731us
DeltaBlue: iterations=1 runtime: 2774us
DeltaBlue: iterations=1 runtime: 2888us
DeltaBlue: iterations=10 average: 2795us total: 27948us


Total Runtime: 27948us
Starting DeltaBlue benchmark ...
DeltaBlue: iterations=1 runtime: 2709us
DeltaBlue: iterations=1 runtime: 3150us
DeltaBlue: iterations=1 runtime: 2608us
DeltaBlue: iterations=1 runtime: 2748us
DeltaBlue: iterations=1 runtime: 2728us
DeltaBlue: iterations=1 runtime: 2824us
DeltaBlue: iterations=1 runtime: 2843us
DeltaBlue: iterations=1 runtime: 2771us
DeltaBlue: iterations=1 runtime: 2834us
DeltaBlue: iterations=1 runtime: 2885us
DeltaBlue: iterations=10 average: 2810us total: 28100us


Total Runtime: 28100us
Starting DeltaBlue benchmark ...
DeltaBlue: iterations=1 runtime: 2719us
DeltaBlue: iterations=1 runtime: 3220us
DeltaBlue: iterations=1 runtime: 2658us
DeltaBlue: iterations=1 runtime: 2723us
DeltaBlue: iterations=1 runtime: 2820us
DeltaBlue: iterations=1 runtime: 2758us
DeltaBlue: iterations=1 runtime: 2845us
DeltaBlue: iterations=1 runtime: 2771us
DeltaBlue: iterations=1 runtime: 2832us
DeltaBlue: iterations=1 runtime: 2846us
DeltaBlue: iterations=10 average: 2819us total: 28192us


Total Runtime: 28192us
Starting DeltaBlue benchmark ...
DeltaBlue: iterations=1 runtime: 2711us
DeltaBlue: iterations=1 runtime: 3201us
DeltaBlue: iterations=1 runtime: 2678us
DeltaBlue: iterations=1 runtime: 2737us
DeltaBlue: iterations=1 runtime: 2708us
DeltaBlue: iterations=1 runtime: 2823us
DeltaBlue: iterations=1 runtime: 2841us
DeltaBlue: iterations=1 runtime: 2780us
DeltaBlue: iterations=1 runtime: 2853us
DeltaBlue: iterations=1 runtime: 2871us
DeltaBlue: iterations=10 average: 2820us total: 28203us


Total Runtime: 28203us
Starting DeltaBlue benchmark ...
DeltaBlue: iterations=1 runtime: 2652us
DeltaBlue: iterations=1 runtime: 3166us
DeltaBlue: iterations=1 runtime: 2835us
DeltaBlue: iterations=1 runtime: 2866us
DeltaBlue: iterations=1 runtime: 2862us
DeltaBlue: iterations=1 runtime: 2814us
DeltaBlue: iterations=1 runtime: 2895us
DeltaBlue: iterations=1 runtime: 2866us
DeltaBlue: iterations=1 runtime: 2936us
DeltaBlue: iterations=1 runtime: 2978us
DeltaBlue: iterations=10 average: 2887us total: 28870us


Total Runtime: 28870us
Starting DeltaBlue benchmark ...
DeltaBlue: iterations=1 runtime: 2700us
DeltaBlue: iterations=1 runtime: 3288us
DeltaBlue: iterations=1 runtime: 2887us
DeltaBlue: iterations=1 runtime: 2899us
DeltaBlue: iterations=1 runtime: 2929us
DeltaBlue: iterations=1 runtime: 2852us
DeltaBlue: iterations=1 runtime: 3052us
DeltaBlue: iterations=1 runtime: 2943us
DeltaBlue: iterations=1 runtime: 2930us
DeltaBlue: iterations=1 runtime: 3025us
DeltaBlue: iterations=10 average: 2950us total: 29505us


Total Runtime: 29505us
Starting DeltaBlue benchmark ...
DeltaBlue: iterations=1 runtime: 2750us
DeltaBlue: iterations=1 runtime: 3302us
DeltaBlue: iterations=1 runtime: 2855us
DeltaBlue: iterations=1 runtime: 2920us
DeltaBlue: iterations=1 runtime: 2855us
DeltaBlue: iterations=1 runtime: 2925us
DeltaBlue: iterations=1 runtime: 2974us
DeltaBlue: iterations=1 runtime: 2903us
DeltaBlue: iterations=1 runtime: 2966us
DeltaBlue: iterations=1 runtime: 2991us
DeltaBlue: iterations=10 average: 2944us total: 29441us


Total Runtime: 29441us
Starting DeltaBlue benchmark ...
DeltaBlue: iterations=1 runtime: 2878us
DeltaBlue: iterations=1 runtime: 3317us
DeltaBlue: iterations=1 runtime: 2803us
DeltaBlue: iterations=1 runtime: 2900us
DeltaBlue: iterations=1 runtime: 2935us
DeltaBlue: iterations=1 runtime: 2937us
DeltaBlue: iterations=1 runtime: 3010us
DeltaBlue: iterations=1 runtime: 3020us
DeltaBlue: iterations=1 runtime: 2999us
DeltaBlue: iterations=1 runtime: 3000us
DeltaBlue: iterations=10 average: 2980us total: 29799us


Total Runtime: 29799us
Starting DeltaBlue benchmark ...
DeltaBlue: iterations=1 runtime: 2669us
DeltaBlue: iterations=1 runtime: 3248us
DeltaBlue: iterations=1 runtime: 2813us
DeltaBlue: iterations=1 runtime: 2875us
DeltaBlue: iterations=1 runtime: 2850us
DeltaBlue: iterations=1 runtime: 2875us
DeltaBlue: iterations=1 runtime: 2937us
DeltaBlue: iterations=1 runtime: 2870us
DeltaBlue: iterations=1 runtime: 2904us
DeltaBlue: iterations=1 runtime: 2926us
DeltaBlue: iterations=10 average: 2897us total: 28967us


Total Runtime: 28967us
  Time (mean ± σ):      70.5 ms ±   4.9 ms    [User: 46.6 ms, System: 9.1 ms]
  Range (min … max):    67.3 ms …  84.0 ms    10 runs
 
