Benchmark 1: C:\Users\test\Documents\research\research\artifacts\installed2\python\python.exe C:\Users\test\Documents\research\research\system\are-we-fast-yet\benchmarks\Python\harness.py DeltaBlue 10 15
Starting DeltaBlue benchmark ...
DeltaBlue: iterations=1 runtime: 2302us
DeltaBlue: iterations=1 runtime: 2244us
DeltaBlue: iterations=1 runtime: 2410us
DeltaBlue: iterations=1 runtime: 2411us
DeltaBlue: iterations=1 runtime: 2690us
DeltaBlue: iterations=1 runtime: 2540us
DeltaBlue: iterations=1 runtime: 3272us
DeltaBlue: iterations=1 runtime: 2863us
DeltaBlue: iterations=1 runtime: 2688us
DeltaBlue: iterations=1 runtime: 3790us
DeltaBlue: iterations=10 average: 2721us total: 27210us


Total Runtime: 27210us
Starting DeltaBlue benchmark ...
DeltaBlue: iterations=1 runtime: 3586us
DeltaBlue: iterations=1 runtime: 2354us
DeltaBlue: iterations=1 runtime: 2322us
DeltaBlue: iterations=1 runtime: 2804us
DeltaBlue: iterations=1 runtime: 2280us
DeltaBlue: iterations=1 runtime: 2330us
DeltaBlue: iterations=1 runtime: 2479us
DeltaBlue: iterations=1 runtime: 2148us
DeltaBlue: iterations=1 runtime: 2232us
DeltaBlue: iterations=1 runtime: 2153us
DeltaBlue: iterations=10 average: 2469us total: 24688us


Total Runtime: 24688us
Starting DeltaBlue benchmark ...
DeltaBlue: iterations=1 runtime: 3969us
DeltaBlue: iterations=1 runtime: 2147us
DeltaBlue: iterations=1 runtime: 2145us
DeltaBlue: iterations=1 runtime: 2189us
DeltaBlue: iterations=1 runtime: 2244us
DeltaBlue: iterations=1 runtime: 2214us
DeltaBlue: iterations=1 runtime: 2126us
DeltaBlue: iterations=1 runtime: 2630us
DeltaBlue: iterations=1 runtime: 2220us
DeltaBlue: iterations=1 runtime: 2181us
DeltaBlue: iterations=10 average: 2406us total: 24065us


Total Runtime: 24065us
Starting DeltaBlue benchmark ...
DeltaBlue: iterations=1 runtime: 2727us
DeltaBlue: iterations=1 runtime: 2169us
DeltaBlue: iterations=1 runtime: 2254us
DeltaBlue: iterations=1 runtime: 2690us
DeltaBlue: iterations=1 runtime: 2354us
DeltaBlue: iterations=1 runtime: 2366us
DeltaBlue: iterations=1 runtime: 2149us
DeltaBlue: iterations=1 runtime: 2160us
DeltaBlue: iterations=1 runtime: 2236us
DeltaBlue: iterations=1 runtime: 2514us
DeltaBlue: iterations=10 average: 2362us total: 23619us


Total Runtime: 23619us
Starting DeltaBlue benchmark ...
DeltaBlue: iterations=1 runtime: 6249us
DeltaBlue: iterations=1 runtime: 2702us
DeltaBlue: iterations=1 runtime: 4423us
DeltaBlue: iterations=1 runtime: 5311us
DeltaBlue: iterations=1 runtime: 11914us
DeltaBlue: iterations=1 runtime: 6228us
DeltaBlue: iterations=1 runtime: 3749us
DeltaBlue: iterations=1 runtime: 2546us
DeltaBlue: iterations=1 runtime: 2337us
DeltaBlue: iterations=1 runtime: 2116us
DeltaBlue: iterations=10 average: 4758us total: 47575us


Total Runtime: 47575us
Starting DeltaBlue benchmark ...
DeltaBlue: iterations=1 runtime: 2768us
DeltaBlue: iterations=1 runtime: 2165us
DeltaBlue: iterations=1 runtime: 2126us
DeltaBlue: iterations=1 runtime: 2188us
DeltaBlue: iterations=1 runtime: 2346us
DeltaBlue: iterations=1 runtime: 3848us
DeltaBlue: iterations=1 runtime: 3444us
DeltaBlue: iterations=1 runtime: 3442us
DeltaBlue: iterations=1 runtime: 2234us
DeltaBlue: iterations=1 runtime: 2109us
DeltaBlue: iterations=10 average: 2667us total: 26670us


Total Runtime: 26670us
Starting DeltaBlue benchmark ...
DeltaBlue: iterations=1 runtime: 2728us
DeltaBlue: iterations=1 runtime: 2137us
DeltaBlue: iterations=1 runtime: 2140us
DeltaBlue: iterations=1 runtime: 2184us
DeltaBlue: iterations=1 runtime: 2114us
DeltaBlue: iterations=1 runtime: 2225us
DeltaBlue: iterations=1 runtime: 2272us
DeltaBlue: iterations=1 runtime: 2120us
DeltaBlue: iterations=1 runtime: 2198us
DeltaBlue: iterations=1 runtime: 2102us
DeltaBlue: iterations=10 average: 2222us total: 22220us


Total Runtime: 22220us
Starting DeltaBlue benchmark ...
DeltaBlue: iterations=1 runtime: 2694us
DeltaBlue: iterations=1 runtime: 2150us
DeltaBlue: iterations=1 runtime: 2150us
DeltaBlue: iterations=1 runtime: 2195us
DeltaBlue: iterations=1 runtime: 2119us
DeltaBlue: iterations=1 runtime: 2179us
DeltaBlue: iterations=1 runtime: 2117us
DeltaBlue: iterations=1 runtime: 2126us
DeltaBlue: iterations=1 runtime: 2212us
DeltaBlue: iterations=1 runtime: 2119us
DeltaBlue: iterations=10 average: 2206us total: 22061us


Total Runtime: 22061us
Starting DeltaBlue benchmark ...
DeltaBlue: iterations=1 runtime: 2715us
DeltaBlue: iterations=1 runtime: 2161us
DeltaBlue: iterations=1 runtime: 2138us
DeltaBlue: iterations=1 runtime: 2200us
DeltaBlue: iterations=1 runtime: 2124us
DeltaBlue: iterations=1 runtime: 2221us
DeltaBlue: iterations=1 runtime: 2126us
DeltaBlue: iterations=1 runtime: 2119us
DeltaBlue: iterations=1 runtime: 2213us
DeltaBlue: iterations=1 runtime: 2136us
DeltaBlue: iterations=10 average: 2215us total: 22153us


Total Runtime: 22153us
Starting DeltaBlue benchmark ...
DeltaBlue: iterations=1 runtime: 2705us
DeltaBlue: iterations=1 runtime: 2159us
DeltaBlue: iterations=1 runtime: 2130us
DeltaBlue: iterations=1 runtime: 2179us
DeltaBlue: iterations=1 runtime: 2104us
DeltaBlue: iterations=1 runtime: 2174us
DeltaBlue: iterations=1 runtime: 2100us
DeltaBlue: iterations=1 runtime: 2108us
DeltaBlue: iterations=1 runtime: 2544us
DeltaBlue: iterations=1 runtime: 3466us
DeltaBlue: iterations=10 average: 2367us total: 23669us


Total Runtime: 23669us
Starting DeltaBlue benchmark ...
DeltaBlue: iterations=1 runtime: 2822us
DeltaBlue: iterations=1 runtime: 2133us
DeltaBlue: iterations=1 runtime: 2131us
DeltaBlue: iterations=1 runtime: 2175us
DeltaBlue: iterations=1 runtime: 2140us
DeltaBlue: iterations=1 runtime: 2174us
DeltaBlue: iterations=1 runtime: 2106us
DeltaBlue: iterations=1 runtime: 2098us
DeltaBlue: iterations=1 runtime: 2187us
DeltaBlue: iterations=1 runtime: 2108us
DeltaBlue: iterations=10 average: 2207us total: 22074us


Total Runtime: 22074us
Starting DeltaBlue benchmark ...
DeltaBlue: iterations=1 runtime: 2664us
DeltaBlue: iterations=1 runtime: 2134us
DeltaBlue: iterations=1 runtime: 2113us
DeltaBlue: iterations=1 runtime: 2172us
DeltaBlue: iterations=1 runtime: 2094us
DeltaBlue: iterations=1 runtime: 3171us
DeltaBlue: iterations=1 runtime: 3426us
DeltaBlue: iterations=1 runtime: 3436us
DeltaBlue: iterations=1 runtime: 2349us
DeltaBlue: iterations=1 runtime: 3596us
DeltaBlue: iterations=10 average: 2716us total: 27155us


Total Runtime: 27155us
Starting DeltaBlue benchmark ...
DeltaBlue: iterations=1 runtime: 3265us
DeltaBlue: iterations=1 runtime: 3418us
DeltaBlue: iterations=1 runtime: 2576us
DeltaBlue: iterations=1 runtime: 2484us
DeltaBlue: iterations=1 runtime: 2304us
DeltaBlue: iterations=1 runtime: 2242us
DeltaBlue: iterations=1 runtime: 2123us
DeltaBlue: iterations=1 runtime: 2236us
DeltaBlue: iterations=1 runtime: 2361us
DeltaBlue: iterations=1 runtime: 2104us
DeltaBlue: iterations=10 average: 2511us total: 25113us


Total Runtime: 25113us
  Time (mean ± σ):      69.2 ms ±  12.7 ms    [User: 53.8 ms, System: 9.9 ms]
  Range (min … max):    59.6 ms …  97.6 ms    10 runs
 
