Benchmark 1: C:\Users\test\Documents\research\research\artifacts\installed2\python\python.exe C:\Users\test\Documents\research\research\system\are-we-fast-yet\benchmarks\Python\harness.py Json 10 15
Starting Json benchmark ...
Json: iterations=1 runtime: 383305us
Json: iterations=1 runtime: 393980us
Json: iterations=1 runtime: 373317us
Json: iterations=1 runtime: 370940us
Json: iterations=1 runtime: 362019us
Json: iterations=1 runtime: 369314us
Json: iterations=1 runtime: 386603us
Json: iterations=1 runtime: 459624us
Json: iterations=1 runtime: 382390us
Json: iterations=1 runtime: 325017us
Json: iterations=10 average: 380651us total: 3806509us


Total Runtime: 3806509us
Starting Json benchmark ...
Json: iterations=1 runtime: 422203us
Json: iterations=1 runtime: 386421us
Json: iterations=1 runtime: 369699us
Json: iterations=1 runtime: 362994us
Json: iterations=1 runtime: 567091us
Json: iterations=1 runtime: 437373us
Json: iterations=1 runtime: 600458us
Json: iterations=1 runtime: 402101us
Json: iterations=1 runtime: 484747us
Json: iterations=1 runtime: 466296us
Json: iterations=10 average: 449938us total: 4499383us


Total Runtime: 4499383us
Starting Json benchmark ...
Json: iterations=1 runtime: 368427us
Json: iterations=1 runtime: 354568us
Json: iterations=1 runtime: 381779us
Json: iterations=1 runtime: 361501us
Json: iterations=1 runtime: 364827us
Json: iterations=1 runtime: 388186us
Json: iterations=1 runtime: 403144us
Json: iterations=1 runtime: 437944us
Json: iterations=1 runtime: 509849us
Json: iterations=1 runtime: 366533us
Json: iterations=10 average: 393676us total: 3936758us


Total Runtime: 3936758us
Starting Json benchmark ...
Json: iterations=1 runtime: 374034us
Json: iterations=1 runtime: 551266us
Json: iterations=1 runtime: 543353us
Json: iterations=1 runtime: 580083us
Json: iterations=1 runtime: 449226us
Json: iterations=1 runtime: 366095us
Json: iterations=1 runtime: 367820us
Json: iterations=1 runtime: 371547us
Json: iterations=1 runtime: 354177us
Json: iterations=1 runtime: 421526us
Json: iterations=10 average: 437913us total: 4379127us


Total Runtime: 4379127us
Starting Json benchmark ...
Json: iterations=1 runtime: 392979us
Json: iterations=1 runtime: 359614us
Json: iterations=1 runtime: 360385us
Json: iterations=1 runtime: 345696us
Json: iterations=1 runtime: 375867us
Json: iterations=1 runtime: 402527us
Json: iterations=1 runtime: 333645us
Json: iterations=1 runtime: 345461us
Json: iterations=1 runtime: 387748us
Json: iterations=1 runtime: 396486us
Json: iterations=10 average: 370041us total: 3700408us


Total Runtime: 3700408us
Starting Json benchmark ...
Json: iterations=1 runtime: 504075us
Json: iterations=1 runtime: 489315us
Json: iterations=1 runtime: 482023us
Json: iterations=1 runtime: 419673us
Json: iterations=1 runtime: 402709us
Json: iterations=1 runtime: 414519us
Json: iterations=1 runtime: 407442us
Json: iterations=1 runtime: 425500us
Json: iterations=1 runtime: 399621us
Json: iterations=1 runtime: 389222us
Json: iterations=10 average: 433410us total: 4334099us


Total Runtime: 4334099us
Starting Json benchmark ...
Json: iterations=1 runtime: 391610us
Json: iterations=1 runtime: 408887us
Json: iterations=1 runtime: 363358us
Json: iterations=1 runtime: 383890us
Json: iterations=1 runtime: 556281us
Json: iterations=1 runtime: 589671us
Json: iterations=1 runtime: 555327us
Json: iterations=1 runtime: 774623us
Json: iterations=1 runtime: 425060us
Json: iterations=1 runtime: 529149us
Json: iterations=10 average: 497786us total: 4977856us


Total Runtime: 4977856us
Starting Json benchmark ...
Json: iterations=1 runtime: 369742us
Json: iterations=1 runtime: 399176us
Json: iterations=1 runtime: 390372us
Json: iterations=1 runtime: 393374us
Json: iterations=1 runtime: 400028us
Json: iterations=1 runtime: 372025us
Json: iterations=1 runtime: 378306us
Json: iterations=1 runtime: 429492us
Json: iterations=1 runtime: 426595us
Json: iterations=1 runtime: 394163us
Json: iterations=10 average: 395327us total: 3953273us


Total Runtime: 3953273us
Starting Json benchmark ...
Json: iterations=1 runtime: 470266us
Json: iterations=1 runtime: 570502us
Json: iterations=1 runtime: 563813us
Json: iterations=1 runtime: 473315us
Json: iterations=1 runtime: 383886us
Json: iterations=1 runtime: 426142us
Json: iterations=1 runtime: 483786us
Json: iterations=1 runtime: 529589us
Json: iterations=1 runtime: 613964us
Json: iterations=1 runtime: 394257us
Json: iterations=10 average: 490952us total: 4909520us


Total Runtime: 4909520us
Starting Json benchmark ...
Json: iterations=1 runtime: 551745us
Json: iterations=1 runtime: 856630us
Json: iterations=1 runtime: 846922us
Json: iterations=1 runtime: 547759us
Json: iterations=1 runtime: 463827us
Json: iterations=1 runtime: 429410us
Json: iterations=1 runtime: 442422us
Json: iterations=1 runtime: 545474us
Json: iterations=1 runtime: 722739us
Json: iterations=1 runtime: 740691us
Json: iterations=10 average: 614762us total: 6147619us


Total Runtime: 6147619us
Starting Json benchmark ...
Json: iterations=1 runtime: 592450us
Json: iterations=1 runtime: 756670us
Json: iterations=1 runtime: 936192us
Json: iterations=1 runtime: 762281us
Json: iterations=1 runtime: 791280us
Json: iterations=1 runtime: 661680us
Json: iterations=1 runtime: 706270us
Json: iterations=1 runtime: 774218us
Json: iterations=1 runtime: 750588us
Json: iterations=1 runtime: 572284us
Json: iterations=10 average: 730391us total: 7303913us


Total Runtime: 7303913us
Starting Json benchmark ...
Json: iterations=1 runtime: 570607us
Json: iterations=1 runtime: 483714us
Json: iterations=1 runtime: 439013us
Json: iterations=1 runtime: 383513us
Json: iterations=1 runtime: 395977us
Json: iterations=1 runtime: 523663us
Json: iterations=1 runtime: 410864us
Json: iterations=1 runtime: 433381us
Json: iterations=1 runtime: 383403us
Json: iterations=1 runtime: 421705us
Json: iterations=10 average: 444584us total: 4445840us


Total Runtime: 4445840us
Starting Json benchmark ...
Json: iterations=1 runtime: 451133us
Json: iterations=1 runtime: 443648us
Json: iterations=1 runtime: 442617us
Json: iterations=1 runtime: 476071us
Json: iterations=1 runtime: 433271us
Json: iterations=1 runtime: 460725us
Json: iterations=1 runtime: 446654us
Json: iterations=1 runtime: 424136us
Json: iterations=1 runtime: 383942us
Json: iterations=1 runtime: 386790us
Json: iterations=10 average: 434899us total: 4348987us


Total Runtime: 4348987us
  Time (mean ± σ):      4.905 s ±  1.098 s    [User: 4.805 s, System: 0.031 s]
  Range (min … max):    3.744 s …  7.374 s    10 runs
 
