Benchmark 1: C:\Users\test\Documents\research\research\artifacts\installed2\python\python.exe C:\Users\test\Documents\research\research\system\are-we-fast-yet\benchmarks\Python\harness.py Json 10 15
Starting Json benchmark ...
Json: iterations=1 runtime: 517987us
Json: iterations=1 runtime: 481698us
Json: iterations=1 runtime: 456463us
Json: iterations=1 runtime: 536595us
Json: iterations=1 runtime: 480150us
Json: iterations=1 runtime: 533214us
Json: iterations=1 runtime: 501889us
Json: iterations=1 runtime: 507050us
Json: iterations=1 runtime: 495297us
Json: iterations=1 runtime: 505636us
Json: iterations=10 average: 501598us total: 5015979us


Total Runtime: 5015979us
Starting Json benchmark ...
Json: iterations=1 runtime: 463110us
Json: iterations=1 runtime: 467881us
Json: iterations=1 runtime: 469384us
Json: iterations=1 runtime: 486815us
Json: iterations=1 runtime: 465710us
Json: iterations=1 runtime: 493720us
Json: iterations=1 runtime: 494607us
Json: iterations=1 runtime: 480760us
Json: iterations=1 runtime: 480137us
Json: iterations=1 runtime: 464469us
Json: iterations=10 average: 476659us total: 4766593us


Total Runtime: 4766593us
Starting Json benchmark ...
Json: iterations=1 runtime: 456333us
Json: iterations=1 runtime: 498468us
Json: iterations=1 runtime: 467166us
Json: iterations=1 runtime: 495297us
Json: iterations=1 runtime: 463266us
Json: iterations=1 runtime: 516960us
Json: iterations=1 runtime: 519322us
Json: iterations=1 runtime: 479894us
Json: iterations=1 runtime: 434721us
Json: iterations=1 runtime: 478468us
Json: iterations=10 average: 480990us total: 4809895us


Total Runtime: 4809895us
Starting Json benchmark ...
Json: iterations=1 runtime: 422970us
Json: iterations=1 runtime: 452141us
Json: iterations=1 runtime: 467528us
Json: iterations=1 runtime: 489917us
Json: iterations=1 runtime: 490301us
Json: iterations=1 runtime: 476887us
Json: iterations=1 runtime: 543345us
Json: iterations=1 runtime: 481077us
Json: iterations=1 runtime: 439628us
Json: iterations=1 runtime: 452358us
Json: iterations=10 average: 471615us total: 4716152us


Total Runtime: 4716152us
Starting Json benchmark ...
Json: iterations=1 runtime: 502923us
Json: iterations=1 runtime: 448568us
Json: iterations=1 runtime: 443413us
Json: iterations=1 runtime: 451684us
Json: iterations=1 runtime: 452420us
Json: iterations=1 runtime: 424900us
Json: iterations=1 runtime: 501758us
Json: iterations=1 runtime: 533205us
Json: iterations=1 runtime: 475527us
Json: iterations=1 runtime: 485242us
Json: iterations=10 average: 471964us total: 4719640us


Total Runtime: 4719640us
Starting Json benchmark ...
Json: iterations=1 runtime: 495135us
Json: iterations=1 runtime: 528132us
Json: iterations=1 runtime: 524386us
Json: iterations=1 runtime: 583262us
Json: iterations=1 runtime: 569228us
Json: iterations=1 runtime: 595706us
Json: iterations=1 runtime: 481112us
Json: iterations=1 runtime: 525957us
Json: iterations=1 runtime: 476811us
Json: iterations=1 runtime: 480777us
Json: iterations=10 average: 526051us total: 5260506us


Total Runtime: 5260506us
Starting Json benchmark ...
Json: iterations=1 runtime: 479155us
Json: iterations=1 runtime: 460390us
Json: iterations=1 runtime: 485244us
Json: iterations=1 runtime: 510521us
Json: iterations=1 runtime: 477239us
Json: iterations=1 runtime: 489388us
Json: iterations=1 runtime: 497874us
Json: iterations=1 runtime: 473855us
Json: iterations=1 runtime: 497523us
Json: iterations=1 runtime: 500351us
Json: iterations=10 average: 487154us total: 4871540us


Total Runtime: 4871540us
Starting Json benchmark ...
Json: iterations=1 runtime: 482365us
Json: iterations=1 runtime: 491264us
Json: iterations=1 runtime: 451580us
Json: iterations=1 runtime: 493733us
Json: iterations=1 runtime: 517181us
Json: iterations=1 runtime: 508244us
Json: iterations=1 runtime: 500821us
Json: iterations=1 runtime: 545190us
Json: iterations=1 runtime: 576096us
Json: iterations=1 runtime: 553579us
Json: iterations=10 average: 512005us total: 5120053us


Total Runtime: 5120053us
Starting Json benchmark ...
Json: iterations=1 runtime: 548299us
Json: iterations=1 runtime: 643458us
Json: iterations=1 runtime: 599627us
Json: iterations=1 runtime: 545536us
Json: iterations=1 runtime: 732150us
Json: iterations=1 runtime: 602872us
Json: iterations=1 runtime: 531928us
Json: iterations=1 runtime: 521480us
Json: iterations=1 runtime: 574835us
Json: iterations=1 runtime: 564435us
Json: iterations=10 average: 586462us total: 5864620us


Total Runtime: 5864620us
Starting Json benchmark ...
Json: iterations=1 runtime: 565989us
Json: iterations=1 runtime: 572401us
Json: iterations=1 runtime: 590389us
Json: iterations=1 runtime: 608694us
Json: iterations=1 runtime: 539879us
Json: iterations=1 runtime: 488852us
Json: iterations=1 runtime: 528094us
Json: iterations=1 runtime: 484952us
Json: iterations=1 runtime: 491623us
Json: iterations=1 runtime: 502634us
Json: iterations=10 average: 537351us total: 5373507us


Total Runtime: 5373507us
Starting Json benchmark ...
Json: iterations=1 runtime: 539598us
Json: iterations=1 runtime: 502881us
Json: iterations=1 runtime: 526735us
Json: iterations=1 runtime: 683062us
Json: iterations=1 runtime: 543535us
Json: iterations=1 runtime: 559996us
Json: iterations=1 runtime: 583153us
Json: iterations=1 runtime: 536483us
Json: iterations=1 runtime: 491489us
Json: iterations=1 runtime: 533422us
Json: iterations=10 average: 550035us total: 5500354us


Total Runtime: 5500354us
Starting Json benchmark ...
Json: iterations=1 runtime: 591509us
Json: iterations=1 runtime: 573648us
Json: iterations=1 runtime: 518529us
Json: iterations=1 runtime: 523414us
Json: iterations=1 runtime: 512639us
Json: iterations=1 runtime: 521316us
Json: iterations=1 runtime: 469576us
Json: iterations=1 runtime: 472391us
Json: iterations=1 runtime: 456026us
Json: iterations=1 runtime: 470361us
Json: iterations=10 average: 510941us total: 5109409us


Total Runtime: 5109409us
Starting Json benchmark ...
Json: iterations=1 runtime: 444244us
Json: iterations=1 runtime: 433605us
Json: iterations=1 runtime: 488519us
Json: iterations=1 runtime: 527776us
Json: iterations=1 runtime: 568199us
Json: iterations=1 runtime: 481376us
Json: iterations=1 runtime: 473313us
Json: iterations=1 runtime: 512625us
Json: iterations=1 runtime: 519926us
Json: iterations=1 runtime: 502357us
Json: iterations=10 average: 495194us total: 4951940us


Total Runtime: 4951940us
  Time (mean ± σ):      5.201 s ±  0.365 s    [User: 5.154 s, System: 0.036 s]
  Range (min … max):    4.758 s …  5.913 s    10 runs
 
