Benchmark 1: C:\Users\test\Documents\research\research\artifacts\installed2\python\python.exe C:\Users\test\Documents\research\research\system\are-we-fast-yet\benchmarks\Python\harness.py DeltaBlue 10 15
Starting DeltaBlue benchmark ...
DeltaBlue: iterations=1 runtime: 3482us
DeltaBlue: iterations=1 runtime: 5391us
DeltaBlue: iterations=1 runtime: 3755us
DeltaBlue: iterations=1 runtime: 2823us
DeltaBlue: iterations=1 runtime: 2837us
DeltaBlue: iterations=1 runtime: 3678us
DeltaBlue: iterations=1 runtime: 3508us
DeltaBlue: iterations=1 runtime: 5270us
DeltaBlue: iterations=1 runtime: 9219us
DeltaBlue: iterations=1 runtime: 4831us
DeltaBlue: iterations=10 average: 4479us total: 44794us


Total Runtime: 44794us
Starting DeltaBlue benchmark ...
DeltaBlue: iterations=1 runtime: 2744us
DeltaBlue: iterations=1 runtime: 2691us
DeltaBlue: iterations=1 runtime: 3860us
DeltaBlue: iterations=1 runtime: 3645us
DeltaBlue: iterations=1 runtime: 2893us
DeltaBlue: iterations=1 runtime: 2752us
DeltaBlue: iterations=1 runtime: 3001us
DeltaBlue: iterations=1 runtime: 3386us
DeltaBlue: iterations=1 runtime: 4352us
DeltaBlue: iterations=1 runtime: 2906us
DeltaBlue: iterations=10 average: 3223us total: 32230us


Total Runtime: 32230us
Starting DeltaBlue benchmark ...
DeltaBlue: iterations=1 runtime: 2919us
DeltaBlue: iterations=1 runtime: 3196us
DeltaBlue: iterations=1 runtime: 3400us
DeltaBlue: iterations=1 runtime: 4768us
DeltaBlue: iterations=1 runtime: 2954us
DeltaBlue: iterations=1 runtime: 3154us
DeltaBlue: iterations=1 runtime: 3252us
DeltaBlue: iterations=1 runtime: 2835us
DeltaBlue: iterations=1 runtime: 3573us
DeltaBlue: iterations=1 runtime: 3631us
DeltaBlue: iterations=10 average: 3368us total: 33682us


Total Runtime: 33682us
Starting DeltaBlue benchmark ...
DeltaBlue: iterations=1 runtime: 2760us
DeltaBlue: iterations=1 runtime: 2787us
DeltaBlue: iterations=1 runtime: 2696us
DeltaBlue: iterations=1 runtime: 2876us
DeltaBlue: iterations=1 runtime: 3403us
DeltaBlue: iterations=1 runtime: 2979us
DeltaBlue: iterations=1 runtime: 2930us
DeltaBlue: iterations=1 runtime: 2836us
DeltaBlue: iterations=1 runtime: 2900us
DeltaBlue: iterations=1 runtime: 3069us
DeltaBlue: iterations=10 average: 2924us total: 29236us


Total Runtime: 29236us
Starting DeltaBlue benchmark ...
DeltaBlue: iterations=1 runtime: 2676us
DeltaBlue: iterations=1 runtime: 2869us
DeltaBlue: iterations=1 runtime: 5449us
DeltaBlue: iterations=1 runtime: 2944us
DeltaBlue: iterations=1 runtime: 2850us
DeltaBlue: iterations=1 runtime: 2882us
DeltaBlue: iterations=1 runtime: 3100us
DeltaBlue: iterations=1 runtime: 3022us
DeltaBlue: iterations=1 runtime: 3108us
DeltaBlue: iterations=1 runtime: 3322us
DeltaBlue: iterations=10 average: 3222us total: 32222us


Total Runtime: 32222us
Starting DeltaBlue benchmark ...
DeltaBlue: iterations=1 runtime: 2808us
DeltaBlue: iterations=1 runtime: 2671us
DeltaBlue: iterations=1 runtime: 2800us
DeltaBlue: iterations=1 runtime: 2770us
DeltaBlue: iterations=1 runtime: 2849us
DeltaBlue: iterations=1 runtime: 2908us
DeltaBlue: iterations=1 runtime: 3147us
DeltaBlue: iterations=1 runtime: 2942us
DeltaBlue: iterations=1 runtime: 2985us
DeltaBlue: iterations=1 runtime: 3066us
DeltaBlue: iterations=10 average: 2895us total: 28946us


Total Runtime: 28946us
Starting DeltaBlue benchmark ...
DeltaBlue: iterations=1 runtime: 2719us
DeltaBlue: iterations=1 runtime: 2664us
DeltaBlue: iterations=1 runtime: 2687us
DeltaBlue: iterations=1 runtime: 2900us
DeltaBlue: iterations=1 runtime: 2776us
DeltaBlue: iterations=1 runtime: 2966us
DeltaBlue: iterations=1 runtime: 2899us
DeltaBlue: iterations=1 runtime: 2806us
DeltaBlue: iterations=1 runtime: 3980us
DeltaBlue: iterations=1 runtime: 2952us
DeltaBlue: iterations=10 average: 2935us total: 29349us


Total Runtime: 29349us
Starting DeltaBlue benchmark ...
DeltaBlue: iterations=1 runtime: 2649us
DeltaBlue: iterations=1 runtime: 2616us
DeltaBlue: iterations=1 runtime: 2759us
DeltaBlue: iterations=1 runtime: 2860us
DeltaBlue: iterations=1 runtime: 2823us
DeltaBlue: iterations=1 runtime: 2868us
DeltaBlue: iterations=1 runtime: 2962us
DeltaBlue: iterations=1 runtime: 3382us
DeltaBlue: iterations=1 runtime: 3868us
DeltaBlue: iterations=1 runtime: 2943us
DeltaBlue: iterations=10 average: 2973us total: 29730us


Total Runtime: 29730us
Starting DeltaBlue benchmark ...
DeltaBlue: iterations=1 runtime: 3468us
DeltaBlue: iterations=1 runtime: 2790us
DeltaBlue: iterations=1 runtime: 2813us
DeltaBlue: iterations=1 runtime: 2874us
DeltaBlue: iterations=1 runtime: 2929us
DeltaBlue: iterations=1 runtime: 2857us
DeltaBlue: iterations=1 runtime: 3032us
DeltaBlue: iterations=1 runtime: 2912us
DeltaBlue: iterations=1 runtime: 2880us
DeltaBlue: iterations=1 runtime: 2959us
DeltaBlue: iterations=10 average: 2951us total: 29514us


Total Runtime: 29514us
Starting DeltaBlue benchmark ...
DeltaBlue: iterations=1 runtime: 2644us
DeltaBlue: iterations=1 runtime: 2808us
DeltaBlue: iterations=1 runtime: 2758us
DeltaBlue: iterations=1 runtime: 2862us
DeltaBlue: iterations=1 runtime: 4184us
DeltaBlue: iterations=1 runtime: 3725us
DeltaBlue: iterations=1 runtime: 2937us
DeltaBlue: iterations=1 runtime: 3033us
DeltaBlue: iterations=1 runtime: 2945us
DeltaBlue: iterations=1 runtime: 2950us
DeltaBlue: iterations=10 average: 3085us total: 30846us


Total Runtime: 30846us
Starting DeltaBlue benchmark ...
DeltaBlue: iterations=1 runtime: 2650us
DeltaBlue: iterations=1 runtime: 2704us
DeltaBlue: iterations=1 runtime: 2776us
DeltaBlue: iterations=1 runtime: 2875us
DeltaBlue: iterations=1 runtime: 2837us
DeltaBlue: iterations=1 runtime: 2895us
DeltaBlue: iterations=1 runtime: 2926us
DeltaBlue: iterations=1 runtime: 2830us
DeltaBlue: iterations=1 runtime: 2933us
DeltaBlue: iterations=1 runtime: 3004us
DeltaBlue: iterations=10 average: 2843us total: 28430us


Total Runtime: 28430us
Starting DeltaBlue benchmark ...
DeltaBlue: iterations=1 runtime: 3241us
DeltaBlue: iterations=1 runtime: 2667us
DeltaBlue: iterations=1 runtime: 2653us
DeltaBlue: iterations=1 runtime: 2738us
DeltaBlue: iterations=1 runtime: 2818us
DeltaBlue: iterations=1 runtime: 3215us
DeltaBlue: iterations=1 runtime: 4317us
DeltaBlue: iterations=1 runtime: 5778us
DeltaBlue: iterations=1 runtime: 4506us
DeltaBlue: iterations=1 runtime: 4841us
DeltaBlue: iterations=10 average: 3677us total: 36774us


Total Runtime: 36774us
Starting DeltaBlue benchmark ...
DeltaBlue: iterations=1 runtime: 2685us
DeltaBlue: iterations=1 runtime: 2783us
DeltaBlue: iterations=1 runtime: 2834us
DeltaBlue: iterations=1 runtime: 2909us
DeltaBlue: iterations=1 runtime: 2962us
DeltaBlue: iterations=1 runtime: 2893us
DeltaBlue: iterations=1 runtime: 3046us
DeltaBlue: iterations=1 runtime: 2932us
DeltaBlue: iterations=1 runtime: 2948us
DeltaBlue: iterations=1 runtime: 4103us
DeltaBlue: iterations=10 average: 3010us total: 30095us


Total Runtime: 30095us
  Time (mean ± σ):      76.5 ms ±   4.0 ms    [User: 43.1 ms, System: 27.5 ms]
  Range (min … max):    70.3 ms …  83.1 ms    10 runs
 
