Benchmark 1: C:\Users\test\Documents\research\research\artifacts\installed\python\python.exe C:\Users\test\Documents\research\research\artifacts\system\are-we-fast-yet\benchmarks\Python\harness.py DeltaBlue 10 15
Starting DeltaBlue benchmark ...
DeltaBlue: iterations=1 runtime: 2627us
DeltaBlue: iterations=1 runtime: 2470us
DeltaBlue: iterations=1 runtime: 2365us
DeltaBlue: iterations=1 runtime: 2196us
DeltaBlue: iterations=1 runtime: 2211us
DeltaBlue: iterations=1 runtime: 2265us
DeltaBlue: iterations=1 runtime: 2197us
DeltaBlue: iterations=1 runtime: 2268us
DeltaBlue: iterations=1 runtime: 2188us
DeltaBlue: iterations=1 runtime: 2228us
DeltaBlue: iterations=10 average: 2302us total: 23015us


Total Runtime: 23015us
Starting DeltaBlue benchmark ...
DeltaBlue: iterations=1 runtime: 2290us
DeltaBlue: iterations=1 runtime: 2739us
DeltaBlue: iterations=1 runtime: 2217us
DeltaBlue: iterations=1 runtime: 2251us
DeltaBlue: iterations=1 runtime: 2176us
DeltaBlue: iterations=1 runtime: 2176us
DeltaBlue: iterations=1 runtime: 2256us
DeltaBlue: iterations=1 runtime: 2181us
DeltaBlue: iterations=1 runtime: 2253us
DeltaBlue: iterations=1 runtime: 2186us
DeltaBlue: iterations=10 average: 2272us total: 22725us


Total Runtime: 22725us
Starting DeltaBlue benchmark ...
DeltaBlue: iterations=1 runtime: 2374us
DeltaBlue: iterations=1 runtime: 3007us
DeltaBlue: iterations=1 runtime: 2715us
DeltaBlue: iterations=1 runtime: 2766us
DeltaBlue: iterations=1 runtime: 2622us
DeltaBlue: iterations=1 runtime: 2446us
DeltaBlue: iterations=1 runtime: 2705us
DeltaBlue: iterations=1 runtime: 3779us
DeltaBlue: iterations=1 runtime: 3404us
DeltaBlue: iterations=1 runtime: 2369us
DeltaBlue: iterations=10 average: 2819us total: 28187us


Total Runtime: 28187us
Starting DeltaBlue benchmark ...
DeltaBlue: iterations=1 runtime: 2249us
DeltaBlue: iterations=1 runtime: 2707us
DeltaBlue: iterations=1 runtime: 2191us
DeltaBlue: iterations=1 runtime: 2237us
DeltaBlue: iterations=1 runtime: 2162us
DeltaBlue: iterations=1 runtime: 2163us
DeltaBlue: iterations=1 runtime: 2236us
DeltaBlue: iterations=1 runtime: 2171us
DeltaBlue: iterations=1 runtime: 2232us
DeltaBlue: iterations=1 runtime: 2170us
DeltaBlue: iterations=10 average: 2252us total: 22518us


Total Runtime: 22518us
Starting DeltaBlue benchmark ...
DeltaBlue: iterations=1 runtime: 3367us
DeltaBlue: iterations=1 runtime: 3385us
DeltaBlue: iterations=1 runtime: 2233us
DeltaBlue: iterations=1 runtime: 2276us
DeltaBlue: iterations=1 runtime: 2190us
DeltaBlue: iterations=1 runtime: 2200us
DeltaBlue: iterations=1 runtime: 2258us
DeltaBlue: iterations=1 runtime: 2192us
DeltaBlue: iterations=1 runtime: 2253us
DeltaBlue: iterations=1 runtime: 2196us
DeltaBlue: iterations=10 average: 2455us total: 24550us


Total Runtime: 24550us
Starting DeltaBlue benchmark ...
DeltaBlue: iterations=1 runtime: 2260us
DeltaBlue: iterations=1 runtime: 2701us
DeltaBlue: iterations=1 runtime: 2208us
DeltaBlue: iterations=1 runtime: 2243us
DeltaBlue: iterations=1 runtime: 2172us
DeltaBlue: iterations=1 runtime: 2178us
DeltaBlue: iterations=1 runtime: 2237us
DeltaBlue: iterations=1 runtime: 2176us
DeltaBlue: iterations=1 runtime: 2276us
DeltaBlue: iterations=1 runtime: 2183us
DeltaBlue: iterations=10 average: 2263us total: 22634us


Total Runtime: 22634us
Starting DeltaBlue benchmark ...
DeltaBlue: iterations=1 runtime: 2258us
DeltaBlue: iterations=1 runtime: 2682us
DeltaBlue: iterations=1 runtime: 2189us
DeltaBlue: iterations=1 runtime: 2246us
DeltaBlue: iterations=1 runtime: 2155us
DeltaBlue: iterations=1 runtime: 2166us
DeltaBlue: iterations=1 runtime: 2228us
DeltaBlue: iterations=1 runtime: 2165us
DeltaBlue: iterations=1 runtime: 2234us
DeltaBlue: iterations=1 runtime: 2164us
DeltaBlue: iterations=10 average: 2249us total: 22487us


Total Runtime: 22487us
Starting DeltaBlue benchmark ...
DeltaBlue: iterations=1 runtime: 2458us
DeltaBlue: iterations=1 runtime: 2760us
DeltaBlue: iterations=1 runtime: 2237us
DeltaBlue: iterations=1 runtime: 2273us
DeltaBlue: iterations=1 runtime: 2198us
DeltaBlue: iterations=1 runtime: 2227us
DeltaBlue: iterations=1 runtime: 2272us
DeltaBlue: iterations=1 runtime: 2206us
DeltaBlue: iterations=1 runtime: 2296us
DeltaBlue: iterations=1 runtime: 2220us
DeltaBlue: iterations=10 average: 2315us total: 23147us


Total Runtime: 23147us
Starting DeltaBlue benchmark ...
DeltaBlue: iterations=1 runtime: 2313us
DeltaBlue: iterations=1 runtime: 2713us
DeltaBlue: iterations=1 runtime: 2240us
DeltaBlue: iterations=1 runtime: 2271us
DeltaBlue: iterations=1 runtime: 2201us
DeltaBlue: iterations=1 runtime: 2208us
DeltaBlue: iterations=1 runtime: 2279us
DeltaBlue: iterations=1 runtime: 2206us
DeltaBlue: iterations=1 runtime: 2286us
DeltaBlue: iterations=1 runtime: 2216us
DeltaBlue: iterations=10 average: 2293us total: 22933us


Total Runtime: 22933us
Starting DeltaBlue benchmark ...
DeltaBlue: iterations=1 runtime: 2241us
DeltaBlue: iterations=1 runtime: 2659us
DeltaBlue: iterations=1 runtime: 2181us
DeltaBlue: iterations=1 runtime: 2232us
DeltaBlue: iterations=1 runtime: 2209us
DeltaBlue: iterations=1 runtime: 2164us
DeltaBlue: iterations=1 runtime: 2231us
DeltaBlue: iterations=1 runtime: 2154us
DeltaBlue: iterations=1 runtime: 2223us
DeltaBlue: iterations=1 runtime: 2154us
DeltaBlue: iterations=10 average: 2245us total: 22448us


Total Runtime: 22448us
Starting DeltaBlue benchmark ...
DeltaBlue: iterations=1 runtime: 2268us
DeltaBlue: iterations=1 runtime: 2686us
DeltaBlue: iterations=1 runtime: 2201us
DeltaBlue: iterations=1 runtime: 2251us
DeltaBlue: iterations=1 runtime: 2169us
DeltaBlue: iterations=1 runtime: 2174us
DeltaBlue: iterations=1 runtime: 2236us
DeltaBlue: iterations=1 runtime: 2205us
DeltaBlue: iterations=1 runtime: 2250us
DeltaBlue: iterations=1 runtime: 2179us
DeltaBlue: iterations=10 average: 2262us total: 22619us


Total Runtime: 22619us
Starting DeltaBlue benchmark ...
DeltaBlue: iterations=1 runtime: 2301us
DeltaBlue: iterations=1 runtime: 2708us
DeltaBlue: iterations=1 runtime: 2237us
DeltaBlue: iterations=1 runtime: 2300us
DeltaBlue: iterations=1 runtime: 2207us
DeltaBlue: iterations=1 runtime: 2208us
DeltaBlue: iterations=1 runtime: 2278us
DeltaBlue: iterations=1 runtime: 2207us
DeltaBlue: iterations=1 runtime: 2283us
DeltaBlue: iterations=1 runtime: 2213us
DeltaBlue: iterations=10 average: 2294us total: 22942us


Total Runtime: 22942us
Starting DeltaBlue benchmark ...
DeltaBlue: iterations=1 runtime: 2290us
DeltaBlue: iterations=1 runtime: 2717us
DeltaBlue: iterations=1 runtime: 2200us
DeltaBlue: iterations=1 runtime: 2248us
DeltaBlue: iterations=1 runtime: 2171us
DeltaBlue: iterations=1 runtime: 2181us
DeltaBlue: iterations=1 runtime: 2239us
DeltaBlue: iterations=1 runtime: 2171us
DeltaBlue: iterations=1 runtime: 2243us
DeltaBlue: iterations=1 runtime: 2180us
DeltaBlue: iterations=10 average: 2264us total: 22640us


Total Runtime: 22640us
Starting DeltaBlue benchmark ...
DeltaBlue: iterations=1 runtime: 2283us
DeltaBlue: iterations=1 runtime: 2719us
DeltaBlue: iterations=1 runtime: 2231us
DeltaBlue: iterations=1 runtime: 2269us
DeltaBlue: iterations=1 runtime: 2191us
DeltaBlue: iterations=1 runtime: 2204us
DeltaBlue: iterations=1 runtime: 2305us
DeltaBlue: iterations=1 runtime: 2200us
DeltaBlue: iterations=1 runtime: 2275us
DeltaBlue: iterations=1 runtime: 2205us
DeltaBlue: iterations=10 average: 2288us total: 22882us


Total Runtime: 22882us
Starting DeltaBlue benchmark ...
DeltaBlue: iterations=1 runtime: 2250us
DeltaBlue: iterations=1 runtime: 3283us
DeltaBlue: iterations=1 runtime: 2240us
DeltaBlue: iterations=1 runtime: 2244us
DeltaBlue: iterations=1 runtime: 2167us
DeltaBlue: iterations=1 runtime: 2180us
DeltaBlue: iterations=1 runtime: 2299us
DeltaBlue: iterations=1 runtime: 2184us
DeltaBlue: iterations=1 runtime: 2257us
DeltaBlue: iterations=1 runtime: 2185us
DeltaBlue: iterations=10 average: 2329us total: 23289us


Total Runtime: 23289us
Starting DeltaBlue benchmark ...
DeltaBlue: iterations=1 runtime: 2285us
DeltaBlue: iterations=1 runtime: 2681us
DeltaBlue: iterations=1 runtime: 2220us
DeltaBlue: iterations=1 runtime: 2350us
DeltaBlue: iterations=1 runtime: 2282us
DeltaBlue: iterations=1 runtime: 2191us
DeltaBlue: iterations=1 runtime: 2248us
DeltaBlue: iterations=1 runtime: 2182us
DeltaBlue: iterations=1 runtime: 2259us
DeltaBlue: iterations=1 runtime: 2190us
DeltaBlue: iterations=10 average: 2289us total: 22888us


Total Runtime: 22888us
Starting DeltaBlue benchmark ...
DeltaBlue: iterations=1 runtime: 2420us
DeltaBlue: iterations=1 runtime: 2891us
DeltaBlue: iterations=1 runtime: 2374us
DeltaBlue: iterations=1 runtime: 2401us
DeltaBlue: iterations=1 runtime: 2353us
DeltaBlue: iterations=1 runtime: 2314us
DeltaBlue: iterations=1 runtime: 2390us
DeltaBlue: iterations=1 runtime: 2318us
DeltaBlue: iterations=1 runtime: 2389us
DeltaBlue: iterations=1 runtime: 2267us
DeltaBlue: iterations=10 average: 2412us total: 24117us


Total Runtime: 24117us
Starting DeltaBlue benchmark ...
DeltaBlue: iterations=1 runtime: 2272us
DeltaBlue: iterations=1 runtime: 2677us
DeltaBlue: iterations=1 runtime: 2225us
DeltaBlue: iterations=1 runtime: 2256us
DeltaBlue: iterations=1 runtime: 2178us
DeltaBlue: iterations=1 runtime: 2185us
DeltaBlue: iterations=1 runtime: 2256us
DeltaBlue: iterations=1 runtime: 2178us
DeltaBlue: iterations=1 runtime: 2259us
DeltaBlue: iterations=1 runtime: 2189us
DeltaBlue: iterations=10 average: 2268us total: 22675us


Total Runtime: 22675us
Starting DeltaBlue benchmark ...
DeltaBlue: iterations=1 runtime: 2261us
DeltaBlue: iterations=1 runtime: 2711us
DeltaBlue: iterations=1 runtime: 2228us
DeltaBlue: iterations=1 runtime: 2252us
DeltaBlue: iterations=1 runtime: 2178us
DeltaBlue: iterations=1 runtime: 2187us
DeltaBlue: iterations=1 runtime: 2248us
DeltaBlue: iterations=1 runtime: 2171us
DeltaBlue: iterations=1 runtime: 2388us
DeltaBlue: iterations=1 runtime: 3504us
DeltaBlue: iterations=10 average: 2413us total: 24128us


Total Runtime: 24128us
Starting DeltaBlue benchmark ...
DeltaBlue: iterations=1 runtime: 2271us
DeltaBlue: iterations=1 runtime: 2672us
DeltaBlue: iterations=1 runtime: 2248us
DeltaBlue: iterations=1 runtime: 2240us
DeltaBlue: iterations=1 runtime: 2178us
DeltaBlue: iterations=1 runtime: 2182us
DeltaBlue: iterations=1 runtime: 2242us
DeltaBlue: iterations=1 runtime: 2174us
DeltaBlue: iterations=1 runtime: 2246us
DeltaBlue: iterations=1 runtime: 2211us
DeltaBlue: iterations=10 average: 2266us total: 22664us


Total Runtime: 22664us
  Time (mean ± σ):      62.1 ms ±   1.6 ms    [User: 41.8 ms, System: 18.3 ms]
  Range (min … max):    60.5 ms …  66.1 ms    15 runs
 
