Benchmark 1: C:\Users\test\Documents\research\research\artifacts\installed2\python\python.exe C:\Users\test\Documents\research\research\system\are-we-fast-yet\benchmarks\Python\harness.py DeltaBlue 10 15
Starting DeltaBlue benchmark ...
DeltaBlue: iterations=1 runtime: 2465us
DeltaBlue: iterations=1 runtime: 2318us
DeltaBlue: iterations=1 runtime: 2267us
DeltaBlue: iterations=1 runtime: 2151us
DeltaBlue: iterations=1 runtime: 2241us
DeltaBlue: iterations=1 runtime: 2168us
DeltaBlue: iterations=1 runtime: 2206us
DeltaBlue: iterations=1 runtime: 2271us
DeltaBlue: iterations=1 runtime: 2217us
DeltaBlue: iterations=1 runtime: 2179us
DeltaBlue: iterations=10 average: 2248us total: 22483us


Total Runtime: 22483us
Starting DeltaBlue benchmark ...
DeltaBlue: iterations=1 runtime: 2911us
DeltaBlue: iterations=1 runtime: 2196us
DeltaBlue: iterations=1 runtime: 2160us
DeltaBlue: iterations=1 runtime: 2220us
DeltaBlue: iterations=1 runtime: 2198us
DeltaBlue: iterations=1 runtime: 2284us
DeltaBlue: iterations=1 runtime: 2215us
DeltaBlue: iterations=1 runtime: 2258us
DeltaBlue: iterations=1 runtime: 2383us
DeltaBlue: iterations=1 runtime: 2321us
DeltaBlue: iterations=10 average: 2315us total: 23146us


Total Runtime: 23146us
Starting DeltaBlue benchmark ...
DeltaBlue: iterations=1 runtime: 2739us
DeltaBlue: iterations=1 runtime: 2190us
DeltaBlue: iterations=1 runtime: 2171us
DeltaBlue: iterations=1 runtime: 2336us
DeltaBlue: iterations=1 runtime: 2263us
DeltaBlue: iterations=1 runtime: 2284us
DeltaBlue: iterations=1 runtime: 2235us
DeltaBlue: iterations=1 runtime: 2256us
DeltaBlue: iterations=1 runtime: 2396us
DeltaBlue: iterations=1 runtime: 2230us
DeltaBlue: iterations=10 average: 2310us total: 23100us


Total Runtime: 23100us
Starting DeltaBlue benchmark ...
DeltaBlue: iterations=1 runtime: 2752us
DeltaBlue: iterations=1 runtime: 2185us
DeltaBlue: iterations=1 runtime: 2153us
DeltaBlue: iterations=1 runtime: 2203us
DeltaBlue: iterations=1 runtime: 2768us
DeltaBlue: iterations=1 runtime: 3642us
DeltaBlue: iterations=1 runtime: 3451us
DeltaBlue: iterations=1 runtime: 3474us
DeltaBlue: iterations=1 runtime: 2330us
DeltaBlue: iterations=1 runtime: 2890us
DeltaBlue: iterations=10 average: 2785us total: 27848us


Total Runtime: 27848us
Starting DeltaBlue benchmark ...
DeltaBlue: iterations=1 runtime: 2807us
DeltaBlue: iterations=1 runtime: 2192us
DeltaBlue: iterations=1 runtime: 2225us
DeltaBlue: iterations=1 runtime: 2356us
DeltaBlue: iterations=1 runtime: 2241us
DeltaBlue: iterations=1 runtime: 2286us
DeltaBlue: iterations=1 runtime: 2220us
DeltaBlue: iterations=1 runtime: 2267us
DeltaBlue: iterations=1 runtime: 2370us
DeltaBlue: iterations=1 runtime: 2223us
DeltaBlue: iterations=10 average: 2319us total: 23187us


Total Runtime: 23187us
Starting DeltaBlue benchmark ...
DeltaBlue: iterations=1 runtime: 2748us
DeltaBlue: iterations=1 runtime: 2174us
DeltaBlue: iterations=1 runtime: 2145us
DeltaBlue: iterations=1 runtime: 2248us
DeltaBlue: iterations=1 runtime: 2147us
DeltaBlue: iterations=1 runtime: 2236us
DeltaBlue: iterations=1 runtime: 2236us
DeltaBlue: iterations=1 runtime: 2219us
DeltaBlue: iterations=1 runtime: 2289us
DeltaBlue: iterations=1 runtime: 2287us
DeltaBlue: iterations=10 average: 2273us total: 22729us


Total Runtime: 22729us
Starting DeltaBlue benchmark ...
DeltaBlue: iterations=1 runtime: 2808us
DeltaBlue: iterations=1 runtime: 2231us
DeltaBlue: iterations=1 runtime: 2197us
DeltaBlue: iterations=1 runtime: 2239us
DeltaBlue: iterations=1 runtime: 2180us
DeltaBlue: iterations=1 runtime: 2309us
DeltaBlue: iterations=1 runtime: 2190us
DeltaBlue: iterations=1 runtime: 2254us
DeltaBlue: iterations=1 runtime: 2337us
DeltaBlue: iterations=1 runtime: 2272us
DeltaBlue: iterations=10 average: 2302us total: 23017us


Total Runtime: 23017us
Starting DeltaBlue benchmark ...
DeltaBlue: iterations=1 runtime: 3017us
DeltaBlue: iterations=1 runtime: 2225us
DeltaBlue: iterations=1 runtime: 2226us
DeltaBlue: iterations=1 runtime: 2242us
DeltaBlue: iterations=1 runtime: 2182us
DeltaBlue: iterations=1 runtime: 2238us
DeltaBlue: iterations=1 runtime: 2224us
DeltaBlue: iterations=1 runtime: 2243us
DeltaBlue: iterations=1 runtime: 2383us
DeltaBlue: iterations=1 runtime: 2315us
DeltaBlue: iterations=10 average: 2330us total: 23295us


Total Runtime: 23295us
Starting DeltaBlue benchmark ...
DeltaBlue: iterations=1 runtime: 3490us
DeltaBlue: iterations=1 runtime: 2828us
DeltaBlue: iterations=1 runtime: 2801us
DeltaBlue: iterations=1 runtime: 2742us
DeltaBlue: iterations=1 runtime: 2549us
DeltaBlue: iterations=1 runtime: 2573us
DeltaBlue: iterations=1 runtime: 2505us
DeltaBlue: iterations=1 runtime: 2489us
DeltaBlue: iterations=1 runtime: 2658us
DeltaBlue: iterations=1 runtime: 3007us
DeltaBlue: iterations=10 average: 2764us total: 27642us


Total Runtime: 27642us
Starting DeltaBlue benchmark ...
DeltaBlue: iterations=1 runtime: 2897us
DeltaBlue: iterations=1 runtime: 2207us
DeltaBlue: iterations=1 runtime: 2165us
DeltaBlue: iterations=1 runtime: 2227us
DeltaBlue: iterations=1 runtime: 2165us
DeltaBlue: iterations=1 runtime: 2226us
DeltaBlue: iterations=1 runtime: 2163us
DeltaBlue: iterations=1 runtime: 2157us
DeltaBlue: iterations=1 runtime: 2305us
DeltaBlue: iterations=1 runtime: 2156us
DeltaBlue: iterations=10 average: 2267us total: 22668us


Total Runtime: 22668us
Starting DeltaBlue benchmark ...
DeltaBlue: iterations=1 runtime: 3091us
DeltaBlue: iterations=1 runtime: 2691us
DeltaBlue: iterations=1 runtime: 2298us
DeltaBlue: iterations=1 runtime: 2228us
DeltaBlue: iterations=1 runtime: 2150us
DeltaBlue: iterations=1 runtime: 2285us
DeltaBlue: iterations=1 runtime: 2205us
DeltaBlue: iterations=1 runtime: 2211us
DeltaBlue: iterations=1 runtime: 2324us
DeltaBlue: iterations=1 runtime: 2423us
DeltaBlue: iterations=10 average: 2391us total: 23906us


Total Runtime: 23906us
Starting DeltaBlue benchmark ...
DeltaBlue: iterations=1 runtime: 2764us
DeltaBlue: iterations=1 runtime: 2202us
DeltaBlue: iterations=1 runtime: 2176us
DeltaBlue: iterations=1 runtime: 2232us
DeltaBlue: iterations=1 runtime: 3662us
DeltaBlue: iterations=1 runtime: 3963us
DeltaBlue: iterations=1 runtime: 2219us
DeltaBlue: iterations=1 runtime: 2185us
DeltaBlue: iterations=1 runtime: 2277us
DeltaBlue: iterations=1 runtime: 2239us
DeltaBlue: iterations=10 average: 2592us total: 25919us


Total Runtime: 25919us
Starting DeltaBlue benchmark ...
DeltaBlue: iterations=1 runtime: 2775us
DeltaBlue: iterations=1 runtime: 2214us
DeltaBlue: iterations=1 runtime: 2186us
DeltaBlue: iterations=1 runtime: 2235us
DeltaBlue: iterations=1 runtime: 2196us
DeltaBlue: iterations=1 runtime: 2299us
DeltaBlue: iterations=1 runtime: 2177us
DeltaBlue: iterations=1 runtime: 2241us
DeltaBlue: iterations=1 runtime: 2328us
DeltaBlue: iterations=1 runtime: 2303us
DeltaBlue: iterations=10 average: 2295us total: 22954us


Total Runtime: 22954us
  Time (mean ± σ):      65.2 ms ±   3.0 ms    [User: 36.3 ms, System: 18.7 ms]
  Range (min … max):    62.4 ms …  70.9 ms    10 runs
 
