Benchmark 1: C:\Users\test\Documents\research\research\artifacts\installed2\python\python.exe C:\Users\test\Documents\research\research\system\are-we-fast-yet\benchmarks\Python\harness.py Json 10 15
Starting Json benchmark ...
Json: iterations=1 runtime: 498813us
Json: iterations=1 runtime: 519927us
Json: iterations=1 runtime: 362055us
Json: iterations=1 runtime: 351366us
Json: iterations=1 runtime: 343347us
Json: iterations=1 runtime: 362726us
Json: iterations=1 runtime: 381006us
Json: iterations=1 runtime: 370642us
Json: iterations=1 runtime: 386526us
Json: iterations=1 runtime: 383937us
Json: iterations=10 average: 396034us total: 3960345us


Total Runtime: 3960345us
Starting Json benchmark ...
Json: iterations=1 runtime: 459891us
Json: iterations=1 runtime: 420547us
Json: iterations=1 runtime: 480474us
Json: iterations=1 runtime: 533556us
Json: iterations=1 runtime: 414847us
Json: iterations=1 runtime: 356160us
Json: iterations=1 runtime: 341309us
Json: iterations=1 runtime: 349880us
Json: iterations=1 runtime: 348362us
Json: iterations=1 runtime: 363472us
Json: iterations=10 average: 406850us total: 4068498us


Total Runtime: 4068498us
Starting Json benchmark ...
Json: iterations=1 runtime: 381792us
Json: iterations=1 runtime: 386308us
Json: iterations=1 runtime: 381055us
Json: iterations=1 runtime: 380647us
Json: iterations=1 runtime: 375371us
Json: iterations=1 runtime: 399444us
Json: iterations=1 runtime: 423385us
Json: iterations=1 runtime: 388594us
Json: iterations=1 runtime: 349576us
Json: iterations=1 runtime: 355746us
Json: iterations=10 average: 382192us total: 3821918us


Total Runtime: 3821918us
Starting Json benchmark ...
Json: iterations=1 runtime: 374925us
Json: iterations=1 runtime: 413466us
Json: iterations=1 runtime: 362494us
Json: iterations=1 runtime: 358496us
Json: iterations=1 runtime: 359944us
Json: iterations=1 runtime: 359640us
Json: iterations=1 runtime: 516699us
Json: iterations=1 runtime: 465907us
Json: iterations=1 runtime: 375386us
Json: iterations=1 runtime: 495411us
Json: iterations=10 average: 408237us total: 4082368us


Total Runtime: 4082368us
Starting Json benchmark ...
Json: iterations=1 runtime: 436377us
Json: iterations=1 runtime: 463933us
Json: iterations=1 runtime: 393978us
Json: iterations=1 runtime: 422937us
Json: iterations=1 runtime: 447211us
Json: iterations=1 runtime: 377994us
Json: iterations=1 runtime: 370199us
Json: iterations=1 runtime: 369950us
Json: iterations=1 runtime: 355571us
Json: iterations=1 runtime: 356443us
Json: iterations=10 average: 399459us total: 3994593us


Total Runtime: 3994593us
Starting Json benchmark ...
Json: iterations=1 runtime: 331179us
Json: iterations=1 runtime: 314775us
Json: iterations=1 runtime: 317209us
Json: iterations=1 runtime: 318063us
Json: iterations=1 runtime: 325824us
Json: iterations=1 runtime: 320013us
Json: iterations=1 runtime: 319628us
Json: iterations=1 runtime: 421076us
Json: iterations=1 runtime: 474467us
Json: iterations=1 runtime: 370593us
Json: iterations=10 average: 351283us total: 3512827us


Total Runtime: 3512827us
Starting Json benchmark ...
Json: iterations=1 runtime: 418363us
Json: iterations=1 runtime: 401956us
Json: iterations=1 runtime: 398146us
Json: iterations=1 runtime: 376978us
Json: iterations=1 runtime: 390781us
Json: iterations=1 runtime: 402579us
Json: iterations=1 runtime: 387419us
Json: iterations=1 runtime: 357261us
Json: iterations=1 runtime: 359634us
Json: iterations=1 runtime: 368946us
Json: iterations=10 average: 386206us total: 3862063us


Total Runtime: 3862063us
Starting Json benchmark ...
Json: iterations=1 runtime: 370635us
Json: iterations=1 runtime: 370946us
Json: iterations=1 runtime: 390222us
Json: iterations=1 runtime: 360818us
Json: iterations=1 runtime: 362817us
Json: iterations=1 runtime: 357564us
Json: iterations=1 runtime: 390462us
Json: iterations=1 runtime: 399089us
Json: iterations=1 runtime: 385276us
Json: iterations=1 runtime: 433601us
Json: iterations=10 average: 382143us total: 3821430us


Total Runtime: 3821430us
Starting Json benchmark ...
Json: iterations=1 runtime: 517109us
Json: iterations=1 runtime: 496214us
Json: iterations=1 runtime: 396977us
Json: iterations=1 runtime: 387973us
Json: iterations=1 runtime: 398898us
Json: iterations=1 runtime: 377603us
Json: iterations=1 runtime: 392740us
Json: iterations=1 runtime: 359479us
Json: iterations=1 runtime: 379588us
Json: iterations=1 runtime: 394165us
Json: iterations=10 average: 410075us total: 4100746us


Total Runtime: 4100746us
Starting Json benchmark ...
Json: iterations=1 runtime: 440375us
Json: iterations=1 runtime: 398281us
Json: iterations=1 runtime: 458801us
Json: iterations=1 runtime: 498980us
Json: iterations=1 runtime: 440160us
Json: iterations=1 runtime: 398747us
Json: iterations=1 runtime: 408766us
Json: iterations=1 runtime: 395437us
Json: iterations=1 runtime: 413113us
Json: iterations=1 runtime: 393837us
Json: iterations=10 average: 424650us total: 4246497us


Total Runtime: 4246497us
Starting Json benchmark ...
Json: iterations=1 runtime: 366251us
Json: iterations=1 runtime: 394830us
Json: iterations=1 runtime: 417160us
Json: iterations=1 runtime: 446740us
Json: iterations=1 runtime: 423255us
Json: iterations=1 runtime: 427064us
Json: iterations=1 runtime: 420469us
Json: iterations=1 runtime: 449871us
Json: iterations=1 runtime: 358219us
Json: iterations=1 runtime: 373657us
Json: iterations=10 average: 407752us total: 4077516us


Total Runtime: 4077516us
Starting Json benchmark ...
Json: iterations=1 runtime: 428424us
Json: iterations=1 runtime: 415848us
Json: iterations=1 runtime: 432374us
Json: iterations=1 runtime: 402573us
Json: iterations=1 runtime: 416846us
Json: iterations=1 runtime: 397183us
Json: iterations=1 runtime: 409082us
Json: iterations=1 runtime: 421318us
Json: iterations=1 runtime: 404668us
Json: iterations=1 runtime: 404915us
Json: iterations=10 average: 413323us total: 4133231us


Total Runtime: 4133231us
Starting Json benchmark ...
Json: iterations=1 runtime: 407956us
Json: iterations=1 runtime: 414460us
Json: iterations=1 runtime: 394605us
Json: iterations=1 runtime: 405900us
Json: iterations=1 runtime: 365686us
Json: iterations=1 runtime: 366557us
Json: iterations=1 runtime: 361450us
Json: iterations=1 runtime: 379822us
Json: iterations=1 runtime: 378619us
Json: iterations=1 runtime: 411330us
Json: iterations=10 average: 388638us total: 3886385us


Total Runtime: 3886385us
  Time (mean ± σ):      4.018 s ±  0.212 s    [User: 3.973 s, System: 0.022 s]
  Range (min … max):    3.553 s …  4.295 s    10 runs
 
