Benchmark 1: C:\Users\test\Documents\research\research\artifacts\installed\python\python.exe C:\Users\test\Documents\research\research\artifacts\system\are-we-fast-yet\benchmarks\Python\harness.py Towers 10 15
Starting Towers benchmark ...
Towers: iterations=1 runtime: 94358us
Towers: iterations=1 runtime: 96294us
Towers: iterations=1 runtime: 96228us
Towers: iterations=1 runtime: 95477us
Towers: iterations=1 runtime: 106035us
Towers: iterations=1 runtime: 103620us
Towers: iterations=1 runtime: 102104us
Towers: iterations=1 runtime: 95930us
Towers: iterations=1 runtime: 94977us
Towers: iterations=1 runtime: 95257us
Towers: iterations=10 average: 98028us total: 980280us


Total Runtime: 980280us
Starting Towers benchmark ...
Towers: iterations=1 runtime: 99284us
Towers: iterations=1 runtime: 94590us
Towers: iterations=1 runtime: 94042us
Towers: iterations=1 runtime: 94754us
Towers: iterations=1 runtime: 93388us
Towers: iterations=1 runtime: 93651us
Towers: iterations=1 runtime: 93247us
Towers: iterations=1 runtime: 101221us
Towers: iterations=1 runtime: 93543us
Towers: iterations=1 runtime: 93842us
Towers: iterations=10 average: 95156us total: 951562us


Total Runtime: 951562us
Starting Towers benchmark ...
Towers: iterations=1 runtime: 100956us
Towers: iterations=1 runtime: 95412us
Towers: iterations=1 runtime: 95173us
Towers: iterations=1 runtime: 101620us
Towers: iterations=1 runtime: 93705us
Towers: iterations=1 runtime: 101380us
Towers: iterations=1 runtime: 94902us
Towers: iterations=1 runtime: 93692us
Towers: iterations=1 runtime: 95335us
Towers: iterations=1 runtime: 94735us
Towers: iterations=10 average: 96691us total: 966910us


Total Runtime: 966910us
Starting Towers benchmark ...
Towers: iterations=1 runtime: 92855us
Towers: iterations=1 runtime: 95956us
Towers: iterations=1 runtime: 95404us
Towers: iterations=1 runtime: 95434us
Towers: iterations=1 runtime: 94399us
Towers: iterations=1 runtime: 108295us
Towers: iterations=1 runtime: 93469us
Towers: iterations=1 runtime: 95505us
Towers: iterations=1 runtime: 101160us
Towers: iterations=1 runtime: 94888us
Towers: iterations=10 average: 96736us total: 967365us


Total Runtime: 967365us
Starting Towers benchmark ...
Towers: iterations=1 runtime: 92918us
Towers: iterations=1 runtime: 95143us
Towers: iterations=1 runtime: 95096us
Towers: iterations=1 runtime: 95036us
Towers: iterations=1 runtime: 93366us
Towers: iterations=1 runtime: 101122us
Towers: iterations=1 runtime: 94704us
Towers: iterations=1 runtime: 108358us
Towers: iterations=1 runtime: 93236us
Towers: iterations=1 runtime: 94175us
Towers: iterations=10 average: 96315us total: 963154us


Total Runtime: 963154us
Starting Towers benchmark ...
Towers: iterations=1 runtime: 93504us
Towers: iterations=1 runtime: 94489us
Towers: iterations=1 runtime: 92721us
Towers: iterations=1 runtime: 92824us
Towers: iterations=1 runtime: 100428us
Towers: iterations=1 runtime: 93456us
Towers: iterations=1 runtime: 93138us
Towers: iterations=1 runtime: 92863us
Towers: iterations=1 runtime: 92100us
Towers: iterations=1 runtime: 99094us
Towers: iterations=10 average: 94462us total: 944617us


Total Runtime: 944617us
Starting Towers benchmark ...
Towers: iterations=1 runtime: 94002us
Towers: iterations=1 runtime: 95170us
Towers: iterations=1 runtime: 94653us
Towers: iterations=1 runtime: 94732us
Towers: iterations=1 runtime: 93873us
Towers: iterations=1 runtime: 100140us
Towers: iterations=1 runtime: 92881us
Towers: iterations=1 runtime: 100537us
Towers: iterations=1 runtime: 93685us
Towers: iterations=1 runtime: 108595us
Towers: iterations=10 average: 96827us total: 968268us


Total Runtime: 968268us
Starting Towers benchmark ...
Towers: iterations=1 runtime: 90805us
Towers: iterations=1 runtime: 93864us
Towers: iterations=1 runtime: 92488us
Towers: iterations=1 runtime: 92729us
Towers: iterations=1 runtime: 92436us
Towers: iterations=1 runtime: 99952us
Towers: iterations=1 runtime: 91542us
Towers: iterations=1 runtime: 91778us
Towers: iterations=1 runtime: 99732us
Towers: iterations=1 runtime: 91898us
Towers: iterations=10 average: 93722us total: 937224us


Total Runtime: 937224us
Starting Towers benchmark ...
Towers: iterations=1 runtime: 93182us
Towers: iterations=1 runtime: 99984us
Towers: iterations=1 runtime: 93866us
Towers: iterations=1 runtime: 93243us
Towers: iterations=1 runtime: 100376us
Towers: iterations=1 runtime: 107333us
Towers: iterations=1 runtime: 91760us
Towers: iterations=1 runtime: 92890us
Towers: iterations=1 runtime: 92514us
Towers: iterations=1 runtime: 92105us
Towers: iterations=10 average: 95725us total: 957253us


Total Runtime: 957253us
Starting Towers benchmark ...
Towers: iterations=1 runtime: 91091us
Towers: iterations=1 runtime: 92436us
Towers: iterations=1 runtime: 91904us
Towers: iterations=1 runtime: 92319us
Towers: iterations=1 runtime: 91237us
Towers: iterations=1 runtime: 105947us
Towers: iterations=1 runtime: 91517us
Towers: iterations=1 runtime: 91751us
Towers: iterations=1 runtime: 92697us
Towers: iterations=1 runtime: 91224us
Towers: iterations=10 average: 93212us total: 932123us


Total Runtime: 932123us
Starting Towers benchmark ...
Towers: iterations=1 runtime: 92981us
Towers: iterations=1 runtime: 101845us
Towers: iterations=1 runtime: 94947us
Towers: iterations=1 runtime: 100945us
Towers: iterations=1 runtime: 94502us
Towers: iterations=1 runtime: 101999us
Towers: iterations=1 runtime: 93881us
Towers: iterations=1 runtime: 93966us
Towers: iterations=1 runtime: 94274us
Towers: iterations=1 runtime: 93405us
Towers: iterations=10 average: 96274us total: 962745us


Total Runtime: 962745us
Starting Towers benchmark ...
Towers: iterations=1 runtime: 91076us
Towers: iterations=1 runtime: 93660us
Towers: iterations=1 runtime: 93457us
Towers: iterations=1 runtime: 93629us
Towers: iterations=1 runtime: 92838us
Towers: iterations=1 runtime: 93563us
Towers: iterations=1 runtime: 92724us
Towers: iterations=1 runtime: 93344us
Towers: iterations=1 runtime: 92729us
Towers: iterations=1 runtime: 92929us
Towers: iterations=10 average: 92995us total: 929949us


Total Runtime: 929949us
Starting Towers benchmark ...
Towers: iterations=1 runtime: 100207us
Towers: iterations=1 runtime: 93910us
Towers: iterations=1 runtime: 93991us
Towers: iterations=1 runtime: 93579us
Towers: iterations=1 runtime: 94296us
Towers: iterations=1 runtime: 93003us
Towers: iterations=1 runtime: 106785us
Towers: iterations=1 runtime: 92930us
Towers: iterations=1 runtime: 92659us
Towers: iterations=1 runtime: 100764us
Towers: iterations=10 average: 96212us total: 962124us


Total Runtime: 962124us
Starting Towers benchmark ...
Towers: iterations=1 runtime: 100763us
Towers: iterations=1 runtime: 93611us
Towers: iterations=1 runtime: 92780us
Towers: iterations=1 runtime: 92792us
Towers: iterations=1 runtime: 91829us
Towers: iterations=1 runtime: 101884us
Towers: iterations=1 runtime: 103411us
Towers: iterations=1 runtime: 100594us
Towers: iterations=1 runtime: 102987us
Towers: iterations=1 runtime: 108616us
Towers: iterations=10 average: 98927us total: 989267us


Total Runtime: 989267us
Starting Towers benchmark ...
Towers: iterations=1 runtime: 88724us
Towers: iterations=1 runtime: 97301us
Towers: iterations=1 runtime: 100873us
Towers: iterations=1 runtime: 115817us
Towers: iterations=1 runtime: 100960us
Towers: iterations=1 runtime: 109946us
Towers: iterations=1 runtime: 126121us
Towers: iterations=1 runtime: 136715us
Towers: iterations=1 runtime: 129544us
Towers: iterations=1 runtime: 137992us
Towers: iterations=10 average: 114399us total: 1143993us


Total Runtime: 1143993us
Starting Towers benchmark ...
Towers: iterations=1 runtime: 90896us
Towers: iterations=1 runtime: 94452us
Towers: iterations=1 runtime: 94943us
Towers: iterations=1 runtime: 94800us
Towers: iterations=1 runtime: 101577us
Towers: iterations=1 runtime: 94799us
Towers: iterations=1 runtime: 101507us
Towers: iterations=1 runtime: 94513us
Towers: iterations=1 runtime: 101687us
Towers: iterations=1 runtime: 94561us
Towers: iterations=10 average: 96374us total: 963735us


Total Runtime: 963735us
Starting Towers benchmark ...
Towers: iterations=1 runtime: 91011us
Towers: iterations=1 runtime: 92471us
Towers: iterations=1 runtime: 92309us
Towers: iterations=1 runtime: 92320us
Towers: iterations=1 runtime: 99696us
Towers: iterations=1 runtime: 92227us
Towers: iterations=1 runtime: 92306us
Towers: iterations=1 runtime: 92355us
Towers: iterations=1 runtime: 99902us
Towers: iterations=1 runtime: 92264us
Towers: iterations=10 average: 93686us total: 936861us


Total Runtime: 936861us
Starting Towers benchmark ...
Towers: iterations=1 runtime: 91949us
Towers: iterations=1 runtime: 93137us
Towers: iterations=1 runtime: 92908us
Towers: iterations=1 runtime: 99256us
Towers: iterations=1 runtime: 100121us
Towers: iterations=1 runtime: 92922us
Towers: iterations=1 runtime: 96253us
Towers: iterations=1 runtime: 92906us
Towers: iterations=1 runtime: 92876us
Towers: iterations=1 runtime: 92869us
Towers: iterations=10 average: 94520us total: 945197us


Total Runtime: 945197us
Starting Towers benchmark ...
Towers: iterations=1 runtime: 92181us
Towers: iterations=1 runtime: 100711us
Towers: iterations=1 runtime: 92988us
Towers: iterations=1 runtime: 93063us
Towers: iterations=1 runtime: 92896us
Towers: iterations=1 runtime: 92922us
Towers: iterations=1 runtime: 92946us
Towers: iterations=1 runtime: 92872us
Towers: iterations=1 runtime: 92879us
Towers: iterations=1 runtime: 100193us
Towers: iterations=10 average: 94365us total: 943651us


Total Runtime: 943651us
Starting Towers benchmark ...
Towers: iterations=1 runtime: 91770us
Towers: iterations=1 runtime: 92865us
Towers: iterations=1 runtime: 92820us
Towers: iterations=1 runtime: 93767us
Towers: iterations=1 runtime: 103628us
Towers: iterations=1 runtime: 116634us
Towers: iterations=1 runtime: 109301us
Towers: iterations=1 runtime: 109287us
Towers: iterations=1 runtime: 109315us
Towers: iterations=1 runtime: 117124us
Towers: iterations=10 average: 103651us total: 1036511us


Total Runtime: 1036511us
  Time (mean ± σ):      1.007 s ±  0.056 s    [User: 0.984 s, System: 0.015 s]
  Range (min … max):    0.965 s …  1.185 s    15 runs
 
