Benchmark 1: C:\Users\test\Documents\research\research\artifacts\installed2\python\python.exe C:\Users\test\Documents\research\research\system\are-we-fast-yet\benchmarks\Python\harness.py DeltaBlue 10 15
Starting DeltaBlue benchmark ...
DeltaBlue: iterations=1 runtime: 2972us
DeltaBlue: iterations=1 runtime: 2980us
DeltaBlue: iterations=1 runtime: 3086us
DeltaBlue: iterations=1 runtime: 3195us
DeltaBlue: iterations=1 runtime: 3250us
DeltaBlue: iterations=1 runtime: 3441us
DeltaBlue: iterations=1 runtime: 3470us
DeltaBlue: iterations=1 runtime: 3539us
DeltaBlue: iterations=1 runtime: 3526us
DeltaBlue: iterations=1 runtime: 4867us
DeltaBlue: iterations=10 average: 3433us total: 34326us


Total Runtime: 34326us
Starting DeltaBlue benchmark ...
DeltaBlue: iterations=1 runtime: 3070us
DeltaBlue: iterations=1 runtime: 3585us
DeltaBlue: iterations=1 runtime: 3048us
DeltaBlue: iterations=1 runtime: 3352us
DeltaBlue: iterations=1 runtime: 3385us
DeltaBlue: iterations=1 runtime: 4223us
DeltaBlue: iterations=1 runtime: 3470us
DeltaBlue: iterations=1 runtime: 3504us
DeltaBlue: iterations=1 runtime: 3558us
DeltaBlue: iterations=1 runtime: 3934us
DeltaBlue: iterations=10 average: 3513us total: 35129us


Total Runtime: 35129us
Starting DeltaBlue benchmark ...
DeltaBlue: iterations=1 runtime: 2963us
DeltaBlue: iterations=1 runtime: 3285us
DeltaBlue: iterations=1 runtime: 4575us
DeltaBlue: iterations=1 runtime: 3391us
DeltaBlue: iterations=1 runtime: 3431us
DeltaBlue: iterations=1 runtime: 3420us
DeltaBlue: iterations=1 runtime: 6395us
DeltaBlue: iterations=1 runtime: 6590us
DeltaBlue: iterations=1 runtime: 4795us
DeltaBlue: iterations=1 runtime: 3727us
DeltaBlue: iterations=10 average: 4257us total: 42572us


Total Runtime: 42572us
Starting DeltaBlue benchmark ...
DeltaBlue: iterations=1 runtime: 2617us
DeltaBlue: iterations=1 runtime: 2643us
DeltaBlue: iterations=1 runtime: 2648us
DeltaBlue: iterations=1 runtime: 2842us
DeltaBlue: iterations=1 runtime: 2691us
DeltaBlue: iterations=1 runtime: 2712us
DeltaBlue: iterations=1 runtime: 2877us
DeltaBlue: iterations=1 runtime: 2786us
DeltaBlue: iterations=1 runtime: 2771us
DeltaBlue: iterations=1 runtime: 2902us
DeltaBlue: iterations=10 average: 2749us total: 27489us


Total Runtime: 27489us
Starting DeltaBlue benchmark ...
DeltaBlue: iterations=1 runtime: 2686us
DeltaBlue: iterations=1 runtime: 2694us
DeltaBlue: iterations=1 runtime: 2796us
DeltaBlue: iterations=1 runtime: 2915us
DeltaBlue: iterations=1 runtime: 2880us
DeltaBlue: iterations=1 runtime: 2882us
DeltaBlue: iterations=1 runtime: 2908us
DeltaBlue: iterations=1 runtime: 2839us
DeltaBlue: iterations=1 runtime: 2937us
DeltaBlue: iterations=1 runtime: 2976us
DeltaBlue: iterations=10 average: 2851us total: 28513us


Total Runtime: 28513us
Starting DeltaBlue benchmark ...
DeltaBlue: iterations=1 runtime: 2698us
DeltaBlue: iterations=1 runtime: 3060us
DeltaBlue: iterations=1 runtime: 3009us
DeltaBlue: iterations=1 runtime: 3137us
DeltaBlue: iterations=1 runtime: 3179us
DeltaBlue: iterations=1 runtime: 3327us
DeltaBlue: iterations=1 runtime: 3346us
DeltaBlue: iterations=1 runtime: 3303us
DeltaBlue: iterations=1 runtime: 3363us
DeltaBlue: iterations=1 runtime: 3407us
DeltaBlue: iterations=10 average: 3183us total: 31829us


Total Runtime: 31829us
Starting DeltaBlue benchmark ...
DeltaBlue: iterations=1 runtime: 2627us
DeltaBlue: iterations=1 runtime: 2619us
DeltaBlue: iterations=1 runtime: 2594us
DeltaBlue: iterations=1 runtime: 2727us
DeltaBlue: iterations=1 runtime: 2706us
DeltaBlue: iterations=1 runtime: 2786us
DeltaBlue: iterations=1 runtime: 2872us
DeltaBlue: iterations=1 runtime: 2810us
DeltaBlue: iterations=1 runtime: 2794us
DeltaBlue: iterations=1 runtime: 2905us
DeltaBlue: iterations=10 average: 2744us total: 27440us


Total Runtime: 27440us
Starting DeltaBlue benchmark ...
DeltaBlue: iterations=1 runtime: 2641us
DeltaBlue: iterations=1 runtime: 2669us
DeltaBlue: iterations=1 runtime: 2715us
DeltaBlue: iterations=1 runtime: 2883us
DeltaBlue: iterations=1 runtime: 2788us
DeltaBlue: iterations=1 runtime: 2875us
DeltaBlue: iterations=1 runtime: 2952us
DeltaBlue: iterations=1 runtime: 2814us
DeltaBlue: iterations=1 runtime: 2827us
DeltaBlue: iterations=1 runtime: 2980us
DeltaBlue: iterations=10 average: 2814us total: 28144us


Total Runtime: 28144us
Starting DeltaBlue benchmark ...
DeltaBlue: iterations=1 runtime: 4095us
DeltaBlue: iterations=1 runtime: 3411us
DeltaBlue: iterations=1 runtime: 2882us
DeltaBlue: iterations=1 runtime: 3043us
DeltaBlue: iterations=1 runtime: 3094us
DeltaBlue: iterations=1 runtime: 3186us
DeltaBlue: iterations=1 runtime: 3459us
DeltaBlue: iterations=1 runtime: 3189us
DeltaBlue: iterations=1 runtime: 3258us
DeltaBlue: iterations=1 runtime: 3281us
DeltaBlue: iterations=10 average: 3290us total: 32898us


Total Runtime: 32898us
Starting DeltaBlue benchmark ...
DeltaBlue: iterations=1 runtime: 2658us
DeltaBlue: iterations=1 runtime: 2650us
DeltaBlue: iterations=1 runtime: 2541us
DeltaBlue: iterations=1 runtime: 2783us
DeltaBlue: iterations=1 runtime: 3155us
DeltaBlue: iterations=1 runtime: 2698us
DeltaBlue: iterations=1 runtime: 2820us
DeltaBlue: iterations=1 runtime: 2807us
DeltaBlue: iterations=1 runtime: 2718us
DeltaBlue: iterations=1 runtime: 3113us
DeltaBlue: iterations=10 average: 2794us total: 27943us


Total Runtime: 27943us
Starting DeltaBlue benchmark ...
DeltaBlue: iterations=1 runtime: 2628us
DeltaBlue: iterations=1 runtime: 2615us
DeltaBlue: iterations=1 runtime: 2543us
DeltaBlue: iterations=1 runtime: 2648us
DeltaBlue: iterations=1 runtime: 2933us
DeltaBlue: iterations=1 runtime: 4362us
DeltaBlue: iterations=1 runtime: 3070us
DeltaBlue: iterations=1 runtime: 2759us
DeltaBlue: iterations=1 runtime: 3199us
DeltaBlue: iterations=1 runtime: 2833us
DeltaBlue: iterations=10 average: 2959us total: 29590us


Total Runtime: 29590us
Starting DeltaBlue benchmark ...
DeltaBlue: iterations=1 runtime: 2713us
DeltaBlue: iterations=1 runtime: 3852us
DeltaBlue: iterations=1 runtime: 2608us
DeltaBlue: iterations=1 runtime: 2795us
DeltaBlue: iterations=1 runtime: 2811us
DeltaBlue: iterations=1 runtime: 3480us
DeltaBlue: iterations=1 runtime: 3334us
DeltaBlue: iterations=1 runtime: 3079us
DeltaBlue: iterations=1 runtime: 2816us
DeltaBlue: iterations=1 runtime: 2984us
DeltaBlue: iterations=10 average: 3047us total: 30472us


Total Runtime: 30472us
Starting DeltaBlue benchmark ...
DeltaBlue: iterations=1 runtime: 3069us
DeltaBlue: iterations=1 runtime: 3001us
DeltaBlue: iterations=1 runtime: 2880us
DeltaBlue: iterations=1 runtime: 2970us
DeltaBlue: iterations=1 runtime: 2893us
DeltaBlue: iterations=1 runtime: 6384us
DeltaBlue: iterations=1 runtime: 7628us
DeltaBlue: iterations=1 runtime: 9281us
DeltaBlue: iterations=1 runtime: 4396us
DeltaBlue: iterations=1 runtime: 3308us
DeltaBlue: iterations=10 average: 4581us total: 45810us


Total Runtime: 45810us
  Time (mean ± σ):      74.4 ms ±   8.7 ms    [User: 50.3 ms, System: 21.6 ms]
  Range (min … max):    65.9 ms …  95.7 ms    10 runs
 
