Benchmark 1: C:\Users\test\Documents\research\research\artifacts\installed2\python\python.exe C:\Users\test\Documents\research\research\system\are-we-fast-yet\benchmarks\Python\harness.py DeltaBlue 10 15
Starting DeltaBlue benchmark ...
DeltaBlue: iterations=1 runtime: 3127us
DeltaBlue: iterations=1 runtime: 4928us
DeltaBlue: iterations=1 runtime: 3948us
DeltaBlue: iterations=1 runtime: 3915us
DeltaBlue: iterations=1 runtime: 2661us
DeltaBlue: iterations=1 runtime: 2895us
DeltaBlue: iterations=1 runtime: 2847us
DeltaBlue: iterations=1 runtime: 2852us
DeltaBlue: iterations=1 runtime: 2784us
DeltaBlue: iterations=1 runtime: 2906us
DeltaBlue: iterations=10 average: 3286us total: 32863us


Total Runtime: 32863us
Starting DeltaBlue benchmark ...
DeltaBlue: iterations=1 runtime: 2593us
DeltaBlue: iterations=1 runtime: 2610us
DeltaBlue: iterations=1 runtime: 2864us
DeltaBlue: iterations=1 runtime: 2816us
DeltaBlue: iterations=1 runtime: 2818us
DeltaBlue: iterations=1 runtime: 2771us
DeltaBlue: iterations=1 runtime: 2904us
DeltaBlue: iterations=1 runtime: 2848us
DeltaBlue: iterations=1 runtime: 2848us
DeltaBlue: iterations=1 runtime: 2907us
DeltaBlue: iterations=10 average: 2798us total: 27979us


Total Runtime: 27979us
Starting DeltaBlue benchmark ...
DeltaBlue: iterations=1 runtime: 2676us
DeltaBlue: iterations=1 runtime: 3015us
DeltaBlue: iterations=1 runtime: 3011us
DeltaBlue: iterations=1 runtime: 3117us
DeltaBlue: iterations=1 runtime: 3162us
DeltaBlue: iterations=1 runtime: 3265us
DeltaBlue: iterations=1 runtime: 3783us
DeltaBlue: iterations=1 runtime: 3306us
DeltaBlue: iterations=1 runtime: 3284us
DeltaBlue: iterations=1 runtime: 3377us
DeltaBlue: iterations=10 average: 3200us total: 31996us


Total Runtime: 31996us
Starting DeltaBlue benchmark ...
DeltaBlue: iterations=1 runtime: 2736us
DeltaBlue: iterations=1 runtime: 3007us
DeltaBlue: iterations=1 runtime: 3149us
DeltaBlue: iterations=1 runtime: 3605us
DeltaBlue: iterations=1 runtime: 3284us
DeltaBlue: iterations=1 runtime: 4536us
DeltaBlue: iterations=1 runtime: 4487us
DeltaBlue: iterations=1 runtime: 5161us
DeltaBlue: iterations=1 runtime: 4516us
DeltaBlue: iterations=1 runtime: 3497us
DeltaBlue: iterations=10 average: 3798us total: 37978us


Total Runtime: 37978us
Starting DeltaBlue benchmark ...
DeltaBlue: iterations=1 runtime: 2568us
DeltaBlue: iterations=1 runtime: 2554us
DeltaBlue: iterations=1 runtime: 2720us
DeltaBlue: iterations=1 runtime: 2730us
DeltaBlue: iterations=1 runtime: 2694us
DeltaBlue: iterations=1 runtime: 2688us
DeltaBlue: iterations=1 runtime: 2788us
DeltaBlue: iterations=1 runtime: 2743us
DeltaBlue: iterations=1 runtime: 3378us
DeltaBlue: iterations=1 runtime: 2577us
DeltaBlue: iterations=10 average: 2744us total: 27440us


Total Runtime: 27440us
Starting DeltaBlue benchmark ...
DeltaBlue: iterations=1 runtime: 2707us
DeltaBlue: iterations=1 runtime: 2874us
DeltaBlue: iterations=1 runtime: 3008us
DeltaBlue: iterations=1 runtime: 3094us
DeltaBlue: iterations=1 runtime: 3130us
DeltaBlue: iterations=1 runtime: 3149us
DeltaBlue: iterations=1 runtime: 3356us
DeltaBlue: iterations=1 runtime: 3287us
DeltaBlue: iterations=1 runtime: 3223us
DeltaBlue: iterations=1 runtime: 3374us
DeltaBlue: iterations=10 average: 3120us total: 31202us


Total Runtime: 31202us
Starting DeltaBlue benchmark ...
DeltaBlue: iterations=1 runtime: 2858us
DeltaBlue: iterations=1 runtime: 3040us
DeltaBlue: iterations=1 runtime: 3768us
DeltaBlue: iterations=1 runtime: 5027us
DeltaBlue: iterations=1 runtime: 4971us
DeltaBlue: iterations=1 runtime: 4568us
DeltaBlue: iterations=1 runtime: 3500us
DeltaBlue: iterations=1 runtime: 3433us
DeltaBlue: iterations=1 runtime: 3481us
DeltaBlue: iterations=1 runtime: 3800us
DeltaBlue: iterations=10 average: 3845us total: 38446us


Total Runtime: 38446us
Starting DeltaBlue benchmark ...
DeltaBlue: iterations=1 runtime: 2970us
DeltaBlue: iterations=1 runtime: 2857us
DeltaBlue: iterations=1 runtime: 2674us
DeltaBlue: iterations=1 runtime: 3076us
DeltaBlue: iterations=1 runtime: 2565us
DeltaBlue: iterations=1 runtime: 4288us
DeltaBlue: iterations=1 runtime: 2738us
DeltaBlue: iterations=1 runtime: 2681us
DeltaBlue: iterations=1 runtime: 3266us
DeltaBlue: iterations=1 runtime: 3502us
DeltaBlue: iterations=10 average: 3062us total: 30617us


Total Runtime: 30617us
Starting DeltaBlue benchmark ...
DeltaBlue: iterations=1 runtime: 2656us
DeltaBlue: iterations=1 runtime: 2638us
DeltaBlue: iterations=1 runtime: 2769us
DeltaBlue: iterations=1 runtime: 3499us
DeltaBlue: iterations=1 runtime: 3959us
DeltaBlue: iterations=1 runtime: 3136us
DeltaBlue: iterations=1 runtime: 3164us
DeltaBlue: iterations=1 runtime: 3227us
DeltaBlue: iterations=1 runtime: 3332us
DeltaBlue: iterations=1 runtime: 4340us
DeltaBlue: iterations=10 average: 3272us total: 32720us


Total Runtime: 32720us
Starting DeltaBlue benchmark ...
DeltaBlue: iterations=1 runtime: 3594us
DeltaBlue: iterations=1 runtime: 2559us
DeltaBlue: iterations=1 runtime: 2603us
DeltaBlue: iterations=1 runtime: 2773us
DeltaBlue: iterations=1 runtime: 2670us
DeltaBlue: iterations=1 runtime: 2820us
DeltaBlue: iterations=1 runtime: 2855us
DeltaBlue: iterations=1 runtime: 2863us
DeltaBlue: iterations=1 runtime: 2744us
DeltaBlue: iterations=1 runtime: 2808us
DeltaBlue: iterations=10 average: 2829us total: 28289us


Total Runtime: 28289us
Starting DeltaBlue benchmark ...
DeltaBlue: iterations=1 runtime: 2627us
DeltaBlue: iterations=1 runtime: 2578us
DeltaBlue: iterations=1 runtime: 2517us
DeltaBlue: iterations=1 runtime: 2580us
DeltaBlue: iterations=1 runtime: 2584us
DeltaBlue: iterations=1 runtime: 4689us
DeltaBlue: iterations=1 runtime: 7124us
DeltaBlue: iterations=1 runtime: 4396us
DeltaBlue: iterations=1 runtime: 7061us
DeltaBlue: iterations=1 runtime: 3993us
DeltaBlue: iterations=10 average: 4015us total: 40149us


Total Runtime: 40149us
Starting DeltaBlue benchmark ...
DeltaBlue: iterations=1 runtime: 3502us
DeltaBlue: iterations=1 runtime: 4157us
DeltaBlue: iterations=1 runtime: 3164us
DeltaBlue: iterations=1 runtime: 3356us
DeltaBlue: iterations=1 runtime: 3002us
DeltaBlue: iterations=1 runtime: 3459us
DeltaBlue: iterations=1 runtime: 3055us
DeltaBlue: iterations=1 runtime: 3091us
DeltaBlue: iterations=1 runtime: 3182us
DeltaBlue: iterations=1 runtime: 3077us
DeltaBlue: iterations=10 average: 3304us total: 33045us


Total Runtime: 33045us
Starting DeltaBlue benchmark ...
DeltaBlue: iterations=1 runtime: 3286us
DeltaBlue: iterations=1 runtime: 4751us
DeltaBlue: iterations=1 runtime: 5788us
DeltaBlue: iterations=1 runtime: 5830us
DeltaBlue: iterations=1 runtime: 4560us
DeltaBlue: iterations=1 runtime: 4626us
DeltaBlue: iterations=1 runtime: 3193us
DeltaBlue: iterations=1 runtime: 3353us
DeltaBlue: iterations=1 runtime: 3200us
DeltaBlue: iterations=1 runtime: 4715us
DeltaBlue: iterations=10 average: 4330us total: 43302us


Total Runtime: 43302us
  Time (mean ± σ):      83.7 ms ±   7.7 ms    [User: 55.9 ms, System: 25.0 ms]
  Range (min … max):    71.8 ms …  99.2 ms    10 runs
 
