Benchmark 1: C:\Users\test\Documents\research\research\artifacts\installed2\python\python.exe C:\Users\test\Documents\research\research\system\are-we-fast-yet\benchmarks\Python\harness.py Json 10 15
Starting Json benchmark ...
Json: iterations=1 runtime: 501579us
Json: iterations=1 runtime: 486319us
Json: iterations=1 runtime: 396912us
Json: iterations=1 runtime: 415986us
Json: iterations=1 runtime: 404146us
Json: iterations=1 runtime: 401235us
Json: iterations=1 runtime: 451078us
Json: iterations=1 runtime: 418170us
Json: iterations=1 runtime: 396835us
Json: iterations=1 runtime: 429555us
Json: iterations=10 average: 430182us total: 4301815us


Total Runtime: 4301815us
Starting Json benchmark ...
Json: iterations=1 runtime: 481316us
Json: iterations=1 runtime: 412034us
Json: iterations=1 runtime: 452195us
Json: iterations=1 runtime: 412803us
Json: iterations=1 runtime: 408804us
Json: iterations=1 runtime: 378140us
Json: iterations=1 runtime: 368289us
Json: iterations=1 runtime: 375894us
Json: iterations=1 runtime: 354402us
Json: iterations=1 runtime: 345485us
Json: iterations=10 average: 398936us total: 3989362us


Total Runtime: 3989362us
Starting Json benchmark ...
Json: iterations=1 runtime: 353545us
Json: iterations=1 runtime: 330583us
Json: iterations=1 runtime: 339717us
Json: iterations=1 runtime: 337528us
Json: iterations=1 runtime: 346185us
Json: iterations=1 runtime: 352680us
Json: iterations=1 runtime: 334225us
Json: iterations=1 runtime: 346292us
Json: iterations=1 runtime: 336622us
Json: iterations=1 runtime: 329200us
Json: iterations=10 average: 340658us total: 3406577us


Total Runtime: 3406577us
Starting Json benchmark ...
Json: iterations=1 runtime: 377478us
Json: iterations=1 runtime: 380663us
Json: iterations=1 runtime: 377278us
Json: iterations=1 runtime: 383964us
Json: iterations=1 runtime: 379045us
Json: iterations=1 runtime: 372709us
Json: iterations=1 runtime: 372064us
Json: iterations=1 runtime: 396643us
Json: iterations=1 runtime: 380654us
Json: iterations=1 runtime: 429349us
Json: iterations=10 average: 384985us total: 3849847us


Total Runtime: 3849847us
Starting Json benchmark ...
Json: iterations=1 runtime: 385772us
Json: iterations=1 runtime: 382566us
Json: iterations=1 runtime: 462217us
Json: iterations=1 runtime: 387977us
Json: iterations=1 runtime: 382379us
Json: iterations=1 runtime: 377459us
Json: iterations=1 runtime: 375940us
Json: iterations=1 runtime: 381483us
Json: iterations=1 runtime: 367061us
Json: iterations=1 runtime: 360678us
Json: iterations=10 average: 386353us total: 3863532us


Total Runtime: 3863532us
Starting Json benchmark ...
Json: iterations=1 runtime: 342359us
Json: iterations=1 runtime: 372478us
Json: iterations=1 runtime: 369692us
Json: iterations=1 runtime: 361685us
Json: iterations=1 runtime: 371075us
Json: iterations=1 runtime: 368471us
Json: iterations=1 runtime: 360145us
Json: iterations=1 runtime: 369668us
Json: iterations=1 runtime: 370764us
Json: iterations=1 runtime: 389432us
Json: iterations=10 average: 367577us total: 3675769us


Total Runtime: 3675769us
Starting Json benchmark ...
Json: iterations=1 runtime: 376867us
Json: iterations=1 runtime: 375763us
Json: iterations=1 runtime: 382901us
Json: iterations=1 runtime: 383985us
Json: iterations=1 runtime: 378636us
Json: iterations=1 runtime: 383667us
Json: iterations=1 runtime: 385297us
Json: iterations=1 runtime: 388126us
Json: iterations=1 runtime: 369652us
Json: iterations=1 runtime: 387075us
Json: iterations=10 average: 381197us total: 3811969us


Total Runtime: 3811969us
Starting Json benchmark ...
Json: iterations=1 runtime: 399405us
Json: iterations=1 runtime: 381051us
Json: iterations=1 runtime: 401575us
Json: iterations=1 runtime: 372708us
Json: iterations=1 runtime: 396904us
Json: iterations=1 runtime: 405323us
Json: iterations=1 runtime: 398245us
Json: iterations=1 runtime: 397129us
Json: iterations=1 runtime: 395570us
Json: iterations=1 runtime: 399443us
Json: iterations=10 average: 394735us total: 3947353us


Total Runtime: 3947353us
Starting Json benchmark ...
Json: iterations=1 runtime: 411409us
Json: iterations=1 runtime: 366331us
Json: iterations=1 runtime: 356829us
Json: iterations=1 runtime: 356805us
Json: iterations=1 runtime: 371832us
Json: iterations=1 runtime: 375541us
Json: iterations=1 runtime: 367447us
Json: iterations=1 runtime: 362589us
Json: iterations=1 runtime: 372051us
Json: iterations=1 runtime: 377996us
Json: iterations=10 average: 371883us total: 3718830us


Total Runtime: 3718830us
Starting Json benchmark ...
Json: iterations=1 runtime: 381489us
Json: iterations=1 runtime: 370619us
Json: iterations=1 runtime: 380717us
Json: iterations=1 runtime: 402407us
Json: iterations=1 runtime: 392702us
Json: iterations=1 runtime: 384006us
Json: iterations=1 runtime: 370958us
Json: iterations=1 runtime: 382767us
Json: iterations=1 runtime: 381514us
Json: iterations=1 runtime: 395240us
Json: iterations=10 average: 384242us total: 3842419us


Total Runtime: 3842419us
Starting Json benchmark ...
Json: iterations=1 runtime: 369897us
Json: iterations=1 runtime: 462590us
Json: iterations=1 runtime: 389502us
Json: iterations=1 runtime: 379980us
Json: iterations=1 runtime: 392308us
Json: iterations=1 runtime: 391805us
Json: iterations=1 runtime: 396576us
Json: iterations=1 runtime: 405518us
Json: iterations=1 runtime: 415371us
Json: iterations=1 runtime: 402835us
Json: iterations=10 average: 400638us total: 4006382us


Total Runtime: 4006382us
Starting Json benchmark ...
Json: iterations=1 runtime: 414761us
Json: iterations=1 runtime: 405877us
Json: iterations=1 runtime: 500306us
Json: iterations=1 runtime: 567947us
Json: iterations=1 runtime: 570835us
Json: iterations=1 runtime: 626608us
Json: iterations=1 runtime: 518259us
Json: iterations=1 runtime: 398495us
Json: iterations=1 runtime: 396078us
Json: iterations=1 runtime: 393757us
Json: iterations=10 average: 479292us total: 4792923us


Total Runtime: 4792923us
Starting Json benchmark ...
Json: iterations=1 runtime: 393459us
Json: iterations=1 runtime: 380955us
Json: iterations=1 runtime: 394997us
Json: iterations=1 runtime: 409450us
Json: iterations=1 runtime: 382131us
Json: iterations=1 runtime: 399178us
Json: iterations=1 runtime: 394241us
Json: iterations=1 runtime: 390072us
Json: iterations=1 runtime: 444811us
Json: iterations=1 runtime: 549362us
Json: iterations=10 average: 413866us total: 4138656us


Total Runtime: 4138656us
  Time (mean ± σ):      4.010 s ±  0.321 s    [User: 3.979 s, System: 0.028 s]
  Range (min … max):    3.717 s …  4.840 s    10 runs
 
