Benchmark 1: C:\Users\test\Documents\research\research\artifacts\installed2\python\python.exe C:\Users\test\Documents\research\research\system\are-we-fast-yet\benchmarks\Python\harness.py Json 10 15
Starting Json benchmark ...
Json: iterations=1 runtime: 354409us
Json: iterations=1 runtime: 345310us
Json: iterations=1 runtime: 412168us
Json: iterations=1 runtime: 364522us
Json: iterations=1 runtime: 370946us
Json: iterations=1 runtime: 384941us
Json: iterations=1 runtime: 340780us
Json: iterations=1 runtime: 367888us
Json: iterations=1 runtime: 360443us
Json: iterations=1 runtime: 358340us
Json: iterations=10 average: 365975us total: 3659747us


Total Runtime: 3659747us
Starting Json benchmark ...
Json: iterations=1 runtime: 359094us
Json: iterations=1 runtime: 360833us
Json: iterations=1 runtime: 388278us
Json: iterations=1 runtime: 391987us
Json: iterations=1 runtime: 373447us
Json: iterations=1 runtime: 379754us
Json: iterations=1 runtime: 388567us
Json: iterations=1 runtime: 382069us
Json: iterations=1 runtime: 372341us
Json: iterations=1 runtime: 359016us
Json: iterations=10 average: 375539us total: 3755386us


Total Runtime: 3755386us
Starting Json benchmark ...
Json: iterations=1 runtime: 381371us
Json: iterations=1 runtime: 377992us
Json: iterations=1 runtime: 387701us
Json: iterations=1 runtime: 351030us
Json: iterations=1 runtime: 353107us
Json: iterations=1 runtime: 358696us
Json: iterations=1 runtime: 365217us
Json: iterations=1 runtime: 355561us
Json: iterations=1 runtime: 349460us
Json: iterations=1 runtime: 348659us
Json: iterations=10 average: 362879us total: 3628794us


Total Runtime: 3628794us
Starting Json benchmark ...
Json: iterations=1 runtime: 337455us
Json: iterations=1 runtime: 460854us
Json: iterations=1 runtime: 518508us
Json: iterations=1 runtime: 485191us
Json: iterations=1 runtime: 499978us
Json: iterations=1 runtime: 410894us
Json: iterations=1 runtime: 379824us
Json: iterations=1 runtime: 346105us
Json: iterations=1 runtime: 358608us
Json: iterations=1 runtime: 382632us
Json: iterations=10 average: 418005us total: 4180049us


Total Runtime: 4180049us
Starting Json benchmark ...
Json: iterations=1 runtime: 351808us
Json: iterations=1 runtime: 403076us
Json: iterations=1 runtime: 465653us
Json: iterations=1 runtime: 486746us
Json: iterations=1 runtime: 410742us
Json: iterations=1 runtime: 341105us
Json: iterations=1 runtime: 356768us
Json: iterations=1 runtime: 354327us
Json: iterations=1 runtime: 333844us
Json: iterations=1 runtime: 343404us
Json: iterations=10 average: 384747us total: 3847473us


Total Runtime: 3847473us
Starting Json benchmark ...
Json: iterations=1 runtime: 336293us
Json: iterations=1 runtime: 325817us
Json: iterations=1 runtime: 353947us
Json: iterations=1 runtime: 360067us
Json: iterations=1 runtime: 347855us
Json: iterations=1 runtime: 347600us
Json: iterations=1 runtime: 352475us
Json: iterations=1 runtime: 352479us
Json: iterations=1 runtime: 337294us
Json: iterations=1 runtime: 334753us
Json: iterations=10 average: 344858us total: 3448580us


Total Runtime: 3448580us
Starting Json benchmark ...
Json: iterations=1 runtime: 411575us
Json: iterations=1 runtime: 414429us
Json: iterations=1 runtime: 489063us
Json: iterations=1 runtime: 421796us
Json: iterations=1 runtime: 410316us
Json: iterations=1 runtime: 386243us
Json: iterations=1 runtime: 378182us
Json: iterations=1 runtime: 378513us
Json: iterations=1 runtime: 400908us
Json: iterations=1 runtime: 380282us
Json: iterations=10 average: 407131us total: 4071307us


Total Runtime: 4071307us
Starting Json benchmark ...
Json: iterations=1 runtime: 377599us
Json: iterations=1 runtime: 391117us
Json: iterations=1 runtime: 366389us
Json: iterations=1 runtime: 351769us
Json: iterations=1 runtime: 356767us
Json: iterations=1 runtime: 362907us
Json: iterations=1 runtime: 359118us
Json: iterations=1 runtime: 434938us
Json: iterations=1 runtime: 584707us
Json: iterations=1 runtime: 428779us
Json: iterations=10 average: 401409us total: 4014090us


Total Runtime: 4014090us
Starting Json benchmark ...
Json: iterations=1 runtime: 494066us
Json: iterations=1 runtime: 468960us
Json: iterations=1 runtime: 462815us
Json: iterations=1 runtime: 526186us
Json: iterations=1 runtime: 441349us
Json: iterations=1 runtime: 486913us
Json: iterations=1 runtime: 424261us
Json: iterations=1 runtime: 429698us
Json: iterations=1 runtime: 426338us
Json: iterations=1 runtime: 435844us
Json: iterations=10 average: 459643us total: 4596430us


Total Runtime: 4596430us
Starting Json benchmark ...
Json: iterations=1 runtime: 492401us
Json: iterations=1 runtime: 437693us
Json: iterations=1 runtime: 439369us
Json: iterations=1 runtime: 455876us
Json: iterations=1 runtime: 428068us
Json: iterations=1 runtime: 445678us
Json: iterations=1 runtime: 484089us
Json: iterations=1 runtime: 463096us
Json: iterations=1 runtime: 458605us
Json: iterations=1 runtime: 444720us
Json: iterations=10 average: 454960us total: 4549595us


Total Runtime: 4549595us
Starting Json benchmark ...
Json: iterations=1 runtime: 448530us
Json: iterations=1 runtime: 462878us
Json: iterations=1 runtime: 394142us
Json: iterations=1 runtime: 371652us
Json: iterations=1 runtime: 369225us
Json: iterations=1 runtime: 386478us
Json: iterations=1 runtime: 370594us
Json: iterations=1 runtime: 420572us
Json: iterations=1 runtime: 462678us
Json: iterations=1 runtime: 401284us
Json: iterations=10 average: 408803us total: 4088033us


Total Runtime: 4088033us
Starting Json benchmark ...
Json: iterations=1 runtime: 367670us
Json: iterations=1 runtime: 389691us
Json: iterations=1 runtime: 387065us
Json: iterations=1 runtime: 359446us
Json: iterations=1 runtime: 363341us
Json: iterations=1 runtime: 365924us
Json: iterations=1 runtime: 422260us
Json: iterations=1 runtime: 500021us
Json: iterations=1 runtime: 439568us
Json: iterations=1 runtime: 432975us
Json: iterations=10 average: 402796us total: 4027961us


Total Runtime: 4027961us
Starting Json benchmark ...
Json: iterations=1 runtime: 452430us
Json: iterations=1 runtime: 422983us
Json: iterations=1 runtime: 478678us
Json: iterations=1 runtime: 431816us
Json: iterations=1 runtime: 401145us
Json: iterations=1 runtime: 395349us
Json: iterations=1 runtime: 385462us
Json: iterations=1 runtime: 466091us
Json: iterations=1 runtime: 490265us
Json: iterations=1 runtime: 430845us
Json: iterations=10 average: 435506us total: 4355064us


Total Runtime: 4355064us
  Time (mean ± σ):      4.167 s ±  0.343 s    [User: 4.143 s, System: 0.022 s]
  Range (min … max):    3.490 s …  4.659 s    10 runs
 
