Benchmark 1: C:\Users\test\Documents\research\research\artifacts\installed\python\python.exe C:\Users\test\Documents\research\research\artifacts\system\are-we-fast-yet\benchmarks\Python\harness.py Towers 10 15
Starting Towers benchmark ...
Towers: iterations=1 runtime: 104619us
Towers: iterations=1 runtime: 111722us
Towers: iterations=1 runtime: 105580us
Towers: iterations=1 runtime: 105609us
Towers: iterations=1 runtime: 114824us
Towers: iterations=1 runtime: 111589us
Towers: iterations=1 runtime: 104441us
Towers: iterations=1 runtime: 105091us
Towers: iterations=1 runtime: 111278us
Towers: iterations=1 runtime: 104437us
Towers: iterations=10 average: 107919us total: 1079190us


Total Runtime: 1079190us
Starting Towers benchmark ...
Towers: iterations=1 runtime: 111406us
Towers: iterations=1 runtime: 104812us
Towers: iterations=1 runtime: 104921us
Towers: iterations=1 runtime: 104072us
Towers: iterations=1 runtime: 104186us
Towers: iterations=1 runtime: 104099us
Towers: iterations=1 runtime: 104569us
Towers: iterations=1 runtime: 104299us
Towers: iterations=1 runtime: 104134us
Towers: iterations=1 runtime: 104070us
Towers: iterations=10 average: 105057us total: 1050568us


Total Runtime: 1050568us
Starting Towers benchmark ...
Towers: iterations=1 runtime: 105845us
Towers: iterations=1 runtime: 141618us
Towers: iterations=1 runtime: 136627us
Towers: iterations=1 runtime: 133562us
Towers: iterations=1 runtime: 133662us
Towers: iterations=1 runtime: 154881us
Towers: iterations=1 runtime: 133691us
Towers: iterations=1 runtime: 133642us
Towers: iterations=1 runtime: 141740us
Towers: iterations=1 runtime: 148170us
Towers: iterations=10 average: 136344us total: 1363438us


Total Runtime: 1363438us
Starting Towers benchmark ...
Towers: iterations=1 runtime: 112732us
Towers: iterations=1 runtime: 120341us
Towers: iterations=1 runtime: 105784us
Towers: iterations=1 runtime: 112749us
Towers: iterations=1 runtime: 105563us
Towers: iterations=1 runtime: 105535us
Towers: iterations=1 runtime: 126358us
Towers: iterations=1 runtime: 123359us
Towers: iterations=1 runtime: 118537us
Towers: iterations=1 runtime: 105807us
Towers: iterations=10 average: 113676us total: 1136765us


Total Runtime: 1136765us
Starting Towers benchmark ...
Towers: iterations=1 runtime: 108964us
Towers: iterations=1 runtime: 114553us
Towers: iterations=1 runtime: 119619us
Towers: iterations=1 runtime: 137633us
Towers: iterations=1 runtime: 114654us
Towers: iterations=1 runtime: 113566us
Towers: iterations=1 runtime: 110708us
Towers: iterations=1 runtime: 114113us
Towers: iterations=1 runtime: 114684us
Towers: iterations=1 runtime: 107157us
Towers: iterations=10 average: 115565us total: 1155651us


Total Runtime: 1155651us
Starting Towers benchmark ...
Towers: iterations=1 runtime: 104965us
Towers: iterations=1 runtime: 104144us
Towers: iterations=1 runtime: 103991us
Towers: iterations=1 runtime: 103854us
Towers: iterations=1 runtime: 103858us
Towers: iterations=1 runtime: 106969us
Towers: iterations=1 runtime: 111017us
Towers: iterations=1 runtime: 103956us
Towers: iterations=1 runtime: 103828us
Towers: iterations=1 runtime: 111133us
Towers: iterations=10 average: 105772us total: 1057715us


Total Runtime: 1057715us
Starting Towers benchmark ...
Towers: iterations=1 runtime: 108333us
Towers: iterations=1 runtime: 106369us
Towers: iterations=1 runtime: 113277us
Towers: iterations=1 runtime: 106097us
Towers: iterations=1 runtime: 106616us
Towers: iterations=1 runtime: 106192us
Towers: iterations=1 runtime: 110847us
Towers: iterations=1 runtime: 106134us
Towers: iterations=1 runtime: 113583us
Towers: iterations=1 runtime: 113892us
Towers: iterations=10 average: 109134us total: 1091340us


Total Runtime: 1091340us
Starting Towers benchmark ...
Towers: iterations=1 runtime: 105637us
Towers: iterations=1 runtime: 105537us
Towers: iterations=1 runtime: 112552us
Towers: iterations=1 runtime: 108702us
Towers: iterations=1 runtime: 112892us
Towers: iterations=1 runtime: 105736us
Towers: iterations=1 runtime: 105883us
Towers: iterations=1 runtime: 105452us
Towers: iterations=1 runtime: 105859us
Towers: iterations=1 runtime: 112919us
Towers: iterations=10 average: 108117us total: 1081169us


Total Runtime: 1081169us
Starting Towers benchmark ...
Towers: iterations=1 runtime: 104160us
Towers: iterations=1 runtime: 104013us
Towers: iterations=1 runtime: 103731us
Towers: iterations=1 runtime: 104534us
Towers: iterations=1 runtime: 103697us
Towers: iterations=1 runtime: 103663us
Towers: iterations=1 runtime: 110951us
Towers: iterations=1 runtime: 103777us
Towers: iterations=1 runtime: 103803us
Towers: iterations=1 runtime: 104282us
Towers: iterations=10 average: 104661us total: 1046611us


Total Runtime: 1046611us
Starting Towers benchmark ...
Towers: iterations=1 runtime: 104211us
Towers: iterations=1 runtime: 104245us
Towers: iterations=1 runtime: 104884us
Towers: iterations=1 runtime: 117865us
Towers: iterations=1 runtime: 104031us
Towers: iterations=1 runtime: 103987us
Towers: iterations=1 runtime: 104009us
Towers: iterations=1 runtime: 103995us
Towers: iterations=1 runtime: 104311us
Towers: iterations=1 runtime: 104222us
Towers: iterations=10 average: 105576us total: 1055760us


Total Runtime: 1055760us
Starting Towers benchmark ...
Towers: iterations=1 runtime: 103452us
Towers: iterations=1 runtime: 103612us
Towers: iterations=1 runtime: 103531us
Towers: iterations=1 runtime: 103298us
Towers: iterations=1 runtime: 110449us
Towers: iterations=1 runtime: 103284us
Towers: iterations=1 runtime: 103237us
Towers: iterations=1 runtime: 103462us
Towers: iterations=1 runtime: 110609us
Towers: iterations=1 runtime: 103596us
Towers: iterations=10 average: 104853us total: 1048530us


Total Runtime: 1048530us
Starting Towers benchmark ...
Towers: iterations=1 runtime: 112618us
Towers: iterations=1 runtime: 105766us
Towers: iterations=1 runtime: 105781us
Towers: iterations=1 runtime: 115982us
Towers: iterations=1 runtime: 112567us
Towers: iterations=1 runtime: 105412us
Towers: iterations=1 runtime: 105434us
Towers: iterations=1 runtime: 105574us
Towers: iterations=1 runtime: 105629us
Towers: iterations=1 runtime: 105498us
Towers: iterations=10 average: 108026us total: 1080261us


Total Runtime: 1080261us
Starting Towers benchmark ...
Towers: iterations=1 runtime: 103554us
Towers: iterations=1 runtime: 104244us
Towers: iterations=1 runtime: 103520us
Towers: iterations=1 runtime: 104178us
Towers: iterations=1 runtime: 110997us
Towers: iterations=1 runtime: 163817us
Towers: iterations=1 runtime: 131046us
Towers: iterations=1 runtime: 103407us
Towers: iterations=1 runtime: 103715us
Towers: iterations=1 runtime: 103575us
Towers: iterations=10 average: 113205us total: 1132053us


Total Runtime: 1132053us
Starting Towers benchmark ...
Towers: iterations=1 runtime: 104361us
Towers: iterations=1 runtime: 103591us
Towers: iterations=1 runtime: 110669us
Towers: iterations=1 runtime: 103472us
Towers: iterations=1 runtime: 103517us
Towers: iterations=1 runtime: 103810us
Towers: iterations=1 runtime: 103784us
Towers: iterations=1 runtime: 104080us
Towers: iterations=1 runtime: 103724us
Towers: iterations=1 runtime: 103817us
Towers: iterations=10 average: 104482us total: 1044825us


Total Runtime: 1044825us
Starting Towers benchmark ...
Towers: iterations=1 runtime: 104510us
Towers: iterations=1 runtime: 104173us
Towers: iterations=1 runtime: 103861us
Towers: iterations=1 runtime: 104243us
Towers: iterations=1 runtime: 111309us
Towers: iterations=1 runtime: 104408us
Towers: iterations=1 runtime: 104107us
Towers: iterations=1 runtime: 103907us
Towers: iterations=1 runtime: 103872us
Towers: iterations=1 runtime: 104093us
Towers: iterations=10 average: 104848us total: 1048483us


Total Runtime: 1048483us
Starting Towers benchmark ...
Towers: iterations=1 runtime: 111329us
Towers: iterations=1 runtime: 103941us
Towers: iterations=1 runtime: 103819us
Towers: iterations=1 runtime: 110903us
Towers: iterations=1 runtime: 111606us
Towers: iterations=1 runtime: 103890us
Towers: iterations=1 runtime: 103873us
Towers: iterations=1 runtime: 103803us
Towers: iterations=1 runtime: 107365us
Towers: iterations=1 runtime: 107586us
Towers: iterations=10 average: 106812us total: 1068115us


Total Runtime: 1068115us
Starting Towers benchmark ...
Towers: iterations=1 runtime: 105232us
Towers: iterations=1 runtime: 104850us
Towers: iterations=1 runtime: 105203us
Towers: iterations=1 runtime: 105038us
Towers: iterations=1 runtime: 106755us
Towers: iterations=1 runtime: 111933us
Towers: iterations=1 runtime: 104822us
Towers: iterations=1 runtime: 104805us
Towers: iterations=1 runtime: 104794us
Towers: iterations=1 runtime: 105356us
Towers: iterations=10 average: 105879us total: 1058788us


Total Runtime: 1058788us
Starting Towers benchmark ...
Towers: iterations=1 runtime: 105421us
Towers: iterations=1 runtime: 105552us
Towers: iterations=1 runtime: 104978us
Towers: iterations=1 runtime: 105597us
Towers: iterations=1 runtime: 105297us
Towers: iterations=1 runtime: 112227us
Towers: iterations=1 runtime: 104954us
Towers: iterations=1 runtime: 105012us
Towers: iterations=1 runtime: 105171us
Towers: iterations=1 runtime: 105260us
Towers: iterations=10 average: 105947us total: 1059469us


Total Runtime: 1059469us
Starting Towers benchmark ...
Towers: iterations=1 runtime: 105004us
Towers: iterations=1 runtime: 104876us
Towers: iterations=1 runtime: 104560us
Towers: iterations=1 runtime: 112029us
Towers: iterations=1 runtime: 104693us
Towers: iterations=1 runtime: 104543us
Towers: iterations=1 runtime: 104567us
Towers: iterations=1 runtime: 104919us
Towers: iterations=1 runtime: 104889us
Towers: iterations=1 runtime: 105015us
Towers: iterations=10 average: 105510us total: 1055095us


Total Runtime: 1055095us
Starting Towers benchmark ...
Towers: iterations=1 runtime: 118223us
Towers: iterations=1 runtime: 104004us
Towers: iterations=1 runtime: 110824us
Towers: iterations=1 runtime: 103642us
Towers: iterations=1 runtime: 110785us
Towers: iterations=1 runtime: 103620us
Towers: iterations=1 runtime: 103729us
Towers: iterations=1 runtime: 103752us
Towers: iterations=1 runtime: 107892us
Towers: iterations=1 runtime: 103670us
Towers: iterations=10 average: 107014us total: 1070141us


Total Runtime: 1070141us
  Time (mean ± σ):      1.105 s ±  0.023 s    [User: 1.077 s, System: 0.017 s]
  Range (min … max):    1.085 s …  1.172 s    15 runs
 
