Benchmark 1: C:\Users\test\Documents\research\research\artifacts\installed2\python\python.exe C:\Users\test\Documents\research\research\system\are-we-fast-yet\benchmarks\Python\harness.py DeltaBlue 10 15
Starting DeltaBlue benchmark ...
DeltaBlue: iterations=1 runtime: 2394us
DeltaBlue: iterations=1 runtime: 2199us
DeltaBlue: iterations=1 runtime: 2293us
DeltaBlue: iterations=1 runtime: 2178us
DeltaBlue: iterations=1 runtime: 2236us
DeltaBlue: iterations=1 runtime: 2217us
DeltaBlue: iterations=1 runtime: 2193us
DeltaBlue: iterations=1 runtime: 2252us
DeltaBlue: iterations=1 runtime: 2185us
DeltaBlue: iterations=1 runtime: 2226us
DeltaBlue: iterations=10 average: 2237us total: 22373us


Total Runtime: 22373us
Starting DeltaBlue benchmark ...
DeltaBlue: iterations=1 runtime: 2772us
DeltaBlue: iterations=1 runtime: 2165us
DeltaBlue: iterations=1 runtime: 2153us
DeltaBlue: iterations=1 runtime: 2223us
DeltaBlue: iterations=1 runtime: 2143us
DeltaBlue: iterations=1 runtime: 2204us
DeltaBlue: iterations=1 runtime: 2135us
DeltaBlue: iterations=1 runtime: 2205us
DeltaBlue: iterations=1 runtime: 2268us
DeltaBlue: iterations=1 runtime: 2203us
DeltaBlue: iterations=10 average: 2247us total: 22471us


Total Runtime: 22471us
Starting DeltaBlue benchmark ...
DeltaBlue: iterations=1 runtime: 2758us
DeltaBlue: iterations=1 runtime: 2190us
DeltaBlue: iterations=1 runtime: 4112us
DeltaBlue: iterations=1 runtime: 5838us
DeltaBlue: iterations=1 runtime: 5822us
DeltaBlue: iterations=1 runtime: 6083us
DeltaBlue: iterations=1 runtime: 5928us
DeltaBlue: iterations=1 runtime: 5994us
DeltaBlue: iterations=1 runtime: 6087us
DeltaBlue: iterations=1 runtime: 4203us
DeltaBlue: iterations=10 average: 4902us total: 49015us


Total Runtime: 49015us
Starting DeltaBlue benchmark ...
DeltaBlue: iterations=1 runtime: 2711us
DeltaBlue: iterations=1 runtime: 2156us
DeltaBlue: iterations=1 runtime: 2150us
DeltaBlue: iterations=1 runtime: 2285us
DeltaBlue: iterations=1 runtime: 3445us
DeltaBlue: iterations=1 runtime: 3529us
DeltaBlue: iterations=1 runtime: 3435us
DeltaBlue: iterations=1 runtime: 3436us
DeltaBlue: iterations=1 runtime: 2848us
DeltaBlue: iterations=1 runtime: 2138us
DeltaBlue: iterations=10 average: 2813us total: 28133us


Total Runtime: 28133us
Starting DeltaBlue benchmark ...
DeltaBlue: iterations=1 runtime: 3929us
DeltaBlue: iterations=1 runtime: 2210us
DeltaBlue: iterations=1 runtime: 2593us
DeltaBlue: iterations=1 runtime: 3577us
DeltaBlue: iterations=1 runtime: 3573us
DeltaBlue: iterations=1 runtime: 3686us
DeltaBlue: iterations=1 runtime: 3686us
DeltaBlue: iterations=1 runtime: 2345us
DeltaBlue: iterations=1 runtime: 2420us
DeltaBlue: iterations=1 runtime: 2437us
DeltaBlue: iterations=10 average: 3046us total: 30456us


Total Runtime: 30456us
Starting DeltaBlue benchmark ...
DeltaBlue: iterations=1 runtime: 2768us
DeltaBlue: iterations=1 runtime: 2253us
DeltaBlue: iterations=1 runtime: 2232us
DeltaBlue: iterations=1 runtime: 2257us
DeltaBlue: iterations=1 runtime: 2186us
DeltaBlue: iterations=1 runtime: 2254us
DeltaBlue: iterations=1 runtime: 2205us
DeltaBlue: iterations=1 runtime: 2187us
DeltaBlue: iterations=1 runtime: 2247us
DeltaBlue: iterations=1 runtime: 2525us
DeltaBlue: iterations=10 average: 2311us total: 23114us


Total Runtime: 23114us
Starting DeltaBlue benchmark ...
DeltaBlue: iterations=1 runtime: 2708us
DeltaBlue: iterations=1 runtime: 2167us
DeltaBlue: iterations=1 runtime: 2155us
DeltaBlue: iterations=1 runtime: 2200us
DeltaBlue: iterations=1 runtime: 2124us
DeltaBlue: iterations=1 runtime: 2907us
DeltaBlue: iterations=1 runtime: 3454us
DeltaBlue: iterations=1 runtime: 3467us
DeltaBlue: iterations=1 runtime: 3548us
DeltaBlue: iterations=1 runtime: 3399us
DeltaBlue: iterations=10 average: 2813us total: 28129us


Total Runtime: 28129us
Starting DeltaBlue benchmark ...
DeltaBlue: iterations=1 runtime: 2779us
DeltaBlue: iterations=1 runtime: 2219us
DeltaBlue: iterations=1 runtime: 2201us
DeltaBlue: iterations=1 runtime: 2253us
DeltaBlue: iterations=1 runtime: 2177us
DeltaBlue: iterations=1 runtime: 2325us
DeltaBlue: iterations=1 runtime: 2310us
DeltaBlue: iterations=1 runtime: 2202us
DeltaBlue: iterations=1 runtime: 2241us
DeltaBlue: iterations=1 runtime: 2168us
DeltaBlue: iterations=10 average: 2288us total: 22875us


Total Runtime: 22875us
Starting DeltaBlue benchmark ...
DeltaBlue: iterations=1 runtime: 3074us
DeltaBlue: iterations=1 runtime: 3478us
DeltaBlue: iterations=1 runtime: 2354us
DeltaBlue: iterations=1 runtime: 2211us
DeltaBlue: iterations=1 runtime: 2137us
DeltaBlue: iterations=1 runtime: 2206us
DeltaBlue: iterations=1 runtime: 2136us
DeltaBlue: iterations=1 runtime: 2137us
DeltaBlue: iterations=1 runtime: 2268us
DeltaBlue: iterations=1 runtime: 2159us
DeltaBlue: iterations=10 average: 2416us total: 24160us


Total Runtime: 24160us
Starting DeltaBlue benchmark ...
DeltaBlue: iterations=1 runtime: 2731us
DeltaBlue: iterations=1 runtime: 2179us
DeltaBlue: iterations=1 runtime: 2217us
DeltaBlue: iterations=1 runtime: 2219us
DeltaBlue: iterations=1 runtime: 2148us
DeltaBlue: iterations=1 runtime: 2221us
DeltaBlue: iterations=1 runtime: 2192us
DeltaBlue: iterations=1 runtime: 2237us
DeltaBlue: iterations=1 runtime: 2273us
DeltaBlue: iterations=1 runtime: 2239us
DeltaBlue: iterations=10 average: 2266us total: 22656us


Total Runtime: 22656us
Starting DeltaBlue benchmark ...
DeltaBlue: iterations=1 runtime: 2791us
DeltaBlue: iterations=1 runtime: 2214us
DeltaBlue: iterations=1 runtime: 2193us
DeltaBlue: iterations=1 runtime: 2251us
DeltaBlue: iterations=1 runtime: 2261us
DeltaBlue: iterations=1 runtime: 2257us
DeltaBlue: iterations=1 runtime: 2250us
DeltaBlue: iterations=1 runtime: 2176us
DeltaBlue: iterations=1 runtime: 2315us
DeltaBlue: iterations=1 runtime: 2264us
DeltaBlue: iterations=10 average: 2297us total: 22972us


Total Runtime: 22972us
Starting DeltaBlue benchmark ...
DeltaBlue: iterations=1 runtime: 2737us
DeltaBlue: iterations=1 runtime: 2186us
DeltaBlue: iterations=1 runtime: 2185us
DeltaBlue: iterations=1 runtime: 2228us
DeltaBlue: iterations=1 runtime: 2164us
DeltaBlue: iterations=1 runtime: 2230us
DeltaBlue: iterations=1 runtime: 2165us
DeltaBlue: iterations=1 runtime: 2161us
DeltaBlue: iterations=1 runtime: 2275us
DeltaBlue: iterations=1 runtime: 2212us
DeltaBlue: iterations=10 average: 2254us total: 22543us


Total Runtime: 22543us
Starting DeltaBlue benchmark ...
DeltaBlue: iterations=1 runtime: 2746us
DeltaBlue: iterations=1 runtime: 2245us
DeltaBlue: iterations=1 runtime: 2212us
DeltaBlue: iterations=1 runtime: 2237us
DeltaBlue: iterations=1 runtime: 2169us
DeltaBlue: iterations=1 runtime: 2295us
DeltaBlue: iterations=1 runtime: 2197us
DeltaBlue: iterations=1 runtime: 2217us
DeltaBlue: iterations=1 runtime: 2298us
DeltaBlue: iterations=1 runtime: 2228us
DeltaBlue: iterations=10 average: 2284us total: 22844us


Total Runtime: 22844us
  Time (mean ± σ):      65.1 ms ±   4.5 ms    [User: 43.4 ms, System: 17.7 ms]
  Range (min … max):    61.4 ms …  73.2 ms    10 runs
 
