Benchmark 1: C:\Users\test\Documents\research\research\artifacts\installed\python\python.exe C:\Users\test\Documents\research\research\artifacts\system\are-we-fast-yet\benchmarks\Python\harness.py DeltaBlue 10 15
Starting DeltaBlue benchmark ...
DeltaBlue: iterations=1 runtime: 2397us
DeltaBlue: iterations=1 runtime: 2322us
DeltaBlue: iterations=1 runtime: 2275us
DeltaBlue: iterations=1 runtime: 2202us
DeltaBlue: iterations=1 runtime: 2270us
DeltaBlue: iterations=1 runtime: 2199us
DeltaBlue: iterations=1 runtime: 2217us
DeltaBlue: iterations=1 runtime: 2278us
DeltaBlue: iterations=1 runtime: 2226us
DeltaBlue: iterations=1 runtime: 2217us
DeltaBlue: iterations=10 average: 2260us total: 22603us


Total Runtime: 22603us
Starting DeltaBlue benchmark ...
DeltaBlue: iterations=1 runtime: 2789us
DeltaBlue: iterations=1 runtime: 2188us
DeltaBlue: iterations=1 runtime: 2194us
DeltaBlue: iterations=1 runtime: 2272us
DeltaBlue: iterations=1 runtime: 2165us
DeltaBlue: iterations=1 runtime: 2226us
DeltaBlue: iterations=1 runtime: 2160us
DeltaBlue: iterations=1 runtime: 2169us
DeltaBlue: iterations=1 runtime: 2243us
DeltaBlue: iterations=1 runtime: 2162us
DeltaBlue: iterations=10 average: 2257us total: 22568us


Total Runtime: 22568us
Starting DeltaBlue benchmark ...
DeltaBlue: iterations=1 runtime: 2968us
DeltaBlue: iterations=1 runtime: 2312us
DeltaBlue: iterations=1 runtime: 3421us
DeltaBlue: iterations=1 runtime: 3795us
DeltaBlue: iterations=1 runtime: 3700us
DeltaBlue: iterations=1 runtime: 3803us
DeltaBlue: iterations=1 runtime: 4040us
DeltaBlue: iterations=1 runtime: 4199us
DeltaBlue: iterations=1 runtime: 3839us
DeltaBlue: iterations=1 runtime: 3503us
DeltaBlue: iterations=10 average: 3558us total: 35580us


Total Runtime: 35580us
Starting DeltaBlue benchmark ...
DeltaBlue: iterations=1 runtime: 2783us
DeltaBlue: iterations=1 runtime: 2198us
DeltaBlue: iterations=1 runtime: 2175us
DeltaBlue: iterations=1 runtime: 2258us
DeltaBlue: iterations=1 runtime: 2164us
DeltaBlue: iterations=1 runtime: 2238us
DeltaBlue: iterations=1 runtime: 2178us
DeltaBlue: iterations=1 runtime: 2169us
DeltaBlue: iterations=1 runtime: 2243us
DeltaBlue: iterations=1 runtime: 2170us
DeltaBlue: iterations=10 average: 2258us total: 22576us


Total Runtime: 22576us
Starting DeltaBlue benchmark ...
DeltaBlue: iterations=1 runtime: 2792us
DeltaBlue: iterations=1 runtime: 2181us
DeltaBlue: iterations=1 runtime: 2150us
DeltaBlue: iterations=1 runtime: 2581us
DeltaBlue: iterations=1 runtime: 2151us
DeltaBlue: iterations=1 runtime: 2224us
DeltaBlue: iterations=1 runtime: 2152us
DeltaBlue: iterations=1 runtime: 2156us
DeltaBlue: iterations=1 runtime: 2215us
DeltaBlue: iterations=1 runtime: 2146us
DeltaBlue: iterations=10 average: 2275us total: 22748us


Total Runtime: 22748us
Starting DeltaBlue benchmark ...
DeltaBlue: iterations=1 runtime: 2768us
DeltaBlue: iterations=1 runtime: 2175us
DeltaBlue: iterations=1 runtime: 2154us
DeltaBlue: iterations=1 runtime: 2219us
DeltaBlue: iterations=1 runtime: 2131us
DeltaBlue: iterations=1 runtime: 2228us
DeltaBlue: iterations=1 runtime: 2136us
DeltaBlue: iterations=1 runtime: 2136us
DeltaBlue: iterations=1 runtime: 2211us
DeltaBlue: iterations=1 runtime: 2130us
DeltaBlue: iterations=10 average: 2229us total: 22288us


Total Runtime: 22288us
Starting DeltaBlue benchmark ...
DeltaBlue: iterations=1 runtime: 2753us
DeltaBlue: iterations=1 runtime: 2170us
DeltaBlue: iterations=1 runtime: 2164us
DeltaBlue: iterations=1 runtime: 2217us
DeltaBlue: iterations=1 runtime: 2151us
DeltaBlue: iterations=1 runtime: 2209us
DeltaBlue: iterations=1 runtime: 2154us
DeltaBlue: iterations=1 runtime: 2145us
DeltaBlue: iterations=1 runtime: 2221us
DeltaBlue: iterations=1 runtime: 2144us
DeltaBlue: iterations=10 average: 2233us total: 22328us


Total Runtime: 22328us
Starting DeltaBlue benchmark ...
DeltaBlue: iterations=1 runtime: 2766us
DeltaBlue: iterations=1 runtime: 2181us
DeltaBlue: iterations=1 runtime: 2156us
DeltaBlue: iterations=1 runtime: 2240us
DeltaBlue: iterations=1 runtime: 2141us
DeltaBlue: iterations=1 runtime: 2253us
DeltaBlue: iterations=1 runtime: 2143us
DeltaBlue: iterations=1 runtime: 2140us
DeltaBlue: iterations=1 runtime: 2221us
DeltaBlue: iterations=1 runtime: 2145us
DeltaBlue: iterations=10 average: 2239us total: 22386us


Total Runtime: 22386us
Starting DeltaBlue benchmark ...
DeltaBlue: iterations=1 runtime: 2721us
DeltaBlue: iterations=1 runtime: 2174us
DeltaBlue: iterations=1 runtime: 2160us
DeltaBlue: iterations=1 runtime: 2235us
DeltaBlue: iterations=1 runtime: 2148us
DeltaBlue: iterations=1 runtime: 2214us
DeltaBlue: iterations=1 runtime: 2140us
DeltaBlue: iterations=1 runtime: 2150us
DeltaBlue: iterations=1 runtime: 2222us
DeltaBlue: iterations=1 runtime: 2144us
DeltaBlue: iterations=10 average: 2231us total: 22308us


Total Runtime: 22308us
Starting DeltaBlue benchmark ...
DeltaBlue: iterations=1 runtime: 2783us
DeltaBlue: iterations=1 runtime: 2246us
DeltaBlue: iterations=1 runtime: 2215us
DeltaBlue: iterations=1 runtime: 2287us
DeltaBlue: iterations=1 runtime: 2197us
DeltaBlue: iterations=1 runtime: 2270us
DeltaBlue: iterations=1 runtime: 2225us
DeltaBlue: iterations=1 runtime: 2200us
DeltaBlue: iterations=1 runtime: 2264us
DeltaBlue: iterations=1 runtime: 2199us
DeltaBlue: iterations=10 average: 2289us total: 22886us


Total Runtime: 22886us
Starting DeltaBlue benchmark ...
DeltaBlue: iterations=1 runtime: 2763us
DeltaBlue: iterations=1 runtime: 2192us
DeltaBlue: iterations=1 runtime: 2177us
DeltaBlue: iterations=1 runtime: 2233us
DeltaBlue: iterations=1 runtime: 2155us
DeltaBlue: iterations=1 runtime: 2221us
DeltaBlue: iterations=1 runtime: 2160us
DeltaBlue: iterations=1 runtime: 2165us
DeltaBlue: iterations=1 runtime: 2232us
DeltaBlue: iterations=1 runtime: 2154us
DeltaBlue: iterations=10 average: 2245us total: 22452us


Total Runtime: 22452us
Starting DeltaBlue benchmark ...
DeltaBlue: iterations=1 runtime: 2722us
DeltaBlue: iterations=1 runtime: 2181us
DeltaBlue: iterations=1 runtime: 2172us
DeltaBlue: iterations=1 runtime: 2312us
DeltaBlue: iterations=1 runtime: 2172us
DeltaBlue: iterations=1 runtime: 2214us
DeltaBlue: iterations=1 runtime: 2136us
DeltaBlue: iterations=1 runtime: 2142us
DeltaBlue: iterations=1 runtime: 2229us
DeltaBlue: iterations=1 runtime: 2139us
DeltaBlue: iterations=10 average: 2242us total: 22419us


Total Runtime: 22419us
Starting DeltaBlue benchmark ...
DeltaBlue: iterations=1 runtime: 2753us
DeltaBlue: iterations=1 runtime: 2205us
DeltaBlue: iterations=1 runtime: 2195us
DeltaBlue: iterations=1 runtime: 2252us
DeltaBlue: iterations=1 runtime: 2829us
DeltaBlue: iterations=1 runtime: 4383us
DeltaBlue: iterations=1 runtime: 3558us
DeltaBlue: iterations=1 runtime: 3502us
DeltaBlue: iterations=1 runtime: 3363us
DeltaBlue: iterations=1 runtime: 2180us
DeltaBlue: iterations=10 average: 2922us total: 29220us


Total Runtime: 29220us
Starting DeltaBlue benchmark ...
DeltaBlue: iterations=1 runtime: 2738us
DeltaBlue: iterations=1 runtime: 2189us
DeltaBlue: iterations=1 runtime: 2170us
DeltaBlue: iterations=1 runtime: 2253us
DeltaBlue: iterations=1 runtime: 2149us
DeltaBlue: iterations=1 runtime: 2222us
DeltaBlue: iterations=1 runtime: 2155us
DeltaBlue: iterations=1 runtime: 2157us
DeltaBlue: iterations=1 runtime: 2231us
DeltaBlue: iterations=1 runtime: 2148us
DeltaBlue: iterations=10 average: 2241us total: 22412us


Total Runtime: 22412us
Starting DeltaBlue benchmark ...
DeltaBlue: iterations=1 runtime: 2799us
DeltaBlue: iterations=1 runtime: 2230us
DeltaBlue: iterations=1 runtime: 2215us
DeltaBlue: iterations=1 runtime: 2257us
DeltaBlue: iterations=1 runtime: 2187us
DeltaBlue: iterations=1 runtime: 2259us
DeltaBlue: iterations=1 runtime: 2185us
DeltaBlue: iterations=1 runtime: 2182us
DeltaBlue: iterations=1 runtime: 2260us
DeltaBlue: iterations=1 runtime: 2182us
DeltaBlue: iterations=10 average: 2276us total: 22756us


Total Runtime: 22756us
Starting DeltaBlue benchmark ...
DeltaBlue: iterations=1 runtime: 3042us
DeltaBlue: iterations=1 runtime: 2288us
DeltaBlue: iterations=1 runtime: 2179us
DeltaBlue: iterations=1 runtime: 2246us
DeltaBlue: iterations=1 runtime: 2212us
DeltaBlue: iterations=1 runtime: 2240us
DeltaBlue: iterations=1 runtime: 2161us
DeltaBlue: iterations=1 runtime: 2167us
DeltaBlue: iterations=1 runtime: 2235us
DeltaBlue: iterations=1 runtime: 2150us
DeltaBlue: iterations=10 average: 2292us total: 22920us


Total Runtime: 22920us
Starting DeltaBlue benchmark ...
DeltaBlue: iterations=1 runtime: 2729us
DeltaBlue: iterations=1 runtime: 2231us
DeltaBlue: iterations=1 runtime: 2177us
DeltaBlue: iterations=1 runtime: 2235us
DeltaBlue: iterations=1 runtime: 2151us
DeltaBlue: iterations=1 runtime: 2223us
DeltaBlue: iterations=1 runtime: 2157us
DeltaBlue: iterations=1 runtime: 2158us
DeltaBlue: iterations=1 runtime: 2249us
DeltaBlue: iterations=1 runtime: 2155us
DeltaBlue: iterations=10 average: 2246us total: 22465us


Total Runtime: 22465us
Starting DeltaBlue benchmark ...
DeltaBlue: iterations=1 runtime: 2746us
DeltaBlue: iterations=1 runtime: 2223us
DeltaBlue: iterations=1 runtime: 2200us
DeltaBlue: iterations=1 runtime: 2287us
DeltaBlue: iterations=1 runtime: 2169us
DeltaBlue: iterations=1 runtime: 2245us
DeltaBlue: iterations=1 runtime: 2177us
DeltaBlue: iterations=1 runtime: 2174us
DeltaBlue: iterations=1 runtime: 2254us
DeltaBlue: iterations=1 runtime: 2177us
DeltaBlue: iterations=10 average: 2265us total: 22652us


Total Runtime: 22652us
Starting DeltaBlue benchmark ...
DeltaBlue: iterations=1 runtime: 2767us
DeltaBlue: iterations=1 runtime: 2211us
DeltaBlue: iterations=1 runtime: 2204us
DeltaBlue: iterations=1 runtime: 2257us
DeltaBlue: iterations=1 runtime: 2176us
DeltaBlue: iterations=1 runtime: 2255us
DeltaBlue: iterations=1 runtime: 2180us
DeltaBlue: iterations=1 runtime: 2179us
DeltaBlue: iterations=1 runtime: 2258us
DeltaBlue: iterations=1 runtime: 2181us
DeltaBlue: iterations=10 average: 2267us total: 22668us


Total Runtime: 22668us
Starting DeltaBlue benchmark ...
DeltaBlue: iterations=1 runtime: 2719us
DeltaBlue: iterations=1 runtime: 2168us
DeltaBlue: iterations=1 runtime: 2168us
DeltaBlue: iterations=1 runtime: 2219us
DeltaBlue: iterations=1 runtime: 2148us
DeltaBlue: iterations=1 runtime: 2204us
DeltaBlue: iterations=1 runtime: 2144us
DeltaBlue: iterations=1 runtime: 2144us
DeltaBlue: iterations=1 runtime: 2233us
DeltaBlue: iterations=1 runtime: 2140us
DeltaBlue: iterations=10 average: 2229us total: 22287us


Total Runtime: 22287us
  Time (mean ± σ):      64.3 ms ±   3.1 ms    [User: 40.2 ms, System: 18.1 ms]
  Range (min … max):    61.7 ms …  70.1 ms    15 runs
 
