Benchmark 1: C:\Users\test\Documents\research\research\artifacts\installed2\python\python.exe C:\Users\test\Documents\research\research\system\are-we-fast-yet\benchmarks\Python\harness.py DeltaBlue 10 15
Starting DeltaBlue benchmark ...
DeltaBlue: iterations=1 runtime: 3234us
DeltaBlue: iterations=1 runtime: 3558us
DeltaBlue: iterations=1 runtime: 3595us
DeltaBlue: iterations=1 runtime: 3515us
DeltaBlue: iterations=1 runtime: 3174us
DeltaBlue: iterations=1 runtime: 2308us
DeltaBlue: iterations=1 runtime: 2230us
DeltaBlue: iterations=1 runtime: 2284us
DeltaBlue: iterations=1 runtime: 2279us
DeltaBlue: iterations=1 runtime: 2237us
DeltaBlue: iterations=10 average: 2841us total: 28414us


Total Runtime: 28414us
Starting DeltaBlue benchmark ...
DeltaBlue: iterations=1 runtime: 4091us
DeltaBlue: iterations=1 runtime: 4049us
DeltaBlue: iterations=1 runtime: 2300us
DeltaBlue: iterations=1 runtime: 2251us
DeltaBlue: iterations=1 runtime: 2712us
DeltaBlue: iterations=1 runtime: 3500us
DeltaBlue: iterations=1 runtime: 3588us
DeltaBlue: iterations=1 runtime: 3511us
DeltaBlue: iterations=1 runtime: 3106us
DeltaBlue: iterations=1 runtime: 2278us
DeltaBlue: iterations=10 average: 3139us total: 31386us


Total Runtime: 31386us
Starting DeltaBlue benchmark ...
DeltaBlue: iterations=1 runtime: 2854us
DeltaBlue: iterations=1 runtime: 5416us
DeltaBlue: iterations=1 runtime: 3204us
DeltaBlue: iterations=1 runtime: 3654us
DeltaBlue: iterations=1 runtime: 6520us
DeltaBlue: iterations=1 runtime: 3468us
DeltaBlue: iterations=1 runtime: 3330us
DeltaBlue: iterations=1 runtime: 3073us
DeltaBlue: iterations=1 runtime: 3041us
DeltaBlue: iterations=1 runtime: 3416us
DeltaBlue: iterations=10 average: 3798us total: 37976us


Total Runtime: 37976us
Starting DeltaBlue benchmark ...
DeltaBlue: iterations=1 runtime: 2753us
DeltaBlue: iterations=1 runtime: 5364us
DeltaBlue: iterations=1 runtime: 2888us
DeltaBlue: iterations=1 runtime: 3654us
DeltaBlue: iterations=1 runtime: 3673us
DeltaBlue: iterations=1 runtime: 3053us
DeltaBlue: iterations=1 runtime: 3077us
DeltaBlue: iterations=1 runtime: 2760us
DeltaBlue: iterations=1 runtime: 2614us
DeltaBlue: iterations=1 runtime: 2481us
DeltaBlue: iterations=10 average: 3232us total: 32317us


Total Runtime: 32317us
Starting DeltaBlue benchmark ...
DeltaBlue: iterations=1 runtime: 2298us
DeltaBlue: iterations=1 runtime: 2758us
DeltaBlue: iterations=1 runtime: 2215us
DeltaBlue: iterations=1 runtime: 2281us
DeltaBlue: iterations=1 runtime: 3158us
DeltaBlue: iterations=1 runtime: 2800us
DeltaBlue: iterations=1 runtime: 2535us
DeltaBlue: iterations=1 runtime: 2213us
DeltaBlue: iterations=1 runtime: 2285us
DeltaBlue: iterations=1 runtime: 2219us
DeltaBlue: iterations=10 average: 2476us total: 24762us


Total Runtime: 24762us
Starting DeltaBlue benchmark ...
DeltaBlue: iterations=1 runtime: 2312us
DeltaBlue: iterations=1 runtime: 5452us
DeltaBlue: iterations=1 runtime: 2212us
DeltaBlue: iterations=1 runtime: 2240us
DeltaBlue: iterations=1 runtime: 2245us
DeltaBlue: iterations=1 runtime: 2184us
DeltaBlue: iterations=1 runtime: 2309us
DeltaBlue: iterations=1 runtime: 2567us
DeltaBlue: iterations=1 runtime: 2457us
DeltaBlue: iterations=1 runtime: 2196us
DeltaBlue: iterations=10 average: 2617us total: 26174us


Total Runtime: 26174us
Starting DeltaBlue benchmark ...
DeltaBlue: iterations=1 runtime: 2320us
DeltaBlue: iterations=1 runtime: 2701us
DeltaBlue: iterations=1 runtime: 2212us
DeltaBlue: iterations=1 runtime: 2256us
DeltaBlue: iterations=1 runtime: 2193us
DeltaBlue: iterations=1 runtime: 2202us
DeltaBlue: iterations=1 runtime: 2324us
DeltaBlue: iterations=1 runtime: 2262us
DeltaBlue: iterations=1 runtime: 2337us
DeltaBlue: iterations=1 runtime: 2294us
DeltaBlue: iterations=10 average: 2310us total: 23101us


Total Runtime: 23101us
Starting DeltaBlue benchmark ...
DeltaBlue: iterations=1 runtime: 2276us
DeltaBlue: iterations=1 runtime: 2807us
DeltaBlue: iterations=1 runtime: 2298us
DeltaBlue: iterations=1 runtime: 2399us
DeltaBlue: iterations=1 runtime: 2200us
DeltaBlue: iterations=1 runtime: 2230us
DeltaBlue: iterations=1 runtime: 2330us
DeltaBlue: iterations=1 runtime: 2268us
DeltaBlue: iterations=1 runtime: 2470us
DeltaBlue: iterations=1 runtime: 2350us
DeltaBlue: iterations=10 average: 2363us total: 23628us


Total Runtime: 23628us
Starting DeltaBlue benchmark ...
DeltaBlue: iterations=1 runtime: 3168us
DeltaBlue: iterations=1 runtime: 3054us
DeltaBlue: iterations=1 runtime: 2224us
DeltaBlue: iterations=1 runtime: 3044us
DeltaBlue: iterations=1 runtime: 3374us
DeltaBlue: iterations=1 runtime: 3047us
DeltaBlue: iterations=1 runtime: 2656us
DeltaBlue: iterations=1 runtime: 2745us
DeltaBlue: iterations=1 runtime: 4033us
DeltaBlue: iterations=1 runtime: 4219us
DeltaBlue: iterations=10 average: 3156us total: 31564us


Total Runtime: 31564us
Starting DeltaBlue benchmark ...
DeltaBlue: iterations=1 runtime: 2709us
DeltaBlue: iterations=1 runtime: 4503us
DeltaBlue: iterations=1 runtime: 3047us
DeltaBlue: iterations=1 runtime: 4272us
DeltaBlue: iterations=1 runtime: 4424us
DeltaBlue: iterations=1 runtime: 3797us
DeltaBlue: iterations=1 runtime: 4435us
DeltaBlue: iterations=1 runtime: 3801us
DeltaBlue: iterations=1 runtime: 3935us
DeltaBlue: iterations=1 runtime: 3684us
DeltaBlue: iterations=10 average: 3861us total: 38607us


Total Runtime: 38607us
Starting DeltaBlue benchmark ...
DeltaBlue: iterations=1 runtime: 2418us
DeltaBlue: iterations=1 runtime: 2797us
DeltaBlue: iterations=1 runtime: 2547us
DeltaBlue: iterations=1 runtime: 4179us
DeltaBlue: iterations=1 runtime: 2463us
DeltaBlue: iterations=1 runtime: 2316us
DeltaBlue: iterations=1 runtime: 2336us
DeltaBlue: iterations=1 runtime: 2211us
DeltaBlue: iterations=1 runtime: 3715us
DeltaBlue: iterations=1 runtime: 4315us
DeltaBlue: iterations=10 average: 2930us total: 29297us


Total Runtime: 29297us
Starting DeltaBlue benchmark ...
DeltaBlue: iterations=1 runtime: 2397us
DeltaBlue: iterations=1 runtime: 2739us
DeltaBlue: iterations=1 runtime: 2541us
DeltaBlue: iterations=1 runtime: 3654us
DeltaBlue: iterations=1 runtime: 4631us
DeltaBlue: iterations=1 runtime: 4458us
DeltaBlue: iterations=1 runtime: 3104us
DeltaBlue: iterations=1 runtime: 2178us
DeltaBlue: iterations=1 runtime: 2342us
DeltaBlue: iterations=1 runtime: 2736us
DeltaBlue: iterations=10 average: 3078us total: 30780us


Total Runtime: 30780us
Starting DeltaBlue benchmark ...
DeltaBlue: iterations=1 runtime: 2411us
DeltaBlue: iterations=1 runtime: 6435us
DeltaBlue: iterations=1 runtime: 2400us
DeltaBlue: iterations=1 runtime: 2350us
DeltaBlue: iterations=1 runtime: 2287us
DeltaBlue: iterations=1 runtime: 2314us
DeltaBlue: iterations=1 runtime: 2950us
DeltaBlue: iterations=1 runtime: 3779us
DeltaBlue: iterations=1 runtime: 2422us
DeltaBlue: iterations=1 runtime: 2299us
DeltaBlue: iterations=10 average: 2965us total: 29647us


Total Runtime: 29647us
  Time (mean ± σ):      81.2 ms ±  13.2 ms    [User: 48.1 ms, System: 30.0 ms]
  Range (min … max):    61.3 ms … 102.5 ms    10 runs
 
