Benchmark 1: C:\Users\test\Documents\research\research\artifacts\installed\python\python.exe C:\Users\test\Documents\research\research\artifacts\system\are-we-fast-yet\benchmarks\Python\harness.py DeltaBlue 10 15
Starting DeltaBlue benchmark ...
DeltaBlue: iterations=1 runtime: 3159us
DeltaBlue: iterations=1 runtime: 3529us
DeltaBlue: iterations=1 runtime: 3557us
DeltaBlue: iterations=1 runtime: 3464us
DeltaBlue: iterations=1 runtime: 3307us
DeltaBlue: iterations=1 runtime: 2194us
DeltaBlue: iterations=1 runtime: 2196us
DeltaBlue: iterations=1 runtime: 2269us
DeltaBlue: iterations=1 runtime: 2204us
DeltaBlue: iterations=1 runtime: 2193us
DeltaBlue: iterations=10 average: 2807us total: 28072us


Total Runtime: 28072us
Starting DeltaBlue benchmark ...
DeltaBlue: iterations=1 runtime: 2219us
DeltaBlue: iterations=1 runtime: 2691us
DeltaBlue: iterations=1 runtime: 2165us
DeltaBlue: iterations=1 runtime: 2290us
DeltaBlue: iterations=1 runtime: 2248us
DeltaBlue: iterations=1 runtime: 2150us
DeltaBlue: iterations=1 runtime: 2209us
DeltaBlue: iterations=1 runtime: 2144us
DeltaBlue: iterations=1 runtime: 2218us
DeltaBlue: iterations=1 runtime: 2121us
DeltaBlue: iterations=10 average: 2246us total: 22455us


Total Runtime: 22455us
Starting DeltaBlue benchmark ...
DeltaBlue: iterations=1 runtime: 2376us
DeltaBlue: iterations=1 runtime: 2903us
DeltaBlue: iterations=1 runtime: 2973us
DeltaBlue: iterations=1 runtime: 2383us
DeltaBlue: iterations=1 runtime: 2286us
DeltaBlue: iterations=1 runtime: 2327us
DeltaBlue: iterations=1 runtime: 2400us
DeltaBlue: iterations=1 runtime: 2301us
DeltaBlue: iterations=1 runtime: 2326us
DeltaBlue: iterations=1 runtime: 2358us
DeltaBlue: iterations=10 average: 2463us total: 24633us


Total Runtime: 24633us
Starting DeltaBlue benchmark ...
DeltaBlue: iterations=1 runtime: 2280us
DeltaBlue: iterations=1 runtime: 2737us
DeltaBlue: iterations=1 runtime: 2204us
DeltaBlue: iterations=1 runtime: 2253us
DeltaBlue: iterations=1 runtime: 2175us
DeltaBlue: iterations=1 runtime: 2169us
DeltaBlue: iterations=1 runtime: 2251us
DeltaBlue: iterations=1 runtime: 2190us
DeltaBlue: iterations=1 runtime: 2293us
DeltaBlue: iterations=1 runtime: 2190us
DeltaBlue: iterations=10 average: 2274us total: 22742us


Total Runtime: 22742us
Starting DeltaBlue benchmark ...
DeltaBlue: iterations=1 runtime: 2278us
DeltaBlue: iterations=1 runtime: 2893us
DeltaBlue: iterations=1 runtime: 2183us
DeltaBlue: iterations=1 runtime: 2240us
DeltaBlue: iterations=1 runtime: 2158us
DeltaBlue: iterations=1 runtime: 2172us
DeltaBlue: iterations=1 runtime: 2239us
DeltaBlue: iterations=1 runtime: 2146us
DeltaBlue: iterations=1 runtime: 2320us
DeltaBlue: iterations=1 runtime: 2155us
DeltaBlue: iterations=10 average: 2278us total: 22784us


Total Runtime: 22784us
Starting DeltaBlue benchmark ...
DeltaBlue: iterations=1 runtime: 2201us
DeltaBlue: iterations=1 runtime: 2694us
DeltaBlue: iterations=1 runtime: 2137us
DeltaBlue: iterations=1 runtime: 2196us
DeltaBlue: iterations=1 runtime: 2109us
DeltaBlue: iterations=1 runtime: 2111us
DeltaBlue: iterations=1 runtime: 2186us
DeltaBlue: iterations=1 runtime: 2107us
DeltaBlue: iterations=1 runtime: 2206us
DeltaBlue: iterations=1 runtime: 2110us
DeltaBlue: iterations=10 average: 2206us total: 22057us


Total Runtime: 22057us
Starting DeltaBlue benchmark ...
DeltaBlue: iterations=1 runtime: 2200us
DeltaBlue: iterations=1 runtime: 2678us
DeltaBlue: iterations=1 runtime: 2134us
DeltaBlue: iterations=1 runtime: 2191us
DeltaBlue: iterations=1 runtime: 2106us
DeltaBlue: iterations=1 runtime: 2124us
DeltaBlue: iterations=1 runtime: 2188us
DeltaBlue: iterations=1 runtime: 2112us
DeltaBlue: iterations=1 runtime: 2191us
DeltaBlue: iterations=1 runtime: 2139us
DeltaBlue: iterations=10 average: 2206us total: 22063us


Total Runtime: 22063us
Starting DeltaBlue benchmark ...
DeltaBlue: iterations=1 runtime: 2237us
DeltaBlue: iterations=1 runtime: 2653us
DeltaBlue: iterations=1 runtime: 2170us
DeltaBlue: iterations=1 runtime: 2221us
DeltaBlue: iterations=1 runtime: 2179us
DeltaBlue: iterations=1 runtime: 2150us
DeltaBlue: iterations=1 runtime: 2224us
DeltaBlue: iterations=1 runtime: 2144us
DeltaBlue: iterations=1 runtime: 2226us
DeltaBlue: iterations=1 runtime: 2150us
DeltaBlue: iterations=10 average: 2235us total: 22354us


Total Runtime: 22354us
Starting DeltaBlue benchmark ...
DeltaBlue: iterations=1 runtime: 2237us
DeltaBlue: iterations=1 runtime: 2649us
DeltaBlue: iterations=1 runtime: 2143us
DeltaBlue: iterations=1 runtime: 2195us
DeltaBlue: iterations=1 runtime: 2116us
DeltaBlue: iterations=1 runtime: 2116us
DeltaBlue: iterations=1 runtime: 2200us
DeltaBlue: iterations=1 runtime: 2120us
DeltaBlue: iterations=1 runtime: 2198us
DeltaBlue: iterations=1 runtime: 2122us
DeltaBlue: iterations=10 average: 2210us total: 22096us


Total Runtime: 22096us
Starting DeltaBlue benchmark ...
DeltaBlue: iterations=1 runtime: 2217us
DeltaBlue: iterations=1 runtime: 2631us
DeltaBlue: iterations=1 runtime: 2152us
DeltaBlue: iterations=1 runtime: 2233us
DeltaBlue: iterations=1 runtime: 2132us
DeltaBlue: iterations=1 runtime: 2132us
DeltaBlue: iterations=1 runtime: 2193us
DeltaBlue: iterations=1 runtime: 2121us
DeltaBlue: iterations=1 runtime: 2200us
DeltaBlue: iterations=1 runtime: 2122us
DeltaBlue: iterations=10 average: 2213us total: 22133us


Total Runtime: 22133us
Starting DeltaBlue benchmark ...
DeltaBlue: iterations=1 runtime: 2235us
DeltaBlue: iterations=1 runtime: 2666us
DeltaBlue: iterations=1 runtime: 2162us
DeltaBlue: iterations=1 runtime: 2238us
DeltaBlue: iterations=1 runtime: 2158us
DeltaBlue: iterations=1 runtime: 2151us
DeltaBlue: iterations=1 runtime: 2221us
DeltaBlue: iterations=1 runtime: 2137us
DeltaBlue: iterations=1 runtime: 2222us
DeltaBlue: iterations=1 runtime: 2166us
DeltaBlue: iterations=10 average: 2236us total: 22356us


Total Runtime: 22356us
Starting DeltaBlue benchmark ...
DeltaBlue: iterations=1 runtime: 2225us
DeltaBlue: iterations=1 runtime: 2732us
DeltaBlue: iterations=1 runtime: 2215us
DeltaBlue: iterations=1 runtime: 2218us
DeltaBlue: iterations=1 runtime: 2128us
DeltaBlue: iterations=1 runtime: 2155us
DeltaBlue: iterations=1 runtime: 2211us
DeltaBlue: iterations=1 runtime: 2125us
DeltaBlue: iterations=1 runtime: 2231us
DeltaBlue: iterations=1 runtime: 2121us
DeltaBlue: iterations=10 average: 2236us total: 22361us


Total Runtime: 22361us
Starting DeltaBlue benchmark ...
DeltaBlue: iterations=1 runtime: 2234us
DeltaBlue: iterations=1 runtime: 2641us
DeltaBlue: iterations=1 runtime: 2165us
DeltaBlue: iterations=1 runtime: 2276us
DeltaBlue: iterations=1 runtime: 2177us
DeltaBlue: iterations=1 runtime: 2153us
DeltaBlue: iterations=1 runtime: 2227us
DeltaBlue: iterations=1 runtime: 2149us
DeltaBlue: iterations=1 runtime: 2228us
DeltaBlue: iterations=1 runtime: 2156us
DeltaBlue: iterations=10 average: 2241us total: 22406us


Total Runtime: 22406us
Starting DeltaBlue benchmark ...
DeltaBlue: iterations=1 runtime: 2271us
DeltaBlue: iterations=1 runtime: 2701us
DeltaBlue: iterations=1 runtime: 2223us
DeltaBlue: iterations=1 runtime: 2247us
DeltaBlue: iterations=1 runtime: 2164us
DeltaBlue: iterations=1 runtime: 2172us
DeltaBlue: iterations=1 runtime: 2242us
DeltaBlue: iterations=1 runtime: 2163us
DeltaBlue: iterations=1 runtime: 2277us
DeltaBlue: iterations=1 runtime: 2158us
DeltaBlue: iterations=10 average: 2262us total: 22618us


Total Runtime: 22618us
Starting DeltaBlue benchmark ...
DeltaBlue: iterations=1 runtime: 2234us
DeltaBlue: iterations=1 runtime: 2654us
DeltaBlue: iterations=1 runtime: 2161us
DeltaBlue: iterations=1 runtime: 2228us
DeltaBlue: iterations=1 runtime: 2147us
DeltaBlue: iterations=1 runtime: 2144us
DeltaBlue: iterations=1 runtime: 2223us
DeltaBlue: iterations=1 runtime: 2150us
DeltaBlue: iterations=1 runtime: 2226us
DeltaBlue: iterations=1 runtime: 2146us
DeltaBlue: iterations=10 average: 2231us total: 22313us


Total Runtime: 22313us
Starting DeltaBlue benchmark ...
DeltaBlue: iterations=1 runtime: 2264us
DeltaBlue: iterations=1 runtime: 2789us
DeltaBlue: iterations=1 runtime: 2278us
DeltaBlue: iterations=1 runtime: 2310us
DeltaBlue: iterations=1 runtime: 2292us
DeltaBlue: iterations=1 runtime: 2294us
DeltaBlue: iterations=1 runtime: 3760us
DeltaBlue: iterations=1 runtime: 2312us
DeltaBlue: iterations=1 runtime: 2337us
DeltaBlue: iterations=1 runtime: 2260us
DeltaBlue: iterations=10 average: 2490us total: 24896us


Total Runtime: 24896us
Starting DeltaBlue benchmark ...
DeltaBlue: iterations=1 runtime: 2238us
DeltaBlue: iterations=1 runtime: 2696us
DeltaBlue: iterations=1 runtime: 2169us
DeltaBlue: iterations=1 runtime: 2240us
DeltaBlue: iterations=1 runtime: 2145us
DeltaBlue: iterations=1 runtime: 2151us
DeltaBlue: iterations=1 runtime: 2255us
DeltaBlue: iterations=1 runtime: 2147us
DeltaBlue: iterations=1 runtime: 2230us
DeltaBlue: iterations=1 runtime: 2161us
DeltaBlue: iterations=10 average: 2243us total: 22432us


Total Runtime: 22432us
Starting DeltaBlue benchmark ...
DeltaBlue: iterations=1 runtime: 2256us
DeltaBlue: iterations=1 runtime: 2677us
DeltaBlue: iterations=1 runtime: 2189us
DeltaBlue: iterations=1 runtime: 2257us
DeltaBlue: iterations=1 runtime: 2167us
DeltaBlue: iterations=1 runtime: 2168us
DeltaBlue: iterations=1 runtime: 2240us
DeltaBlue: iterations=1 runtime: 2156us
DeltaBlue: iterations=1 runtime: 2262us
DeltaBlue: iterations=1 runtime: 2173us
DeltaBlue: iterations=10 average: 2254us total: 22545us


Total Runtime: 22545us
Starting DeltaBlue benchmark ...
DeltaBlue: iterations=1 runtime: 2226us
DeltaBlue: iterations=1 runtime: 2648us
DeltaBlue: iterations=1 runtime: 2171us
DeltaBlue: iterations=1 runtime: 2214us
DeltaBlue: iterations=1 runtime: 2175us
DeltaBlue: iterations=1 runtime: 2157us
DeltaBlue: iterations=1 runtime: 2216us
DeltaBlue: iterations=1 runtime: 2135us
DeltaBlue: iterations=1 runtime: 2214us
DeltaBlue: iterations=1 runtime: 2142us
DeltaBlue: iterations=10 average: 2230us total: 22298us


Total Runtime: 22298us
Starting DeltaBlue benchmark ...
DeltaBlue: iterations=1 runtime: 2249us
DeltaBlue: iterations=1 runtime: 2674us
DeltaBlue: iterations=1 runtime: 2191us
DeltaBlue: iterations=1 runtime: 2239us
DeltaBlue: iterations=1 runtime: 2170us
DeltaBlue: iterations=1 runtime: 2173us
DeltaBlue: iterations=1 runtime: 2244us
DeltaBlue: iterations=1 runtime: 2154us
DeltaBlue: iterations=1 runtime: 2248us
DeltaBlue: iterations=1 runtime: 2161us
DeltaBlue: iterations=10 average: 2250us total: 22503us


Total Runtime: 22503us
  Time (mean ± σ):      62.3 ms ±   2.1 ms    [User: 41.4 ms, System: 21.2 ms]
  Range (min … max):    60.1 ms …  66.6 ms    15 runs
 
