Benchmark 1: C:\Users\test\Documents\research\research\artifacts\installed2\python\python.exe C:\Users\test\Documents\research\research\system\are-we-fast-yet\benchmarks\Python\harness.py Json 10 15
Starting Json benchmark ...
Json: iterations=1 runtime: 507639us
Json: iterations=1 runtime: 553001us
Json: iterations=1 runtime: 526417us
Json: iterations=1 runtime: 509189us
Json: iterations=1 runtime: 546146us
Json: iterations=1 runtime: 507699us
Json: iterations=1 runtime: 535788us
Json: iterations=1 runtime: 519471us
Json: iterations=1 runtime: 473282us
Json: iterations=1 runtime: 481777us
Json: iterations=10 average: 516041us total: 5160409us


Total Runtime: 5160409us
Starting Json benchmark ...
Json: iterations=1 runtime: 548892us
Json: iterations=1 runtime: 508988us
Json: iterations=1 runtime: 486991us
Json: iterations=1 runtime: 502054us
Json: iterations=1 runtime: 470180us
Json: iterations=1 runtime: 507566us
Json: iterations=1 runtime: 489181us
Json: iterations=1 runtime: 504887us
Json: iterations=1 runtime: 479338us
Json: iterations=1 runtime: 507242us
Json: iterations=10 average: 500532us total: 5005319us


Total Runtime: 5005319us
Starting Json benchmark ...
Json: iterations=1 runtime: 464444us
Json: iterations=1 runtime: 475820us
Json: iterations=1 runtime: 450153us
Json: iterations=1 runtime: 443077us
Json: iterations=1 runtime: 489336us
Json: iterations=1 runtime: 524567us
Json: iterations=1 runtime: 445760us
Json: iterations=1 runtime: 424836us
Json: iterations=1 runtime: 420449us
Json: iterations=1 runtime: 418439us
Json: iterations=10 average: 455688us total: 4556881us


Total Runtime: 4556881us
Starting Json benchmark ...
Json: iterations=1 runtime: 488060us
Json: iterations=1 runtime: 556178us
Json: iterations=1 runtime: 522955us
Json: iterations=1 runtime: 520017us
Json: iterations=1 runtime: 500456us
Json: iterations=1 runtime: 490421us
Json: iterations=1 runtime: 509835us
Json: iterations=1 runtime: 542217us
Json: iterations=1 runtime: 513281us
Json: iterations=1 runtime: 460353us
Json: iterations=10 average: 510377us total: 5103773us


Total Runtime: 5103773us
Starting Json benchmark ...
Json: iterations=1 runtime: 448550us
Json: iterations=1 runtime: 444025us
Json: iterations=1 runtime: 493560us
Json: iterations=1 runtime: 492142us
Json: iterations=1 runtime: 511400us
Json: iterations=1 runtime: 547311us
Json: iterations=1 runtime: 502656us
Json: iterations=1 runtime: 527965us
Json: iterations=1 runtime: 518381us
Json: iterations=1 runtime: 486786us
Json: iterations=10 average: 497278us total: 4972776us


Total Runtime: 4972776us
Starting Json benchmark ...
Json: iterations=1 runtime: 496569us
Json: iterations=1 runtime: 484231us
Json: iterations=1 runtime: 506510us
Json: iterations=1 runtime: 496843us
Json: iterations=1 runtime: 463121us
Json: iterations=1 runtime: 559090us
Json: iterations=1 runtime: 589077us
Json: iterations=1 runtime: 680048us
Json: iterations=1 runtime: 583547us
Json: iterations=1 runtime: 534003us
Json: iterations=10 average: 539304us total: 5393039us


Total Runtime: 5393039us
Starting Json benchmark ...
Json: iterations=1 runtime: 600209us
Json: iterations=1 runtime: 571884us
Json: iterations=1 runtime: 515800us
Json: iterations=1 runtime: 511483us
Json: iterations=1 runtime: 529152us
Json: iterations=1 runtime: 548060us
Json: iterations=1 runtime: 532374us
Json: iterations=1 runtime: 536227us
Json: iterations=1 runtime: 503386us
Json: iterations=1 runtime: 545840us
Json: iterations=10 average: 539442us total: 5394415us


Total Runtime: 5394415us
Starting Json benchmark ...
Json: iterations=1 runtime: 501771us
Json: iterations=1 runtime: 574580us
Json: iterations=1 runtime: 586668us
Json: iterations=1 runtime: 586605us
Json: iterations=1 runtime: 610285us
Json: iterations=1 runtime: 574001us
Json: iterations=1 runtime: 514057us
Json: iterations=1 runtime: 533312us
Json: iterations=1 runtime: 522123us
Json: iterations=1 runtime: 520740us
Json: iterations=10 average: 552414us total: 5524142us


Total Runtime: 5524142us
Starting Json benchmark ...
Json: iterations=1 runtime: 556471us
Json: iterations=1 runtime: 518822us
Json: iterations=1 runtime: 514067us
Json: iterations=1 runtime: 525010us
Json: iterations=1 runtime: 518514us
Json: iterations=1 runtime: 543945us
Json: iterations=1 runtime: 504763us
Json: iterations=1 runtime: 488568us
Json: iterations=1 runtime: 483692us
Json: iterations=1 runtime: 471705us
Json: iterations=10 average: 512556us total: 5125557us


Total Runtime: 5125557us
Starting Json benchmark ...
Json: iterations=1 runtime: 518058us
Json: iterations=1 runtime: 545672us
Json: iterations=1 runtime: 535914us
Json: iterations=1 runtime: 525008us
Json: iterations=1 runtime: 506430us
Json: iterations=1 runtime: 480500us
Json: iterations=1 runtime: 516825us
Json: iterations=1 runtime: 478808us
Json: iterations=1 runtime: 526646us
Json: iterations=1 runtime: 519548us
Json: iterations=10 average: 515341us total: 5153409us


Total Runtime: 5153409us
Starting Json benchmark ...
Json: iterations=1 runtime: 514919us
Json: iterations=1 runtime: 494480us
Json: iterations=1 runtime: 488885us
Json: iterations=1 runtime: 501545us
Json: iterations=1 runtime: 512186us
Json: iterations=1 runtime: 511295us
Json: iterations=1 runtime: 498313us
Json: iterations=1 runtime: 532915us
Json: iterations=1 runtime: 535843us
Json: iterations=1 runtime: 499602us
Json: iterations=10 average: 508998us total: 5089983us


Total Runtime: 5089983us
Starting Json benchmark ...
Json: iterations=1 runtime: 436229us
Json: iterations=1 runtime: 470894us
Json: iterations=1 runtime: 436681us
Json: iterations=1 runtime: 417753us
Json: iterations=1 runtime: 414024us
Json: iterations=1 runtime: 437694us
Json: iterations=1 runtime: 501328us
Json: iterations=1 runtime: 548796us
Json: iterations=1 runtime: 486302us
Json: iterations=1 runtime: 522820us
Json: iterations=10 average: 467252us total: 4672521us


Total Runtime: 4672521us
Starting Json benchmark ...
Json: iterations=1 runtime: 585403us
Json: iterations=1 runtime: 565578us
Json: iterations=1 runtime: 450257us
Json: iterations=1 runtime: 550257us
Json: iterations=1 runtime: 477484us
Json: iterations=1 runtime: 482236us
Json: iterations=1 runtime: 473886us
Json: iterations=1 runtime: 474344us
Json: iterations=1 runtime: 479206us
Json: iterations=1 runtime: 483079us
Json: iterations=10 average: 502173us total: 5021730us


Total Runtime: 5021730us
  Time (mean ± σ):      5.193 s ±  0.248 s    [User: 5.145 s, System: 0.027 s]
  Range (min … max):    4.716 s …  5.569 s    10 runs
 
