Benchmark 1: C:\Users\test\Documents\research\research\artifacts\installed2\python\python.exe C:\Users\test\Documents\research\research\system\are-we-fast-yet\benchmarks\Python\harness.py DeltaBlue 10 15
Starting DeltaBlue benchmark ...
DeltaBlue: iterations=1 runtime: 1741us
DeltaBlue: iterations=1 runtime: 1621us
DeltaBlue: iterations=1 runtime: 1609us
DeltaBlue: iterations=1 runtime: 1662us
DeltaBlue: iterations=1 runtime: 1596us
DeltaBlue: iterations=1 runtime: 1574us
DeltaBlue: iterations=1 runtime: 1584us
DeltaBlue: iterations=1 runtime: 1664us
DeltaBlue: iterations=1 runtime: 1575us
DeltaBlue: iterations=1 runtime: 1576us
DeltaBlue: iterations=10 average: 1620us total: 16202us


Total Runtime: 16202us
Starting DeltaBlue benchmark ...
DeltaBlue: iterations=1 runtime: 1938us
DeltaBlue: iterations=1 runtime: 1893us
DeltaBlue: iterations=1 runtime: 1741us
DeltaBlue: iterations=1 runtime: 1837us
DeltaBlue: iterations=1 runtime: 1692us
DeltaBlue: iterations=1 runtime: 1839us
DeltaBlue: iterations=1 runtime: 1755us
DeltaBlue: iterations=1 runtime: 1864us
DeltaBlue: iterations=1 runtime: 1710us
DeltaBlue: iterations=1 runtime: 1747us
DeltaBlue: iterations=10 average: 1802us total: 18016us


Total Runtime: 18016us
Starting DeltaBlue benchmark ...
DeltaBlue: iterations=1 runtime: 1827us
DeltaBlue: iterations=1 runtime: 1711us
DeltaBlue: iterations=1 runtime: 1697us
DeltaBlue: iterations=1 runtime: 1761us
DeltaBlue: iterations=1 runtime: 1639us
DeltaBlue: iterations=1 runtime: 1633us
DeltaBlue: iterations=1 runtime: 1678us
DeltaBlue: iterations=1 runtime: 1808us
DeltaBlue: iterations=1 runtime: 1701us
DeltaBlue: iterations=1 runtime: 1667us
DeltaBlue: iterations=10 average: 1712us total: 17122us


Total Runtime: 17122us
Starting DeltaBlue benchmark ...
DeltaBlue: iterations=1 runtime: 1892us
DeltaBlue: iterations=1 runtime: 1699us
DeltaBlue: iterations=1 runtime: 1758us
DeltaBlue: iterations=1 runtime: 1782us
DeltaBlue: iterations=1 runtime: 1662us
DeltaBlue: iterations=1 runtime: 1644us
DeltaBlue: iterations=1 runtime: 1696us
DeltaBlue: iterations=1 runtime: 1814us
DeltaBlue: iterations=1 runtime: 1769us
DeltaBlue: iterations=1 runtime: 1940us
DeltaBlue: iterations=10 average: 1766us total: 17656us


Total Runtime: 17656us
Starting DeltaBlue benchmark ...
DeltaBlue: iterations=1 runtime: 1871us
DeltaBlue: iterations=1 runtime: 1817us
DeltaBlue: iterations=1 runtime: 1727us
DeltaBlue: iterations=1 runtime: 1821us
DeltaBlue: iterations=1 runtime: 1686us
DeltaBlue: iterations=1 runtime: 1710us
DeltaBlue: iterations=1 runtime: 1749us
DeltaBlue: iterations=1 runtime: 1808us
DeltaBlue: iterations=1 runtime: 1735us
DeltaBlue: iterations=1 runtime: 1754us
DeltaBlue: iterations=10 average: 1768us total: 17678us


Total Runtime: 17678us
Starting DeltaBlue benchmark ...
DeltaBlue: iterations=1 runtime: 1931us
DeltaBlue: iterations=1 runtime: 1795us
DeltaBlue: iterations=1 runtime: 1751us
DeltaBlue: iterations=1 runtime: 1821us
DeltaBlue: iterations=1 runtime: 1715us
DeltaBlue: iterations=1 runtime: 1715us
DeltaBlue: iterations=1 runtime: 1754us
DeltaBlue: iterations=1 runtime: 1880us
DeltaBlue: iterations=1 runtime: 1729us
DeltaBlue: iterations=1 runtime: 1739us
DeltaBlue: iterations=10 average: 1783us total: 17830us


Total Runtime: 17830us
Starting DeltaBlue benchmark ...
DeltaBlue: iterations=1 runtime: 1830us
DeltaBlue: iterations=1 runtime: 1764us
DeltaBlue: iterations=1 runtime: 1987us
DeltaBlue: iterations=1 runtime: 1833us
DeltaBlue: iterations=1 runtime: 1751us
DeltaBlue: iterations=1 runtime: 1877us
DeltaBlue: iterations=1 runtime: 1716us
DeltaBlue: iterations=1 runtime: 1791us
DeltaBlue: iterations=1 runtime: 1692us
DeltaBlue: iterations=1 runtime: 1696us
DeltaBlue: iterations=10 average: 1794us total: 17937us


Total Runtime: 17937us
Starting DeltaBlue benchmark ...
DeltaBlue: iterations=1 runtime: 1833us
DeltaBlue: iterations=1 runtime: 1820us
DeltaBlue: iterations=1 runtime: 1844us
DeltaBlue: iterations=1 runtime: 1862us
DeltaBlue: iterations=1 runtime: 1729us
DeltaBlue: iterations=1 runtime: 1746us
DeltaBlue: iterations=1 runtime: 1718us
DeltaBlue: iterations=1 runtime: 1798us
DeltaBlue: iterations=1 runtime: 1756us
DeltaBlue: iterations=1 runtime: 1744us
DeltaBlue: iterations=10 average: 1785us total: 17850us


Total Runtime: 17850us
Starting DeltaBlue benchmark ...
DeltaBlue: iterations=1 runtime: 1829us
DeltaBlue: iterations=1 runtime: 1733us
DeltaBlue: iterations=1 runtime: 1837us
DeltaBlue: iterations=1 runtime: 2036us
DeltaBlue: iterations=1 runtime: 1708us
DeltaBlue: iterations=1 runtime: 1679us
DeltaBlue: iterations=1 runtime: 1711us
DeltaBlue: iterations=1 runtime: 1810us
DeltaBlue: iterations=1 runtime: 1714us
DeltaBlue: iterations=1 runtime: 1690us
DeltaBlue: iterations=10 average: 1775us total: 17747us


Total Runtime: 17747us
Starting DeltaBlue benchmark ...
DeltaBlue: iterations=1 runtime: 1888us
DeltaBlue: iterations=1 runtime: 1817us
DeltaBlue: iterations=1 runtime: 1809us
DeltaBlue: iterations=1 runtime: 1811us
DeltaBlue: iterations=1 runtime: 1933us
DeltaBlue: iterations=1 runtime: 2087us
DeltaBlue: iterations=1 runtime: 1947us
DeltaBlue: iterations=1 runtime: 2033us
DeltaBlue: iterations=1 runtime: 1850us
DeltaBlue: iterations=1 runtime: 1853us
DeltaBlue: iterations=10 average: 1903us total: 19028us


Total Runtime: 19028us
Starting DeltaBlue benchmark ...
DeltaBlue: iterations=1 runtime: 1818us
DeltaBlue: iterations=1 runtime: 1712us
DeltaBlue: iterations=1 runtime: 1736us
DeltaBlue: iterations=1 runtime: 1790us
DeltaBlue: iterations=1 runtime: 1690us
DeltaBlue: iterations=1 runtime: 1705us
DeltaBlue: iterations=1 runtime: 1675us
DeltaBlue: iterations=1 runtime: 1758us
DeltaBlue: iterations=1 runtime: 1665us
DeltaBlue: iterations=1 runtime: 1678us
DeltaBlue: iterations=10 average: 1723us total: 17227us


Total Runtime: 17227us
Starting DeltaBlue benchmark ...
DeltaBlue: iterations=1 runtime: 1877us
DeltaBlue: iterations=1 runtime: 2308us
DeltaBlue: iterations=1 runtime: 1687us
DeltaBlue: iterations=1 runtime: 1870us
DeltaBlue: iterations=1 runtime: 1649us
DeltaBlue: iterations=1 runtime: 1727us
DeltaBlue: iterations=1 runtime: 1701us
DeltaBlue: iterations=1 runtime: 1827us
DeltaBlue: iterations=1 runtime: 1675us
DeltaBlue: iterations=1 runtime: 1731us
DeltaBlue: iterations=10 average: 1805us total: 18052us


Total Runtime: 18052us
Starting DeltaBlue benchmark ...
DeltaBlue: iterations=1 runtime: 2177us
DeltaBlue: iterations=1 runtime: 2150us
DeltaBlue: iterations=1 runtime: 2108us
DeltaBlue: iterations=1 runtime: 2143us
DeltaBlue: iterations=1 runtime: 1864us
DeltaBlue: iterations=1 runtime: 1791us
DeltaBlue: iterations=1 runtime: 1803us
DeltaBlue: iterations=1 runtime: 1828us
DeltaBlue: iterations=1 runtime: 1727us
DeltaBlue: iterations=1 runtime: 1703us
DeltaBlue: iterations=10 average: 1929us total: 19294us


Total Runtime: 19294us
  Time (mean ± σ):      67.5 ms ±   1.3 ms    [User: 42.2 ms, System: 18.4 ms]
  Range (min … max):    65.1 ms …  69.1 ms    10 runs
 
