Benchmark 1: C:\Users\test\Documents\research\research\artifacts\installed2\python\python.exe C:\Users\test\Documents\research\research\system\are-we-fast-yet\benchmarks\Python\harness.py Json 10 15
Starting Json benchmark ...
Json: iterations=1 runtime: 538678us
Json: iterations=1 runtime: 488108us
Json: iterations=1 runtime: 521838us
Json: iterations=1 runtime: 448756us
Json: iterations=1 runtime: 535803us
Json: iterations=1 runtime: 559277us
Json: iterations=1 runtime: 475360us
Json: iterations=1 runtime: 572772us
Json: iterations=1 runtime: 560406us
Json: iterations=1 runtime: 525739us
Json: iterations=10 average: 522674us total: 5226737us


Total Runtime: 5226737us
Starting Json benchmark ...
Json: iterations=1 runtime: 496173us
Json: iterations=1 runtime: 563767us
Json: iterations=1 runtime: 553570us
Json: iterations=1 runtime: 534549us
Json: iterations=1 runtime: 620910us
Json: iterations=1 runtime: 590267us
Json: iterations=1 runtime: 556085us
Json: iterations=1 runtime: 583923us
Json: iterations=1 runtime: 468273us
Json: iterations=1 runtime: 549487us
Json: iterations=10 average: 551700us total: 5517004us


Total Runtime: 5517004us
Starting Json benchmark ...
Json: iterations=1 runtime: 529926us
Json: iterations=1 runtime: 525799us
Json: iterations=1 runtime: 522631us
Json: iterations=1 runtime: 569100us
Json: iterations=1 runtime: 564530us
Json: iterations=1 runtime: 551404us
Json: iterations=1 runtime: 478139us
Json: iterations=1 runtime: 491006us
Json: iterations=1 runtime: 494573us
Json: iterations=1 runtime: 501822us
Json: iterations=10 average: 522893us total: 5228930us


Total Runtime: 5228930us
Starting Json benchmark ...
Json: iterations=1 runtime: 594561us
Json: iterations=1 runtime: 430469us
Json: iterations=1 runtime: 437725us
Json: iterations=1 runtime: 455937us
Json: iterations=1 runtime: 486469us
Json: iterations=1 runtime: 508251us
Json: iterations=1 runtime: 513600us
Json: iterations=1 runtime: 511437us
Json: iterations=1 runtime: 517289us
Json: iterations=1 runtime: 534899us
Json: iterations=10 average: 499064us total: 4990637us


Total Runtime: 4990637us
Starting Json benchmark ...
Json: iterations=1 runtime: 511589us
Json: iterations=1 runtime: 475179us
Json: iterations=1 runtime: 492044us
Json: iterations=1 runtime: 524992us
Json: iterations=1 runtime: 511484us
Json: iterations=1 runtime: 526515us
Json: iterations=1 runtime: 500182us
Json: iterations=1 runtime: 504914us
Json: iterations=1 runtime: 502864us
Json: iterations=1 runtime: 490226us
Json: iterations=10 average: 503999us total: 5039989us


Total Runtime: 5039989us
Starting Json benchmark ...
Json: iterations=1 runtime: 462791us
Json: iterations=1 runtime: 469948us
Json: iterations=1 runtime: 459718us
Json: iterations=1 runtime: 487433us
Json: iterations=1 runtime: 470105us
Json: iterations=1 runtime: 462052us
Json: iterations=1 runtime: 510159us
Json: iterations=1 runtime: 497231us
Json: iterations=1 runtime: 489385us
Json: iterations=1 runtime: 494618us
Json: iterations=10 average: 480344us total: 4803440us


Total Runtime: 4803440us
Starting Json benchmark ...
Json: iterations=1 runtime: 488287us
Json: iterations=1 runtime: 486060us
Json: iterations=1 runtime: 502975us
Json: iterations=1 runtime: 539324us
Json: iterations=1 runtime: 653532us
Json: iterations=1 runtime: 498975us
Json: iterations=1 runtime: 574021us
Json: iterations=1 runtime: 538697us
Json: iterations=1 runtime: 534887us
Json: iterations=1 runtime: 536011us
Json: iterations=10 average: 535277us total: 5352769us


Total Runtime: 5352769us
Starting Json benchmark ...
Json: iterations=1 runtime: 547274us
Json: iterations=1 runtime: 517156us
Json: iterations=1 runtime: 540398us
Json: iterations=1 runtime: 543180us
Json: iterations=1 runtime: 525597us
Json: iterations=1 runtime: 535647us
Json: iterations=1 runtime: 523397us
Json: iterations=1 runtime: 521414us
Json: iterations=1 runtime: 506263us
Json: iterations=1 runtime: 490877us
Json: iterations=10 average: 525120us total: 5251203us


Total Runtime: 5251203us
Starting Json benchmark ...
Json: iterations=1 runtime: 487493us
Json: iterations=1 runtime: 524760us
Json: iterations=1 runtime: 474613us
Json: iterations=1 runtime: 494342us
Json: iterations=1 runtime: 528765us
Json: iterations=1 runtime: 537393us
Json: iterations=1 runtime: 538228us
Json: iterations=1 runtime: 595564us
Json: iterations=1 runtime: 500914us
Json: iterations=1 runtime: 476702us
Json: iterations=10 average: 515877us total: 5158774us


Total Runtime: 5158774us
Starting Json benchmark ...
Json: iterations=1 runtime: 498202us
Json: iterations=1 runtime: 519903us
Json: iterations=1 runtime: 489769us
Json: iterations=1 runtime: 460377us
Json: iterations=1 runtime: 518731us
Json: iterations=1 runtime: 467561us
Json: iterations=1 runtime: 469444us
Json: iterations=1 runtime: 491570us
Json: iterations=1 runtime: 470947us
Json: iterations=1 runtime: 484914us
Json: iterations=10 average: 487142us total: 4871418us


Total Runtime: 4871418us
Starting Json benchmark ...
Json: iterations=1 runtime: 478435us
Json: iterations=1 runtime: 522779us
Json: iterations=1 runtime: 526098us
Json: iterations=1 runtime: 479880us
Json: iterations=1 runtime: 475014us
Json: iterations=1 runtime: 463676us
Json: iterations=1 runtime: 479545us
Json: iterations=1 runtime: 477109us
Json: iterations=1 runtime: 455573us
Json: iterations=1 runtime: 451991us
Json: iterations=10 average: 481010us total: 4810100us


Total Runtime: 4810100us
Starting Json benchmark ...
Json: iterations=1 runtime: 421858us
Json: iterations=1 runtime: 429533us
Json: iterations=1 runtime: 450992us
Json: iterations=1 runtime: 442517us
Json: iterations=1 runtime: 448796us
Json: iterations=1 runtime: 445197us
Json: iterations=1 runtime: 448856us
Json: iterations=1 runtime: 445602us
Json: iterations=1 runtime: 442601us
Json: iterations=1 runtime: 434939us
Json: iterations=10 average: 441089us total: 4410891us


Total Runtime: 4410891us
Starting Json benchmark ...
Json: iterations=1 runtime: 429706us
Json: iterations=1 runtime: 431312us
Json: iterations=1 runtime: 440413us
Json: iterations=1 runtime: 443704us
Json: iterations=1 runtime: 413764us
Json: iterations=1 runtime: 414330us
Json: iterations=1 runtime: 418608us
Json: iterations=1 runtime: 435740us
Json: iterations=1 runtime: 417570us
Json: iterations=1 runtime: 415526us
Json: iterations=10 average: 426067us total: 4260673us


Total Runtime: 4260673us
  Time (mean ± σ):      4.945 s ±  0.351 s    [User: 4.899 s, System: 0.023 s]
  Range (min … max):    4.302 s …  5.400 s    10 runs
 
