Benchmark 1: C:\Users\test\Documents\research\research\artifacts\installed\python\python.exe C:\Users\test\Documents\research\research\artifacts\system\are-we-fast-yet\benchmarks\Python\harness.py Json 10 15
Starting Json benchmark ...
Json: iterations=1 runtime: 390221us
Json: iterations=1 runtime: 332810us
Json: iterations=1 runtime: 353665us
Json: iterations=1 runtime: 357255us
Json: iterations=1 runtime: 339021us
Json: iterations=1 runtime: 350958us
Json: iterations=1 runtime: 416406us
Json: iterations=1 runtime: 378237us
Json: iterations=1 runtime: 406492us
Json: iterations=1 runtime: 448191us
Json: iterations=10 average: 377326us total: 3773256us


Total Runtime: 3773256us
Starting Json benchmark ...
Json: iterations=1 runtime: 339781us
Json: iterations=1 runtime: 333572us
Json: iterations=1 runtime: 333288us
Json: iterations=1 runtime: 332888us
Json: iterations=1 runtime: 341151us
Json: iterations=1 runtime: 335024us
Json: iterations=1 runtime: 333943us
Json: iterations=1 runtime: 338491us
Json: iterations=1 runtime: 336318us
Json: iterations=1 runtime: 346439us
Json: iterations=10 average: 337090us total: 3370895us


Total Runtime: 3370895us
Starting Json benchmark ...
Json: iterations=1 runtime: 329795us
Json: iterations=1 runtime: 341100us
Json: iterations=1 runtime: 327981us
Json: iterations=1 runtime: 348592us
Json: iterations=1 runtime: 345834us
Json: iterations=1 runtime: 340177us
Json: iterations=1 runtime: 343373us
Json: iterations=1 runtime: 337291us
Json: iterations=1 runtime: 324972us
Json: iterations=1 runtime: 335006us
Json: iterations=10 average: 337412us total: 3374121us


Total Runtime: 3374121us
Starting Json benchmark ...
Json: iterations=1 runtime: 329357us
Json: iterations=1 runtime: 335396us
Json: iterations=1 runtime: 333213us
Json: iterations=1 runtime: 345187us
Json: iterations=1 runtime: 417253us
Json: iterations=1 runtime: 410927us
Json: iterations=1 runtime: 419052us
Json: iterations=1 runtime: 399813us
Json: iterations=1 runtime: 327893us
Json: iterations=1 runtime: 334025us
Json: iterations=10 average: 365212us total: 3652116us


Total Runtime: 3652116us
Starting Json benchmark ...
Json: iterations=1 runtime: 328784us
Json: iterations=1 runtime: 341211us
Json: iterations=1 runtime: 342668us
Json: iterations=1 runtime: 348330us
Json: iterations=1 runtime: 351650us
Json: iterations=1 runtime: 341775us
Json: iterations=1 runtime: 329187us
Json: iterations=1 runtime: 333069us
Json: iterations=1 runtime: 339146us
Json: iterations=1 runtime: 338382us
Json: iterations=10 average: 339420us total: 3394202us


Total Runtime: 3394202us
Starting Json benchmark ...
Json: iterations=1 runtime: 337397us
Json: iterations=1 runtime: 339309us
Json: iterations=1 runtime: 345726us
Json: iterations=1 runtime: 343899us
Json: iterations=1 runtime: 341810us
Json: iterations=1 runtime: 350234us
Json: iterations=1 runtime: 346476us
Json: iterations=1 runtime: 352797us
Json: iterations=1 runtime: 344606us
Json: iterations=1 runtime: 350651us
Json: iterations=10 average: 345290us total: 3452905us


Total Runtime: 3452905us
Starting Json benchmark ...
Json: iterations=1 runtime: 367961us
Json: iterations=1 runtime: 336512us
Json: iterations=1 runtime: 345396us
Json: iterations=1 runtime: 345461us
Json: iterations=1 runtime: 348494us
Json: iterations=1 runtime: 343317us
Json: iterations=1 runtime: 341328us
Json: iterations=1 runtime: 359201us
Json: iterations=1 runtime: 359575us
Json: iterations=1 runtime: 360203us
Json: iterations=10 average: 350745us total: 3507448us


Total Runtime: 3507448us
Starting Json benchmark ...
Json: iterations=1 runtime: 324940us
Json: iterations=1 runtime: 324662us
Json: iterations=1 runtime: 332301us
Json: iterations=1 runtime: 324032us
Json: iterations=1 runtime: 326744us
Json: iterations=1 runtime: 335014us
Json: iterations=1 runtime: 328092us
Json: iterations=1 runtime: 327408us
Json: iterations=1 runtime: 321498us
Json: iterations=1 runtime: 327396us
Json: iterations=10 average: 327209us total: 3272087us


Total Runtime: 3272087us
Starting Json benchmark ...
Json: iterations=1 runtime: 347728us
Json: iterations=1 runtime: 323046us
Json: iterations=1 runtime: 336388us
Json: iterations=1 runtime: 338386us
Json: iterations=1 runtime: 348871us
Json: iterations=1 runtime: 334939us
Json: iterations=1 runtime: 330196us
Json: iterations=1 runtime: 327750us
Json: iterations=1 runtime: 324960us
Json: iterations=1 runtime: 323027us
Json: iterations=10 average: 333529us total: 3335291us


Total Runtime: 3335291us
Starting Json benchmark ...
Json: iterations=1 runtime: 326916us
Json: iterations=1 runtime: 328587us
Json: iterations=1 runtime: 340638us
Json: iterations=1 runtime: 326117us
Json: iterations=1 runtime: 342046us
Json: iterations=1 runtime: 336369us
Json: iterations=1 runtime: 329577us
Json: iterations=1 runtime: 343522us
Json: iterations=1 runtime: 326134us
Json: iterations=1 runtime: 323250us
Json: iterations=10 average: 332316us total: 3323156us


Total Runtime: 3323156us
Starting Json benchmark ...
Json: iterations=1 runtime: 342232us
Json: iterations=1 runtime: 335341us
Json: iterations=1 runtime: 335550us
Json: iterations=1 runtime: 334340us
Json: iterations=1 runtime: 344066us
Json: iterations=1 runtime: 339592us
Json: iterations=1 runtime: 345447us
Json: iterations=1 runtime: 339011us
Json: iterations=1 runtime: 340492us
Json: iterations=1 runtime: 331905us
Json: iterations=10 average: 338798us total: 3387976us


Total Runtime: 3387976us
Starting Json benchmark ...
Json: iterations=1 runtime: 334703us
Json: iterations=1 runtime: 328331us
Json: iterations=1 runtime: 340316us
Json: iterations=1 runtime: 336415us
Json: iterations=1 runtime: 329885us
Json: iterations=1 runtime: 339461us
Json: iterations=1 runtime: 333654us
Json: iterations=1 runtime: 330783us
Json: iterations=1 runtime: 328095us
Json: iterations=1 runtime: 336681us
Json: iterations=10 average: 333832us total: 3338324us


Total Runtime: 3338324us
Starting Json benchmark ...
Json: iterations=1 runtime: 345589us
Json: iterations=1 runtime: 340657us
Json: iterations=1 runtime: 343224us
Json: iterations=1 runtime: 342075us
Json: iterations=1 runtime: 350968us
Json: iterations=1 runtime: 347135us
Json: iterations=1 runtime: 356245us
Json: iterations=1 runtime: 345254us
Json: iterations=1 runtime: 340388us
Json: iterations=1 runtime: 338251us
Json: iterations=10 average: 344979us total: 3449786us


Total Runtime: 3449786us
Starting Json benchmark ...
Json: iterations=1 runtime: 332739us
Json: iterations=1 runtime: 323290us
Json: iterations=1 runtime: 333174us
Json: iterations=1 runtime: 333249us
Json: iterations=1 runtime: 331733us
Json: iterations=1 runtime: 344831us
Json: iterations=1 runtime: 329730us
Json: iterations=1 runtime: 328166us
Json: iterations=1 runtime: 322698us
Json: iterations=1 runtime: 330791us
Json: iterations=10 average: 331040us total: 3310401us


Total Runtime: 3310401us
Starting Json benchmark ...
Json: iterations=1 runtime: 347079us
Json: iterations=1 runtime: 429862us
Json: iterations=1 runtime: 329036us
Json: iterations=1 runtime: 328160us
Json: iterations=1 runtime: 334236us
Json: iterations=1 runtime: 332039us
Json: iterations=1 runtime: 331219us
Json: iterations=1 runtime: 333219us
Json: iterations=1 runtime: 326262us
Json: iterations=1 runtime: 335530us
Json: iterations=10 average: 342664us total: 3426642us


Total Runtime: 3426642us
Starting Json benchmark ...
Json: iterations=1 runtime: 326411us
Json: iterations=1 runtime: 323480us
Json: iterations=1 runtime: 325248us
Json: iterations=1 runtime: 326040us
Json: iterations=1 runtime: 326173us
Json: iterations=1 runtime: 337980us
Json: iterations=1 runtime: 337201us
Json: iterations=1 runtime: 328951us
Json: iterations=1 runtime: 336706us
Json: iterations=1 runtime: 322774us
Json: iterations=10 average: 329096us total: 3290964us


Total Runtime: 3290964us
Starting Json benchmark ...
Json: iterations=1 runtime: 330203us
Json: iterations=1 runtime: 343318us
Json: iterations=1 runtime: 346028us
Json: iterations=1 runtime: 345680us
Json: iterations=1 runtime: 346613us
Json: iterations=1 runtime: 345851us
Json: iterations=1 runtime: 341188us
Json: iterations=1 runtime: 342243us
Json: iterations=1 runtime: 341770us
Json: iterations=1 runtime: 335848us
Json: iterations=10 average: 341874us total: 3418742us


Total Runtime: 3418742us
Starting Json benchmark ...
Json: iterations=1 runtime: 331905us
Json: iterations=1 runtime: 330497us
Json: iterations=1 runtime: 324764us
Json: iterations=1 runtime: 383239us
Json: iterations=1 runtime: 401937us
Json: iterations=1 runtime: 410270us
Json: iterations=1 runtime: 363333us
Json: iterations=1 runtime: 328463us
Json: iterations=1 runtime: 333118us
Json: iterations=1 runtime: 355337us
Json: iterations=10 average: 356286us total: 3562863us


Total Runtime: 3562863us
Starting Json benchmark ...
Json: iterations=1 runtime: 343014us
Json: iterations=1 runtime: 332452us
Json: iterations=1 runtime: 357717us
Json: iterations=1 runtime: 335301us
Json: iterations=1 runtime: 336271us
Json: iterations=1 runtime: 337604us
Json: iterations=1 runtime: 337671us
Json: iterations=1 runtime: 339732us
Json: iterations=1 runtime: 339650us
Json: iterations=1 runtime: 331328us
Json: iterations=10 average: 339074us total: 3390740us


Total Runtime: 3390740us
Starting Json benchmark ...
Json: iterations=1 runtime: 329782us
Json: iterations=1 runtime: 344601us
Json: iterations=1 runtime: 343223us
Json: iterations=1 runtime: 335858us
Json: iterations=1 runtime: 331123us
Json: iterations=1 runtime: 339140us
Json: iterations=1 runtime: 339070us
Json: iterations=1 runtime: 338735us
Json: iterations=1 runtime: 328036us
Json: iterations=1 runtime: 333301us
Json: iterations=10 average: 336287us total: 3362869us


Total Runtime: 3362869us
  Time (mean ± σ):      3.430 s ±  0.082 s    [User: 3.395 s, System: 0.019 s]
  Range (min … max):    3.314 s …  3.603 s    15 runs
 
