Benchmark 1: C:\Users\test\Documents\research\research\artifacts\installed\python\python.exe C:\Users\test\Documents\research\research\artifacts\system\are-we-fast-yet\benchmarks\Python\harness.py DeltaBlue 10 15
Starting DeltaBlue benchmark ...
DeltaBlue: iterations=1 runtime: 2345us
DeltaBlue: iterations=1 runtime: 2340us
DeltaBlue: iterations=1 runtime: 2441us
DeltaBlue: iterations=1 runtime: 2392us
DeltaBlue: iterations=1 runtime: 2310us
DeltaBlue: iterations=1 runtime: 2386us
DeltaBlue: iterations=1 runtime: 2419us
DeltaBlue: iterations=1 runtime: 2324us
DeltaBlue: iterations=1 runtime: 2503us
DeltaBlue: iterations=1 runtime: 2426us
DeltaBlue: iterations=10 average: 2389us total: 23886us


Total Runtime: 23886us
Starting DeltaBlue benchmark ...
DeltaBlue: iterations=1 runtime: 2885us
DeltaBlue: iterations=1 runtime: 2273us
DeltaBlue: iterations=1 runtime: 2406us
DeltaBlue: iterations=1 runtime: 2397us
DeltaBlue: iterations=1 runtime: 2393us
DeltaBlue: iterations=1 runtime: 2464us
DeltaBlue: iterations=1 runtime: 3183us
DeltaBlue: iterations=1 runtime: 3405us
DeltaBlue: iterations=1 runtime: 2498us
DeltaBlue: iterations=1 runtime: 2504us
DeltaBlue: iterations=10 average: 2641us total: 26408us


Total Runtime: 26408us
Starting DeltaBlue benchmark ...
DeltaBlue: iterations=1 runtime: 3150us
DeltaBlue: iterations=1 runtime: 2495us
DeltaBlue: iterations=1 runtime: 2580us
DeltaBlue: iterations=1 runtime: 2544us
DeltaBlue: iterations=1 runtime: 2662us
DeltaBlue: iterations=1 runtime: 2817us
DeltaBlue: iterations=1 runtime: 2706us
DeltaBlue: iterations=1 runtime: 2884us
DeltaBlue: iterations=1 runtime: 4687us
DeltaBlue: iterations=1 runtime: 4513us
DeltaBlue: iterations=10 average: 3104us total: 31038us


Total Runtime: 31038us
Starting DeltaBlue benchmark ...
DeltaBlue: iterations=1 runtime: 2903us
DeltaBlue: iterations=1 runtime: 2284us
DeltaBlue: iterations=1 runtime: 2395us
DeltaBlue: iterations=1 runtime: 2366us
DeltaBlue: iterations=1 runtime: 2393us
DeltaBlue: iterations=1 runtime: 2468us
DeltaBlue: iterations=1 runtime: 2320us
DeltaBlue: iterations=1 runtime: 2522us
DeltaBlue: iterations=1 runtime: 2486us
DeltaBlue: iterations=1 runtime: 2419us
DeltaBlue: iterations=10 average: 2456us total: 24556us


Total Runtime: 24556us
Starting DeltaBlue benchmark ...
DeltaBlue: iterations=1 runtime: 3154us
DeltaBlue: iterations=1 runtime: 2297us
DeltaBlue: iterations=1 runtime: 2428us
DeltaBlue: iterations=1 runtime: 2358us
DeltaBlue: iterations=1 runtime: 2407us
DeltaBlue: iterations=1 runtime: 2502us
DeltaBlue: iterations=1 runtime: 2386us
DeltaBlue: iterations=1 runtime: 2466us
DeltaBlue: iterations=1 runtime: 2463us
DeltaBlue: iterations=1 runtime: 2478us
DeltaBlue: iterations=10 average: 2494us total: 24939us


Total Runtime: 24939us
Starting DeltaBlue benchmark ...
DeltaBlue: iterations=1 runtime: 2843us
DeltaBlue: iterations=1 runtime: 2354us
DeltaBlue: iterations=1 runtime: 2472us
DeltaBlue: iterations=1 runtime: 2400us
DeltaBlue: iterations=1 runtime: 2396us
DeltaBlue: iterations=1 runtime: 2539us
DeltaBlue: iterations=1 runtime: 2419us
DeltaBlue: iterations=1 runtime: 2498us
DeltaBlue: iterations=1 runtime: 2552us
DeltaBlue: iterations=1 runtime: 2466us
DeltaBlue: iterations=10 average: 2494us total: 24939us


Total Runtime: 24939us
Starting DeltaBlue benchmark ...
DeltaBlue: iterations=1 runtime: 2835us
DeltaBlue: iterations=1 runtime: 2297us
DeltaBlue: iterations=1 runtime: 2404us
DeltaBlue: iterations=1 runtime: 2355us
DeltaBlue: iterations=1 runtime: 2329us
DeltaBlue: iterations=1 runtime: 2399us
DeltaBlue: iterations=1 runtime: 2450us
DeltaBlue: iterations=1 runtime: 2409us
DeltaBlue: iterations=1 runtime: 2462us
DeltaBlue: iterations=1 runtime: 2393us
DeltaBlue: iterations=10 average: 2433us total: 24333us


Total Runtime: 24333us
Starting DeltaBlue benchmark ...
DeltaBlue: iterations=1 runtime: 2904us
DeltaBlue: iterations=1 runtime: 2379us
DeltaBlue: iterations=1 runtime: 2417us
DeltaBlue: iterations=1 runtime: 2369us
DeltaBlue: iterations=1 runtime: 2364us
DeltaBlue: iterations=1 runtime: 2517us
DeltaBlue: iterations=1 runtime: 2373us
DeltaBlue: iterations=1 runtime: 2393us
DeltaBlue: iterations=1 runtime: 2448us
DeltaBlue: iterations=1 runtime: 2408us
DeltaBlue: iterations=10 average: 2457us total: 24572us


Total Runtime: 24572us
Starting DeltaBlue benchmark ...
DeltaBlue: iterations=1 runtime: 2825us
DeltaBlue: iterations=1 runtime: 2302us
DeltaBlue: iterations=1 runtime: 2468us
DeltaBlue: iterations=1 runtime: 2366us
DeltaBlue: iterations=1 runtime: 2440us
DeltaBlue: iterations=1 runtime: 2540us
DeltaBlue: iterations=1 runtime: 2360us
DeltaBlue: iterations=1 runtime: 2518us
DeltaBlue: iterations=1 runtime: 2537us
DeltaBlue: iterations=1 runtime: 2455us
DeltaBlue: iterations=10 average: 2481us total: 24811us


Total Runtime: 24811us
Starting DeltaBlue benchmark ...
DeltaBlue: iterations=1 runtime: 2848us
DeltaBlue: iterations=1 runtime: 2350us
DeltaBlue: iterations=1 runtime: 2376us
DeltaBlue: iterations=1 runtime: 2382us
DeltaBlue: iterations=1 runtime: 2449us
DeltaBlue: iterations=1 runtime: 2489us
DeltaBlue: iterations=1 runtime: 2417us
DeltaBlue: iterations=1 runtime: 2435us
DeltaBlue: iterations=1 runtime: 2480us
DeltaBlue: iterations=1 runtime: 2424us
DeltaBlue: iterations=10 average: 2465us total: 24650us


Total Runtime: 24650us
Starting DeltaBlue benchmark ...
DeltaBlue: iterations=1 runtime: 2842us
DeltaBlue: iterations=1 runtime: 2713us
DeltaBlue: iterations=1 runtime: 2468us
DeltaBlue: iterations=1 runtime: 2406us
DeltaBlue: iterations=1 runtime: 2353us
DeltaBlue: iterations=1 runtime: 2538us
DeltaBlue: iterations=1 runtime: 2419us
DeltaBlue: iterations=1 runtime: 2418us
DeltaBlue: iterations=1 runtime: 2507us
DeltaBlue: iterations=1 runtime: 2497us
DeltaBlue: iterations=10 average: 2516us total: 25161us


Total Runtime: 25161us
Starting DeltaBlue benchmark ...
DeltaBlue: iterations=1 runtime: 2839us
DeltaBlue: iterations=1 runtime: 2283us
DeltaBlue: iterations=1 runtime: 2382us
DeltaBlue: iterations=1 runtime: 2385us
DeltaBlue: iterations=1 runtime: 2331us
DeltaBlue: iterations=1 runtime: 2423us
DeltaBlue: iterations=1 runtime: 2367us
DeltaBlue: iterations=1 runtime: 2390us
DeltaBlue: iterations=1 runtime: 2457us
DeltaBlue: iterations=1 runtime: 2380us
DeltaBlue: iterations=10 average: 2424us total: 24237us


Total Runtime: 24237us
Starting DeltaBlue benchmark ...
DeltaBlue: iterations=1 runtime: 2890us
DeltaBlue: iterations=1 runtime: 2304us
DeltaBlue: iterations=1 runtime: 2425us
DeltaBlue: iterations=1 runtime: 2956us
DeltaBlue: iterations=1 runtime: 3150us
DeltaBlue: iterations=1 runtime: 2492us
DeltaBlue: iterations=1 runtime: 2381us
DeltaBlue: iterations=1 runtime: 2423us
DeltaBlue: iterations=1 runtime: 2473us
DeltaBlue: iterations=1 runtime: 2408us
DeltaBlue: iterations=10 average: 2590us total: 25902us


Total Runtime: 25902us
Starting DeltaBlue benchmark ...
DeltaBlue: iterations=1 runtime: 2832us
DeltaBlue: iterations=1 runtime: 2296us
DeltaBlue: iterations=1 runtime: 2430us
DeltaBlue: iterations=1 runtime: 2368us
DeltaBlue: iterations=1 runtime: 2403us
DeltaBlue: iterations=1 runtime: 2529us
DeltaBlue: iterations=1 runtime: 2374us
DeltaBlue: iterations=1 runtime: 2461us
DeltaBlue: iterations=1 runtime: 2506us
DeltaBlue: iterations=1 runtime: 2475us
DeltaBlue: iterations=10 average: 2467us total: 24674us


Total Runtime: 24674us
Starting DeltaBlue benchmark ...
DeltaBlue: iterations=1 runtime: 2817us
DeltaBlue: iterations=1 runtime: 2288us
DeltaBlue: iterations=1 runtime: 2426us
DeltaBlue: iterations=1 runtime: 3110us
DeltaBlue: iterations=1 runtime: 3185us
DeltaBlue: iterations=1 runtime: 2519us
DeltaBlue: iterations=1 runtime: 2399us
DeltaBlue: iterations=1 runtime: 2404us
DeltaBlue: iterations=1 runtime: 2540us
DeltaBlue: iterations=1 runtime: 2541us
DeltaBlue: iterations=10 average: 2623us total: 26229us


Total Runtime: 26229us
Starting DeltaBlue benchmark ...
DeltaBlue: iterations=1 runtime: 2857us
DeltaBlue: iterations=1 runtime: 2641us
DeltaBlue: iterations=1 runtime: 2428us
DeltaBlue: iterations=1 runtime: 2387us
DeltaBlue: iterations=1 runtime: 2384us
DeltaBlue: iterations=1 runtime: 2524us
DeltaBlue: iterations=1 runtime: 2383us
DeltaBlue: iterations=1 runtime: 2464us
DeltaBlue: iterations=1 runtime: 2461us
DeltaBlue: iterations=1 runtime: 2486us
DeltaBlue: iterations=10 average: 2502us total: 25015us


Total Runtime: 25015us
Starting DeltaBlue benchmark ...
DeltaBlue: iterations=1 runtime: 2813us
DeltaBlue: iterations=1 runtime: 2286us
DeltaBlue: iterations=1 runtime: 2441us
DeltaBlue: iterations=1 runtime: 2380us
DeltaBlue: iterations=1 runtime: 2386us
DeltaBlue: iterations=1 runtime: 2525us
DeltaBlue: iterations=1 runtime: 2362us
DeltaBlue: iterations=1 runtime: 2393us
DeltaBlue: iterations=1 runtime: 2482us
DeltaBlue: iterations=1 runtime: 2451us
DeltaBlue: iterations=10 average: 2452us total: 24519us


Total Runtime: 24519us
Starting DeltaBlue benchmark ...
DeltaBlue: iterations=1 runtime: 2804us
DeltaBlue: iterations=1 runtime: 2299us
DeltaBlue: iterations=1 runtime: 2432us
DeltaBlue: iterations=1 runtime: 2381us
DeltaBlue: iterations=1 runtime: 2393us
DeltaBlue: iterations=1 runtime: 2468us
DeltaBlue: iterations=1 runtime: 2381us
DeltaBlue: iterations=1 runtime: 2392us
DeltaBlue: iterations=1 runtime: 2492us
DeltaBlue: iterations=1 runtime: 2449us
DeltaBlue: iterations=10 average: 2449us total: 24491us


Total Runtime: 24491us
Starting DeltaBlue benchmark ...
DeltaBlue: iterations=1 runtime: 2852us
DeltaBlue: iterations=1 runtime: 2360us
DeltaBlue: iterations=1 runtime: 2485us
DeltaBlue: iterations=1 runtime: 2419us
DeltaBlue: iterations=1 runtime: 2408us
DeltaBlue: iterations=1 runtime: 2563us
DeltaBlue: iterations=1 runtime: 2401us
DeltaBlue: iterations=1 runtime: 2415us
DeltaBlue: iterations=1 runtime: 2590us
DeltaBlue: iterations=1 runtime: 2507us
DeltaBlue: iterations=10 average: 2500us total: 25000us


Total Runtime: 25000us
Starting DeltaBlue benchmark ...
DeltaBlue: iterations=1 runtime: 2859us
DeltaBlue: iterations=1 runtime: 2311us
DeltaBlue: iterations=1 runtime: 2468us
DeltaBlue: iterations=1 runtime: 2394us
DeltaBlue: iterations=1 runtime: 2426us
DeltaBlue: iterations=1 runtime: 2493us
DeltaBlue: iterations=1 runtime: 2396us
DeltaBlue: iterations=1 runtime: 2421us
DeltaBlue: iterations=1 runtime: 2478us
DeltaBlue: iterations=1 runtime: 2514us
DeltaBlue: iterations=10 average: 2476us total: 24760us


Total Runtime: 24760us
  Time (mean ± σ):      66.3 ms ±   1.7 ms    [User: 47.5 ms, System: 15.5 ms]
  Range (min … max):    64.7 ms …  70.7 ms    15 runs
 
