Benchmark 1: C:\Users\test\Documents\research\research\artifacts\installed2\python\python.exe C:\Users\test\Documents\research\research\system\are-we-fast-yet\benchmarks\Python\harness.py Json 10 15
Starting Json benchmark ...
Json: iterations=1 runtime: 385351us
Json: iterations=1 runtime: 365888us
Json: iterations=1 runtime: 388806us
Json: iterations=1 runtime: 419791us
Json: iterations=1 runtime: 381750us
Json: iterations=1 runtime: 394392us
Json: iterations=1 runtime: 433963us
Json: iterations=1 runtime: 489839us
Json: iterations=1 runtime: 384620us
Json: iterations=1 runtime: 347442us
Json: iterations=10 average: 399184us total: 3991842us


Total Runtime: 3991842us
Starting Json benchmark ...
Json: iterations=1 runtime: 362659us
Json: iterations=1 runtime: 393863us
Json: iterations=1 runtime: 409548us
Json: iterations=1 runtime: 383914us
Json: iterations=1 runtime: 362712us
Json: iterations=1 runtime: 381874us
Json: iterations=1 runtime: 361174us
Json: iterations=1 runtime: 369555us
Json: iterations=1 runtime: 370348us
Json: iterations=1 runtime: 373679us
Json: iterations=10 average: 376933us total: 3769326us


Total Runtime: 3769326us
Starting Json benchmark ...
Json: iterations=1 runtime: 394392us
Json: iterations=1 runtime: 375833us
Json: iterations=1 runtime: 392227us
Json: iterations=1 runtime: 374438us
Json: iterations=1 runtime: 369065us
Json: iterations=1 runtime: 363369us
Json: iterations=1 runtime: 366988us
Json: iterations=1 runtime: 359527us
Json: iterations=1 runtime: 349354us
Json: iterations=1 runtime: 377064us
Json: iterations=10 average: 372226us total: 3722257us


Total Runtime: 3722257us
Starting Json benchmark ...
Json: iterations=1 runtime: 377523us
Json: iterations=1 runtime: 402319us
Json: iterations=1 runtime: 409056us
Json: iterations=1 runtime: 431797us
Json: iterations=1 runtime: 435986us
Json: iterations=1 runtime: 368489us
Json: iterations=1 runtime: 370410us
Json: iterations=1 runtime: 363862us
Json: iterations=1 runtime: 357502us
Json: iterations=1 runtime: 386034us
Json: iterations=10 average: 390298us total: 3902978us


Total Runtime: 3902978us
Starting Json benchmark ...
Json: iterations=1 runtime: 405318us
Json: iterations=1 runtime: 407533us
Json: iterations=1 runtime: 380175us
Json: iterations=1 runtime: 445868us
Json: iterations=1 runtime: 424070us
Json: iterations=1 runtime: 375772us
Json: iterations=1 runtime: 423193us
Json: iterations=1 runtime: 401722us
Json: iterations=1 runtime: 440265us
Json: iterations=1 runtime: 437300us
Json: iterations=10 average: 414122us total: 4141216us


Total Runtime: 4141216us
Starting Json benchmark ...
Json: iterations=1 runtime: 403410us
Json: iterations=1 runtime: 442221us
Json: iterations=1 runtime: 465241us
Json: iterations=1 runtime: 408824us
Json: iterations=1 runtime: 414624us
Json: iterations=1 runtime: 412314us
Json: iterations=1 runtime: 436580us
Json: iterations=1 runtime: 370297us
Json: iterations=1 runtime: 363667us
Json: iterations=1 runtime: 379700us
Json: iterations=10 average: 409688us total: 4096878us


Total Runtime: 4096878us
Starting Json benchmark ...
Json: iterations=1 runtime: 421027us
Json: iterations=1 runtime: 392009us
Json: iterations=1 runtime: 394034us
Json: iterations=1 runtime: 390558us
Json: iterations=1 runtime: 411987us
Json: iterations=1 runtime: 402739us
Json: iterations=1 runtime: 412446us
Json: iterations=1 runtime: 459784us
Json: iterations=1 runtime: 453600us
Json: iterations=1 runtime: 455520us
Json: iterations=10 average: 419370us total: 4193704us


Total Runtime: 4193704us
Starting Json benchmark ...
Json: iterations=1 runtime: 485326us
Json: iterations=1 runtime: 443354us
Json: iterations=1 runtime: 660341us
Json: iterations=1 runtime: 506275us
Json: iterations=1 runtime: 513799us
Json: iterations=1 runtime: 496781us
Json: iterations=1 runtime: 481838us
Json: iterations=1 runtime: 486126us
Json: iterations=1 runtime: 454673us
Json: iterations=1 runtime: 399780us
Json: iterations=10 average: 492829us total: 4928293us


Total Runtime: 4928293us
Starting Json benchmark ...
Json: iterations=1 runtime: 423291us
Json: iterations=1 runtime: 441088us
Json: iterations=1 runtime: 465843us
Json: iterations=1 runtime: 412843us
Json: iterations=1 runtime: 404853us
Json: iterations=1 runtime: 461518us
Json: iterations=1 runtime: 450393us
Json: iterations=1 runtime: 437817us
Json: iterations=1 runtime: 486251us
Json: iterations=1 runtime: 409940us
Json: iterations=10 average: 439384us total: 4393837us


Total Runtime: 4393837us
Starting Json benchmark ...
Json: iterations=1 runtime: 474571us
Json: iterations=1 runtime: 542464us
Json: iterations=1 runtime: 415012us
Json: iterations=1 runtime: 411337us
Json: iterations=1 runtime: 399800us
Json: iterations=1 runtime: 384312us
Json: iterations=1 runtime: 388985us
Json: iterations=1 runtime: 419429us
Json: iterations=1 runtime: 469145us
Json: iterations=1 runtime: 516308us
Json: iterations=10 average: 442136us total: 4421363us


Total Runtime: 4421363us
Starting Json benchmark ...
Json: iterations=1 runtime: 412607us
Json: iterations=1 runtime: 453140us
Json: iterations=1 runtime: 421034us
Json: iterations=1 runtime: 423819us
Json: iterations=1 runtime: 526384us
Json: iterations=1 runtime: 432392us
Json: iterations=1 runtime: 467096us
Json: iterations=1 runtime: 453744us
Json: iterations=1 runtime: 418201us
Json: iterations=1 runtime: 387168us
Json: iterations=10 average: 439558us total: 4395585us


Total Runtime: 4395585us
Starting Json benchmark ...
Json: iterations=1 runtime: 447260us
Json: iterations=1 runtime: 449422us
Json: iterations=1 runtime: 448326us
Json: iterations=1 runtime: 450437us
Json: iterations=1 runtime: 417820us
Json: iterations=1 runtime: 434938us
Json: iterations=1 runtime: 431315us
Json: iterations=1 runtime: 413398us
Json: iterations=1 runtime: 400700us
Json: iterations=1 runtime: 421394us
Json: iterations=10 average: 431501us total: 4315010us


Total Runtime: 4315010us
Starting Json benchmark ...
Json: iterations=1 runtime: 546735us
Json: iterations=1 runtime: 430706us
Json: iterations=1 runtime: 433077us
Json: iterations=1 runtime: 427107us
Json: iterations=1 runtime: 443185us
Json: iterations=1 runtime: 425299us
Json: iterations=1 runtime: 424829us
Json: iterations=1 runtime: 487472us
Json: iterations=1 runtime: 397524us
Json: iterations=1 runtime: 482915us
Json: iterations=10 average: 449885us total: 4498849us


Total Runtime: 4498849us
  Time (mean ± σ):      4.377 s ±  0.282 s    [User: 4.331 s, System: 0.030 s]
  Range (min … max):    3.947 s …  4.987 s    10 runs
 
