Benchmark 1: C:\Users\test\Documents\research\research\artifacts\installed2\python\python.exe C:\Users\test\Documents\research\research\system\are-we-fast-yet\benchmarks\Python\harness.py Json 10 15
Starting Json benchmark ...
Json: iterations=1 runtime: 667953us
Json: iterations=1 runtime: 587235us
Json: iterations=1 runtime: 566294us
Json: iterations=1 runtime: 490195us
Json: iterations=1 runtime: 486664us
Json: iterations=1 runtime: 489469us
Json: iterations=1 runtime: 518696us
Json: iterations=1 runtime: 727723us
Json: iterations=1 runtime: 540043us
Json: iterations=1 runtime: 460590us
Json: iterations=10 average: 553486us total: 5534862us


Total Runtime: 5534862us
Starting Json benchmark ...
Json: iterations=1 runtime: 428954us
Json: iterations=1 runtime: 474199us
Json: iterations=1 runtime: 607411us
Json: iterations=1 runtime: 583561us
Json: iterations=1 runtime: 479421us
Json: iterations=1 runtime: 474774us
Json: iterations=1 runtime: 639113us
Json: iterations=1 runtime: 797114us
Json: iterations=1 runtime: 1021912us
Json: iterations=1 runtime: 1144080us
Json: iterations=10 average: 665054us total: 6650539us


Total Runtime: 6650539us
Starting Json benchmark ...
Json: iterations=1 runtime: 921318us
Json: iterations=1 runtime: 764828us
Json: iterations=1 runtime: 624333us
Json: iterations=1 runtime: 687366us
Json: iterations=1 runtime: 558628us
Json: iterations=1 runtime: 567627us
Json: iterations=1 runtime: 537050us
Json: iterations=1 runtime: 631860us
Json: iterations=1 runtime: 575463us
Json: iterations=1 runtime: 574333us
Json: iterations=10 average: 644281us total: 6442806us


Total Runtime: 6442806us
Starting Json benchmark ...
Json: iterations=1 runtime: 672521us
Json: iterations=1 runtime: 669184us
Json: iterations=1 runtime: 603889us
Json: iterations=1 runtime: 491351us
Json: iterations=1 runtime: 495140us
Json: iterations=1 runtime: 536008us
Json: iterations=1 runtime: 493354us
Json: iterations=1 runtime: 483804us
Json: iterations=1 runtime: 477481us
Json: iterations=1 runtime: 463930us
Json: iterations=10 average: 538666us total: 5386662us


Total Runtime: 5386662us
Starting Json benchmark ...
Json: iterations=1 runtime: 500757us
Json: iterations=1 runtime: 483684us
Json: iterations=1 runtime: 502780us
Json: iterations=1 runtime: 436776us
Json: iterations=1 runtime: 550253us
Json: iterations=1 runtime: 613368us
Json: iterations=1 runtime: 609000us
Json: iterations=1 runtime: 473157us
Json: iterations=1 runtime: 466011us
Json: iterations=1 runtime: 488791us
Json: iterations=10 average: 512458us total: 5124577us


Total Runtime: 5124577us
Starting Json benchmark ...
Json: iterations=1 runtime: 488150us
Json: iterations=1 runtime: 495288us
Json: iterations=1 runtime: 461860us
Json: iterations=1 runtime: 460279us
Json: iterations=1 runtime: 465436us
Json: iterations=1 runtime: 474056us
Json: iterations=1 runtime: 483954us
Json: iterations=1 runtime: 483297us
Json: iterations=1 runtime: 494033us
Json: iterations=1 runtime: 470762us
Json: iterations=10 average: 477712us total: 4777115us


Total Runtime: 4777115us
Starting Json benchmark ...
Json: iterations=1 runtime: 469045us
Json: iterations=1 runtime: 447172us
Json: iterations=1 runtime: 559472us
Json: iterations=1 runtime: 576635us
Json: iterations=1 runtime: 578877us
Json: iterations=1 runtime: 505949us
Json: iterations=1 runtime: 480004us
Json: iterations=1 runtime: 580306us
Json: iterations=1 runtime: 549670us
Json: iterations=1 runtime: 464339us
Json: iterations=10 average: 521147us total: 5211469us


Total Runtime: 5211469us
Starting Json benchmark ...
Json: iterations=1 runtime: 490652us
Json: iterations=1 runtime: 540045us
Json: iterations=1 runtime: 460014us
Json: iterations=1 runtime: 456667us
Json: iterations=1 runtime: 562396us
Json: iterations=1 runtime: 513117us
Json: iterations=1 runtime: 542496us
Json: iterations=1 runtime: 690138us
Json: iterations=1 runtime: 490970us
Json: iterations=1 runtime: 458216us
Json: iterations=10 average: 520471us total: 5204711us


Total Runtime: 5204711us
Starting Json benchmark ...
Json: iterations=1 runtime: 478965us
Json: iterations=1 runtime: 501244us
Json: iterations=1 runtime: 458519us
Json: iterations=1 runtime: 515994us
Json: iterations=1 runtime: 500963us
Json: iterations=1 runtime: 455458us
Json: iterations=1 runtime: 471530us
Json: iterations=1 runtime: 472914us
Json: iterations=1 runtime: 482075us
Json: iterations=1 runtime: 474318us
Json: iterations=10 average: 481198us total: 4811980us


Total Runtime: 4811980us
Starting Json benchmark ...
Json: iterations=1 runtime: 464455us
Json: iterations=1 runtime: 578977us
Json: iterations=1 runtime: 528732us
Json: iterations=1 runtime: 452898us
Json: iterations=1 runtime: 429538us
Json: iterations=1 runtime: 494071us
Json: iterations=1 runtime: 505412us
Json: iterations=1 runtime: 500696us
Json: iterations=1 runtime: 454490us
Json: iterations=1 runtime: 500589us
Json: iterations=10 average: 490986us total: 4909858us


Total Runtime: 4909858us
Starting Json benchmark ...
Json: iterations=1 runtime: 486020us
Json: iterations=1 runtime: 487404us
Json: iterations=1 runtime: 515664us
Json: iterations=1 runtime: 491739us
Json: iterations=1 runtime: 515737us
Json: iterations=1 runtime: 475816us
Json: iterations=1 runtime: 513574us
Json: iterations=1 runtime: 441417us
Json: iterations=1 runtime: 451739us
Json: iterations=1 runtime: 402796us
Json: iterations=10 average: 478191us total: 4781906us


Total Runtime: 4781906us
Starting Json benchmark ...
Json: iterations=1 runtime: 435002us
Json: iterations=1 runtime: 414675us
Json: iterations=1 runtime: 418376us
Json: iterations=1 runtime: 423932us
Json: iterations=1 runtime: 444932us
Json: iterations=1 runtime: 432335us
Json: iterations=1 runtime: 429307us
Json: iterations=1 runtime: 431464us
Json: iterations=1 runtime: 424785us
Json: iterations=1 runtime: 415128us
Json: iterations=10 average: 426994us total: 4269936us


Total Runtime: 4269936us
Starting Json benchmark ...
Json: iterations=1 runtime: 378818us
Json: iterations=1 runtime: 399067us
Json: iterations=1 runtime: 381319us
Json: iterations=1 runtime: 382450us
Json: iterations=1 runtime: 384369us
Json: iterations=1 runtime: 382390us
Json: iterations=1 runtime: 405549us
Json: iterations=1 runtime: 399923us
Json: iterations=1 runtime: 408139us
Json: iterations=1 runtime: 404604us
Json: iterations=10 average: 392663us total: 3926628us


Total Runtime: 3926628us
  Time (mean ± σ):      4.887 s ±  0.456 s    [User: 4.810 s, System: 0.046 s]
  Range (min … max):    3.965 s …  5.458 s    10 runs
 
