Benchmark 1: C:\Users\test\Documents\research\research\artifacts\installed\python\python.exe C:\Users\test\Documents\research\research\artifacts\system\are-we-fast-yet\benchmarks\Python\harness.py Json 10 15
Starting Json benchmark ...
Json: iterations=1 runtime: 387760us
Json: iterations=1 runtime: 350971us
Json: iterations=1 runtime: 364620us
Json: iterations=1 runtime: 380636us
Json: iterations=1 runtime: 374817us
Json: iterations=1 runtime: 398652us
Json: iterations=1 runtime: 373447us
Json: iterations=1 runtime: 375563us
Json: iterations=1 runtime: 360916us
Json: iterations=1 runtime: 351820us
Json: iterations=10 average: 371920us total: 3719202us


Total Runtime: 3719202us
Starting Json benchmark ...
Json: iterations=1 runtime: 360447us
Json: iterations=1 runtime: 360668us
Json: iterations=1 runtime: 353734us
Json: iterations=1 runtime: 361867us
Json: iterations=1 runtime: 362721us
Json: iterations=1 runtime: 369359us
Json: iterations=1 runtime: 402835us
Json: iterations=1 runtime: 369928us
Json: iterations=1 runtime: 371748us
Json: iterations=1 runtime: 367608us
Json: iterations=10 average: 368092us total: 3680915us


Total Runtime: 3680915us
Starting Json benchmark ...
Json: iterations=1 runtime: 360514us
Json: iterations=1 runtime: 359918us
Json: iterations=1 runtime: 365109us
Json: iterations=1 runtime: 442214us
Json: iterations=1 runtime: 374549us
Json: iterations=1 runtime: 384650us
Json: iterations=1 runtime: 373804us
Json: iterations=1 runtime: 376802us
Json: iterations=1 runtime: 374811us
Json: iterations=1 runtime: 375104us
Json: iterations=10 average: 378748us total: 3787475us


Total Runtime: 3787475us
Starting Json benchmark ...
Json: iterations=1 runtime: 356513us
Json: iterations=1 runtime: 353123us
Json: iterations=1 runtime: 367826us
Json: iterations=1 runtime: 350749us
Json: iterations=1 runtime: 359941us
Json: iterations=1 runtime: 364837us
Json: iterations=1 runtime: 358911us
Json: iterations=1 runtime: 359577us
Json: iterations=1 runtime: 360840us
Json: iterations=1 runtime: 352213us
Json: iterations=10 average: 358453us total: 3584530us


Total Runtime: 3584530us
Starting Json benchmark ...
Json: iterations=1 runtime: 366708us
Json: iterations=1 runtime: 353275us
Json: iterations=1 runtime: 360457us
Json: iterations=1 runtime: 356199us
Json: iterations=1 runtime: 354433us
Json: iterations=1 runtime: 368448us
Json: iterations=1 runtime: 366442us
Json: iterations=1 runtime: 363127us
Json: iterations=1 runtime: 357748us
Json: iterations=1 runtime: 352120us
Json: iterations=10 average: 359896us total: 3598957us


Total Runtime: 3598957us
Starting Json benchmark ...
Json: iterations=1 runtime: 368501us
Json: iterations=1 runtime: 382212us
Json: iterations=1 runtime: 370380us
Json: iterations=1 runtime: 366117us
Json: iterations=1 runtime: 367015us
Json: iterations=1 runtime: 374470us
Json: iterations=1 runtime: 372935us
Json: iterations=1 runtime: 360629us
Json: iterations=1 runtime: 353890us
Json: iterations=1 runtime: 348194us
Json: iterations=10 average: 366434us total: 3664343us


Total Runtime: 3664343us
Starting Json benchmark ...
Json: iterations=1 runtime: 359845us
Json: iterations=1 runtime: 367024us
Json: iterations=1 runtime: 375800us
Json: iterations=1 runtime: 364503us
Json: iterations=1 runtime: 361352us
Json: iterations=1 runtime: 363364us
Json: iterations=1 runtime: 361278us
Json: iterations=1 runtime: 361840us
Json: iterations=1 runtime: 368574us
Json: iterations=1 runtime: 357476us
Json: iterations=10 average: 364106us total: 3641056us


Total Runtime: 3641056us
Starting Json benchmark ...
Json: iterations=1 runtime: 358847us
Json: iterations=1 runtime: 364176us
Json: iterations=1 runtime: 359328us
Json: iterations=1 runtime: 358324us
Json: iterations=1 runtime: 361828us
Json: iterations=1 runtime: 367578us
Json: iterations=1 runtime: 376559us
Json: iterations=1 runtime: 372658us
Json: iterations=1 runtime: 373256us
Json: iterations=1 runtime: 373200us
Json: iterations=10 average: 366575us total: 3665754us


Total Runtime: 3665754us
Starting Json benchmark ...
Json: iterations=1 runtime: 353599us
Json: iterations=1 runtime: 356341us
Json: iterations=1 runtime: 353146us
Json: iterations=1 runtime: 356705us
Json: iterations=1 runtime: 361157us
Json: iterations=1 runtime: 362650us
Json: iterations=1 runtime: 356440us
Json: iterations=1 runtime: 357186us
Json: iterations=1 runtime: 355902us
Json: iterations=1 runtime: 350493us
Json: iterations=10 average: 356362us total: 3563619us


Total Runtime: 3563619us
Starting Json benchmark ...
Json: iterations=1 runtime: 380543us
Json: iterations=1 runtime: 394515us
Json: iterations=1 runtime: 378911us
Json: iterations=1 runtime: 374472us
Json: iterations=1 runtime: 373580us
Json: iterations=1 runtime: 358826us
Json: iterations=1 runtime: 361158us
Json: iterations=1 runtime: 366026us
Json: iterations=1 runtime: 378742us
Json: iterations=1 runtime: 372814us
Json: iterations=10 average: 373959us total: 3739587us


Total Runtime: 3739587us
Starting Json benchmark ...
Json: iterations=1 runtime: 353778us
Json: iterations=1 runtime: 352396us
Json: iterations=1 runtime: 353267us
Json: iterations=1 runtime: 356102us
Json: iterations=1 runtime: 353480us
Json: iterations=1 runtime: 358615us
Json: iterations=1 runtime: 372897us
Json: iterations=1 runtime: 356406us
Json: iterations=1 runtime: 359241us
Json: iterations=1 runtime: 354073us
Json: iterations=10 average: 357026us total: 3570255us


Total Runtime: 3570255us
Starting Json benchmark ...
Json: iterations=1 runtime: 379732us
Json: iterations=1 runtime: 387399us
Json: iterations=1 runtime: 378137us
Json: iterations=1 runtime: 390105us
Json: iterations=1 runtime: 406467us
Json: iterations=1 runtime: 392059us
Json: iterations=1 runtime: 376339us
Json: iterations=1 runtime: 378523us
Json: iterations=1 runtime: 385605us
Json: iterations=1 runtime: 388697us
Json: iterations=10 average: 386306us total: 3863063us


Total Runtime: 3863063us
Starting Json benchmark ...
Json: iterations=1 runtime: 361398us
Json: iterations=1 runtime: 374823us
Json: iterations=1 runtime: 373329us
Json: iterations=1 runtime: 373723us
Json: iterations=1 runtime: 356984us
Json: iterations=1 runtime: 358511us
Json: iterations=1 runtime: 367232us
Json: iterations=1 runtime: 368188us
Json: iterations=1 runtime: 359240us
Json: iterations=1 runtime: 353587us
Json: iterations=10 average: 364702us total: 3647015us


Total Runtime: 3647015us
Starting Json benchmark ...
Json: iterations=1 runtime: 362241us
Json: iterations=1 runtime: 359197us
Json: iterations=1 runtime: 370750us
Json: iterations=1 runtime: 355137us
Json: iterations=1 runtime: 363225us
Json: iterations=1 runtime: 363234us
Json: iterations=1 runtime: 356738us
Json: iterations=1 runtime: 365998us
Json: iterations=1 runtime: 361055us
Json: iterations=1 runtime: 352557us
Json: iterations=10 average: 361013us total: 3610132us


Total Runtime: 3610132us
Starting Json benchmark ...
Json: iterations=1 runtime: 354648us
Json: iterations=1 runtime: 372215us
Json: iterations=1 runtime: 359879us
Json: iterations=1 runtime: 355052us
Json: iterations=1 runtime: 386731us
Json: iterations=1 runtime: 357766us
Json: iterations=1 runtime: 360762us
Json: iterations=1 runtime: 361171us
Json: iterations=1 runtime: 359264us
Json: iterations=1 runtime: 355085us
Json: iterations=10 average: 362257us total: 3622573us


Total Runtime: 3622573us
Starting Json benchmark ...
Json: iterations=1 runtime: 365191us
Json: iterations=1 runtime: 366473us
Json: iterations=1 runtime: 379533us
Json: iterations=1 runtime: 364473us
Json: iterations=1 runtime: 364718us
Json: iterations=1 runtime: 388571us
Json: iterations=1 runtime: 439096us
Json: iterations=1 runtime: 379931us
Json: iterations=1 runtime: 360237us
Json: iterations=1 runtime: 359804us
Json: iterations=10 average: 376803us total: 3768027us


Total Runtime: 3768027us
Starting Json benchmark ...
Json: iterations=1 runtime: 357716us
Json: iterations=1 runtime: 353667us
Json: iterations=1 runtime: 357226us
Json: iterations=1 runtime: 354494us
Json: iterations=1 runtime: 359222us
Json: iterations=1 runtime: 365208us
Json: iterations=1 runtime: 362572us
Json: iterations=1 runtime: 361201us
Json: iterations=1 runtime: 357624us
Json: iterations=1 runtime: 350989us
Json: iterations=10 average: 357992us total: 3579919us


Total Runtime: 3579919us
Starting Json benchmark ...
Json: iterations=1 runtime: 353259us
Json: iterations=1 runtime: 359359us
Json: iterations=1 runtime: 366902us
Json: iterations=1 runtime: 354345us
Json: iterations=1 runtime: 351006us
Json: iterations=1 runtime: 354263us
Json: iterations=1 runtime: 355589us
Json: iterations=1 runtime: 363044us
Json: iterations=1 runtime: 365364us
Json: iterations=1 runtime: 356280us
Json: iterations=10 average: 357941us total: 3579411us


Total Runtime: 3579411us
Starting Json benchmark ...
Json: iterations=1 runtime: 360227us
Json: iterations=1 runtime: 351594us
Json: iterations=1 runtime: 353533us
Json: iterations=1 runtime: 352962us
Json: iterations=1 runtime: 353681us
Json: iterations=1 runtime: 423242us
Json: iterations=1 runtime: 387182us
Json: iterations=1 runtime: 369017us
Json: iterations=1 runtime: 366449us
Json: iterations=1 runtime: 365044us
Json: iterations=10 average: 368293us total: 3682931us


Total Runtime: 3682931us
Starting Json benchmark ...
Json: iterations=1 runtime: 353897us
Json: iterations=1 runtime: 352032us
Json: iterations=1 runtime: 361513us
Json: iterations=1 runtime: 358679us
Json: iterations=1 runtime: 382683us
Json: iterations=1 runtime: 386613us
Json: iterations=1 runtime: 375332us
Json: iterations=1 runtime: 386711us
Json: iterations=1 runtime: 371704us
Json: iterations=1 runtime: 365909us
Json: iterations=10 average: 369507us total: 3695073us


Total Runtime: 3695073us
  Time (mean ± σ):      3.703 s ±  0.083 s    [User: 3.660 s, System: 0.025 s]
  Range (min … max):    3.606 s …  3.908 s    15 runs
 
