Benchmark 1: C:\Users\test\Documents\research\research\artifacts\installed\python\python.exe C:\Users\test\Documents\research\research\artifacts\system\are-we-fast-yet\benchmarks\Python\harness.py DeltaBlue 10 15
Starting DeltaBlue benchmark ...
DeltaBlue: iterations=1 runtime: 2503us
DeltaBlue: iterations=1 runtime: 2369us
DeltaBlue: iterations=1 runtime: 2426us
DeltaBlue: iterations=1 runtime: 2341us
DeltaBlue: iterations=1 runtime: 2372us
DeltaBlue: iterations=1 runtime: 2432us
DeltaBlue: iterations=1 runtime: 2362us
DeltaBlue: iterations=1 runtime: 2353us
DeltaBlue: iterations=1 runtime: 2159us
DeltaBlue: iterations=1 runtime: 2165us
DeltaBlue: iterations=10 average: 2348us total: 23482us


Total Runtime: 23482us
Starting DeltaBlue benchmark ...
DeltaBlue: iterations=1 runtime: 2216us
DeltaBlue: iterations=1 runtime: 2707us
DeltaBlue: iterations=1 runtime: 2136us
DeltaBlue: iterations=1 runtime: 2198us
DeltaBlue: iterations=1 runtime: 2127us
DeltaBlue: iterations=1 runtime: 2126us
DeltaBlue: iterations=1 runtime: 2227us
DeltaBlue: iterations=1 runtime: 2138us
DeltaBlue: iterations=1 runtime: 2200us
DeltaBlue: iterations=1 runtime: 2131us
DeltaBlue: iterations=10 average: 2221us total: 22206us


Total Runtime: 22206us
Starting DeltaBlue benchmark ...
DeltaBlue: iterations=1 runtime: 2675us
DeltaBlue: iterations=1 runtime: 3015us
DeltaBlue: iterations=1 runtime: 2361us
DeltaBlue: iterations=1 runtime: 2417us
DeltaBlue: iterations=1 runtime: 2372us
DeltaBlue: iterations=1 runtime: 2438us
DeltaBlue: iterations=1 runtime: 2448us
DeltaBlue: iterations=1 runtime: 2374us
DeltaBlue: iterations=1 runtime: 2406us
DeltaBlue: iterations=1 runtime: 2321us
DeltaBlue: iterations=10 average: 2483us total: 24827us


Total Runtime: 24827us
Starting DeltaBlue benchmark ...
DeltaBlue: iterations=1 runtime: 2263us
DeltaBlue: iterations=1 runtime: 2749us
DeltaBlue: iterations=1 runtime: 2183us
DeltaBlue: iterations=1 runtime: 2249us
DeltaBlue: iterations=1 runtime: 2164us
DeltaBlue: iterations=1 runtime: 2178us
DeltaBlue: iterations=1 runtime: 2243us
DeltaBlue: iterations=1 runtime: 2161us
DeltaBlue: iterations=1 runtime: 2244us
DeltaBlue: iterations=1 runtime: 2157us
DeltaBlue: iterations=10 average: 2259us total: 22591us


Total Runtime: 22591us
Starting DeltaBlue benchmark ...
DeltaBlue: iterations=1 runtime: 2255us
DeltaBlue: iterations=1 runtime: 2725us
DeltaBlue: iterations=1 runtime: 2175us
DeltaBlue: iterations=1 runtime: 2240us
DeltaBlue: iterations=1 runtime: 2161us
DeltaBlue: iterations=1 runtime: 2172us
DeltaBlue: iterations=1 runtime: 2231us
DeltaBlue: iterations=1 runtime: 2159us
DeltaBlue: iterations=1 runtime: 2240us
DeltaBlue: iterations=1 runtime: 2162us
DeltaBlue: iterations=10 average: 2252us total: 22520us


Total Runtime: 22520us
Starting DeltaBlue benchmark ...
DeltaBlue: iterations=1 runtime: 2250us
DeltaBlue: iterations=1 runtime: 2709us
DeltaBlue: iterations=1 runtime: 2168us
DeltaBlue: iterations=1 runtime: 2219us
DeltaBlue: iterations=1 runtime: 2186us
DeltaBlue: iterations=1 runtime: 2158us
DeltaBlue: iterations=1 runtime: 2229us
DeltaBlue: iterations=1 runtime: 2143us
DeltaBlue: iterations=1 runtime: 2235us
DeltaBlue: iterations=1 runtime: 2152us
DeltaBlue: iterations=10 average: 2245us total: 22449us


Total Runtime: 22449us
Starting DeltaBlue benchmark ...
DeltaBlue: iterations=1 runtime: 2210us
DeltaBlue: iterations=1 runtime: 2674us
DeltaBlue: iterations=1 runtime: 2156us
DeltaBlue: iterations=1 runtime: 2196us
DeltaBlue: iterations=1 runtime: 2320us
DeltaBlue: iterations=1 runtime: 2999us
DeltaBlue: iterations=1 runtime: 2215us
DeltaBlue: iterations=1 runtime: 2139us
DeltaBlue: iterations=1 runtime: 2213us
DeltaBlue: iterations=1 runtime: 2149us
DeltaBlue: iterations=10 average: 2327us total: 23271us


Total Runtime: 23271us
Starting DeltaBlue benchmark ...
DeltaBlue: iterations=1 runtime: 2205us
DeltaBlue: iterations=1 runtime: 2656us
DeltaBlue: iterations=1 runtime: 2134us
DeltaBlue: iterations=1 runtime: 2198us
DeltaBlue: iterations=1 runtime: 2127us
DeltaBlue: iterations=1 runtime: 2148us
DeltaBlue: iterations=1 runtime: 2200us
DeltaBlue: iterations=1 runtime: 2124us
DeltaBlue: iterations=1 runtime: 2202us
DeltaBlue: iterations=1 runtime: 2127us
DeltaBlue: iterations=10 average: 2212us total: 22121us


Total Runtime: 22121us
Starting DeltaBlue benchmark ...
DeltaBlue: iterations=1 runtime: 2362us
DeltaBlue: iterations=1 runtime: 2703us
DeltaBlue: iterations=1 runtime: 2136us
DeltaBlue: iterations=1 runtime: 2196us
DeltaBlue: iterations=1 runtime: 2130us
DeltaBlue: iterations=1 runtime: 2141us
DeltaBlue: iterations=1 runtime: 2206us
DeltaBlue: iterations=1 runtime: 2133us
DeltaBlue: iterations=1 runtime: 2204us
DeltaBlue: iterations=1 runtime: 2133us
DeltaBlue: iterations=10 average: 2234us total: 22344us


Total Runtime: 22344us
Starting DeltaBlue benchmark ...
DeltaBlue: iterations=1 runtime: 2230us
DeltaBlue: iterations=1 runtime: 2723us
DeltaBlue: iterations=1 runtime: 2147us
DeltaBlue: iterations=1 runtime: 2209us
DeltaBlue: iterations=1 runtime: 2132us
DeltaBlue: iterations=1 runtime: 2146us
DeltaBlue: iterations=1 runtime: 2225us
DeltaBlue: iterations=1 runtime: 2131us
DeltaBlue: iterations=1 runtime: 2221us
DeltaBlue: iterations=1 runtime: 2133us
DeltaBlue: iterations=10 average: 2230us total: 22297us


Total Runtime: 22297us
Starting DeltaBlue benchmark ...
DeltaBlue: iterations=1 runtime: 2205us
DeltaBlue: iterations=1 runtime: 2671us
DeltaBlue: iterations=1 runtime: 2958us
DeltaBlue: iterations=1 runtime: 3500us
DeltaBlue: iterations=1 runtime: 3417us
DeltaBlue: iterations=1 runtime: 2987us
DeltaBlue: iterations=1 runtime: 2211us
DeltaBlue: iterations=1 runtime: 2144us
DeltaBlue: iterations=1 runtime: 2216us
DeltaBlue: iterations=1 runtime: 2143us
DeltaBlue: iterations=10 average: 2645us total: 26452us


Total Runtime: 26452us
Starting DeltaBlue benchmark ...
DeltaBlue: iterations=1 runtime: 2216us
DeltaBlue: iterations=1 runtime: 2682us
DeltaBlue: iterations=1 runtime: 2147us
DeltaBlue: iterations=1 runtime: 2192us
DeltaBlue: iterations=1 runtime: 2142us
DeltaBlue: iterations=1 runtime: 2133us
DeltaBlue: iterations=1 runtime: 2203us
DeltaBlue: iterations=1 runtime: 2129us
DeltaBlue: iterations=1 runtime: 2198us
DeltaBlue: iterations=1 runtime: 2129us
DeltaBlue: iterations=10 average: 2217us total: 22171us


Total Runtime: 22171us
Starting DeltaBlue benchmark ...
DeltaBlue: iterations=1 runtime: 2217us
DeltaBlue: iterations=1 runtime: 2684us
DeltaBlue: iterations=1 runtime: 2143us
DeltaBlue: iterations=1 runtime: 2193us
DeltaBlue: iterations=1 runtime: 2125us
DeltaBlue: iterations=1 runtime: 2170us
DeltaBlue: iterations=1 runtime: 2199us
DeltaBlue: iterations=1 runtime: 2120us
DeltaBlue: iterations=1 runtime: 2216us
DeltaBlue: iterations=1 runtime: 2135us
DeltaBlue: iterations=10 average: 2220us total: 22202us


Total Runtime: 22202us
Starting DeltaBlue benchmark ...
DeltaBlue: iterations=1 runtime: 2246us
DeltaBlue: iterations=1 runtime: 2666us
DeltaBlue: iterations=1 runtime: 2156us
DeltaBlue: iterations=1 runtime: 2196us
DeltaBlue: iterations=1 runtime: 2122us
DeltaBlue: iterations=1 runtime: 2141us
DeltaBlue: iterations=1 runtime: 2208us
DeltaBlue: iterations=1 runtime: 2166us
DeltaBlue: iterations=1 runtime: 2217us
DeltaBlue: iterations=1 runtime: 2138us
DeltaBlue: iterations=10 average: 2226us total: 22256us


Total Runtime: 22256us
Starting DeltaBlue benchmark ...
DeltaBlue: iterations=1 runtime: 2267us
DeltaBlue: iterations=1 runtime: 2644us
DeltaBlue: iterations=1 runtime: 2194us
DeltaBlue: iterations=1 runtime: 2211us
DeltaBlue: iterations=1 runtime: 2175us
DeltaBlue: iterations=1 runtime: 2143us
DeltaBlue: iterations=1 runtime: 2225us
DeltaBlue: iterations=1 runtime: 2145us
DeltaBlue: iterations=1 runtime: 2222us
DeltaBlue: iterations=1 runtime: 2167us
DeltaBlue: iterations=10 average: 2239us total: 22393us


Total Runtime: 22393us
Starting DeltaBlue benchmark ...
DeltaBlue: iterations=1 runtime: 2406us
DeltaBlue: iterations=1 runtime: 2905us
DeltaBlue: iterations=1 runtime: 2306us
DeltaBlue: iterations=1 runtime: 2481us
DeltaBlue: iterations=1 runtime: 2365us
DeltaBlue: iterations=1 runtime: 2326us
DeltaBlue: iterations=1 runtime: 2425us
DeltaBlue: iterations=1 runtime: 2339us
DeltaBlue: iterations=1 runtime: 2565us
DeltaBlue: iterations=1 runtime: 2655us
DeltaBlue: iterations=10 average: 2477us total: 24773us


Total Runtime: 24773us
Starting DeltaBlue benchmark ...
DeltaBlue: iterations=1 runtime: 2232us
DeltaBlue: iterations=1 runtime: 2656us
DeltaBlue: iterations=1 runtime: 2183us
DeltaBlue: iterations=1 runtime: 2221us
DeltaBlue: iterations=1 runtime: 2157us
DeltaBlue: iterations=1 runtime: 2160us
DeltaBlue: iterations=1 runtime: 2226us
DeltaBlue: iterations=1 runtime: 2150us
DeltaBlue: iterations=1 runtime: 2224us
DeltaBlue: iterations=1 runtime: 2151us
DeltaBlue: iterations=10 average: 2236us total: 22360us


Total Runtime: 22360us
Starting DeltaBlue benchmark ...
DeltaBlue: iterations=1 runtime: 2246us
DeltaBlue: iterations=1 runtime: 2684us
DeltaBlue: iterations=1 runtime: 2176us
DeltaBlue: iterations=1 runtime: 2226us
DeltaBlue: iterations=1 runtime: 2159us
DeltaBlue: iterations=1 runtime: 2177us
DeltaBlue: iterations=1 runtime: 2238us
DeltaBlue: iterations=1 runtime: 2147us
DeltaBlue: iterations=1 runtime: 2233us
DeltaBlue: iterations=1 runtime: 2161us
DeltaBlue: iterations=10 average: 2245us total: 22447us


Total Runtime: 22447us
Starting DeltaBlue benchmark ...
DeltaBlue: iterations=1 runtime: 2249us
DeltaBlue: iterations=1 runtime: 2675us
DeltaBlue: iterations=1 runtime: 2175us
DeltaBlue: iterations=1 runtime: 2214us
DeltaBlue: iterations=1 runtime: 2148us
DeltaBlue: iterations=1 runtime: 2170us
DeltaBlue: iterations=1 runtime: 2227us
DeltaBlue: iterations=1 runtime: 2150us
DeltaBlue: iterations=1 runtime: 2842us
DeltaBlue: iterations=1 runtime: 3437us
DeltaBlue: iterations=10 average: 2429us total: 24287us


Total Runtime: 24287us
Starting DeltaBlue benchmark ...
DeltaBlue: iterations=1 runtime: 2234us
DeltaBlue: iterations=1 runtime: 2635us
DeltaBlue: iterations=1 runtime: 2159us
DeltaBlue: iterations=1 runtime: 2228us
DeltaBlue: iterations=1 runtime: 2148us
DeltaBlue: iterations=1 runtime: 2149us
DeltaBlue: iterations=1 runtime: 2228us
DeltaBlue: iterations=1 runtime: 2127us
DeltaBlue: iterations=1 runtime: 2221us
DeltaBlue: iterations=1 runtime: 2144us
DeltaBlue: iterations=10 average: 2227us total: 22273us


Total Runtime: 22273us
  Time (mean ± σ):      64.1 ms ±   2.2 ms    [User: 39.9 ms, System: 20.2 ms]
  Range (min … max):    60.5 ms …  68.1 ms    15 runs
 
