Benchmark 1: C:\Users\test\Documents\research\research\artifacts\installed2\python\python.exe C:\Users\test\Documents\research\research\system\are-we-fast-yet\benchmarks\Python\harness.py DeltaBlue 10 15
Starting DeltaBlue benchmark ...
DeltaBlue: iterations=1 runtime: 2415us
DeltaBlue: iterations=1 runtime: 2467us
DeltaBlue: iterations=1 runtime: 2259us
DeltaBlue: iterations=1 runtime: 2238us
DeltaBlue: iterations=1 runtime: 2217us
DeltaBlue: iterations=1 runtime: 2375us
DeltaBlue: iterations=1 runtime: 2223us
DeltaBlue: iterations=1 runtime: 2352us
DeltaBlue: iterations=1 runtime: 2291us
DeltaBlue: iterations=1 runtime: 2333us
DeltaBlue: iterations=10 average: 2317us total: 23170us


Total Runtime: 23170us
Starting DeltaBlue benchmark ...
DeltaBlue: iterations=1 runtime: 2372us
DeltaBlue: iterations=1 runtime: 2948us
DeltaBlue: iterations=1 runtime: 2235us
DeltaBlue: iterations=1 runtime: 2270us
DeltaBlue: iterations=1 runtime: 2260us
DeltaBlue: iterations=1 runtime: 2279us
DeltaBlue: iterations=1 runtime: 2452us
DeltaBlue: iterations=1 runtime: 2355us
DeltaBlue: iterations=1 runtime: 2447us
DeltaBlue: iterations=1 runtime: 2329us
DeltaBlue: iterations=10 average: 2395us total: 23947us


Total Runtime: 23947us
Starting DeltaBlue benchmark ...
DeltaBlue: iterations=1 runtime: 2578us
DeltaBlue: iterations=1 runtime: 3047us
DeltaBlue: iterations=1 runtime: 2487us
DeltaBlue: iterations=1 runtime: 2504us
DeltaBlue: iterations=1 runtime: 2486us
DeltaBlue: iterations=1 runtime: 2442us
DeltaBlue: iterations=1 runtime: 3012us
DeltaBlue: iterations=1 runtime: 4313us
DeltaBlue: iterations=1 runtime: 3616us
DeltaBlue: iterations=1 runtime: 2500us
DeltaBlue: iterations=10 average: 2898us total: 28985us


Total Runtime: 28985us
Starting DeltaBlue benchmark ...
DeltaBlue: iterations=1 runtime: 2356us
DeltaBlue: iterations=1 runtime: 2875us
DeltaBlue: iterations=1 runtime: 2281us
DeltaBlue: iterations=1 runtime: 2375us
DeltaBlue: iterations=1 runtime: 2299us
DeltaBlue: iterations=1 runtime: 2312us
DeltaBlue: iterations=1 runtime: 2378us
DeltaBlue: iterations=1 runtime: 2379us
DeltaBlue: iterations=1 runtime: 2471us
DeltaBlue: iterations=1 runtime: 2326us
DeltaBlue: iterations=10 average: 2405us total: 24052us


Total Runtime: 24052us
Starting DeltaBlue benchmark ...
DeltaBlue: iterations=1 runtime: 2284us
DeltaBlue: iterations=1 runtime: 2734us
DeltaBlue: iterations=1 runtime: 2211us
DeltaBlue: iterations=1 runtime: 2246us
DeltaBlue: iterations=1 runtime: 2252us
DeltaBlue: iterations=1 runtime: 2574us
DeltaBlue: iterations=1 runtime: 3633us
DeltaBlue: iterations=1 runtime: 3622us
DeltaBlue: iterations=1 runtime: 2939us
DeltaBlue: iterations=1 runtime: 3635us
DeltaBlue: iterations=10 average: 2813us total: 28130us


Total Runtime: 28130us
Starting DeltaBlue benchmark ...
DeltaBlue: iterations=1 runtime: 2618us
DeltaBlue: iterations=1 runtime: 3525us
DeltaBlue: iterations=1 runtime: 3155us
DeltaBlue: iterations=1 runtime: 2742us
DeltaBlue: iterations=1 runtime: 2279us
DeltaBlue: iterations=1 runtime: 2777us
DeltaBlue: iterations=1 runtime: 2597us
DeltaBlue: iterations=1 runtime: 2539us
DeltaBlue: iterations=1 runtime: 2665us
DeltaBlue: iterations=1 runtime: 2671us
DeltaBlue: iterations=10 average: 2757us total: 27568us


Total Runtime: 27568us
Starting DeltaBlue benchmark ...
DeltaBlue: iterations=1 runtime: 2292us
DeltaBlue: iterations=1 runtime: 2854us
DeltaBlue: iterations=1 runtime: 2209us
DeltaBlue: iterations=1 runtime: 2656us
DeltaBlue: iterations=1 runtime: 3626us
DeltaBlue: iterations=1 runtime: 3138us
DeltaBlue: iterations=1 runtime: 2501us
DeltaBlue: iterations=1 runtime: 2498us
DeltaBlue: iterations=1 runtime: 2554us
DeltaBlue: iterations=1 runtime: 2556us
DeltaBlue: iterations=10 average: 2688us total: 26884us


Total Runtime: 26884us
Starting DeltaBlue benchmark ...
DeltaBlue: iterations=1 runtime: 2303us
DeltaBlue: iterations=1 runtime: 2850us
DeltaBlue: iterations=1 runtime: 2238us
DeltaBlue: iterations=1 runtime: 2273us
DeltaBlue: iterations=1 runtime: 2197us
DeltaBlue: iterations=1 runtime: 2250us
DeltaBlue: iterations=1 runtime: 2345us
DeltaBlue: iterations=1 runtime: 2278us
DeltaBlue: iterations=1 runtime: 3226us
DeltaBlue: iterations=1 runtime: 2292us
DeltaBlue: iterations=10 average: 2425us total: 24252us


Total Runtime: 24252us
Starting DeltaBlue benchmark ...
DeltaBlue: iterations=1 runtime: 2320us
DeltaBlue: iterations=1 runtime: 3075us
DeltaBlue: iterations=1 runtime: 2378us
DeltaBlue: iterations=1 runtime: 2281us
DeltaBlue: iterations=1 runtime: 2274us
DeltaBlue: iterations=1 runtime: 2273us
DeltaBlue: iterations=1 runtime: 2348us
DeltaBlue: iterations=1 runtime: 2385us
DeltaBlue: iterations=1 runtime: 2438us
DeltaBlue: iterations=1 runtime: 2363us
DeltaBlue: iterations=10 average: 2414us total: 24135us


Total Runtime: 24135us
Starting DeltaBlue benchmark ...
DeltaBlue: iterations=1 runtime: 2368us
DeltaBlue: iterations=1 runtime: 2710us
DeltaBlue: iterations=1 runtime: 2275us
DeltaBlue: iterations=1 runtime: 2789us
DeltaBlue: iterations=1 runtime: 2211us
DeltaBlue: iterations=1 runtime: 2257us
DeltaBlue: iterations=1 runtime: 2341us
DeltaBlue: iterations=1 runtime: 3573us
DeltaBlue: iterations=1 runtime: 3255us
DeltaBlue: iterations=1 runtime: 2372us
DeltaBlue: iterations=10 average: 2615us total: 26151us


Total Runtime: 26151us
Starting DeltaBlue benchmark ...
DeltaBlue: iterations=1 runtime: 2301us
DeltaBlue: iterations=1 runtime: 2780us
DeltaBlue: iterations=1 runtime: 2223us
DeltaBlue: iterations=1 runtime: 2332us
DeltaBlue: iterations=1 runtime: 2469us
DeltaBlue: iterations=1 runtime: 2259us
DeltaBlue: iterations=1 runtime: 2327us
DeltaBlue: iterations=1 runtime: 2323us
DeltaBlue: iterations=1 runtime: 2414us
DeltaBlue: iterations=1 runtime: 2344us
DeltaBlue: iterations=10 average: 2377us total: 23772us


Total Runtime: 23772us
Starting DeltaBlue benchmark ...
DeltaBlue: iterations=1 runtime: 2297us
DeltaBlue: iterations=1 runtime: 2748us
DeltaBlue: iterations=1 runtime: 2222us
DeltaBlue: iterations=1 runtime: 2303us
DeltaBlue: iterations=1 runtime: 2258us
DeltaBlue: iterations=1 runtime: 2250us
DeltaBlue: iterations=1 runtime: 2454us
DeltaBlue: iterations=1 runtime: 2511us
DeltaBlue: iterations=1 runtime: 2528us
DeltaBlue: iterations=1 runtime: 2671us
DeltaBlue: iterations=10 average: 2424us total: 24242us


Total Runtime: 24242us
Starting DeltaBlue benchmark ...
DeltaBlue: iterations=1 runtime: 2330us
DeltaBlue: iterations=1 runtime: 2760us
DeltaBlue: iterations=1 runtime: 2241us
DeltaBlue: iterations=1 runtime: 2338us
DeltaBlue: iterations=1 runtime: 2354us
DeltaBlue: iterations=1 runtime: 2391us
DeltaBlue: iterations=1 runtime: 2419us
DeltaBlue: iterations=1 runtime: 2442us
DeltaBlue: iterations=1 runtime: 3011us
DeltaBlue: iterations=1 runtime: 2489us
DeltaBlue: iterations=10 average: 2478us total: 24775us


Total Runtime: 24775us
  Time (mean ± σ):      68.1 ms ±   2.2 ms    [User: 43.8 ms, System: 16.8 ms]
  Range (min … max):    64.4 ms …  72.0 ms    10 runs
 
