Benchmark 1: C:\Users\test\Documents\research\research\artifacts\installed\python\python.exe C:\Users\test\Documents\research\research\artifacts\system\are-we-fast-yet\benchmarks\Python\harness.py DeltaBlue 10 15
Starting DeltaBlue benchmark ...
DeltaBlue: iterations=1 runtime: 2364us
DeltaBlue: iterations=1 runtime: 2213us
DeltaBlue: iterations=1 runtime: 2273us
DeltaBlue: iterations=1 runtime: 2198us
DeltaBlue: iterations=1 runtime: 2202us
DeltaBlue: iterations=1 runtime: 2282us
DeltaBlue: iterations=1 runtime: 2210us
DeltaBlue: iterations=1 runtime: 2270us
DeltaBlue: iterations=1 runtime: 2206us
DeltaBlue: iterations=1 runtime: 2234us
DeltaBlue: iterations=10 average: 2245us total: 22452us


Total Runtime: 22452us
Starting DeltaBlue benchmark ...
DeltaBlue: iterations=1 runtime: 2315us
DeltaBlue: iterations=1 runtime: 2758us
DeltaBlue: iterations=1 runtime: 2240us
DeltaBlue: iterations=1 runtime: 2271us
DeltaBlue: iterations=1 runtime: 2195us
DeltaBlue: iterations=1 runtime: 2205us
DeltaBlue: iterations=1 runtime: 2282us
DeltaBlue: iterations=1 runtime: 2197us
DeltaBlue: iterations=1 runtime: 2309us
DeltaBlue: iterations=1 runtime: 2209us
DeltaBlue: iterations=10 average: 2298us total: 22981us


Total Runtime: 22981us
Starting DeltaBlue benchmark ...
DeltaBlue: iterations=1 runtime: 2608us
DeltaBlue: iterations=1 runtime: 3302us
DeltaBlue: iterations=1 runtime: 2600us
DeltaBlue: iterations=1 runtime: 2528us
DeltaBlue: iterations=1 runtime: 2397us
DeltaBlue: iterations=1 runtime: 2565us
DeltaBlue: iterations=1 runtime: 2510us
DeltaBlue: iterations=1 runtime: 2716us
DeltaBlue: iterations=1 runtime: 2521us
DeltaBlue: iterations=1 runtime: 2418us
DeltaBlue: iterations=10 average: 2616us total: 26165us


Total Runtime: 26165us
Starting DeltaBlue benchmark ...
DeltaBlue: iterations=1 runtime: 2275us
DeltaBlue: iterations=1 runtime: 2746us
DeltaBlue: iterations=1 runtime: 2212us
DeltaBlue: iterations=1 runtime: 2252us
DeltaBlue: iterations=1 runtime: 2171us
DeltaBlue: iterations=1 runtime: 2199us
DeltaBlue: iterations=1 runtime: 2248us
DeltaBlue: iterations=1 runtime: 2172us
DeltaBlue: iterations=1 runtime: 2252us
DeltaBlue: iterations=1 runtime: 2176us
DeltaBlue: iterations=10 average: 2270us total: 22703us


Total Runtime: 22703us
Starting DeltaBlue benchmark ...
DeltaBlue: iterations=1 runtime: 2317us
DeltaBlue: iterations=1 runtime: 2788us
DeltaBlue: iterations=1 runtime: 2256us
DeltaBlue: iterations=1 runtime: 2298us
DeltaBlue: iterations=1 runtime: 2220us
DeltaBlue: iterations=1 runtime: 2224us
DeltaBlue: iterations=1 runtime: 2360us
DeltaBlue: iterations=1 runtime: 2217us
DeltaBlue: iterations=1 runtime: 2297us
DeltaBlue: iterations=1 runtime: 2219us
DeltaBlue: iterations=10 average: 2320us total: 23196us


Total Runtime: 23196us
Starting DeltaBlue benchmark ...
DeltaBlue: iterations=1 runtime: 2346us
DeltaBlue: iterations=1 runtime: 2799us
DeltaBlue: iterations=1 runtime: 2240us
DeltaBlue: iterations=1 runtime: 2260us
DeltaBlue: iterations=1 runtime: 2167us
DeltaBlue: iterations=1 runtime: 2212us
DeltaBlue: iterations=1 runtime: 2333us
DeltaBlue: iterations=1 runtime: 2315us
DeltaBlue: iterations=1 runtime: 2291us
DeltaBlue: iterations=1 runtime: 2180us
DeltaBlue: iterations=10 average: 2314us total: 23143us


Total Runtime: 23143us
Starting DeltaBlue benchmark ...
DeltaBlue: iterations=1 runtime: 2267us
DeltaBlue: iterations=1 runtime: 2711us
DeltaBlue: iterations=1 runtime: 2210us
DeltaBlue: iterations=1 runtime: 2233us
DeltaBlue: iterations=1 runtime: 2163us
DeltaBlue: iterations=1 runtime: 2206us
DeltaBlue: iterations=1 runtime: 2250us
DeltaBlue: iterations=1 runtime: 2165us
DeltaBlue: iterations=1 runtime: 2249us
DeltaBlue: iterations=1 runtime: 2173us
DeltaBlue: iterations=10 average: 2263us total: 22627us


Total Runtime: 22627us
Starting DeltaBlue benchmark ...
DeltaBlue: iterations=1 runtime: 2283us
DeltaBlue: iterations=1 runtime: 2725us
DeltaBlue: iterations=1 runtime: 2223us
DeltaBlue: iterations=1 runtime: 2266us
DeltaBlue: iterations=1 runtime: 2186us
DeltaBlue: iterations=1 runtime: 2201us
DeltaBlue: iterations=1 runtime: 2255us
DeltaBlue: iterations=1 runtime: 2187us
DeltaBlue: iterations=1 runtime: 2258us
DeltaBlue: iterations=1 runtime: 2190us
DeltaBlue: iterations=10 average: 2277us total: 22774us


Total Runtime: 22774us
Starting DeltaBlue benchmark ...
DeltaBlue: iterations=1 runtime: 2539us
DeltaBlue: iterations=1 runtime: 3339us
DeltaBlue: iterations=1 runtime: 2231us
DeltaBlue: iterations=1 runtime: 2255us
DeltaBlue: iterations=1 runtime: 2178us
DeltaBlue: iterations=1 runtime: 2203us
DeltaBlue: iterations=1 runtime: 2251us
DeltaBlue: iterations=1 runtime: 2222us
DeltaBlue: iterations=1 runtime: 2260us
DeltaBlue: iterations=1 runtime: 2185us
DeltaBlue: iterations=10 average: 2366us total: 23663us


Total Runtime: 23663us
Starting DeltaBlue benchmark ...
DeltaBlue: iterations=1 runtime: 2374us
DeltaBlue: iterations=1 runtime: 2804us
DeltaBlue: iterations=1 runtime: 2359us
DeltaBlue: iterations=1 runtime: 2373us
DeltaBlue: iterations=1 runtime: 2290us
DeltaBlue: iterations=1 runtime: 2302us
DeltaBlue: iterations=1 runtime: 2368us
DeltaBlue: iterations=1 runtime: 2297us
DeltaBlue: iterations=1 runtime: 2375us
DeltaBlue: iterations=1 runtime: 2307us
DeltaBlue: iterations=10 average: 2385us total: 23849us


Total Runtime: 23849us
Starting DeltaBlue benchmark ...
DeltaBlue: iterations=1 runtime: 2262us
DeltaBlue: iterations=1 runtime: 2668us
DeltaBlue: iterations=1 runtime: 2282us
DeltaBlue: iterations=1 runtime: 3586us
DeltaBlue: iterations=1 runtime: 3473us
DeltaBlue: iterations=1 runtime: 3485us
DeltaBlue: iterations=1 runtime: 3560us
DeltaBlue: iterations=1 runtime: 2694us
DeltaBlue: iterations=1 runtime: 2256us
DeltaBlue: iterations=1 runtime: 2189us
DeltaBlue: iterations=10 average: 2846us total: 28455us


Total Runtime: 28455us
Starting DeltaBlue benchmark ...
DeltaBlue: iterations=1 runtime: 2286us
DeltaBlue: iterations=1 runtime: 2934us
DeltaBlue: iterations=1 runtime: 2303us
DeltaBlue: iterations=1 runtime: 2252us
DeltaBlue: iterations=1 runtime: 2189us
DeltaBlue: iterations=1 runtime: 2198us
DeltaBlue: iterations=1 runtime: 2264us
DeltaBlue: iterations=1 runtime: 2201us
DeltaBlue: iterations=1 runtime: 2265us
DeltaBlue: iterations=1 runtime: 3347us
DeltaBlue: iterations=10 average: 2424us total: 24239us


Total Runtime: 24239us
Starting DeltaBlue benchmark ...
DeltaBlue: iterations=1 runtime: 2267us
DeltaBlue: iterations=1 runtime: 2744us
DeltaBlue: iterations=1 runtime: 2217us
DeltaBlue: iterations=1 runtime: 2277us
DeltaBlue: iterations=1 runtime: 2176us
DeltaBlue: iterations=1 runtime: 2184us
DeltaBlue: iterations=1 runtime: 2256us
DeltaBlue: iterations=1 runtime: 2180us
DeltaBlue: iterations=1 runtime: 2250us
DeltaBlue: iterations=1 runtime: 2182us
DeltaBlue: iterations=10 average: 2273us total: 22733us


Total Runtime: 22733us
Starting DeltaBlue benchmark ...
DeltaBlue: iterations=1 runtime: 2290us
DeltaBlue: iterations=1 runtime: 2697us
DeltaBlue: iterations=1 runtime: 2212us
DeltaBlue: iterations=1 runtime: 2250us
DeltaBlue: iterations=1 runtime: 2182us
DeltaBlue: iterations=1 runtime: 2182us
DeltaBlue: iterations=1 runtime: 2248us
DeltaBlue: iterations=1 runtime: 2168us
DeltaBlue: iterations=1 runtime: 2249us
DeltaBlue: iterations=1 runtime: 2180us
DeltaBlue: iterations=10 average: 2266us total: 22658us


Total Runtime: 22658us
Starting DeltaBlue benchmark ...
DeltaBlue: iterations=1 runtime: 2314us
DeltaBlue: iterations=1 runtime: 2703us
DeltaBlue: iterations=1 runtime: 2242us
DeltaBlue: iterations=1 runtime: 2270us
DeltaBlue: iterations=1 runtime: 2198us
DeltaBlue: iterations=1 runtime: 2207us
DeltaBlue: iterations=1 runtime: 2269us
DeltaBlue: iterations=1 runtime: 2578us
DeltaBlue: iterations=1 runtime: 3141us
DeltaBlue: iterations=1 runtime: 2207us
DeltaBlue: iterations=10 average: 2413us total: 24129us


Total Runtime: 24129us
Starting DeltaBlue benchmark ...
DeltaBlue: iterations=1 runtime: 2489us
DeltaBlue: iterations=1 runtime: 3121us
DeltaBlue: iterations=1 runtime: 2456us
DeltaBlue: iterations=1 runtime: 2546us
DeltaBlue: iterations=1 runtime: 2437us
DeltaBlue: iterations=1 runtime: 2419us
DeltaBlue: iterations=1 runtime: 2639us
DeltaBlue: iterations=1 runtime: 2434us
DeltaBlue: iterations=1 runtime: 2579us
DeltaBlue: iterations=1 runtime: 2437us
DeltaBlue: iterations=10 average: 2556us total: 25557us


Total Runtime: 25557us
Starting DeltaBlue benchmark ...
DeltaBlue: iterations=1 runtime: 2310us
DeltaBlue: iterations=1 runtime: 2691us
DeltaBlue: iterations=1 runtime: 2238us
DeltaBlue: iterations=1 runtime: 2272us
DeltaBlue: iterations=1 runtime: 2189us
DeltaBlue: iterations=1 runtime: 2205us
DeltaBlue: iterations=1 runtime: 2256us
DeltaBlue: iterations=1 runtime: 2179us
DeltaBlue: iterations=1 runtime: 2267us
DeltaBlue: iterations=1 runtime: 2190us
DeltaBlue: iterations=10 average: 2280us total: 22797us


Total Runtime: 22797us
Starting DeltaBlue benchmark ...
DeltaBlue: iterations=1 runtime: 2274us
DeltaBlue: iterations=1 runtime: 2686us
DeltaBlue: iterations=1 runtime: 2225us
DeltaBlue: iterations=1 runtime: 2253us
DeltaBlue: iterations=1 runtime: 2181us
DeltaBlue: iterations=1 runtime: 2186us
DeltaBlue: iterations=1 runtime: 2268us
DeltaBlue: iterations=1 runtime: 2180us
DeltaBlue: iterations=1 runtime: 2259us
DeltaBlue: iterations=1 runtime: 2203us
DeltaBlue: iterations=10 average: 2272us total: 22715us


Total Runtime: 22715us
Starting DeltaBlue benchmark ...
DeltaBlue: iterations=1 runtime: 2310us
DeltaBlue: iterations=1 runtime: 2704us
DeltaBlue: iterations=1 runtime: 2222us
DeltaBlue: iterations=1 runtime: 2264us
DeltaBlue: iterations=1 runtime: 2182us
DeltaBlue: iterations=1 runtime: 2205us
DeltaBlue: iterations=1 runtime: 2253us
DeltaBlue: iterations=1 runtime: 2182us
DeltaBlue: iterations=1 runtime: 2259us
DeltaBlue: iterations=1 runtime: 2186us
DeltaBlue: iterations=10 average: 2277us total: 22767us


Total Runtime: 22767us
Starting DeltaBlue benchmark ...
DeltaBlue: iterations=1 runtime: 2264us
DeltaBlue: iterations=1 runtime: 2849us
DeltaBlue: iterations=1 runtime: 2227us
DeltaBlue: iterations=1 runtime: 2254us
DeltaBlue: iterations=1 runtime: 2182us
DeltaBlue: iterations=1 runtime: 2186us
DeltaBlue: iterations=1 runtime: 2253us
DeltaBlue: iterations=1 runtime: 2164us
DeltaBlue: iterations=1 runtime: 2309us
DeltaBlue: iterations=1 runtime: 2178us
DeltaBlue: iterations=10 average: 2287us total: 22866us


Total Runtime: 22866us
  Time (mean ± σ):      64.5 ms ±   3.0 ms    [User: 34.1 ms, System: 21.0 ms]
  Range (min … max):    61.4 ms …  70.3 ms    15 runs
 
