Benchmark 1: C:\Users\test\Documents\research\research\artifacts\installed2\python\python.exe C:\Users\test\Documents\research\research\system\are-we-fast-yet\benchmarks\Python\harness.py Json 10 15
Starting Json benchmark ...
Json: iterations=1 runtime: 330579us
Json: iterations=1 runtime: 273471us
Json: iterations=1 runtime: 260269us
Json: iterations=1 runtime: 244745us
Json: iterations=1 runtime: 240943us
Json: iterations=1 runtime: 250237us
Json: iterations=1 runtime: 229847us
Json: iterations=1 runtime: 221266us
Json: iterations=1 runtime: 230441us
Json: iterations=1 runtime: 250194us
Json: iterations=10 average: 253199us total: 2531992us


Total Runtime: 2531992us
Starting Json benchmark ...
Json: iterations=1 runtime: 254025us
Json: iterations=1 runtime: 258768us
Json: iterations=1 runtime: 283953us
Json: iterations=1 runtime: 285562us
Json: iterations=1 runtime: 288771us
Json: iterations=1 runtime: 289355us
Json: iterations=1 runtime: 278472us
Json: iterations=1 runtime: 279615us
Json: iterations=1 runtime: 271353us
Json: iterations=1 runtime: 331057us
Json: iterations=10 average: 282093us total: 2820931us


Total Runtime: 2820931us
Starting Json benchmark ...
Json: iterations=1 runtime: 261161us
Json: iterations=1 runtime: 225540us
Json: iterations=1 runtime: 227318us
Json: iterations=1 runtime: 231406us
Json: iterations=1 runtime: 302362us
Json: iterations=1 runtime: 258234us
Json: iterations=1 runtime: 229364us
Json: iterations=1 runtime: 223314us
Json: iterations=1 runtime: 234668us
Json: iterations=1 runtime: 241080us
Json: iterations=10 average: 243445us total: 2434447us


Total Runtime: 2434447us
Starting Json benchmark ...
Json: iterations=1 runtime: 233776us
Json: iterations=1 runtime: 224842us
Json: iterations=1 runtime: 239140us
Json: iterations=1 runtime: 219599us
Json: iterations=1 runtime: 222743us
Json: iterations=1 runtime: 220274us
Json: iterations=1 runtime: 353009us
Json: iterations=1 runtime: 348988us
Json: iterations=1 runtime: 238068us
Json: iterations=1 runtime: 219505us
Json: iterations=10 average: 251994us total: 2519944us


Total Runtime: 2519944us
Starting Json benchmark ...
Json: iterations=1 runtime: 221366us
Json: iterations=1 runtime: 221134us
Json: iterations=1 runtime: 221421us
Json: iterations=1 runtime: 221204us
Json: iterations=1 runtime: 239225us
Json: iterations=1 runtime: 226811us
Json: iterations=1 runtime: 218348us
Json: iterations=1 runtime: 219578us
Json: iterations=1 runtime: 235902us
Json: iterations=1 runtime: 219040us
Json: iterations=10 average: 224403us total: 2244029us


Total Runtime: 2244029us
Starting Json benchmark ...
Json: iterations=1 runtime: 223435us
Json: iterations=1 runtime: 220057us
Json: iterations=1 runtime: 220288us
Json: iterations=1 runtime: 219056us
Json: iterations=1 runtime: 229367us
Json: iterations=1 runtime: 239877us
Json: iterations=1 runtime: 218360us
Json: iterations=1 runtime: 225524us
Json: iterations=1 runtime: 228570us
Json: iterations=1 runtime: 226311us
Json: iterations=10 average: 225084us total: 2250845us


Total Runtime: 2250845us
Starting Json benchmark ...
Json: iterations=1 runtime: 231244us
Json: iterations=1 runtime: 226975us
Json: iterations=1 runtime: 365658us
Json: iterations=1 runtime: 328634us
Json: iterations=1 runtime: 287947us
Json: iterations=1 runtime: 239681us
Json: iterations=1 runtime: 247015us
Json: iterations=1 runtime: 230146us
Json: iterations=1 runtime: 257529us
Json: iterations=1 runtime: 265488us
Json: iterations=10 average: 268032us total: 2680317us


Total Runtime: 2680317us
Starting Json benchmark ...
Json: iterations=1 runtime: 301264us
Json: iterations=1 runtime: 256563us
Json: iterations=1 runtime: 255557us
Json: iterations=1 runtime: 230370us
Json: iterations=1 runtime: 228099us
Json: iterations=1 runtime: 246988us
Json: iterations=1 runtime: 371609us
Json: iterations=1 runtime: 233058us
Json: iterations=1 runtime: 263393us
Json: iterations=1 runtime: 246339us
Json: iterations=10 average: 263324us total: 2633240us


Total Runtime: 2633240us
Starting Json benchmark ...
Json: iterations=1 runtime: 230851us
Json: iterations=1 runtime: 277646us
Json: iterations=1 runtime: 244949us
Json: iterations=1 runtime: 241798us
Json: iterations=1 runtime: 249745us
Json: iterations=1 runtime: 243675us
Json: iterations=1 runtime: 237316us
Json: iterations=1 runtime: 278287us
Json: iterations=1 runtime: 274683us
Json: iterations=1 runtime: 271088us
Json: iterations=10 average: 255004us total: 2550038us


Total Runtime: 2550038us
Starting Json benchmark ...
Json: iterations=1 runtime: 240177us
Json: iterations=1 runtime: 272807us
Json: iterations=1 runtime: 264498us
Json: iterations=1 runtime: 305085us
Json: iterations=1 runtime: 234086us
Json: iterations=1 runtime: 252211us
Json: iterations=1 runtime: 245167us
Json: iterations=1 runtime: 228533us
Json: iterations=1 runtime: 259891us
Json: iterations=1 runtime: 276821us
Json: iterations=10 average: 257928us total: 2579276us


Total Runtime: 2579276us
Starting Json benchmark ...
Json: iterations=1 runtime: 232686us
Json: iterations=1 runtime: 249863us
Json: iterations=1 runtime: 272361us
Json: iterations=1 runtime: 267177us
Json: iterations=1 runtime: 231279us
Json: iterations=1 runtime: 247861us
Json: iterations=1 runtime: 316634us
Json: iterations=1 runtime: 251631us
Json: iterations=1 runtime: 266753us
Json: iterations=1 runtime: 237380us
Json: iterations=10 average: 257362us total: 2573625us


Total Runtime: 2573625us
Starting Json benchmark ...
Json: iterations=1 runtime: 250870us
Json: iterations=1 runtime: 224760us
Json: iterations=1 runtime: 242018us
Json: iterations=1 runtime: 264671us
Json: iterations=1 runtime: 252297us
Json: iterations=1 runtime: 223465us
Json: iterations=1 runtime: 230456us
Json: iterations=1 runtime: 232955us
Json: iterations=1 runtime: 222291us
Json: iterations=1 runtime: 218503us
Json: iterations=10 average: 236229us total: 2362286us


Total Runtime: 2362286us
Starting Json benchmark ...
Json: iterations=1 runtime: 227054us
Json: iterations=1 runtime: 222854us
Json: iterations=1 runtime: 225310us
Json: iterations=1 runtime: 223313us
Json: iterations=1 runtime: 222832us
Json: iterations=1 runtime: 209284us
Json: iterations=1 runtime: 214740us
Json: iterations=1 runtime: 231227us
Json: iterations=1 runtime: 213322us
Json: iterations=1 runtime: 202774us
Json: iterations=10 average: 219271us total: 2192710us


Total Runtime: 2192710us
  Time (mean ± σ):      2.496 s ±  0.180 s    [User: 2.473 s, System: 0.021 s]
  Range (min … max):    2.227 s …  2.716 s    10 runs
 
